[2.975s] DEBUG:colcon:Command line arguments: ['/home/TP/tools/miniconda3/envs/E021_3_6/bin/colcon', 'build', '--packages-select', 'pyqt_rcv_cam_ihm']
[2.975s] DEBUG:colcon:Parsed command line arguments: Namespace(ament_cmake_args=None, base_paths=['.'], build_base='build', catkin_cmake_args=None, catkin_skip_building_tests=False, cmake_args=None, cmake_clean_cache=False, cmake_clean_first=False, cmake_force_configure=False, cmake_target=None, cmake_target_skip_unavailable=False, continue_on_error=False, event_handlers=None, executor='parallel', ignore_user_meta=False, install_base='install', log_base=None, log_level=None, main=<bound method BuildVerb.main of <colcon_core.verb.build.BuildVerb object at 0x7f97b1dbcfd0>>, merge_install=False, metas=['./colcon.meta'], packages_above=None, packages_above_and_dependencies=None, packages_above_depth=None, packages_end=None, packages_ignore=None, packages_ignore_regex=None, packages_select=['pyqt_rcv_cam_ihm'], packages_select_build_failed=False, packages_select_by_dep=None, packages_select_regex=None, packages_select_test_failures=False, packages_skip=None, packages_skip_build_finished=False, packages_skip_by_dep=None, packages_skip_regex=None, packages_skip_test_passed=False, packages_skip_up_to=None, packages_start=None, packages_up_to=None, packages_up_to_regex=None, parallel_workers=12, paths=None, symlink_install=False, test_result_base=None, verb_extension=<colcon_core.verb.build.BuildVerb object at 0x7f97b1dbcfd0>, verb_name='build', verb_parser=<colcon_defaults.argument_parser.defaults.DefaultArgumentsDecorator object at 0x7f97b1da1668>)
[3.112s] Level 1:colcon.colcon_core.package_discovery:discover_packages(colcon_meta) check parameters
[3.112s] Level 1:colcon.colcon_core.package_discovery:discover_packages(recursive) check parameters
[3.113s] Level 1:colcon.colcon_core.package_discovery:discover_packages(ignore) check parameters
[3.113s] Level 1:colcon.colcon_core.package_discovery:discover_packages(path) check parameters
[3.114s] Level 1:colcon.colcon_core.package_discovery:discover_packages(colcon_meta) discover
[3.115s] Level 1:colcon.colcon_core.package_discovery:discover_packages(recursive) discover
[3.115s] INFO:colcon.colcon_core.package_discovery:Crawling recursively for packages in '/home/e2023/a3ajarai/Bureau/projetRobot/pyqt_rcv_cam_ihm_ros2_ws'
[3.117s] Level 1:colcon.colcon_core.package_identification:_identify(.) by extensions ['ignore', 'ignore_ament_install']
[3.117s] Level 1:colcon.colcon_core.package_identification:_identify(.) by extension 'ignore'
[3.118s] Level 1:colcon.colcon_core.package_identification:_identify(.) by extension 'ignore_ament_install'
[3.120s] Level 1:colcon.colcon_core.package_identification:_identify(.) by extensions ['colcon_pkg']
[3.121s] Level 1:colcon.colcon_core.package_identification:_identify(.) by extension 'colcon_pkg'
[3.121s] Level 1:colcon.colcon_core.package_identification:_identify(.) by extensions ['colcon_meta']
[3.122s] Level 1:colcon.colcon_core.package_identification:_identify(.) by extension 'colcon_meta'
[3.122s] Level 1:colcon.colcon_core.package_identification:_identify(.) by extensions ['ros']
[3.123s] Level 1:colcon.colcon_core.package_identification:_identify(.) by extension 'ros'
[3.221s] Level 1:colcon.colcon_core.package_identification:_identify(.) by extensions ['cmake', 'python']
[3.221s] Level 1:colcon.colcon_core.package_identification:_identify(.) by extension 'cmake'
[3.221s] Level 1:colcon.colcon_core.package_identification:_identify(.) by extension 'python'
[3.222s] Level 1:colcon.colcon_core.package_identification:_identify(.) by extensions ['python_setup_py']
[3.223s] Level 1:colcon.colcon_core.package_identification:_identify(.) by extension 'python_setup_py'
[3.225s] Level 1:colcon.colcon_core.package_identification:_identify(build) by extensions ['ignore', 'ignore_ament_install']
[3.226s] Level 1:colcon.colcon_core.package_identification:_identify(build) by extension 'ignore'
[3.227s] Level 1:colcon.colcon_core.package_identification:_identify(build) ignored
[3.228s] Level 1:colcon.colcon_core.package_identification:_identify(install) by extensions ['ignore', 'ignore_ament_install']
[3.229s] Level 1:colcon.colcon_core.package_identification:_identify(install) by extension 'ignore'
[3.230s] Level 1:colcon.colcon_core.package_identification:_identify(install) ignored
[3.233s] Level 1:colcon.colcon_core.package_identification:_identify(log) by extensions ['ignore', 'ignore_ament_install']
[3.233s] Level 1:colcon.colcon_core.package_identification:_identify(log) by extension 'ignore'
[3.234s] Level 1:colcon.colcon_core.package_identification:_identify(log) ignored
[3.235s] Level 1:colcon.colcon_core.package_identification:_identify(src) by extensions ['ignore', 'ignore_ament_install']
[3.235s] Level 1:colcon.colcon_core.package_identification:_identify(src) by extension 'ignore'
[3.236s] Level 1:colcon.colcon_core.package_identification:_identify(src) by extension 'ignore_ament_install'
[3.237s] Level 1:colcon.colcon_core.package_identification:_identify(src) by extensions ['colcon_pkg']
[3.237s] Level 1:colcon.colcon_core.package_identification:_identify(src) by extension 'colcon_pkg'
[3.238s] Level 1:colcon.colcon_core.package_identification:_identify(src) by extensions ['colcon_meta']
[3.238s] Level 1:colcon.colcon_core.package_identification:_identify(src) by extension 'colcon_meta'
[3.238s] Level 1:colcon.colcon_core.package_identification:_identify(src) by extensions ['ros']
[3.239s] Level 1:colcon.colcon_core.package_identification:_identify(src) by extension 'ros'
[3.239s] Level 1:colcon.colcon_core.package_identification:_identify(src) by extensions ['cmake', 'python']
[3.240s] Level 1:colcon.colcon_core.package_identification:_identify(src) by extension 'cmake'
[3.240s] Level 1:colcon.colcon_core.package_identification:_identify(src) by extension 'python'
[3.241s] Level 1:colcon.colcon_core.package_identification:_identify(src) by extensions ['python_setup_py']
[3.241s] Level 1:colcon.colcon_core.package_identification:_identify(src) by extension 'python_setup_py'
[3.243s] Level 1:colcon.colcon_core.package_identification:_identify(src/pyqt_rcv_cam_ihm_ros2) by extensions ['ignore', 'ignore_ament_install']
[3.243s] Level 1:colcon.colcon_core.package_identification:_identify(src/pyqt_rcv_cam_ihm_ros2) by extension 'ignore'
[3.244s] Level 1:colcon.colcon_core.package_identification:_identify(src/pyqt_rcv_cam_ihm_ros2) by extension 'ignore_ament_install'
[3.245s] Level 1:colcon.colcon_core.package_identification:_identify(src/pyqt_rcv_cam_ihm_ros2) by extensions ['colcon_pkg']
[3.245s] Level 1:colcon.colcon_core.package_identification:_identify(src/pyqt_rcv_cam_ihm_ros2) by extension 'colcon_pkg'
[3.245s] Level 1:colcon.colcon_core.package_identification:_identify(src/pyqt_rcv_cam_ihm_ros2) by extensions ['colcon_meta']
[3.246s] Level 1:colcon.colcon_core.package_identification:_identify(src/pyqt_rcv_cam_ihm_ros2) by extension 'colcon_meta'
[3.247s] Level 1:colcon.colcon_core.package_identification:_identify(src/pyqt_rcv_cam_ihm_ros2) by extensions ['ros']
[3.247s] Level 1:colcon.colcon_core.package_identification:_identify(src/pyqt_rcv_cam_ihm_ros2) by extension 'ros'
[3.255s] DEBUG:colcon.colcon_core.package_identification:Package 'src/pyqt_rcv_cam_ihm_ros2' with type 'ros.ament_python' and name 'pyqt_rcv_cam_ihm_ros2'
[3.256s] Level 1:colcon.colcon_core.package_discovery:discover_packages(recursive) using defaults
[3.257s] Level 1:colcon.colcon_core.package_discovery:discover_packages(ignore) discover
[3.257s] Level 1:colcon.colcon_core.package_discovery:discover_packages(ignore) using defaults
[3.258s] Level 1:colcon.colcon_core.package_discovery:discover_packages(path) discover
[3.258s] Level 1:colcon.colcon_core.package_discovery:discover_packages(path) using defaults
[3.294s] WARNING:colcon.colcon_core.package_selection:ignoring unknown package 'pyqt_rcv_cam_ihm' in --packages-select
[3.451s] INFO:colcon.colcon_core.package_selection:Skipping not selected package 'pyqt_rcv_cam_ihm_ros2' in 'src/pyqt_rcv_cam_ihm_ros2'
[3.491s] INFO:colcon.colcon_core.executor:Executing jobs using 'parallel' executor
[3.530s] DEBUG:colcon.colcon_parallel_executor.executor.parallel:run_until_complete
[3.530s] DEBUG:colcon.colcon_parallel_executor.executor.parallel:closing loop
[3.532s] DEBUG:colcon.colcon_parallel_executor.executor.parallel:loop closed
[3.532s] DEBUG:colcon.colcon_parallel_executor.executor.parallel:run_until_complete finished with '0'
[3.532s] DEBUG:colcon.colcon_core.event_reactor:joining thread
[3.605s] INFO:colcon.colcon_core.plugin_system:Skipping extension 'colcon_notification.desktop_notification.notify2': 'notify2' not found
[3.606s] INFO:colcon.colcon_core.plugin_system:Skipping extension 'colcon_notification.desktop_notification.terminal_notifier': Not used on non-Darwin systems
[3.606s] INFO:colcon.colcon_core.plugin_system:Skipping extension 'colcon_notification.desktop_notification.win32': Not used on non-Windows systems
[3.607s] INFO:colcon.colcon_notification.desktop_notification:Sending desktop notification using 'notify_send'
[3.640s] DEBUG:colcon.colcon_core.event_reactor:joined thread
[3.702s] INFO:colcon.colcon_core.plugin_system:Skipping extension 'colcon_core.shell.bat': Not used on non-Windows systems
[3.703s] INFO:colcon.colcon_core.shell:Creating prefix script '/home/e2023/a3ajarai/Bureau/projetRobot/pyqt_rcv_cam_ihm_ros2_ws/install/local_setup.ps1'
[3.709s] INFO:colcon.colcon_core.shell:Creating prefix util module '/home/e2023/a3ajarai/Bureau/projetRobot/pyqt_rcv_cam_ihm_ros2_ws/install/_local_setup_util_ps1.py'
[3.719s] INFO:colcon.colcon_core.shell:Creating prefix chain script '/home/e2023/a3ajarai/Bureau/projetRobot/pyqt_rcv_cam_ihm_ros2_ws/install/setup.ps1'
[3.776s] INFO:colcon.colcon_core.shell:Creating prefix script '/home/e2023/a3ajarai/Bureau/projetRobot/pyqt_rcv_cam_ihm_ros2_ws/install/local_setup.sh'
[3.781s] INFO:colcon.colcon_core.shell:Creating prefix util module '/home/e2023/a3ajarai/Bureau/projetRobot/pyqt_rcv_cam_ihm_ros2_ws/install/_local_setup_util_sh.py'
[3.786s] INFO:colcon.colcon_core.shell:Creating prefix chain script '/home/e2023/a3ajarai/Bureau/projetRobot/pyqt_rcv_cam_ihm_ros2_ws/install/setup.sh'
[3.833s] INFO:colcon.colcon_core.shell:Creating prefix script '/home/e2023/a3ajarai/Bureau/projetRobot/pyqt_rcv_cam_ihm_ros2_ws/install/local_setup.bash'
[3.837s] INFO:colcon.colcon_core.shell:Creating prefix chain script '/home/e2023/a3ajarai/Bureau/projetRobot/pyqt_rcv_cam_ihm_ros2_ws/install/setup.bash'
[3.886s] INFO:colcon.colcon_core.shell:Creating prefix script '/home/e2023/a3ajarai/Bureau/projetRobot/pyqt_rcv_cam_ihm_ros2_ws/install/local_setup.zsh'
[3.890s] INFO:colcon.colcon_core.shell:Creating prefix chain script '/home/e2023/a3ajarai/Bureau/projetRobot/pyqt_rcv_cam_ihm_ros2_ws/install/setup.zsh'
