[2.631s] Invoking command in '/home/e2023/a3ajarai/Bureau/projetRobot/pyqt_rcv_cam_ihm_ros2_ws/src/pyqt_rcv_cam_ihm_ros2': DEBUGINFOD_URLS=https://debuginfod.centos.org/ LESSOPEN=${LESSOPEN}
BASH_FUNC_which%%=() {  ( alias;
 eval ${which_declare} ) | /usr/bin/which --tty-only --read-alias --read-functions --show-tilde --show-dot $@
}
BASH_FUNC_module%%=() {  _module_raw "$@" 2>&1
}
BASH_FUNC__module_raw%%=() {  unset _mlshdbg;
 if [ "${MODULES_SILENT_SHELL_DEBUG:-0}" = '1' ]; then
 case "$-" in
 *v*x*)
 set +vx;
 _mlshdbg='vx'
 ;;
 *v*)
 set +v;
 _mlshdbg='v'
 ;;
 *x*)
 set +x;
 _mlshdbg='x'
 ;;
 *)
 _mlshdbg=''
 ;;
 esac;
 fi;
 unset _mlre _mlIFS;
 if [ -n "${IFS+x}" ]; then
 _mlIFS=$IFS;
 fi;
 IFS=' ';
 for _mlv in ${MODULES_RUN_QUARANTINE:-};
 do
 if [ "${_mlv}" = "${_mlv##*[!A-Za-z0-9_]}" -a "${_mlv}" = "${_mlv#[0-9]}" ]; then
 if [ -n "`eval 'echo ${'$_mlv'+x}'`" ]; then
 _mlre="${_mlre:-}${_mlv}_modquar='`eval 'echo ${'$_mlv'}'`' ";
 fi;
 _mlrv="MODULES_RUNENV_${_mlv}";
 _mlre="${_mlre:-}${_mlv}='`eval 'echo ${'$_mlrv':-}'`' ";
 fi;
 done;
 if [ -n "${_mlre:-}" ]; then
 eval `eval ${_mlre} /usr/bin/tclsh /usr/share/Modules/libexec/modulecmd.tcl bash '"$@"'`;
 else
 eval `/usr/bin/tclsh /usr/share/Modules/libexec/modulecmd.tcl bash "$@"`;
 fi;
 _mlstatus=$?;
 if [ -n "${_mlIFS+x}" ]; then
 IFS=$_mlIFS;
 else
 unset IFS;
 fi;
 unset _mlre _mlv _mlrv _mlIFS;
 if [ -n "${_mlshdbg:-}" ]; then
 set -$_mlshdbg;
 fi;
 unset _mlshdbg;
 return $_mlstatus
}
BASH_FUNC_switchml%%=() {  typeset swfound=1;
 if [ "${MODULES_USE_COMPAT_VERSION:-0}" = '1' ]; then
 typeset swname='main';
 if [ -e /usr/share/Modules/libexec/modulecmd.tcl ]; then
 typeset swfound=0;
 unset MODULES_USE_COMPAT_VERSION;
 fi;
 else
 typeset swname='compatibility';
 if [ -e /usr/share/Modules/libexec/modulecmd-compat ]; then
 typeset swfound=0;
 MODULES_USE_COMPAT_VERSION=1;
 export MODULES_USE_COMPAT_VERSION;
 fi;
 fi;
 if [ $swfound -eq 0 ]; then
 echo "Switching to Modules $swname version";
 source /usr/share/Modules/init/bash;
 else
 echo "Cannot switch to Modules $swname version, command not found";
 return 1;
 fi
}
BASH_FUNC_scl%%=() {  if [ "$1" = "load" -o "$1" = "unload" ]; then
 eval "module $@";
 else
 /usr/bin/scl "$@";
 fi
}
BASH_FUNC_ml%%=() {  module ml "$@"
} PYTHONPATH=/home/e2023/a3ajarai/Bureau/projetRobot/pyqt_rcv_cam_ihm_ros2_ws/src/build/pyqt_rcv_cam_ihm_ros2/prefix_override:/home/e2023/a3ajarai/Bureau/projetRobot/pyqt_rcv_cam_ihm_ros2_ws/src/install/pyqt_rcv_cam_ihm_ros2/lib/python3.6/site-packages:${PYTHONPATH} SHLVL=5 _=/usr/bin/env /home/TP/tools/miniconda3/envs/E021_3_6/bin/python3.6 setup.py egg_info --egg-base ../build/pyqt_rcv_cam_ihm_ros2 build --build-base /home/e2023/a3ajarai/Bureau/projetRobot/pyqt_rcv_cam_ihm_ros2_ws/src/build/pyqt_rcv_cam_ihm_ros2/build install --record /home/e2023/a3ajarai/Bureau/projetRobot/pyqt_rcv_cam_ihm_ros2_ws/src/build/pyqt_rcv_cam_ihm_ros2/install.log --single-version-externally-managed
[3.573s] running egg_info
[3.576s] creating ../build/pyqt_rcv_cam_ihm_ros2/pyqt_rcv_cam_ihm_ros2.egg-info
[3.579s] writing ../build/pyqt_rcv_cam_ihm_ros2/pyqt_rcv_cam_ihm_ros2.egg-info/PKG-INFO
[3.583s] writing dependency_links to ../build/pyqt_rcv_cam_ihm_ros2/pyqt_rcv_cam_ihm_ros2.egg-info/dependency_links.txt
[3.586s] writing entry points to ../build/pyqt_rcv_cam_ihm_ros2/pyqt_rcv_cam_ihm_ros2.egg-info/entry_points.txt
[3.588s] writing requirements to ../build/pyqt_rcv_cam_ihm_ros2/pyqt_rcv_cam_ihm_ros2.egg-info/requires.txt
[3.591s] writing top-level names to ../build/pyqt_rcv_cam_ihm_ros2/pyqt_rcv_cam_ihm_ros2.egg-info/top_level.txt
[3.593s] writing manifest file '../build/pyqt_rcv_cam_ihm_ros2/pyqt_rcv_cam_ihm_ros2.egg-info/SOURCES.txt'
[3.602s] reading manifest file '../build/pyqt_rcv_cam_ihm_ros2/pyqt_rcv_cam_ihm_ros2.egg-info/SOURCES.txt'
[3.608s] writing manifest file '../build/pyqt_rcv_cam_ihm_ros2/pyqt_rcv_cam_ihm_ros2.egg-info/SOURCES.txt'
[3.610s] running build
[3.611s] running build_py
[3.611s] creating /home/e2023/a3ajarai/Bureau/projetRobot/pyqt_rcv_cam_ihm_ros2_ws/src/build/pyqt_rcv_cam_ihm_ros2/build
[3.612s] creating /home/e2023/a3ajarai/Bureau/projetRobot/pyqt_rcv_cam_ihm_ros2_ws/src/build/pyqt_rcv_cam_ihm_ros2/build/lib
[3.613s] creating /home/e2023/a3ajarai/Bureau/projetRobot/pyqt_rcv_cam_ihm_ros2_ws/src/build/pyqt_rcv_cam_ihm_ros2/build/lib/pyqt_rcv_cam_ihm_ros2
[3.615s] copying pyqt_rcv_cam_ihm_ros2/__init__.py -> /home/e2023/a3ajarai/Bureau/projetRobot/pyqt_rcv_cam_ihm_ros2_ws/src/build/pyqt_rcv_cam_ihm_ros2/build/lib/pyqt_rcv_cam_ihm_ros2
[3.619s] copying pyqt_rcv_cam_ihm_ros2/pyqt_rcv_cam_ihm_ros2.py -> /home/e2023/a3ajarai/Bureau/projetRobot/pyqt_rcv_cam_ihm_ros2_ws/src/build/pyqt_rcv_cam_ihm_ros2/build/lib/pyqt_rcv_cam_ihm_ros2
[3.624s] running install
[3.625s] running install_lib
[3.629s] creating /home/e2023/a3ajarai/Bureau/projetRobot/pyqt_rcv_cam_ihm_ros2_ws/src/install/pyqt_rcv_cam_ihm_ros2/lib/python3.6/site-packages/pyqt_rcv_cam_ihm_ros2
[3.631s] copying /home/e2023/a3ajarai/Bureau/projetRobot/pyqt_rcv_cam_ihm_ros2_ws/src/build/pyqt_rcv_cam_ihm_ros2/build/lib/pyqt_rcv_cam_ihm_ros2/__init__.py -> /home/e2023/a3ajarai/Bureau/projetRobot/pyqt_rcv_cam_ihm_ros2_ws/src/install/pyqt_rcv_cam_ihm_ros2/lib/python3.6/site-packages/pyqt_rcv_cam_ihm_ros2
[3.635s] copying /home/e2023/a3ajarai/Bureau/projetRobot/pyqt_rcv_cam_ihm_ros2_ws/src/build/pyqt_rcv_cam_ihm_ros2/build/lib/pyqt_rcv_cam_ihm_ros2/pyqt_rcv_cam_ihm_ros2.py -> /home/e2023/a3ajarai/Bureau/projetRobot/pyqt_rcv_cam_ihm_ros2_ws/src/install/pyqt_rcv_cam_ihm_ros2/lib/python3.6/site-packages/pyqt_rcv_cam_ihm_ros2
[3.642s] byte-compiling /home/e2023/a3ajarai/Bureau/projetRobot/pyqt_rcv_cam_ihm_ros2_ws/src/install/pyqt_rcv_cam_ihm_ros2/lib/python3.6/site-packages/pyqt_rcv_cam_ihm_ros2/__init__.py to __init__.cpython-36.pyc
[3.647s] byte-compiling /home/e2023/a3ajarai/Bureau/projetRobot/pyqt_rcv_cam_ihm_ros2_ws/src/install/pyqt_rcv_cam_ihm_ros2/lib/python3.6/site-packages/pyqt_rcv_cam_ihm_ros2/pyqt_rcv_cam_ihm_ros2.py to pyqt_rcv_cam_ihm_ros2.cpython-36.pyc
[3.657s] running install_data
[3.659s] creating /home/e2023/a3ajarai/Bureau/projetRobot/pyqt_rcv_cam_ihm_ros2_ws/src/install/pyqt_rcv_cam_ihm_ros2/share/ament_index
[3.660s] creating /home/e2023/a3ajarai/Bureau/projetRobot/pyqt_rcv_cam_ihm_ros2_ws/src/install/pyqt_rcv_cam_ihm_ros2/share/ament_index/resource_index
[3.661s] creating /home/e2023/a3ajarai/Bureau/projetRobot/pyqt_rcv_cam_ihm_ros2_ws/src/install/pyqt_rcv_cam_ihm_ros2/share/ament_index/resource_index/packages
[3.664s] copying resource/pyqt_rcv_cam_ihm_ros2 -> /home/e2023/a3ajarai/Bureau/projetRobot/pyqt_rcv_cam_ihm_ros2_ws/src/install/pyqt_rcv_cam_ihm_ros2/share/ament_index/resource_index/packages
[3.667s] copying package.xml -> /home/e2023/a3ajarai/Bureau/projetRobot/pyqt_rcv_cam_ihm_ros2_ws/src/install/pyqt_rcv_cam_ihm_ros2/share/pyqt_rcv_cam_ihm_ros2
[3.670s] running install_egg_info
[3.676s] Copying ../build/pyqt_rcv_cam_ihm_ros2/pyqt_rcv_cam_ihm_ros2.egg-info to /home/e2023/a3ajarai/Bureau/projetRobot/pyqt_rcv_cam_ihm_ros2_ws/src/install/pyqt_rcv_cam_ihm_ros2/lib/python3.6/site-packages/pyqt_rcv_cam_ihm_ros2-0.0.0-py3.6.egg-info
[3.701s] running install_scripts
[3.771s] Installing rcv_cam_ihm script to /home/e2023/a3ajarai/Bureau/projetRobot/pyqt_rcv_cam_ihm_ros2_ws/src/install/pyqt_rcv_cam_ihm_ros2/lib/pyqt_rcv_cam_ihm_ros2
[3.776s] writing list of installed files to '/home/e2023/a3ajarai/Bureau/projetRobot/pyqt_rcv_cam_ihm_ros2_ws/src/build/pyqt_rcv_cam_ihm_ros2/install.log'
[3.828s] Invoked command in '/home/e2023/a3ajarai/Bureau/projetRobot/pyqt_rcv_cam_ihm_ros2_ws/src/pyqt_rcv_cam_ihm_ros2' returned '0': DEBUGINFOD_URLS=https://debuginfod.centos.org/ LESSOPEN=${LESSOPEN}
BASH_FUNC_which%%=() {  ( alias;
 eval ${which_declare} ) | /usr/bin/which --tty-only --read-alias --read-functions --show-tilde --show-dot $@
}
BASH_FUNC_module%%=() {  _module_raw "$@" 2>&1
}
BASH_FUNC__module_raw%%=() {  unset _mlshdbg;
 if [ "${MODULES_SILENT_SHELL_DEBUG:-0}" = '1' ]; then
 case "$-" in
 *v*x*)
 set +vx;
 _mlshdbg='vx'
 ;;
 *v*)
 set +v;
 _mlshdbg='v'
 ;;
 *x*)
 set +x;
 _mlshdbg='x'
 ;;
 *)
 _mlshdbg=''
 ;;
 esac;
 fi;
 unset _mlre _mlIFS;
 if [ -n "${IFS+x}" ]; then
 _mlIFS=$IFS;
 fi;
 IFS=' ';
 for _mlv in ${MODULES_RUN_QUARANTINE:-};
 do
 if [ "${_mlv}" = "${_mlv##*[!A-Za-z0-9_]}" -a "${_mlv}" = "${_mlv#[0-9]}" ]; then
 if [ -n "`eval 'echo ${'$_mlv'+x}'`" ]; then
 _mlre="${_mlre:-}${_mlv}_modquar='`eval 'echo ${'$_mlv'}'`' ";
 fi;
 _mlrv="MODULES_RUNENV_${_mlv}";
 _mlre="${_mlre:-}${_mlv}='`eval 'echo ${'$_mlrv':-}'`' ";
 fi;
 done;
 if [ -n "${_mlre:-}" ]; then
 eval `eval ${_mlre} /usr/bin/tclsh /usr/share/Modules/libexec/modulecmd.tcl bash '"$@"'`;
 else
 eval `/usr/bin/tclsh /usr/share/Modules/libexec/modulecmd.tcl bash "$@"`;
 fi;
 _mlstatus=$?;
 if [ -n "${_mlIFS+x}" ]; then
 IFS=$_mlIFS;
 else
 unset IFS;
 fi;
 unset _mlre _mlv _mlrv _mlIFS;
 if [ -n "${_mlshdbg:-}" ]; then
 set -$_mlshdbg;
 fi;
 unset _mlshdbg;
 return $_mlstatus
}
BASH_FUNC_switchml%%=() {  typeset swfound=1;
 if [ "${MODULES_USE_COMPAT_VERSION:-0}" = '1' ]; then
 typeset swname='main';
 if [ -e /usr/share/Modules/libexec/modulecmd.tcl ]; then
 typeset swfound=0;
 unset MODULES_USE_COMPAT_VERSION;
 fi;
 else
 typeset swname='compatibility';
 if [ -e /usr/share/Modules/libexec/modulecmd-compat ]; then
 typeset swfound=0;
 MODULES_USE_COMPAT_VERSION=1;
 export MODULES_USE_COMPAT_VERSION;
 fi;
 fi;
 if [ $swfound -eq 0 ]; then
 echo "Switching to Modules $swname version";
 source /usr/share/Modules/init/bash;
 else
 echo "Cannot switch to Modules $swname version, command not found";
 return 1;
 fi
}
BASH_FUNC_scl%%=() {  if [ "$1" = "load" -o "$1" = "unload" ]; then
 eval "module $@";
 else
 /usr/bin/scl "$@";
 fi
}
BASH_FUNC_ml%%=() {  module ml "$@"
} PYTHONPATH=/home/e2023/a3ajarai/Bureau/projetRobot/pyqt_rcv_cam_ihm_ros2_ws/src/build/pyqt_rcv_cam_ihm_ros2/prefix_override:/home/e2023/a3ajarai/Bureau/projetRobot/pyqt_rcv_cam_ihm_ros2_ws/src/install/pyqt_rcv_cam_ihm_ros2/lib/python3.6/site-packages:${PYTHONPATH} SHLVL=5 _=/usr/bin/env /home/TP/tools/miniconda3/envs/E021_3_6/bin/python3.6 setup.py egg_info --egg-base ../build/pyqt_rcv_cam_ihm_ros2 build --build-base /home/e2023/a3ajarai/Bureau/projetRobot/pyqt_rcv_cam_ihm_ros2_ws/src/build/pyqt_rcv_cam_ihm_ros2/build install --record /home/e2023/a3ajarai/Bureau/projetRobot/pyqt_rcv_cam_ihm_ros2_ws/src/build/pyqt_rcv_cam_ihm_ros2/install.log --single-version-externally-managed
