[3.454s] DEBUG:colcon:Command line arguments: ['/home/TP/tools/miniconda3/envs/E021_3_6/bin/colcon', 'build', '--packages-select', 'pyqt_rcv_cam_ihm_ros2']
[3.454s] DEBUG:colcon:Parsed command line arguments: Namespace(ament_cmake_args=None, base_paths=['.'], build_base='build', catkin_cmake_args=None, catkin_skip_building_tests=False, cmake_args=None, cmake_clean_cache=False, cmake_clean_first=False, cmake_force_configure=False, cmake_target=None, cmake_target_skip_unavailable=False, continue_on_error=False, event_handlers=None, executor='parallel', ignore_user_meta=False, install_base='install', log_base=None, log_level=None, main=<bound method BuildVerb.main of <colcon_core.verb.build.BuildVerb object at 0x7fb3e667f198>>, merge_install=False, metas=['./colcon.meta'], packages_above=None, packages_above_and_dependencies=None, packages_above_depth=None, packages_end=None, packages_ignore=None, packages_ignore_regex=None, packages_select=['pyqt_rcv_cam_ihm_ros2'], packages_select_build_failed=False, packages_select_by_dep=None, packages_select_regex=None, packages_select_test_failures=False, packages_skip=None, packages_skip_build_finished=False, packages_skip_by_dep=None, packages_skip_regex=None, packages_skip_test_passed=False, packages_skip_up_to=None, packages_start=None, packages_up_to=None, packages_up_to_regex=None, parallel_workers=12, paths=None, symlink_install=False, test_result_base=None, verb_extension=<colcon_core.verb.build.BuildVerb object at 0x7fb3e667f198>, verb_name='build', verb_parser=<colcon_defaults.argument_parser.defaults.DefaultArgumentsDecorator object at 0x7fb3e667f4e0>)
[3.726s] Level 1:colcon.colcon_core.package_discovery:discover_packages(colcon_meta) check parameters
[3.726s] Level 1:colcon.colcon_core.package_discovery:discover_packages(recursive) check parameters
[3.727s] Level 1:colcon.colcon_core.package_discovery:discover_packages(ignore) check parameters
[3.727s] Level 1:colcon.colcon_core.package_discovery:discover_packages(path) check parameters
[3.728s] Level 1:colcon.colcon_core.package_discovery:discover_packages(colcon_meta) discover
[3.729s] Level 1:colcon.colcon_core.package_discovery:discover_packages(recursive) discover
[3.730s] INFO:colcon.colcon_core.package_discovery:Crawling recursively for packages in '/home/e2023/a3ajarai/Bureau/projetRobot/pyqt_rcv_cam_ihm_ros2_ws'
[3.732s] Level 1:colcon.colcon_core.package_identification:_identify(.) by extensions ['ignore', 'ignore_ament_install']
[3.732s] Level 1:colcon.colcon_core.package_identification:_identify(.) by extension 'ignore'
[3.733s] Level 1:colcon.colcon_core.package_identification:_identify(.) by extension 'ignore_ament_install'
[3.734s] Level 1:colcon.colcon_core.package_identification:_identify(.) by extensions ['colcon_pkg']
[3.735s] Level 1:colcon.colcon_core.package_identification:_identify(.) by extension 'colcon_pkg'
[3.735s] Level 1:colcon.colcon_core.package_identification:_identify(.) by extensions ['colcon_meta']
[3.736s] Level 1:colcon.colcon_core.package_identification:_identify(.) by extension 'colcon_meta'
[3.736s] Level 1:colcon.colcon_core.package_identification:_identify(.) by extensions ['ros']
[3.737s] Level 1:colcon.colcon_core.package_identification:_identify(.) by extension 'ros'
[3.866s] Level 1:colcon.colcon_core.package_identification:_identify(.) by extensions ['cmake', 'python']
[3.867s] Level 1:colcon.colcon_core.package_identification:_identify(.) by extension 'cmake'
[3.867s] Level 1:colcon.colcon_core.package_identification:_identify(.) by extension 'python'
[3.868s] Level 1:colcon.colcon_core.package_identification:_identify(.) by extensions ['python_setup_py']
[3.869s] Level 1:colcon.colcon_core.package_identification:_identify(.) by extension 'python_setup_py'
[3.870s] Level 1:colcon.colcon_core.package_identification:_identify(build) by extensions ['ignore', 'ignore_ament_install']
[3.871s] Level 1:colcon.colcon_core.package_identification:_identify(build) by extension 'ignore'
[3.871s] Level 1:colcon.colcon_core.package_identification:_identify(build) ignored
[3.873s] Level 1:colcon.colcon_core.package_identification:_identify(install) by extensions ['ignore', 'ignore_ament_install']
[3.874s] Level 1:colcon.colcon_core.package_identification:_identify(install) by extension 'ignore'
[3.875s] Level 1:colcon.colcon_core.package_identification:_identify(install) ignored
[3.879s] Level 1:colcon.colcon_core.package_identification:_identify(log) by extensions ['ignore', 'ignore_ament_install']
[3.879s] Level 1:colcon.colcon_core.package_identification:_identify(log) by extension 'ignore'
[3.880s] Level 1:colcon.colcon_core.package_identification:_identify(log) ignored
[3.881s] Level 1:colcon.colcon_core.package_identification:_identify(src) by extensions ['ignore', 'ignore_ament_install']
[3.881s] Level 1:colcon.colcon_core.package_identification:_identify(src) by extension 'ignore'
[3.882s] Level 1:colcon.colcon_core.package_identification:_identify(src) by extension 'ignore_ament_install'
[3.883s] Level 1:colcon.colcon_core.package_identification:_identify(src) by extensions ['colcon_pkg']
[3.883s] Level 1:colcon.colcon_core.package_identification:_identify(src) by extension 'colcon_pkg'
[3.884s] Level 1:colcon.colcon_core.package_identification:_identify(src) by extensions ['colcon_meta']
[3.884s] Level 1:colcon.colcon_core.package_identification:_identify(src) by extension 'colcon_meta'
[3.884s] Level 1:colcon.colcon_core.package_identification:_identify(src) by extensions ['ros']
[3.885s] Level 1:colcon.colcon_core.package_identification:_identify(src) by extension 'ros'
[3.885s] Level 1:colcon.colcon_core.package_identification:_identify(src) by extensions ['cmake', 'python']
[3.886s] Level 1:colcon.colcon_core.package_identification:_identify(src) by extension 'cmake'
[3.886s] Level 1:colcon.colcon_core.package_identification:_identify(src) by extension 'python'
[3.887s] Level 1:colcon.colcon_core.package_identification:_identify(src) by extensions ['python_setup_py']
[3.887s] Level 1:colcon.colcon_core.package_identification:_identify(src) by extension 'python_setup_py'
[3.889s] Level 1:colcon.colcon_core.package_identification:_identify(src/build) by extensions ['ignore', 'ignore_ament_install']
[3.889s] Level 1:colcon.colcon_core.package_identification:_identify(src/build) by extension 'ignore'
[3.890s] Level 1:colcon.colcon_core.package_identification:_identify(src/build) ignored
[3.891s] Level 1:colcon.colcon_core.package_identification:_identify(src/install) by extensions ['ignore', 'ignore_ament_install']
[3.892s] Level 1:colcon.colcon_core.package_identification:_identify(src/install) by extension 'ignore'
[3.893s] Level 1:colcon.colcon_core.package_identification:_identify(src/install) ignored
[3.896s] Level 1:colcon.colcon_core.package_identification:_identify(src/log) by extensions ['ignore', 'ignore_ament_install']
[3.896s] Level 1:colcon.colcon_core.package_identification:_identify(src/log) by extension 'ignore'
[3.897s] Level 1:colcon.colcon_core.package_identification:_identify(src/log) ignored
[3.898s] Level 1:colcon.colcon_core.package_identification:_identify(src/pyqt_rcv_cam_ihm_ros2) by extensions ['ignore', 'ignore_ament_install']
[3.899s] Level 1:colcon.colcon_core.package_identification:_identify(src/pyqt_rcv_cam_ihm_ros2) by extension 'ignore'
[3.900s] Level 1:colcon.colcon_core.package_identification:_identify(src/pyqt_rcv_cam_ihm_ros2) by extension 'ignore_ament_install'
[3.901s] Level 1:colcon.colcon_core.package_identification:_identify(src/pyqt_rcv_cam_ihm_ros2) by extensions ['colcon_pkg']
[3.902s] Level 1:colcon.colcon_core.package_identification:_identify(src/pyqt_rcv_cam_ihm_ros2) by extension 'colcon_pkg'
[3.902s] Level 1:colcon.colcon_core.package_identification:_identify(src/pyqt_rcv_cam_ihm_ros2) by extensions ['colcon_meta']
[3.903s] Level 1:colcon.colcon_core.package_identification:_identify(src/pyqt_rcv_cam_ihm_ros2) by extension 'colcon_meta'
[3.903s] Level 1:colcon.colcon_core.package_identification:_identify(src/pyqt_rcv_cam_ihm_ros2) by extensions ['ros']
[3.904s] Level 1:colcon.colcon_core.package_identification:_identify(src/pyqt_rcv_cam_ihm_ros2) by extension 'ros'
[3.914s] DEBUG:colcon.colcon_core.package_identification:Package 'src/pyqt_rcv_cam_ihm_ros2' with type 'ros.ament_python' and name 'pyqt_rcv_cam_ihm_ros2'
[3.915s] Level 1:colcon.colcon_core.package_discovery:discover_packages(recursive) using defaults
[3.915s] Level 1:colcon.colcon_core.package_discovery:discover_packages(ignore) discover
[3.916s] Level 1:colcon.colcon_core.package_discovery:discover_packages(ignore) using defaults
[3.916s] Level 1:colcon.colcon_core.package_discovery:discover_packages(path) discover
[3.916s] Level 1:colcon.colcon_core.package_discovery:discover_packages(path) using defaults
[4.150s] Level 5:colcon.colcon_core.verb:set package 'pyqt_rcv_cam_ihm_ros2' build argument 'cmake_args' from command line to 'None'
[4.150s] Level 5:colcon.colcon_core.verb:set package 'pyqt_rcv_cam_ihm_ros2' build argument 'cmake_target' from command line to 'None'
[4.150s] Level 5:colcon.colcon_core.verb:set package 'pyqt_rcv_cam_ihm_ros2' build argument 'cmake_target_skip_unavailable' from command line to 'False'
[4.151s] Level 5:colcon.colcon_core.verb:set package 'pyqt_rcv_cam_ihm_ros2' build argument 'cmake_clean_cache' from command line to 'False'
[4.151s] Level 5:colcon.colcon_core.verb:set package 'pyqt_rcv_cam_ihm_ros2' build argument 'cmake_clean_first' from command line to 'False'
[4.152s] Level 5:colcon.colcon_core.verb:set package 'pyqt_rcv_cam_ihm_ros2' build argument 'cmake_force_configure' from command line to 'False'
[4.152s] Level 5:colcon.colcon_core.verb:set package 'pyqt_rcv_cam_ihm_ros2' build argument 'ament_cmake_args' from command line to 'None'
[4.153s] Level 5:colcon.colcon_core.verb:set package 'pyqt_rcv_cam_ihm_ros2' build argument 'catkin_cmake_args' from command line to 'None'
[4.153s] Level 5:colcon.colcon_core.verb:set package 'pyqt_rcv_cam_ihm_ros2' build argument 'catkin_skip_building_tests' from command line to 'False'
[4.154s] DEBUG:colcon.colcon_core.verb:Building package 'pyqt_rcv_cam_ihm_ros2' with the following arguments: {'ament_cmake_args': None, 'build_base': '/home/e2023/a3ajarai/Bureau/projetRobot/pyqt_rcv_cam_ihm_ros2_ws/build/pyqt_rcv_cam_ihm_ros2', 'catkin_cmake_args': None, 'catkin_skip_building_tests': False, 'cmake_args': None, 'cmake_clean_cache': False, 'cmake_clean_first': False, 'cmake_force_configure': False, 'cmake_target': None, 'cmake_target_skip_unavailable': False, 'install_base': '/home/e2023/a3ajarai/Bureau/projetRobot/pyqt_rcv_cam_ihm_ros2_ws/install/pyqt_rcv_cam_ihm_ros2', 'merge_install': False, 'path': '/home/e2023/a3ajarai/Bureau/projetRobot/pyqt_rcv_cam_ihm_ros2_ws/src/pyqt_rcv_cam_ihm_ros2', 'symlink_install': False, 'test_result_base': None}
[4.191s] INFO:colcon.colcon_core.executor:Executing jobs using 'parallel' executor
[4.232s] DEBUG:colcon.colcon_parallel_executor.executor.parallel:run_until_complete
[4.233s] INFO:colcon.colcon_ros.task.ament_python.build:Building ROS package in '/home/e2023/a3ajarai/Bureau/projetRobot/pyqt_rcv_cam_ihm_ros2_ws/src/pyqt_rcv_cam_ihm_ros2' with build type 'ament_python'
[4.234s] Level 1:colcon.colcon_core.shell:create_environment_hook('pyqt_rcv_cam_ihm_ros2', 'ament_prefix_path')
[4.297s] INFO:colcon.colcon_core.plugin_system:Skipping extension 'colcon_core.shell.bat': Not used on non-Windows systems
[4.298s] INFO:colcon.colcon_core.shell:Creating environment hook '/home/e2023/a3ajarai/Bureau/projetRobot/pyqt_rcv_cam_ihm_ros2_ws/install/pyqt_rcv_cam_ihm_ros2/share/pyqt_rcv_cam_ihm_ros2/hook/ament_prefix_path.ps1'
[4.303s] INFO:colcon.colcon_core.shell:Creating environment descriptor '/home/e2023/a3ajarai/Bureau/projetRobot/pyqt_rcv_cam_ihm_ros2_ws/install/pyqt_rcv_cam_ihm_ros2/share/pyqt_rcv_cam_ihm_ros2/hook/ament_prefix_path.dsv'
[4.307s] INFO:colcon.colcon_core.shell:Creating environment hook '/home/e2023/a3ajarai/Bureau/projetRobot/pyqt_rcv_cam_ihm_ros2_ws/install/pyqt_rcv_cam_ihm_ros2/share/pyqt_rcv_cam_ihm_ros2/hook/ament_prefix_path.sh'
[4.361s] INFO:colcon.colcon_core.shell:Skip shell extension 'powershell' for command environment: Not usable outside of PowerShell
[4.361s] DEBUG:colcon.colcon_core.shell:Skip shell extension 'dsv' for command environment
[5.618s] INFO:colcon.colcon_core.task.python.build:Building Python package in '/home/e2023/a3ajarai/Bureau/projetRobot/pyqt_rcv_cam_ihm_ros2_ws/src/pyqt_rcv_cam_ihm_ros2'
[5.665s] INFO:colcon.colcon_core.shell:Skip shell extension 'powershell' for command environment: Not usable outside of PowerShell
[5.665s] DEBUG:colcon.colcon_core.shell:Skip shell extension 'dsv' for command environment
[7.080s] DEBUG:colcon.colcon_core.event_handler.log_command:Invoking command in '/home/e2023/a3ajarai/Bureau/projetRobot/pyqt_rcv_cam_ihm_ros2_ws/src/pyqt_rcv_cam_ihm_ros2': DEBUGINFOD_URLS=https://debuginfod.centos.org/ LESSOPEN=${LESSOPEN}
BASH_FUNC_which%%=() {  ( alias;
 eval ${which_declare} ) | /usr/bin/which --tty-only --read-alias --read-functions --show-tilde --show-dot $@
}
BASH_FUNC_module%%=() {  _module_raw "$@" 2>&1
}
BASH_FUNC__module_raw%%=() {  unset _mlshdbg;
 if [ "${MODULES_SILENT_SHELL_DEBUG:-0}" = '1' ]; then
 case "$-" in
 *v*x*)
 set +vx;
 _mlshdbg='vx'
 ;;
 *v*)
 set +v;
 _mlshdbg='v'
 ;;
 *x*)
 set +x;
 _mlshdbg='x'
 ;;
 *)
 _mlshdbg=''
 ;;
 esac;
 fi;
 unset _mlre _mlIFS;
 if [ -n "${IFS+x}" ]; then
 _mlIFS=$IFS;
 fi;
 IFS=' ';
 for _mlv in ${MODULES_RUN_QUARANTINE:-};
 do
 if [ "${_mlv}" = "${_mlv##*[!A-Za-z0-9_]}" -a "${_mlv}" = "${_mlv#[0-9]}" ]; then
 if [ -n "`eval 'echo ${'$_mlv'+x}'`" ]; then
 _mlre="${_mlre:-}${_mlv}_modquar='`eval 'echo ${'$_mlv'}'`' ";
 fi;
 _mlrv="MODULES_RUNENV_${_mlv}";
 _mlre="${_mlre:-}${_mlv}='`eval 'echo ${'$_mlrv':-}'`' ";
 fi;
 done;
 if [ -n "${_mlre:-}" ]; then
 eval `eval ${_mlre} /usr/bin/tclsh /usr/share/Modules/libexec/modulecmd.tcl bash '"$@"'`;
 else
 eval `/usr/bin/tclsh /usr/share/Modules/libexec/modulecmd.tcl bash "$@"`;
 fi;
 _mlstatus=$?;
 if [ -n "${_mlIFS+x}" ]; then
 IFS=$_mlIFS;
 else
 unset IFS;
 fi;
 unset _mlre _mlv _mlrv _mlIFS;
 if [ -n "${_mlshdbg:-}" ]; then
 set -$_mlshdbg;
 fi;
 unset _mlshdbg;
 return $_mlstatus
}
BASH_FUNC_switchml%%=() {  typeset swfound=1;
 if [ "${MODULES_USE_COMPAT_VERSION:-0}" = '1' ]; then
 typeset swname='main';
 if [ -e /usr/share/Modules/libexec/modulecmd.tcl ]; then
 typeset swfound=0;
 unset MODULES_USE_COMPAT_VERSION;
 fi;
 else
 typeset swname='compatibility';
 if [ -e /usr/share/Modules/libexec/modulecmd-compat ]; then
 typeset swfound=0;
 MODULES_USE_COMPAT_VERSION=1;
 export MODULES_USE_COMPAT_VERSION;
 fi;
 fi;
 if [ $swfound -eq 0 ]; then
 echo "Switching to Modules $swname version";
 source /usr/share/Modules/init/bash;
 else
 echo "Cannot switch to Modules $swname version, command not found";
 return 1;
 fi
}
BASH_FUNC_scl%%=() {  if [ "$1" = "load" -o "$1" = "unload" ]; then
 eval "module $@";
 else
 /usr/bin/scl "$@";
 fi
}
BASH_FUNC_ml%%=() {  module ml "$@"
} PYTHONPATH=/home/e2023/a3ajarai/Bureau/projetRobot/pyqt_rcv_cam_ihm_ros2_ws/build/pyqt_rcv_cam_ihm_ros2/prefix_override:/home/e2023/a3ajarai/Bureau/projetRobot/pyqt_rcv_cam_ihm_ros2_ws/install/pyqt_rcv_cam_ihm_ros2/lib/python3.6/site-packages:${PYTHONPATH} SHLVL=5 _=/usr/bin/env /home/TP/tools/miniconda3/envs/E021_3_6/bin/python3.6 setup.py egg_info --egg-base ../../build/pyqt_rcv_cam_ihm_ros2 build --build-base /home/e2023/a3ajarai/Bureau/projetRobot/pyqt_rcv_cam_ihm_ros2_ws/build/pyqt_rcv_cam_ihm_ros2/build install --record /home/e2023/a3ajarai/Bureau/projetRobot/pyqt_rcv_cam_ihm_ros2_ws/build/pyqt_rcv_cam_ihm_ros2/install.log --single-version-externally-managed
[8.322s] DEBUG:colcon.colcon_core.event_handler.log_command:Invoked command in '/home/e2023/a3ajarai/Bureau/projetRobot/pyqt_rcv_cam_ihm_ros2_ws/src/pyqt_rcv_cam_ihm_ros2' returned '0': DEBUGINFOD_URLS=https://debuginfod.centos.org/ LESSOPEN=${LESSOPEN}
BASH_FUNC_which%%=() {  ( alias;
 eval ${which_declare} ) | /usr/bin/which --tty-only --read-alias --read-functions --show-tilde --show-dot $@
}
BASH_FUNC_module%%=() {  _module_raw "$@" 2>&1
}
BASH_FUNC__module_raw%%=() {  unset _mlshdbg;
 if [ "${MODULES_SILENT_SHELL_DEBUG:-0}" = '1' ]; then
 case "$-" in
 *v*x*)
 set +vx;
 _mlshdbg='vx'
 ;;
 *v*)
 set +v;
 _mlshdbg='v'
 ;;
 *x*)
 set +x;
 _mlshdbg='x'
 ;;
 *)
 _mlshdbg=''
 ;;
 esac;
 fi;
 unset _mlre _mlIFS;
 if [ -n "${IFS+x}" ]; then
 _mlIFS=$IFS;
 fi;
 IFS=' ';
 for _mlv in ${MODULES_RUN_QUARANTINE:-};
 do
 if [ "${_mlv}" = "${_mlv##*[!A-Za-z0-9_]}" -a "${_mlv}" = "${_mlv#[0-9]}" ]; then
 if [ -n "`eval 'echo ${'$_mlv'+x}'`" ]; then
 _mlre="${_mlre:-}${_mlv}_modquar='`eval 'echo ${'$_mlv'}'`' ";
 fi;
 _mlrv="MODULES_RUNENV_${_mlv}";
 _mlre="${_mlre:-}${_mlv}='`eval 'echo ${'$_mlrv':-}'`' ";
 fi;
 done;
 if [ -n "${_mlre:-}" ]; then
 eval `eval ${_mlre} /usr/bin/tclsh /usr/share/Modules/libexec/modulecmd.tcl bash '"$@"'`;
 else
 eval `/usr/bin/tclsh /usr/share/Modules/libexec/modulecmd.tcl bash "$@"`;
 fi;
 _mlstatus=$?;
 if [ -n "${_mlIFS+x}" ]; then
 IFS=$_mlIFS;
 else
 unset IFS;
 fi;
 unset _mlre _mlv _mlrv _mlIFS;
 if [ -n "${_mlshdbg:-}" ]; then
 set -$_mlshdbg;
 fi;
 unset _mlshdbg;
 return $_mlstatus
}
BASH_FUNC_switchml%%=() {  typeset swfound=1;
 if [ "${MODULES_USE_COMPAT_VERSION:-0}" = '1' ]; then
 typeset swname='main';
 if [ -e /usr/share/Modules/libexec/modulecmd.tcl ]; then
 typeset swfound=0;
 unset MODULES_USE_COMPAT_VERSION;
 fi;
 else
 typeset swname='compatibility';
 if [ -e /usr/share/Modules/libexec/modulecmd-compat ]; then
 typeset swfound=0;
 MODULES_USE_COMPAT_VERSION=1;
 export MODULES_USE_COMPAT_VERSION;
 fi;
 fi;
 if [ $swfound -eq 0 ]; then
 echo "Switching to Modules $swname version";
 source /usr/share/Modules/init/bash;
 else
 echo "Cannot switch to Modules $swname version, command not found";
 return 1;
 fi
}
BASH_FUNC_scl%%=() {  if [ "$1" = "load" -o "$1" = "unload" ]; then
 eval "module $@";
 else
 /usr/bin/scl "$@";
 fi
}
BASH_FUNC_ml%%=() {  module ml "$@"
} PYTHONPATH=/home/e2023/a3ajarai/Bureau/projetRobot/pyqt_rcv_cam_ihm_ros2_ws/build/pyqt_rcv_cam_ihm_ros2/prefix_override:/home/e2023/a3ajarai/Bureau/projetRobot/pyqt_rcv_cam_ihm_ros2_ws/install/pyqt_rcv_cam_ihm_ros2/lib/python3.6/site-packages:${PYTHONPATH} SHLVL=5 _=/usr/bin/env /home/TP/tools/miniconda3/envs/E021_3_6/bin/python3.6 setup.py egg_info --egg-base ../../build/pyqt_rcv_cam_ihm_ros2 build --build-base /home/e2023/a3ajarai/Bureau/projetRobot/pyqt_rcv_cam_ihm_ros2_ws/build/pyqt_rcv_cam_ihm_ros2/build install --record /home/e2023/a3ajarai/Bureau/projetRobot/pyqt_rcv_cam_ihm_ros2_ws/build/pyqt_rcv_cam_ihm_ros2/install.log --single-version-externally-managed
[8.393s] Level 1:colcon.colcon_core.environment:checking '/home/e2023/a3ajarai/Bureau/projetRobot/pyqt_rcv_cam_ihm_ros2_ws/install/pyqt_rcv_cam_ihm_ros2' for CMake module files
[8.395s] Level 1:colcon.colcon_core.environment:checking '/home/e2023/a3ajarai/Bureau/projetRobot/pyqt_rcv_cam_ihm_ros2_ws/install/pyqt_rcv_cam_ihm_ros2' for CMake config files
[8.406s] Level 1:colcon.colcon_core.environment:checking '/home/e2023/a3ajarai/Bureau/projetRobot/pyqt_rcv_cam_ihm_ros2_ws/install/pyqt_rcv_cam_ihm_ros2/lib'
[8.407s] Level 1:colcon.colcon_core.environment:checking '/home/e2023/a3ajarai/Bureau/projetRobot/pyqt_rcv_cam_ihm_ros2_ws/install/pyqt_rcv_cam_ihm_ros2/bin'
[8.408s] Level 1:colcon.colcon_core.environment:checking '/home/e2023/a3ajarai/Bureau/projetRobot/pyqt_rcv_cam_ihm_ros2_ws/install/pyqt_rcv_cam_ihm_ros2/lib/pkgconfig/pyqt_rcv_cam_ihm_ros2.pc'
[8.409s] Level 1:colcon.colcon_core.environment:checking '/home/e2023/a3ajarai/Bureau/projetRobot/pyqt_rcv_cam_ihm_ros2_ws/install/pyqt_rcv_cam_ihm_ros2/lib/python3.6/site-packages'
[8.410s] Level 1:colcon.colcon_core.shell:create_environment_hook('pyqt_rcv_cam_ihm_ros2', 'pythonpath')
[8.459s] INFO:colcon.colcon_core.shell:Creating environment hook '/home/e2023/a3ajarai/Bureau/projetRobot/pyqt_rcv_cam_ihm_ros2_ws/install/pyqt_rcv_cam_ihm_ros2/share/pyqt_rcv_cam_ihm_ros2/hook/pythonpath.ps1'
[8.464s] INFO:colcon.colcon_core.shell:Creating environment descriptor '/home/e2023/a3ajarai/Bureau/projetRobot/pyqt_rcv_cam_ihm_ros2_ws/install/pyqt_rcv_cam_ihm_ros2/share/pyqt_rcv_cam_ihm_ros2/hook/pythonpath.dsv'
[8.471s] INFO:colcon.colcon_core.shell:Creating environment hook '/home/e2023/a3ajarai/Bureau/projetRobot/pyqt_rcv_cam_ihm_ros2_ws/install/pyqt_rcv_cam_ihm_ros2/share/pyqt_rcv_cam_ihm_ros2/hook/pythonpath.sh'
[8.476s] Level 1:colcon.colcon_core.environment:checking '/home/e2023/a3ajarai/Bureau/projetRobot/pyqt_rcv_cam_ihm_ros2_ws/install/pyqt_rcv_cam_ihm_ros2/bin'
[8.476s] Level 1:colcon.colcon_core.environment:create_environment_scripts_only(pyqt_rcv_cam_ihm_ros2)
[8.527s] INFO:colcon.colcon_core.shell:Creating package script '/home/e2023/a3ajarai/Bureau/projetRobot/pyqt_rcv_cam_ihm_ros2_ws/install/pyqt_rcv_cam_ihm_ros2/share/pyqt_rcv_cam_ihm_ros2/package.ps1'
[8.533s] INFO:colcon.colcon_core.shell:Creating package descriptor '/home/e2023/a3ajarai/Bureau/projetRobot/pyqt_rcv_cam_ihm_ros2_ws/install/pyqt_rcv_cam_ihm_ros2/share/pyqt_rcv_cam_ihm_ros2/package.dsv'
[8.537s] INFO:colcon.colcon_core.shell:Creating package script '/home/e2023/a3ajarai/Bureau/projetRobot/pyqt_rcv_cam_ihm_ros2_ws/install/pyqt_rcv_cam_ihm_ros2/share/pyqt_rcv_cam_ihm_ros2/package.sh'
[8.542s] INFO:colcon.colcon_core.shell:Creating package script '/home/e2023/a3ajarai/Bureau/projetRobot/pyqt_rcv_cam_ihm_ros2_ws/install/pyqt_rcv_cam_ihm_ros2/share/pyqt_rcv_cam_ihm_ros2/package.bash'
[8.548s] INFO:colcon.colcon_core.shell:Creating package script '/home/e2023/a3ajarai/Bureau/projetRobot/pyqt_rcv_cam_ihm_ros2_ws/install/pyqt_rcv_cam_ihm_ros2/share/pyqt_rcv_cam_ihm_ros2/package.zsh'
[8.553s] Level 1:colcon.colcon_core.environment:create_file_with_runtime_dependencies(/home/e2023/a3ajarai/Bureau/projetRobot/pyqt_rcv_cam_ihm_ros2_ws/install/pyqt_rcv_cam_ihm_ros2/share/colcon-core/packages/pyqt_rcv_cam_ihm_ros2)
[8.557s] DEBUG:colcon.colcon_parallel_executor.executor.parallel:closing loop
[8.558s] DEBUG:colcon.colcon_parallel_executor.executor.parallel:loop closed
[8.558s] DEBUG:colcon.colcon_parallel_executor.executor.parallel:run_until_complete finished with '0'
[8.559s] DEBUG:colcon.colcon_core.event_reactor:joining thread
[8.623s] INFO:colcon.colcon_core.plugin_system:Skipping extension 'colcon_notification.desktop_notification.notify2': 'notify2' not found
[8.624s] INFO:colcon.colcon_core.plugin_system:Skipping extension 'colcon_notification.desktop_notification.terminal_notifier': Not used on non-Darwin systems
[8.625s] INFO:colcon.colcon_core.plugin_system:Skipping extension 'colcon_notification.desktop_notification.win32': Not used on non-Windows systems
[8.626s] INFO:colcon.colcon_notification.desktop_notification:Sending desktop notification using 'notify_send'
[8.662s] DEBUG:colcon.colcon_core.event_reactor:joined thread
[8.717s] INFO:colcon.colcon_core.shell:Creating prefix script '/home/e2023/a3ajarai/Bureau/projetRobot/pyqt_rcv_cam_ihm_ros2_ws/install/local_setup.ps1'
[8.724s] INFO:colcon.colcon_core.shell:Creating prefix util module '/home/e2023/a3ajarai/Bureau/projetRobot/pyqt_rcv_cam_ihm_ros2_ws/install/_local_setup_util_ps1.py'
[8.736s] INFO:colcon.colcon_core.shell:Creating prefix chain script '/home/e2023/a3ajarai/Bureau/projetRobot/pyqt_rcv_cam_ihm_ros2_ws/install/setup.ps1'
[8.789s] INFO:colcon.colcon_core.shell:Creating prefix script '/home/e2023/a3ajarai/Bureau/projetRobot/pyqt_rcv_cam_ihm_ros2_ws/install/local_setup.sh'
[8.793s] INFO:colcon.colcon_core.shell:Creating prefix util module '/home/e2023/a3ajarai/Bureau/projetRobot/pyqt_rcv_cam_ihm_ros2_ws/install/_local_setup_util_sh.py'
[8.797s] INFO:colcon.colcon_core.shell:Creating prefix chain script '/home/e2023/a3ajarai/Bureau/projetRobot/pyqt_rcv_cam_ihm_ros2_ws/install/setup.sh'
[8.845s] INFO:colcon.colcon_core.shell:Creating prefix script '/home/e2023/a3ajarai/Bureau/projetRobot/pyqt_rcv_cam_ihm_ros2_ws/install/local_setup.bash'
[8.848s] INFO:colcon.colcon_core.shell:Creating prefix chain script '/home/e2023/a3ajarai/Bureau/projetRobot/pyqt_rcv_cam_ihm_ros2_ws/install/setup.bash'
[8.892s] INFO:colcon.colcon_core.shell:Creating prefix script '/home/e2023/a3ajarai/Bureau/projetRobot/pyqt_rcv_cam_ihm_ros2_ws/install/local_setup.zsh'
[8.896s] INFO:colcon.colcon_core.shell:Creating prefix chain script '/home/e2023/a3ajarai/Bureau/projetRobot/pyqt_rcv_cam_ihm_ros2_ws/install/setup.zsh'
