"Task Aware Debugger for GDB" version 11.10.0 (202404041456)
Copyright 2016-2023 NXP
==================================
01:03:06.850 INFO: [ZephyrRTOS] .config file could not be read [/home/ahmad/Documents/MCUXpresso_11.10.0_3148/workspacex/lpc55s69_calc_starter/Debug/.config (No such file or directory)]
01:03:06.850 INFO: [TadModel] DSF session ID 10 has started.
01:03:10.618 INFO: [TadState] TAD state changed: DEBUG_STARTED -> DEBUG_INIT_0 (RESUMED, USER_REQUEST)
01:03:10.649 INFO: [TadState] TAD state changed: DEBUG_INIT_0 -> DEBUG_INIT_1 (SUSPENDED, SIGNAL)
01:03:12.15 INFO: [TadState] TAD state changed: DEBUG_INIT_1 -> DEBUG_SUSPENDED (RESUMED, USER_REQUEST)
01:03:12.92 INFO: [TadState] TAD state changed: DEBUG_SUSPENDED -> DEBUG_SUSPENDED (SUSPENDED, BREAKPOINT)
01:03:19.94 INFO: [ZephyrRTOS] .config file could not be read [/home/ahmad/Documents/MCUXpresso_11.10.0_3148/workspacex/lpcxpresso55s69_mailbox_interrupt_cm33_core1/Debug/.config (No such file or directory)]
01:03:19.94 INFO: [TadModel] DSF session ID 11 has started.
01:03:21.914 INFO: [TadState] TAD state changed: DEBUG_STARTED -> DEBUG_INIT_0 (RESUMED, USER_REQUEST)
01:03:21.916 INFO: [TadState] TAD state changed: DEBUG_INIT_0 -> DEBUG_INIT_1 (SUSPENDED, SIGNAL)
01:03:21.955 INFO: [TadState] TAD state changed: DEBUG_INIT_1 -> DEBUG_SUSPENDED (RESUMED, USER_REQUEST)
01:03:25.495 INFO: [TadState] TAD state changed: DEBUG_SUSPENDED -> DEBUG_RESUMED (RESUMED, USER_REQUEST)
01:03:26.141 INFO: [TadState] TAD state changed: DEBUG_RESUMED -> READY (SUSPENDED, BREAKPOINT)
01:03:28.744 INFO: [TadState] TAD state changed: READY -> DEBUG_RESUMED (RESUMED, USER_REQUEST)
01:03:55.276 INFO: [TadState] TAD state changed: DEBUG_RESUMED -> READY (SUSPENDED, SIGNAL)
01:03:56.560 INFO: [TadState] TAD state changed: READY -> DEBUG_RESUMED (SUSPENDED, SIGNAL)
01:04:02.871 INFO: [TadModel] DSF session ID 10 has ended.
01:04:02.871 INFO: [TadModel] DSF session ID 11 has ended.
