[3.922s] DEBUG:colcon:Command line arguments: ['/home/TP/tools/miniconda3/envs/E021_3_6/bin/colcon', 'build', '--packages-select', 'pyqt_rcv_cam_ihm']
[3.922s] DEBUG:colcon:Parsed command line arguments: Namespace(ament_cmake_args=None, base_paths=['.'], build_base='build', catkin_cmake_args=None, catkin_skip_building_tests=False, cmake_args=None, cmake_clean_cache=False, cmake_clean_first=False, cmake_force_configure=False, cmake_target=None, cmake_target_skip_unavailable=False, continue_on_error=False, event_handlers=None, executor='parallel', ignore_user_meta=False, install_base='install', log_base=None, log_level=None, main=<bound method BuildVerb.main of <colcon_core.verb.build.BuildVerb object at 0x7f990407deb8>>, merge_install=False, metas=['./colcon.meta'], packages_above=None, packages_above_and_dependencies=None, packages_above_depth=None, packages_end=None, packages_ignore=None, packages_ignore_regex=None, packages_select=['pyqt_rcv_cam_ihm'], packages_select_build_failed=False, packages_select_by_dep=None, packages_select_regex=None, packages_select_test_failures=False, packages_skip=None, packages_skip_build_finished=False, packages_skip_by_dep=None, packages_skip_regex=None, packages_skip_test_passed=False, packages_skip_up_to=None, packages_start=None, packages_up_to=None, packages_up_to_regex=None, parallel_workers=12, paths=None, symlink_install=False, test_result_base=None, verb_extension=<colcon_core.verb.build.BuildVerb object at 0x7f990407deb8>, verb_name='build', verb_parser=<colcon_defaults.argument_parser.defaults.DefaultArgumentsDecorator object at 0x7f990408d940>)
[4.191s] Level 1:colcon.colcon_core.package_discovery:discover_packages(colcon_meta) check parameters
[4.192s] Level 1:colcon.colcon_core.package_discovery:discover_packages(recursive) check parameters
[4.192s] Level 1:colcon.colcon_core.package_discovery:discover_packages(ignore) check parameters
[4.192s] Level 1:colcon.colcon_core.package_discovery:discover_packages(path) check parameters
[4.192s] Level 1:colcon.colcon_core.package_discovery:discover_packages(colcon_meta) discover
[4.194s] Level 1:colcon.colcon_core.package_discovery:discover_packages(recursive) discover
[4.194s] INFO:colcon.colcon_core.package_discovery:Crawling recursively for packages in '/home/e2023/a3ajarai/Bureau/projetRobot/pyqt_rcv_cam_ihm_ros2_ws'
[4.194s] Level 1:colcon.colcon_core.package_identification:_identify(.) by extensions ['ignore', 'ignore_ament_install']
[4.195s] Level 1:colcon.colcon_core.package_identification:_identify(.) by extension 'ignore'
[4.195s] Level 1:colcon.colcon_core.package_identification:_identify(.) by extension 'ignore_ament_install'
[4.195s] Level 1:colcon.colcon_core.package_identification:_identify(.) by extensions ['colcon_pkg']
[4.196s] Level 1:colcon.colcon_core.package_identification:_identify(.) by extension 'colcon_pkg'
[4.196s] Level 1:colcon.colcon_core.package_identification:_identify(.) by extensions ['colcon_meta']
[4.196s] Level 1:colcon.colcon_core.package_identification:_identify(.) by extension 'colcon_meta'
[4.196s] Level 1:colcon.colcon_core.package_identification:_identify(.) by extensions ['ros']
[4.196s] Level 1:colcon.colcon_core.package_identification:_identify(.) by extension 'ros'
[4.368s] Level 1:colcon.colcon_core.package_identification:_identify(.) by extensions ['cmake', 'python']
[4.368s] Level 1:colcon.colcon_core.package_identification:_identify(.) by extension 'cmake'
[4.368s] Level 1:colcon.colcon_core.package_identification:_identify(.) by extension 'python'
[4.369s] Level 1:colcon.colcon_core.package_identification:_identify(.) by extensions ['python_setup_py']
[4.369s] Level 1:colcon.colcon_core.package_identification:_identify(.) by extension 'python_setup_py'
[4.370s] Level 1:colcon.colcon_core.package_identification:_identify(build) by extensions ['ignore', 'ignore_ament_install']
[4.370s] Level 1:colcon.colcon_core.package_identification:_identify(build) by extension 'ignore'
[4.370s] Level 1:colcon.colcon_core.package_identification:_identify(build) ignored
[4.372s] Level 1:colcon.colcon_core.package_identification:_identify(install) by extensions ['ignore', 'ignore_ament_install']
[4.372s] Level 1:colcon.colcon_core.package_identification:_identify(install) by extension 'ignore'
[4.373s] Level 1:colcon.colcon_core.package_identification:_identify(install) ignored
[4.374s] Level 1:colcon.colcon_core.package_identification:_identify(log) by extensions ['ignore', 'ignore_ament_install']
[4.375s] Level 1:colcon.colcon_core.package_identification:_identify(log) by extension 'ignore'
[4.375s] Level 1:colcon.colcon_core.package_identification:_identify(log) ignored
[4.376s] Level 1:colcon.colcon_core.package_identification:_identify(src) by extensions ['ignore', 'ignore_ament_install']
[4.376s] Level 1:colcon.colcon_core.package_identification:_identify(src) by extension 'ignore'
[4.376s] Level 1:colcon.colcon_core.package_identification:_identify(src) by extension 'ignore_ament_install'
[4.376s] Level 1:colcon.colcon_core.package_identification:_identify(src) by extensions ['colcon_pkg']
[4.377s] Level 1:colcon.colcon_core.package_identification:_identify(src) by extension 'colcon_pkg'
[4.377s] Level 1:colcon.colcon_core.package_identification:_identify(src) by extensions ['colcon_meta']
[4.377s] Level 1:colcon.colcon_core.package_identification:_identify(src) by extension 'colcon_meta'
[4.377s] Level 1:colcon.colcon_core.package_identification:_identify(src) by extensions ['ros']
[4.377s] Level 1:colcon.colcon_core.package_identification:_identify(src) by extension 'ros'
[4.378s] Level 1:colcon.colcon_core.package_identification:_identify(src) by extensions ['cmake', 'python']
[4.378s] Level 1:colcon.colcon_core.package_identification:_identify(src) by extension 'cmake'
[4.378s] Level 1:colcon.colcon_core.package_identification:_identify(src) by extension 'python'
[4.378s] Level 1:colcon.colcon_core.package_identification:_identify(src) by extensions ['python_setup_py']
[4.378s] Level 1:colcon.colcon_core.package_identification:_identify(src) by extension 'python_setup_py'
[4.379s] Level 1:colcon.colcon_core.package_identification:_identify(src/pyqt_rcv_cam_ihm_ros2) by extensions ['ignore', 'ignore_ament_install']
[4.379s] Level 1:colcon.colcon_core.package_identification:_identify(src/pyqt_rcv_cam_ihm_ros2) by extension 'ignore'
[4.380s] Level 1:colcon.colcon_core.package_identification:_identify(src/pyqt_rcv_cam_ihm_ros2) by extension 'ignore_ament_install'
[4.380s] Level 1:colcon.colcon_core.package_identification:_identify(src/pyqt_rcv_cam_ihm_ros2) by extensions ['colcon_pkg']
[4.380s] Level 1:colcon.colcon_core.package_identification:_identify(src/pyqt_rcv_cam_ihm_ros2) by extension 'colcon_pkg'
[4.380s] Level 1:colcon.colcon_core.package_identification:_identify(src/pyqt_rcv_cam_ihm_ros2) by extensions ['colcon_meta']
[4.380s] Level 1:colcon.colcon_core.package_identification:_identify(src/pyqt_rcv_cam_ihm_ros2) by extension 'colcon_meta'
[4.381s] Level 1:colcon.colcon_core.package_identification:_identify(src/pyqt_rcv_cam_ihm_ros2) by extensions ['ros']
[4.381s] Level 1:colcon.colcon_core.package_identification:_identify(src/pyqt_rcv_cam_ihm_ros2) by extension 'ros'
[4.395s] DEBUG:colcon.colcon_core.package_identification:Package 'src/pyqt_rcv_cam_ihm_ros2' with type 'ros.ament_python' and name 'pyqt_rcv_cam_ihm_ros2'
[4.396s] Level 1:colcon.colcon_core.package_discovery:discover_packages(recursive) using defaults
[4.396s] Level 1:colcon.colcon_core.package_discovery:discover_packages(ignore) discover
[4.397s] Level 1:colcon.colcon_core.package_discovery:discover_packages(ignore) using defaults
[4.397s] Level 1:colcon.colcon_core.package_discovery:discover_packages(path) discover
[4.397s] Level 1:colcon.colcon_core.package_discovery:discover_packages(path) using defaults
[4.444s] WARNING:colcon.colcon_core.package_selection:ignoring unknown package 'pyqt_rcv_cam_ihm' in --packages-select
[4.654s] INFO:colcon.colcon_core.package_selection:Skipping not selected package 'pyqt_rcv_cam_ihm_ros2' in 'src/pyqt_rcv_cam_ihm_ros2'
[4.700s] INFO:colcon.colcon_core.executor:Executing jobs using 'parallel' executor
[4.748s] DEBUG:colcon.colcon_parallel_executor.executor.parallel:run_until_complete
[4.749s] DEBUG:colcon.colcon_parallel_executor.executor.parallel:closing loop
[4.750s] DEBUG:colcon.colcon_parallel_executor.executor.parallel:loop closed
[4.750s] DEBUG:colcon.colcon_parallel_executor.executor.parallel:run_until_complete finished with '0'
[4.750s] DEBUG:colcon.colcon_core.event_reactor:joining thread
[4.809s] INFO:colcon.colcon_core.plugin_system:Skipping extension 'colcon_notification.desktop_notification.notify2': 'notify2' not found
[4.810s] INFO:colcon.colcon_core.plugin_system:Skipping extension 'colcon_notification.desktop_notification.terminal_notifier': Not used on non-Darwin systems
[4.810s] INFO:colcon.colcon_core.plugin_system:Skipping extension 'colcon_notification.desktop_notification.win32': Not used on non-Windows systems
[4.811s] INFO:colcon.colcon_notification.desktop_notification:Sending desktop notification using 'notify_send'
[4.846s] DEBUG:colcon.colcon_core.event_reactor:joined thread
[4.919s] INFO:colcon.colcon_core.plugin_system:Skipping extension 'colcon_core.shell.bat': Not used on non-Windows systems
[4.920s] INFO:colcon.colcon_core.shell:Creating prefix script '/home/e2023/a3ajarai/Bureau/projetRobot/pyqt_rcv_cam_ihm_ros2_ws/install/local_setup.ps1'
[4.927s] INFO:colcon.colcon_core.shell:Creating prefix util module '/home/e2023/a3ajarai/Bureau/projetRobot/pyqt_rcv_cam_ihm_ros2_ws/install/_local_setup_util_ps1.py'
[4.938s] INFO:colcon.colcon_core.shell:Creating prefix chain script '/home/e2023/a3ajarai/Bureau/projetRobot/pyqt_rcv_cam_ihm_ros2_ws/install/setup.ps1'
[5.002s] INFO:colcon.colcon_core.shell:Creating prefix script '/home/e2023/a3ajarai/Bureau/projetRobot/pyqt_rcv_cam_ihm_ros2_ws/install/local_setup.sh'
[5.007s] INFO:colcon.colcon_core.shell:Creating prefix util module '/home/e2023/a3ajarai/Bureau/projetRobot/pyqt_rcv_cam_ihm_ros2_ws/install/_local_setup_util_sh.py'
[5.012s] INFO:colcon.colcon_core.shell:Creating prefix chain script '/home/e2023/a3ajarai/Bureau/projetRobot/pyqt_rcv_cam_ihm_ros2_ws/install/setup.sh'
[5.065s] INFO:colcon.colcon_core.shell:Creating prefix script '/home/e2023/a3ajarai/Bureau/projetRobot/pyqt_rcv_cam_ihm_ros2_ws/install/local_setup.bash'
[5.070s] INFO:colcon.colcon_core.shell:Creating prefix chain script '/home/e2023/a3ajarai/Bureau/projetRobot/pyqt_rcv_cam_ihm_ros2_ws/install/setup.bash'
[5.122s] INFO:colcon.colcon_core.shell:Creating prefix script '/home/e2023/a3ajarai/Bureau/projetRobot/pyqt_rcv_cam_ihm_ros2_ws/install/local_setup.zsh'
[5.128s] INFO:colcon.colcon_core.shell:Creating prefix chain script '/home/e2023/a3ajarai/Bureau/projetRobot/pyqt_rcv_cam_ihm_ros2_ws/install/setup.zsh'
