[4.443s] DEBUG:colcon:Command line arguments: ['/home/TP/tools/miniconda3/envs/E021_3_6/bin/colcon', 'build', '--packages-select', 'pyqt_rcv_cam_ihm_ros2']
[4.444s] DEBUG:colcon:Parsed command line arguments: Namespace(ament_cmake_args=None, base_paths=['.'], build_base='build', catkin_cmake_args=None, catkin_skip_building_tests=False, cmake_args=None, cmake_clean_cache=False, cmake_clean_first=False, cmake_force_configure=False, cmake_target=None, cmake_target_skip_unavailable=False, continue_on_error=False, event_handlers=None, executor='parallel', ignore_user_meta=False, install_base='install', log_base=None, log_level=None, main=<bound method BuildVerb.main of <colcon_core.verb.build.BuildVerb object at 0x7f86da3ddfd0>>, merge_install=False, metas=['./colcon.meta'], packages_above=None, packages_above_and_dependencies=None, packages_above_depth=None, packages_end=None, packages_ignore=None, packages_ignore_regex=None, packages_select=['pyqt_rcv_cam_ihm_ros2'], packages_select_build_failed=False, packages_select_by_dep=None, packages_select_regex=None, packages_select_test_failures=False, packages_skip=None, packages_skip_build_finished=False, packages_skip_by_dep=None, packages_skip_regex=None, packages_skip_test_passed=False, packages_skip_up_to=None, packages_start=None, packages_up_to=None, packages_up_to_regex=None, parallel_workers=12, paths=None, symlink_install=False, test_result_base=None, verb_extension=<colcon_core.verb.build.BuildVerb object at 0x7f86da3ddfd0>, verb_name='build', verb_parser=<colcon_defaults.argument_parser.defaults.DefaultArgumentsDecorator object at 0x7f86da3c2668>)
[4.735s] Level 1:colcon.colcon_core.package_discovery:discover_packages(colcon_meta) check parameters
[4.736s] Level 1:colcon.colcon_core.package_discovery:discover_packages(recursive) check parameters
[4.737s] Level 1:colcon.colcon_core.package_discovery:discover_packages(ignore) check parameters
[4.737s] Level 1:colcon.colcon_core.package_discovery:discover_packages(path) check parameters
[4.738s] Level 1:colcon.colcon_core.package_discovery:discover_packages(colcon_meta) discover
[4.739s] Level 1:colcon.colcon_core.package_discovery:discover_packages(recursive) discover
[4.739s] INFO:colcon.colcon_core.package_discovery:Crawling recursively for packages in '/home/e2023/a3ajarai/Bureau/projetRobot/pyqt_rcv_cam_ihm_ros2_ws'
[4.741s] Level 1:colcon.colcon_core.package_identification:_identify(.) by extensions ['ignore', 'ignore_ament_install']
[4.741s] Level 1:colcon.colcon_core.package_identification:_identify(.) by extension 'ignore'
[4.742s] Level 1:colcon.colcon_core.package_identification:_identify(.) by extension 'ignore_ament_install'
[4.743s] Level 1:colcon.colcon_core.package_identification:_identify(.) by extensions ['colcon_pkg']
[4.744s] Level 1:colcon.colcon_core.package_identification:_identify(.) by extension 'colcon_pkg'
[4.745s] Level 1:colcon.colcon_core.package_identification:_identify(.) by extensions ['colcon_meta']
[4.745s] Level 1:colcon.colcon_core.package_identification:_identify(.) by extension 'colcon_meta'
[4.746s] Level 1:colcon.colcon_core.package_identification:_identify(.) by extensions ['ros']
[4.746s] Level 1:colcon.colcon_core.package_identification:_identify(.) by extension 'ros'
[4.917s] Level 1:colcon.colcon_core.package_identification:_identify(.) by extensions ['cmake', 'python']
[4.917s] Level 1:colcon.colcon_core.package_identification:_identify(.) by extension 'cmake'
[4.917s] Level 1:colcon.colcon_core.package_identification:_identify(.) by extension 'python'
[4.919s] Level 1:colcon.colcon_core.package_identification:_identify(.) by extensions ['python_setup_py']
[4.920s] Level 1:colcon.colcon_core.package_identification:_identify(.) by extension 'python_setup_py'
[4.921s] Level 1:colcon.colcon_core.package_identification:_identify(build) by extensions ['ignore', 'ignore_ament_install']
[4.922s] Level 1:colcon.colcon_core.package_identification:_identify(build) by extension 'ignore'
[4.922s] Level 1:colcon.colcon_core.package_identification:_identify(build) ignored
[4.924s] Level 1:colcon.colcon_core.package_identification:_identify(install) by extensions ['ignore', 'ignore_ament_install']
[4.925s] Level 1:colcon.colcon_core.package_identification:_identify(install) by extension 'ignore'
[4.926s] Level 1:colcon.colcon_core.package_identification:_identify(install) ignored
[4.929s] Level 1:colcon.colcon_core.package_identification:_identify(log) by extensions ['ignore', 'ignore_ament_install']
[4.929s] Level 1:colcon.colcon_core.package_identification:_identify(log) by extension 'ignore'
[4.930s] Level 1:colcon.colcon_core.package_identification:_identify(log) ignored
[4.931s] Level 1:colcon.colcon_core.package_identification:_identify(src) by extensions ['ignore', 'ignore_ament_install']
[4.931s] Level 1:colcon.colcon_core.package_identification:_identify(src) by extension 'ignore'
[4.932s] Level 1:colcon.colcon_core.package_identification:_identify(src) by extension 'ignore_ament_install'
[4.933s] Level 1:colcon.colcon_core.package_identification:_identify(src) by extensions ['colcon_pkg']
[4.933s] Level 1:colcon.colcon_core.package_identification:_identify(src) by extension 'colcon_pkg'
[4.933s] Level 1:colcon.colcon_core.package_identification:_identify(src) by extensions ['colcon_meta']
[4.934s] Level 1:colcon.colcon_core.package_identification:_identify(src) by extension 'colcon_meta'
[4.934s] Level 1:colcon.colcon_core.package_identification:_identify(src) by extensions ['ros']
[4.935s] Level 1:colcon.colcon_core.package_identification:_identify(src) by extension 'ros'
[4.935s] Level 1:colcon.colcon_core.package_identification:_identify(src) by extensions ['cmake', 'python']
[4.936s] Level 1:colcon.colcon_core.package_identification:_identify(src) by extension 'cmake'
[4.936s] Level 1:colcon.colcon_core.package_identification:_identify(src) by extension 'python'
[4.937s] Level 1:colcon.colcon_core.package_identification:_identify(src) by extensions ['python_setup_py']
[4.938s] Level 1:colcon.colcon_core.package_identification:_identify(src) by extension 'python_setup_py'
[4.940s] Level 1:colcon.colcon_core.package_identification:_identify(src/pyqt_rcv_cam_ihm_ros2) by extensions ['ignore', 'ignore_ament_install']
[4.940s] Level 1:colcon.colcon_core.package_identification:_identify(src/pyqt_rcv_cam_ihm_ros2) by extension 'ignore'
[4.941s] Level 1:colcon.colcon_core.package_identification:_identify(src/pyqt_rcv_cam_ihm_ros2) by extension 'ignore_ament_install'
[4.942s] Level 1:colcon.colcon_core.package_identification:_identify(src/pyqt_rcv_cam_ihm_ros2) by extensions ['colcon_pkg']
[4.942s] Level 1:colcon.colcon_core.package_identification:_identify(src/pyqt_rcv_cam_ihm_ros2) by extension 'colcon_pkg'
[4.942s] Level 1:colcon.colcon_core.package_identification:_identify(src/pyqt_rcv_cam_ihm_ros2) by extensions ['colcon_meta']
[4.943s] Level 1:colcon.colcon_core.package_identification:_identify(src/pyqt_rcv_cam_ihm_ros2) by extension 'colcon_meta'
[4.943s] Level 1:colcon.colcon_core.package_identification:_identify(src/pyqt_rcv_cam_ihm_ros2) by extensions ['ros']
[4.944s] Level 1:colcon.colcon_core.package_identification:_identify(src/pyqt_rcv_cam_ihm_ros2) by extension 'ros'
[4.959s] DEBUG:colcon.colcon_core.package_identification:Package 'src/pyqt_rcv_cam_ihm_ros2' with type 'ros.ament_python' and name 'pyqt_rcv_cam_ihm_ros2'
[4.959s] Level 1:colcon.colcon_core.package_discovery:discover_packages(recursive) using defaults
[4.960s] Level 1:colcon.colcon_core.package_discovery:discover_packages(ignore) discover
[4.960s] Level 1:colcon.colcon_core.package_discovery:discover_packages(ignore) using defaults
[4.961s] Level 1:colcon.colcon_core.package_discovery:discover_packages(path) discover
[4.961s] Level 1:colcon.colcon_core.package_discovery:discover_packages(path) using defaults
[5.244s] Level 5:colcon.colcon_core.verb:set package 'pyqt_rcv_cam_ihm_ros2' build argument 'cmake_args' from command line to 'None'
[5.244s] Level 5:colcon.colcon_core.verb:set package 'pyqt_rcv_cam_ihm_ros2' build argument 'cmake_target' from command line to 'None'
[5.244s] Level 5:colcon.colcon_core.verb:set package 'pyqt_rcv_cam_ihm_ros2' build argument 'cmake_target_skip_unavailable' from command line to 'False'
[5.245s] Level 5:colcon.colcon_core.verb:set package 'pyqt_rcv_cam_ihm_ros2' build argument 'cmake_clean_cache' from command line to 'False'
[5.245s] Level 5:colcon.colcon_core.verb:set package 'pyqt_rcv_cam_ihm_ros2' build argument 'cmake_clean_first' from command line to 'False'
[5.246s] Level 5:colcon.colcon_core.verb:set package 'pyqt_rcv_cam_ihm_ros2' build argument 'cmake_force_configure' from command line to 'False'
[5.246s] Level 5:colcon.colcon_core.verb:set package 'pyqt_rcv_cam_ihm_ros2' build argument 'ament_cmake_args' from command line to 'None'
[5.246s] Level 5:colcon.colcon_core.verb:set package 'pyqt_rcv_cam_ihm_ros2' build argument 'catkin_cmake_args' from command line to 'None'
[5.246s] Level 5:colcon.colcon_core.verb:set package 'pyqt_rcv_cam_ihm_ros2' build argument 'catkin_skip_building_tests' from command line to 'False'
[5.246s] DEBUG:colcon.colcon_core.verb:Building package 'pyqt_rcv_cam_ihm_ros2' with the following arguments: {'ament_cmake_args': None, 'build_base': '/home/e2023/a3ajarai/Bureau/projetRobot/pyqt_rcv_cam_ihm_ros2_ws/build/pyqt_rcv_cam_ihm_ros2', 'catkin_cmake_args': None, 'catkin_skip_building_tests': False, 'cmake_args': None, 'cmake_clean_cache': False, 'cmake_clean_first': False, 'cmake_force_configure': False, 'cmake_target': None, 'cmake_target_skip_unavailable': False, 'install_base': '/home/e2023/a3ajarai/Bureau/projetRobot/pyqt_rcv_cam_ihm_ros2_ws/install/pyqt_rcv_cam_ihm_ros2', 'merge_install': False, 'path': '/home/e2023/a3ajarai/Bureau/projetRobot/pyqt_rcv_cam_ihm_ros2_ws/src/pyqt_rcv_cam_ihm_ros2', 'symlink_install': False, 'test_result_base': None}
[5.283s] INFO:colcon.colcon_core.executor:Executing jobs using 'parallel' executor
[5.322s] DEBUG:colcon.colcon_parallel_executor.executor.parallel:run_until_complete
[5.323s] INFO:colcon.colcon_ros.task.ament_python.build:Building ROS package in '/home/e2023/a3ajarai/Bureau/projetRobot/pyqt_rcv_cam_ihm_ros2_ws/src/pyqt_rcv_cam_ihm_ros2' with build type 'ament_python'
[5.324s] Level 1:colcon.colcon_core.shell:create_environment_hook('pyqt_rcv_cam_ihm_ros2', 'ament_prefix_path')
[5.402s] INFO:colcon.colcon_core.plugin_system:Skipping extension 'colcon_core.shell.bat': Not used on non-Windows systems
[5.403s] INFO:colcon.colcon_core.shell:Creating environment hook '/home/e2023/a3ajarai/Bureau/projetRobot/pyqt_rcv_cam_ihm_ros2_ws/install/pyqt_rcv_cam_ihm_ros2/share/pyqt_rcv_cam_ihm_ros2/hook/ament_prefix_path.ps1'
[5.410s] INFO:colcon.colcon_core.shell:Creating environment descriptor '/home/e2023/a3ajarai/Bureau/projetRobot/pyqt_rcv_cam_ihm_ros2_ws/install/pyqt_rcv_cam_ihm_ros2/share/pyqt_rcv_cam_ihm_ros2/hook/ament_prefix_path.dsv'
[5.414s] INFO:colcon.colcon_core.shell:Creating environment hook '/home/e2023/a3ajarai/Bureau/projetRobot/pyqt_rcv_cam_ihm_ros2_ws/install/pyqt_rcv_cam_ihm_ros2/share/pyqt_rcv_cam_ihm_ros2/hook/ament_prefix_path.sh'
[5.461s] INFO:colcon.colcon_core.shell:Skip shell extension 'powershell' for command environment: Not usable outside of PowerShell
[5.461s] DEBUG:colcon.colcon_core.shell:Skip shell extension 'dsv' for command environment
[6.789s] INFO:colcon.colcon_core.task.python.build:Building Python package in '/home/e2023/a3ajarai/Bureau/projetRobot/pyqt_rcv_cam_ihm_ros2_ws/src/pyqt_rcv_cam_ihm_ros2'
[6.835s] INFO:colcon.colcon_core.shell:Skip shell extension 'powershell' for command environment: Not usable outside of PowerShell
[6.835s] DEBUG:colcon.colcon_core.shell:Skip shell extension 'dsv' for command environment
[8.490s] DEBUG:colcon.colcon_core.event_handler.log_command:Invoking command in '/home/e2023/a3ajarai/Bureau/projetRobot/pyqt_rcv_cam_ihm_ros2_ws/src/pyqt_rcv_cam_ihm_ros2': DEBUGINFOD_URLS=https://debuginfod.centos.org/ LESSOPEN=${LESSOPEN}
BASH_FUNC_which%%=() {  ( alias;
 eval ${which_declare} ) | /usr/bin/which --tty-only --read-alias --read-functions --show-tilde --show-dot $@
}
BASH_FUNC_module%%=() {  _module_raw "$@" 2>&1
}
BASH_FUNC__module_raw%%=() {  unset _mlshdbg;
 if [ "${MODULES_SILENT_SHELL_DEBUG:-0}" = '1' ]; then
 case "$-" in
 *v*x*)
 set +vx;
 _mlshdbg='vx'
 ;;
 *v*)
 set +v;
 _mlshdbg='v'
 ;;
 *x*)
 set +x;
 _mlshdbg='x'
 ;;
 *)
 _mlshdbg=''
 ;;
 esac;
 fi;
 unset _mlre _mlIFS;
 if [ -n "${IFS+x}" ]; then
 _mlIFS=$IFS;
 fi;
 IFS=' ';
 for _mlv in ${MODULES_RUN_QUARANTINE:-};
 do
 if [ "${_mlv}" = "${_mlv##*[!A-Za-z0-9_]}" -a "${_mlv}" = "${_mlv#[0-9]}" ]; then
 if [ -n "`eval 'echo ${'$_mlv'+x}'`" ]; then
 _mlre="${_mlre:-}${_mlv}_modquar='`eval 'echo ${'$_mlv'}'`' ";
 fi;
 _mlrv="MODULES_RUNENV_${_mlv}";
 _mlre="${_mlre:-}${_mlv}='`eval 'echo ${'$_mlrv':-}'`' ";
 fi;
 done;
 if [ -n "${_mlre:-}" ]; then
 eval `eval ${_mlre} /usr/bin/tclsh /usr/share/Modules/libexec/modulecmd.tcl bash '"$@"'`;
 else
 eval `/usr/bin/tclsh /usr/share/Modules/libexec/modulecmd.tcl bash "$@"`;
 fi;
 _mlstatus=$?;
 if [ -n "${_mlIFS+x}" ]; then
 IFS=$_mlIFS;
 else
 unset IFS;
 fi;
 unset _mlre _mlv _mlrv _mlIFS;
 if [ -n "${_mlshdbg:-}" ]; then
 set -$_mlshdbg;
 fi;
 unset _mlshdbg;
 return $_mlstatus
}
BASH_FUNC_switchml%%=() {  typeset swfound=1;
 if [ "${MODULES_USE_COMPAT_VERSION:-0}" = '1' ]; then
 typeset swname='main';
 if [ -e /usr/share/Modules/libexec/modulecmd.tcl ]; then
 typeset swfound=0;
 unset MODULES_USE_COMPAT_VERSION;
 fi;
 else
 typeset swname='compatibility';
 if [ -e /usr/share/Modules/libexec/modulecmd-compat ]; then
 typeset swfound=0;
 MODULES_USE_COMPAT_VERSION=1;
 export MODULES_USE_COMPAT_VERSION;
 fi;
 fi;
 if [ $swfound -eq 0 ]; then
 echo "Switching to Modules $swname version";
 source /usr/share/Modules/init/bash;
 else
 echo "Cannot switch to Modules $swname version, command not found";
 return 1;
 fi
}
BASH_FUNC_scl%%=() {  if [ "$1" = "load" -o "$1" = "unload" ]; then
 eval "module $@";
 else
 /usr/bin/scl "$@";
 fi
}
BASH_FUNC_ml%%=() {  module ml "$@"
} PYTHONPATH=/home/e2023/a3ajarai/Bureau/projetRobot/pyqt_rcv_cam_ihm_ros2_ws/build/pyqt_rcv_cam_ihm_ros2/prefix_override:/home/e2023/a3ajarai/Bureau/projetRobot/pyqt_rcv_cam_ihm_ros2_ws/install/pyqt_rcv_cam_ihm_ros2/lib/python3.6/site-packages:${PYTHONPATH} SHLVL=6 _=/usr/bin/env /home/TP/tools/miniconda3/envs/E021_3_6/bin/python3.6 setup.py egg_info --egg-base ../../build/pyqt_rcv_cam_ihm_ros2 build --build-base /home/e2023/a3ajarai/Bureau/projetRobot/pyqt_rcv_cam_ihm_ros2_ws/build/pyqt_rcv_cam_ihm_ros2/build install --record /home/e2023/a3ajarai/Bureau/projetRobot/pyqt_rcv_cam_ihm_ros2_ws/build/pyqt_rcv_cam_ihm_ros2/install.log --single-version-externally-managed
[9.782s] DEBUG:colcon.colcon_core.event_handler.log_command:Invoked command in '/home/e2023/a3ajarai/Bureau/projetRobot/pyqt_rcv_cam_ihm_ros2_ws/src/pyqt_rcv_cam_ihm_ros2' returned '0': DEBUGINFOD_URLS=https://debuginfod.centos.org/ LESSOPEN=${LESSOPEN}
BASH_FUNC_which%%=() {  ( alias;
 eval ${which_declare} ) | /usr/bin/which --tty-only --read-alias --read-functions --show-tilde --show-dot $@
}
BASH_FUNC_module%%=() {  _module_raw "$@" 2>&1
}
BASH_FUNC__module_raw%%=() {  unset _mlshdbg;
 if [ "${MODULES_SILENT_SHELL_DEBUG:-0}" = '1' ]; then
 case "$-" in
 *v*x*)
 set +vx;
 _mlshdbg='vx'
 ;;
 *v*)
 set +v;
 _mlshdbg='v'
 ;;
 *x*)
 set +x;
 _mlshdbg='x'
 ;;
 *)
 _mlshdbg=''
 ;;
 esac;
 fi;
 unset _mlre _mlIFS;
 if [ -n "${IFS+x}" ]; then
 _mlIFS=$IFS;
 fi;
 IFS=' ';
 for _mlv in ${MODULES_RUN_QUARANTINE:-};
 do
 if [ "${_mlv}" = "${_mlv##*[!A-Za-z0-9_]}" -a "${_mlv}" = "${_mlv#[0-9]}" ]; then
 if [ -n "`eval 'echo ${'$_mlv'+x}'`" ]; then
 _mlre="${_mlre:-}${_mlv}_modquar='`eval 'echo ${'$_mlv'}'`' ";
 fi;
 _mlrv="MODULES_RUNENV_${_mlv}";
 _mlre="${_mlre:-}${_mlv}='`eval 'echo ${'$_mlrv':-}'`' ";
 fi;
 done;
 if [ -n "${_mlre:-}" ]; then
 eval `eval ${_mlre} /usr/bin/tclsh /usr/share/Modules/libexec/modulecmd.tcl bash '"$@"'`;
 else
 eval `/usr/bin/tclsh /usr/share/Modules/libexec/modulecmd.tcl bash "$@"`;
 fi;
 _mlstatus=$?;
 if [ -n "${_mlIFS+x}" ]; then
 IFS=$_mlIFS;
 else
 unset IFS;
 fi;
 unset _mlre _mlv _mlrv _mlIFS;
 if [ -n "${_mlshdbg:-}" ]; then
 set -$_mlshdbg;
 fi;
 unset _mlshdbg;
 return $_mlstatus
}
BASH_FUNC_switchml%%=() {  typeset swfound=1;
 if [ "${MODULES_USE_COMPAT_VERSION:-0}" = '1' ]; then
 typeset swname='main';
 if [ -e /usr/share/Modules/libexec/modulecmd.tcl ]; then
 typeset swfound=0;
 unset MODULES_USE_COMPAT_VERSION;
 fi;
 else
 typeset swname='compatibility';
 if [ -e /usr/share/Modules/libexec/modulecmd-compat ]; then
 typeset swfound=0;
 MODULES_USE_COMPAT_VERSION=1;
 export MODULES_USE_COMPAT_VERSION;
 fi;
 fi;
 if [ $swfound -eq 0 ]; then
 echo "Switching to Modules $swname version";
 source /usr/share/Modules/init/bash;
 else
 echo "Cannot switch to Modules $swname version, command not found";
 return 1;
 fi
}
BASH_FUNC_scl%%=() {  if [ "$1" = "load" -o "$1" = "unload" ]; then
 eval "module $@";
 else
 /usr/bin/scl "$@";
 fi
}
BASH_FUNC_ml%%=() {  module ml "$@"
} PYTHONPATH=/home/e2023/a3ajarai/Bureau/projetRobot/pyqt_rcv_cam_ihm_ros2_ws/build/pyqt_rcv_cam_ihm_ros2/prefix_override:/home/e2023/a3ajarai/Bureau/projetRobot/pyqt_rcv_cam_ihm_ros2_ws/install/pyqt_rcv_cam_ihm_ros2/lib/python3.6/site-packages:${PYTHONPATH} SHLVL=6 _=/usr/bin/env /home/TP/tools/miniconda3/envs/E021_3_6/bin/python3.6 setup.py egg_info --egg-base ../../build/pyqt_rcv_cam_ihm_ros2 build --build-base /home/e2023/a3ajarai/Bureau/projetRobot/pyqt_rcv_cam_ihm_ros2_ws/build/pyqt_rcv_cam_ihm_ros2/build install --record /home/e2023/a3ajarai/Bureau/projetRobot/pyqt_rcv_cam_ihm_ros2_ws/build/pyqt_rcv_cam_ihm_ros2/install.log --single-version-externally-managed
[9.869s] Level 1:colcon.colcon_core.environment:checking '/home/e2023/a3ajarai/Bureau/projetRobot/pyqt_rcv_cam_ihm_ros2_ws/install/pyqt_rcv_cam_ihm_ros2' for CMake module files
[9.877s] Level 1:colcon.colcon_core.environment:checking '/home/e2023/a3ajarai/Bureau/projetRobot/pyqt_rcv_cam_ihm_ros2_ws/install/pyqt_rcv_cam_ihm_ros2' for CMake config files
[9.888s] Level 1:colcon.colcon_core.environment:checking '/home/e2023/a3ajarai/Bureau/projetRobot/pyqt_rcv_cam_ihm_ros2_ws/install/pyqt_rcv_cam_ihm_ros2/lib'
[9.889s] Level 1:colcon.colcon_core.environment:checking '/home/e2023/a3ajarai/Bureau/projetRobot/pyqt_rcv_cam_ihm_ros2_ws/install/pyqt_rcv_cam_ihm_ros2/bin'
[9.890s] Level 1:colcon.colcon_core.environment:checking '/home/e2023/a3ajarai/Bureau/projetRobot/pyqt_rcv_cam_ihm_ros2_ws/install/pyqt_rcv_cam_ihm_ros2/lib/pkgconfig/pyqt_rcv_cam_ihm_ros2.pc'
[9.891s] Level 1:colcon.colcon_core.environment:checking '/home/e2023/a3ajarai/Bureau/projetRobot/pyqt_rcv_cam_ihm_ros2_ws/install/pyqt_rcv_cam_ihm_ros2/lib/python3.6/site-packages'
[9.892s] Level 1:colcon.colcon_core.shell:create_environment_hook('pyqt_rcv_cam_ihm_ros2', 'pythonpath')
[9.942s] INFO:colcon.colcon_core.shell:Creating environment hook '/home/e2023/a3ajarai/Bureau/projetRobot/pyqt_rcv_cam_ihm_ros2_ws/install/pyqt_rcv_cam_ihm_ros2/share/pyqt_rcv_cam_ihm_ros2/hook/pythonpath.ps1'
[9.946s] INFO:colcon.colcon_core.shell:Creating environment descriptor '/home/e2023/a3ajarai/Bureau/projetRobot/pyqt_rcv_cam_ihm_ros2_ws/install/pyqt_rcv_cam_ihm_ros2/share/pyqt_rcv_cam_ihm_ros2/hook/pythonpath.dsv'
[9.950s] INFO:colcon.colcon_core.shell:Creating environment hook '/home/e2023/a3ajarai/Bureau/projetRobot/pyqt_rcv_cam_ihm_ros2_ws/install/pyqt_rcv_cam_ihm_ros2/share/pyqt_rcv_cam_ihm_ros2/hook/pythonpath.sh'
[9.954s] Level 1:colcon.colcon_core.environment:checking '/home/e2023/a3ajarai/Bureau/projetRobot/pyqt_rcv_cam_ihm_ros2_ws/install/pyqt_rcv_cam_ihm_ros2/bin'
[9.954s] Level 1:colcon.colcon_core.environment:create_environment_scripts_only(pyqt_rcv_cam_ihm_ros2)
[10.002s] INFO:colcon.colcon_core.shell:Creating package script '/home/e2023/a3ajarai/Bureau/projetRobot/pyqt_rcv_cam_ihm_ros2_ws/install/pyqt_rcv_cam_ihm_ros2/share/pyqt_rcv_cam_ihm_ros2/package.ps1'
[10.009s] INFO:colcon.colcon_core.shell:Creating package descriptor '/home/e2023/a3ajarai/Bureau/projetRobot/pyqt_rcv_cam_ihm_ros2_ws/install/pyqt_rcv_cam_ihm_ros2/share/pyqt_rcv_cam_ihm_ros2/package.dsv'
[10.015s] INFO:colcon.colcon_core.shell:Creating package script '/home/e2023/a3ajarai/Bureau/projetRobot/pyqt_rcv_cam_ihm_ros2_ws/install/pyqt_rcv_cam_ihm_ros2/share/pyqt_rcv_cam_ihm_ros2/package.sh'
[10.021s] INFO:colcon.colcon_core.shell:Creating package script '/home/e2023/a3ajarai/Bureau/projetRobot/pyqt_rcv_cam_ihm_ros2_ws/install/pyqt_rcv_cam_ihm_ros2/share/pyqt_rcv_cam_ihm_ros2/package.bash'
[10.028s] INFO:colcon.colcon_core.shell:Creating package script '/home/e2023/a3ajarai/Bureau/projetRobot/pyqt_rcv_cam_ihm_ros2_ws/install/pyqt_rcv_cam_ihm_ros2/share/pyqt_rcv_cam_ihm_ros2/package.zsh'
[10.034s] Level 1:colcon.colcon_core.environment:create_file_with_runtime_dependencies(/home/e2023/a3ajarai/Bureau/projetRobot/pyqt_rcv_cam_ihm_ros2_ws/install/pyqt_rcv_cam_ihm_ros2/share/colcon-core/packages/pyqt_rcv_cam_ihm_ros2)
[10.038s] DEBUG:colcon.colcon_parallel_executor.executor.parallel:closing loop
[10.039s] DEBUG:colcon.colcon_parallel_executor.executor.parallel:loop closed
[10.040s] DEBUG:colcon.colcon_parallel_executor.executor.parallel:run_until_complete finished with '0'
[10.040s] DEBUG:colcon.colcon_core.event_reactor:joining thread
[10.108s] INFO:colcon.colcon_core.plugin_system:Skipping extension 'colcon_notification.desktop_notification.notify2': 'notify2' not found
[10.109s] INFO:colcon.colcon_core.plugin_system:Skipping extension 'colcon_notification.desktop_notification.terminal_notifier': Not used on non-Darwin systems
[10.109s] INFO:colcon.colcon_core.plugin_system:Skipping extension 'colcon_notification.desktop_notification.win32': Not used on non-Windows systems
[10.110s] INFO:colcon.colcon_notification.desktop_notification:Sending desktop notification using 'notify_send'
[10.145s] DEBUG:colcon.colcon_core.event_reactor:joined thread
[10.195s] INFO:colcon.colcon_core.shell:Creating prefix script '/home/e2023/a3ajarai/Bureau/projetRobot/pyqt_rcv_cam_ihm_ros2_ws/install/local_setup.ps1'
[10.203s] INFO:colcon.colcon_core.shell:Creating prefix util module '/home/e2023/a3ajarai/Bureau/projetRobot/pyqt_rcv_cam_ihm_ros2_ws/install/_local_setup_util_ps1.py'
[10.214s] INFO:colcon.colcon_core.shell:Creating prefix chain script '/home/e2023/a3ajarai/Bureau/projetRobot/pyqt_rcv_cam_ihm_ros2_ws/install/setup.ps1'
[10.264s] INFO:colcon.colcon_core.shell:Creating prefix script '/home/e2023/a3ajarai/Bureau/projetRobot/pyqt_rcv_cam_ihm_ros2_ws/install/local_setup.sh'
[10.269s] INFO:colcon.colcon_core.shell:Creating prefix util module '/home/e2023/a3ajarai/Bureau/projetRobot/pyqt_rcv_cam_ihm_ros2_ws/install/_local_setup_util_sh.py'
[10.274s] INFO:colcon.colcon_core.shell:Creating prefix chain script '/home/e2023/a3ajarai/Bureau/projetRobot/pyqt_rcv_cam_ihm_ros2_ws/install/setup.sh'
[10.323s] INFO:colcon.colcon_core.shell:Creating prefix script '/home/e2023/a3ajarai/Bureau/projetRobot/pyqt_rcv_cam_ihm_ros2_ws/install/local_setup.bash'
[10.328s] INFO:colcon.colcon_core.shell:Creating prefix chain script '/home/e2023/a3ajarai/Bureau/projetRobot/pyqt_rcv_cam_ihm_ros2_ws/install/setup.bash'
[10.377s] INFO:colcon.colcon_core.shell:Creating prefix script '/home/e2023/a3ajarai/Bureau/projetRobot/pyqt_rcv_cam_ihm_ros2_ws/install/local_setup.zsh'
[10.383s] INFO:colcon.colcon_core.shell:Creating prefix chain script '/home/e2023/a3ajarai/Bureau/projetRobot/pyqt_rcv_cam_ihm_ros2_ws/install/setup.zsh'
