[4.149s] DEBUG:colcon:Command line arguments: ['/home/TP/tools/miniconda3/envs/E021_3_6/bin/colcon', 'build', '--packages-select', 'pyqt_rcv_cam_ihm']
[4.149s] DEBUG:colcon:Parsed command line arguments: Namespace(ament_cmake_args=None, base_paths=['.'], build_base='build', catkin_cmake_args=None, catkin_skip_building_tests=False, cmake_args=None, cmake_clean_cache=False, cmake_clean_first=False, cmake_force_configure=False, cmake_target=None, cmake_target_skip_unavailable=False, continue_on_error=False, event_handlers=None, executor='parallel', ignore_user_meta=False, install_base='install', log_base=None, log_level=None, main=<bound method BuildVerb.main of <colcon_core.verb.build.BuildVerb object at 0x7fdd630d9f60>>, merge_install=False, metas=['./colcon.meta'], packages_above=None, packages_above_and_dependencies=None, packages_above_depth=None, packages_end=None, packages_ignore=None, packages_ignore_regex=None, packages_select=['pyqt_rcv_cam_ihm'], packages_select_build_failed=False, packages_select_by_dep=None, packages_select_regex=None, packages_select_test_failures=False, packages_skip=None, packages_skip_build_finished=False, packages_skip_by_dep=None, packages_skip_regex=None, packages_skip_test_passed=False, packages_skip_up_to=None, packages_start=None, packages_up_to=None, packages_up_to_regex=None, parallel_workers=12, paths=None, symlink_install=False, test_result_base=None, verb_extension=<colcon_core.verb.build.BuildVerb object at 0x7fdd630d9f60>, verb_name='build', verb_parser=<colcon_defaults.argument_parser.defaults.DefaultArgumentsDecorator object at 0x7fdd63101630>)
[4.455s] Level 1:colcon.colcon_core.package_discovery:discover_packages(colcon_meta) check parameters
[4.456s] Level 1:colcon.colcon_core.package_discovery:discover_packages(recursive) check parameters
[4.457s] Level 1:colcon.colcon_core.package_discovery:discover_packages(ignore) check parameters
[4.457s] Level 1:colcon.colcon_core.package_discovery:discover_packages(path) check parameters
[4.458s] Level 1:colcon.colcon_core.package_discovery:discover_packages(colcon_meta) discover
[4.459s] Level 1:colcon.colcon_core.package_discovery:discover_packages(recursive) discover
[4.459s] INFO:colcon.colcon_core.package_discovery:Crawling recursively for packages in '/home/e2023/a3ajarai/Bureau/projetRobot/pyqt_rcv_cam_ihm_ros2_ws'
[4.461s] Level 1:colcon.colcon_core.package_identification:_identify(.) by extensions ['ignore', 'ignore_ament_install']
[4.461s] Level 1:colcon.colcon_core.package_identification:_identify(.) by extension 'ignore'
[4.462s] Level 1:colcon.colcon_core.package_identification:_identify(.) by extension 'ignore_ament_install'
[4.463s] Level 1:colcon.colcon_core.package_identification:_identify(.) by extensions ['colcon_pkg']
[4.464s] Level 1:colcon.colcon_core.package_identification:_identify(.) by extension 'colcon_pkg'
[4.465s] Level 1:colcon.colcon_core.package_identification:_identify(.) by extensions ['colcon_meta']
[4.465s] Level 1:colcon.colcon_core.package_identification:_identify(.) by extension 'colcon_meta'
[4.466s] Level 1:colcon.colcon_core.package_identification:_identify(.) by extensions ['ros']
[4.467s] Level 1:colcon.colcon_core.package_identification:_identify(.) by extension 'ros'
[4.640s] Level 1:colcon.colcon_core.package_identification:_identify(.) by extensions ['cmake', 'python']
[4.640s] Level 1:colcon.colcon_core.package_identification:_identify(.) by extension 'cmake'
[4.640s] Level 1:colcon.colcon_core.package_identification:_identify(.) by extension 'python'
[4.641s] Level 1:colcon.colcon_core.package_identification:_identify(.) by extensions ['python_setup_py']
[4.642s] Level 1:colcon.colcon_core.package_identification:_identify(.) by extension 'python_setup_py'
[4.643s] Level 1:colcon.colcon_core.package_identification:_identify(build) by extensions ['ignore', 'ignore_ament_install']
[4.644s] Level 1:colcon.colcon_core.package_identification:_identify(build) by extension 'ignore'
[4.645s] Level 1:colcon.colcon_core.package_identification:_identify(build) ignored
[4.646s] Level 1:colcon.colcon_core.package_identification:_identify(install) by extensions ['ignore', 'ignore_ament_install']
[4.647s] Level 1:colcon.colcon_core.package_identification:_identify(install) by extension 'ignore'
[4.648s] Level 1:colcon.colcon_core.package_identification:_identify(install) ignored
[4.651s] Level 1:colcon.colcon_core.package_identification:_identify(log) by extensions ['ignore', 'ignore_ament_install']
[4.651s] Level 1:colcon.colcon_core.package_identification:_identify(log) by extension 'ignore'
[4.651s] Level 1:colcon.colcon_core.package_identification:_identify(log) ignored
[4.653s] Level 1:colcon.colcon_core.package_identification:_identify(src) by extensions ['ignore', 'ignore_ament_install']
[4.653s] Level 1:colcon.colcon_core.package_identification:_identify(src) by extension 'ignore'
[4.654s] Level 1:colcon.colcon_core.package_identification:_identify(src) by extension 'ignore_ament_install'
[4.654s] Level 1:colcon.colcon_core.package_identification:_identify(src) by extensions ['colcon_pkg']
[4.655s] Level 1:colcon.colcon_core.package_identification:_identify(src) by extension 'colcon_pkg'
[4.655s] Level 1:colcon.colcon_core.package_identification:_identify(src) by extensions ['colcon_meta']
[4.656s] Level 1:colcon.colcon_core.package_identification:_identify(src) by extension 'colcon_meta'
[4.656s] Level 1:colcon.colcon_core.package_identification:_identify(src) by extensions ['ros']
[4.657s] Level 1:colcon.colcon_core.package_identification:_identify(src) by extension 'ros'
[4.657s] Level 1:colcon.colcon_core.package_identification:_identify(src) by extensions ['cmake', 'python']
[4.658s] Level 1:colcon.colcon_core.package_identification:_identify(src) by extension 'cmake'
[4.658s] Level 1:colcon.colcon_core.package_identification:_identify(src) by extension 'python'
[4.659s] Level 1:colcon.colcon_core.package_identification:_identify(src) by extensions ['python_setup_py']
[4.659s] Level 1:colcon.colcon_core.package_identification:_identify(src) by extension 'python_setup_py'
[4.661s] Level 1:colcon.colcon_core.package_identification:_identify(src/pyqt_rcv_cam_ihm_ros2) by extensions ['ignore', 'ignore_ament_install']
[4.661s] Level 1:colcon.colcon_core.package_identification:_identify(src/pyqt_rcv_cam_ihm_ros2) by extension 'ignore'
[4.662s] Level 1:colcon.colcon_core.package_identification:_identify(src/pyqt_rcv_cam_ihm_ros2) by extension 'ignore_ament_install'
[4.663s] Level 1:colcon.colcon_core.package_identification:_identify(src/pyqt_rcv_cam_ihm_ros2) by extensions ['colcon_pkg']
[4.664s] Level 1:colcon.colcon_core.package_identification:_identify(src/pyqt_rcv_cam_ihm_ros2) by extension 'colcon_pkg'
[4.664s] Level 1:colcon.colcon_core.package_identification:_identify(src/pyqt_rcv_cam_ihm_ros2) by extensions ['colcon_meta']
[4.665s] Level 1:colcon.colcon_core.package_identification:_identify(src/pyqt_rcv_cam_ihm_ros2) by extension 'colcon_meta'
[4.665s] Level 1:colcon.colcon_core.package_identification:_identify(src/pyqt_rcv_cam_ihm_ros2) by extensions ['ros']
[4.666s] Level 1:colcon.colcon_core.package_identification:_identify(src/pyqt_rcv_cam_ihm_ros2) by extension 'ros'
[4.681s] DEBUG:colcon.colcon_core.package_identification:Package 'src/pyqt_rcv_cam_ihm_ros2' with type 'ros.ament_python' and name 'pyqt_rcv_cam_ihm_ros2'
[4.681s] Level 1:colcon.colcon_core.package_discovery:discover_packages(recursive) using defaults
[4.682s] Level 1:colcon.colcon_core.package_discovery:discover_packages(ignore) discover
[4.682s] Level 1:colcon.colcon_core.package_discovery:discover_packages(ignore) using defaults
[4.683s] Level 1:colcon.colcon_core.package_discovery:discover_packages(path) discover
[4.683s] Level 1:colcon.colcon_core.package_discovery:discover_packages(path) using defaults
[4.728s] WARNING:colcon.colcon_core.package_selection:ignoring unknown package 'pyqt_rcv_cam_ihm' in --packages-select
[4.973s] INFO:colcon.colcon_core.package_selection:Skipping not selected package 'pyqt_rcv_cam_ihm_ros2' in 'src/pyqt_rcv_cam_ihm_ros2'
[5.020s] INFO:colcon.colcon_core.executor:Executing jobs using 'parallel' executor
[5.069s] DEBUG:colcon.colcon_parallel_executor.executor.parallel:run_until_complete
[5.070s] DEBUG:colcon.colcon_parallel_executor.executor.parallel:closing loop
[5.071s] DEBUG:colcon.colcon_parallel_executor.executor.parallel:loop closed
[5.071s] DEBUG:colcon.colcon_parallel_executor.executor.parallel:run_until_complete finished with '0'
[5.071s] DEBUG:colcon.colcon_core.event_reactor:joining thread
[5.140s] INFO:colcon.colcon_core.plugin_system:Skipping extension 'colcon_notification.desktop_notification.notify2': 'notify2' not found
[5.141s] INFO:colcon.colcon_core.plugin_system:Skipping extension 'colcon_notification.desktop_notification.terminal_notifier': Not used on non-Darwin systems
[5.141s] INFO:colcon.colcon_core.plugin_system:Skipping extension 'colcon_notification.desktop_notification.win32': Not used on non-Windows systems
[5.142s] INFO:colcon.colcon_notification.desktop_notification:Sending desktop notification using 'notify_send'
[5.178s] DEBUG:colcon.colcon_core.event_reactor:joined thread
[5.261s] INFO:colcon.colcon_core.plugin_system:Skipping extension 'colcon_core.shell.bat': Not used on non-Windows systems
[5.261s] INFO:colcon.colcon_core.shell:Creating prefix script '/home/e2023/a3ajarai/Bureau/projetRobot/pyqt_rcv_cam_ihm_ros2_ws/install/local_setup.ps1'
[5.270s] INFO:colcon.colcon_core.shell:Creating prefix util module '/home/e2023/a3ajarai/Bureau/projetRobot/pyqt_rcv_cam_ihm_ros2_ws/install/_local_setup_util_ps1.py'
[5.281s] INFO:colcon.colcon_core.shell:Creating prefix chain script '/home/e2023/a3ajarai/Bureau/projetRobot/pyqt_rcv_cam_ihm_ros2_ws/install/setup.ps1'
[5.350s] INFO:colcon.colcon_core.shell:Creating prefix script '/home/e2023/a3ajarai/Bureau/projetRobot/pyqt_rcv_cam_ihm_ros2_ws/install/local_setup.sh'
[5.356s] INFO:colcon.colcon_core.shell:Creating prefix util module '/home/e2023/a3ajarai/Bureau/projetRobot/pyqt_rcv_cam_ihm_ros2_ws/install/_local_setup_util_sh.py'
[5.361s] INFO:colcon.colcon_core.shell:Creating prefix chain script '/home/e2023/a3ajarai/Bureau/projetRobot/pyqt_rcv_cam_ihm_ros2_ws/install/setup.sh'
[5.417s] INFO:colcon.colcon_core.shell:Creating prefix script '/home/e2023/a3ajarai/Bureau/projetRobot/pyqt_rcv_cam_ihm_ros2_ws/install/local_setup.bash'
[5.423s] INFO:colcon.colcon_core.shell:Creating prefix chain script '/home/e2023/a3ajarai/Bureau/projetRobot/pyqt_rcv_cam_ihm_ros2_ws/install/setup.bash'
[5.475s] INFO:colcon.colcon_core.shell:Creating prefix script '/home/e2023/a3ajarai/Bureau/projetRobot/pyqt_rcv_cam_ihm_ros2_ws/install/local_setup.zsh'
[5.481s] INFO:colcon.colcon_core.shell:Creating prefix chain script '/home/e2023/a3ajarai/Bureau/projetRobot/pyqt_rcv_cam_ihm_ros2_ws/install/setup.zsh'
