[4.048s] DEBUG:colcon:Command line arguments: ['/home/TP/tools/miniconda3/envs/E021_3_6/bin/colcon', 'build', '--packages-select', 'pyqt_rcv_cam_ihm_ros2']
[4.048s] DEBUG:colcon:Parsed command line arguments: Namespace(ament_cmake_args=None, base_paths=['.'], build_base='build', catkin_cmake_args=None, catkin_skip_building_tests=False, cmake_args=None, cmake_clean_cache=False, cmake_clean_first=False, cmake_force_configure=False, cmake_target=None, cmake_target_skip_unavailable=False, continue_on_error=False, event_handlers=None, executor='parallel', ignore_user_meta=False, install_base='install', log_base=None, log_level=None, main=<bound method BuildVerb.main of <colcon_core.verb.build.BuildVerb object at 0x7f8344587da0>>, merge_install=False, metas=['./colcon.meta'], packages_above=None, packages_above_and_dependencies=None, packages_above_depth=None, packages_end=None, packages_ignore=None, packages_ignore_regex=None, packages_select=['pyqt_rcv_cam_ihm_ros2'], packages_select_build_failed=False, packages_select_by_dep=None, packages_select_regex=None, packages_select_test_failures=False, packages_skip=None, packages_skip_build_finished=False, packages_skip_by_dep=None, packages_skip_regex=None, packages_skip_test_passed=False, packages_skip_up_to=None, packages_start=None, packages_up_to=None, packages_up_to_regex=None, parallel_workers=12, paths=None, symlink_install=False, test_result_base=None, verb_extension=<colcon_core.verb.build.BuildVerb object at 0x7f8344587da0>, verb_name='build', verb_parser=<colcon_defaults.argument_parser.defaults.DefaultArgumentsDecorator object at 0x7f834459e6d8>)
[4.352s] Level 1:colcon.colcon_core.package_discovery:discover_packages(colcon_meta) check parameters
[4.353s] Level 1:colcon.colcon_core.package_discovery:discover_packages(recursive) check parameters
[4.354s] Level 1:colcon.colcon_core.package_discovery:discover_packages(ignore) check parameters
[4.354s] Level 1:colcon.colcon_core.package_discovery:discover_packages(path) check parameters
[4.355s] Level 1:colcon.colcon_core.package_discovery:discover_packages(colcon_meta) discover
[4.356s] Level 1:colcon.colcon_core.package_discovery:discover_packages(recursive) discover
[4.356s] INFO:colcon.colcon_core.package_discovery:Crawling recursively for packages in '/home/e2023/a3ajarai/Bureau/projetRobot/pyqt_rcv_cam_ihm_ros2_ws'
[4.358s] Level 1:colcon.colcon_core.package_identification:_identify(.) by extensions ['ignore', 'ignore_ament_install']
[4.359s] Level 1:colcon.colcon_core.package_identification:_identify(.) by extension 'ignore'
[4.360s] Level 1:colcon.colcon_core.package_identification:_identify(.) by extension 'ignore_ament_install'
[4.360s] Level 1:colcon.colcon_core.package_identification:_identify(.) by extensions ['colcon_pkg']
[4.361s] Level 1:colcon.colcon_core.package_identification:_identify(.) by extension 'colcon_pkg'
[4.361s] Level 1:colcon.colcon_core.package_identification:_identify(.) by extensions ['colcon_meta']
[4.362s] Level 1:colcon.colcon_core.package_identification:_identify(.) by extension 'colcon_meta'
[4.362s] Level 1:colcon.colcon_core.package_identification:_identify(.) by extensions ['ros']
[4.363s] Level 1:colcon.colcon_core.package_identification:_identify(.) by extension 'ros'
[4.546s] Level 1:colcon.colcon_core.package_identification:_identify(.) by extensions ['cmake', 'python']
[4.546s] Level 1:colcon.colcon_core.package_identification:_identify(.) by extension 'cmake'
[4.546s] Level 1:colcon.colcon_core.package_identification:_identify(.) by extension 'python'
[4.547s] Level 1:colcon.colcon_core.package_identification:_identify(.) by extensions ['python_setup_py']
[4.548s] Level 1:colcon.colcon_core.package_identification:_identify(.) by extension 'python_setup_py'
[4.550s] Level 1:colcon.colcon_core.package_identification:_identify(build) by extensions ['ignore', 'ignore_ament_install']
[4.550s] Level 1:colcon.colcon_core.package_identification:_identify(build) by extension 'ignore'
[4.551s] Level 1:colcon.colcon_core.package_identification:_identify(build) ignored
[4.553s] Level 1:colcon.colcon_core.package_identification:_identify(install) by extensions ['ignore', 'ignore_ament_install']
[4.554s] Level 1:colcon.colcon_core.package_identification:_identify(install) by extension 'ignore'
[4.555s] Level 1:colcon.colcon_core.package_identification:_identify(install) ignored
[4.558s] Level 1:colcon.colcon_core.package_identification:_identify(log) by extensions ['ignore', 'ignore_ament_install']
[4.559s] Level 1:colcon.colcon_core.package_identification:_identify(log) by extension 'ignore'
[4.559s] Level 1:colcon.colcon_core.package_identification:_identify(log) ignored
[4.561s] Level 1:colcon.colcon_core.package_identification:_identify(src) by extensions ['ignore', 'ignore_ament_install']
[4.561s] Level 1:colcon.colcon_core.package_identification:_identify(src) by extension 'ignore'
[4.562s] Level 1:colcon.colcon_core.package_identification:_identify(src) by extension 'ignore_ament_install'
[4.562s] Level 1:colcon.colcon_core.package_identification:_identify(src) by extensions ['colcon_pkg']
[4.563s] Level 1:colcon.colcon_core.package_identification:_identify(src) by extension 'colcon_pkg'
[4.563s] Level 1:colcon.colcon_core.package_identification:_identify(src) by extensions ['colcon_meta']
[4.564s] Level 1:colcon.colcon_core.package_identification:_identify(src) by extension 'colcon_meta'
[4.564s] Level 1:colcon.colcon_core.package_identification:_identify(src) by extensions ['ros']
[4.565s] Level 1:colcon.colcon_core.package_identification:_identify(src) by extension 'ros'
[4.565s] Level 1:colcon.colcon_core.package_identification:_identify(src) by extensions ['cmake', 'python']
[4.565s] Level 1:colcon.colcon_core.package_identification:_identify(src) by extension 'cmake'
[4.566s] Level 1:colcon.colcon_core.package_identification:_identify(src) by extension 'python'
[4.567s] Level 1:colcon.colcon_core.package_identification:_identify(src) by extensions ['python_setup_py']
[4.567s] Level 1:colcon.colcon_core.package_identification:_identify(src) by extension 'python_setup_py'
[4.568s] Level 1:colcon.colcon_core.package_identification:_identify(src/pyqt_rcv_cam_ihm_ros2) by extensions ['ignore', 'ignore_ament_install']
[4.569s] Level 1:colcon.colcon_core.package_identification:_identify(src/pyqt_rcv_cam_ihm_ros2) by extension 'ignore'
[4.570s] Level 1:colcon.colcon_core.package_identification:_identify(src/pyqt_rcv_cam_ihm_ros2) by extension 'ignore_ament_install'
[4.570s] Level 1:colcon.colcon_core.package_identification:_identify(src/pyqt_rcv_cam_ihm_ros2) by extensions ['colcon_pkg']
[4.571s] Level 1:colcon.colcon_core.package_identification:_identify(src/pyqt_rcv_cam_ihm_ros2) by extension 'colcon_pkg'
[4.571s] Level 1:colcon.colcon_core.package_identification:_identify(src/pyqt_rcv_cam_ihm_ros2) by extensions ['colcon_meta']
[4.572s] Level 1:colcon.colcon_core.package_identification:_identify(src/pyqt_rcv_cam_ihm_ros2) by extension 'colcon_meta'
[4.572s] Level 1:colcon.colcon_core.package_identification:_identify(src/pyqt_rcv_cam_ihm_ros2) by extensions ['ros']
[4.573s] Level 1:colcon.colcon_core.package_identification:_identify(src/pyqt_rcv_cam_ihm_ros2) by extension 'ros'
[4.589s] DEBUG:colcon.colcon_core.package_identification:Package 'src/pyqt_rcv_cam_ihm_ros2' with type 'ros.ament_python' and name 'pyqt_rcv_cam_ihm_ros2'
[4.589s] Level 1:colcon.colcon_core.package_discovery:discover_packages(recursive) using defaults
[4.590s] Level 1:colcon.colcon_core.package_discovery:discover_packages(ignore) discover
[4.590s] Level 1:colcon.colcon_core.package_discovery:discover_packages(ignore) using defaults
[4.591s] Level 1:colcon.colcon_core.package_discovery:discover_packages(path) discover
[4.591s] Level 1:colcon.colcon_core.package_discovery:discover_packages(path) using defaults
[4.921s] Level 5:colcon.colcon_core.verb:set package 'pyqt_rcv_cam_ihm_ros2' build argument 'cmake_args' from command line to 'None'
[4.921s] Level 5:colcon.colcon_core.verb:set package 'pyqt_rcv_cam_ihm_ros2' build argument 'cmake_target' from command line to 'None'
[4.921s] Level 5:colcon.colcon_core.verb:set package 'pyqt_rcv_cam_ihm_ros2' build argument 'cmake_target_skip_unavailable' from command line to 'False'
[4.922s] Level 5:colcon.colcon_core.verb:set package 'pyqt_rcv_cam_ihm_ros2' build argument 'cmake_clean_cache' from command line to 'False'
[4.922s] Level 5:colcon.colcon_core.verb:set package 'pyqt_rcv_cam_ihm_ros2' build argument 'cmake_clean_first' from command line to 'False'
[4.924s] Level 5:colcon.colcon_core.verb:set package 'pyqt_rcv_cam_ihm_ros2' build argument 'cmake_force_configure' from command line to 'False'
[4.924s] Level 5:colcon.colcon_core.verb:set package 'pyqt_rcv_cam_ihm_ros2' build argument 'ament_cmake_args' from command line to 'None'
[4.924s] Level 5:colcon.colcon_core.verb:set package 'pyqt_rcv_cam_ihm_ros2' build argument 'catkin_cmake_args' from command line to 'None'
[4.924s] Level 5:colcon.colcon_core.verb:set package 'pyqt_rcv_cam_ihm_ros2' build argument 'catkin_skip_building_tests' from command line to 'False'
[4.925s] DEBUG:colcon.colcon_core.verb:Building package 'pyqt_rcv_cam_ihm_ros2' with the following arguments: {'ament_cmake_args': None, 'build_base': '/home/e2023/a3ajarai/Bureau/projetRobot/pyqt_rcv_cam_ihm_ros2_ws/build/pyqt_rcv_cam_ihm_ros2', 'catkin_cmake_args': None, 'catkin_skip_building_tests': False, 'cmake_args': None, 'cmake_clean_cache': False, 'cmake_clean_first': False, 'cmake_force_configure': False, 'cmake_target': None, 'cmake_target_skip_unavailable': False, 'install_base': '/home/e2023/a3ajarai/Bureau/projetRobot/pyqt_rcv_cam_ihm_ros2_ws/install/pyqt_rcv_cam_ihm_ros2', 'merge_install': False, 'path': '/home/e2023/a3ajarai/Bureau/projetRobot/pyqt_rcv_cam_ihm_ros2_ws/src/pyqt_rcv_cam_ihm_ros2', 'symlink_install': False, 'test_result_base': None}
[4.973s] INFO:colcon.colcon_core.executor:Executing jobs using 'parallel' executor
[5.025s] DEBUG:colcon.colcon_parallel_executor.executor.parallel:run_until_complete
[5.025s] INFO:colcon.colcon_ros.task.ament_python.build:Building ROS package in '/home/e2023/a3ajarai/Bureau/projetRobot/pyqt_rcv_cam_ihm_ros2_ws/src/pyqt_rcv_cam_ihm_ros2' with build type 'ament_python'
[5.026s] Level 1:colcon.colcon_core.shell:create_environment_hook('pyqt_rcv_cam_ihm_ros2', 'ament_prefix_path')
[5.100s] INFO:colcon.colcon_core.plugin_system:Skipping extension 'colcon_core.shell.bat': Not used on non-Windows systems
[5.101s] INFO:colcon.colcon_core.shell:Creating environment hook '/home/e2023/a3ajarai/Bureau/projetRobot/pyqt_rcv_cam_ihm_ros2_ws/install/pyqt_rcv_cam_ihm_ros2/share/pyqt_rcv_cam_ihm_ros2/hook/ament_prefix_path.ps1'
[5.108s] INFO:colcon.colcon_core.shell:Creating environment descriptor '/home/e2023/a3ajarai/Bureau/projetRobot/pyqt_rcv_cam_ihm_ros2_ws/install/pyqt_rcv_cam_ihm_ros2/share/pyqt_rcv_cam_ihm_ros2/hook/ament_prefix_path.dsv'
[5.113s] INFO:colcon.colcon_core.shell:Creating environment hook '/home/e2023/a3ajarai/Bureau/projetRobot/pyqt_rcv_cam_ihm_ros2_ws/install/pyqt_rcv_cam_ihm_ros2/share/pyqt_rcv_cam_ihm_ros2/hook/ament_prefix_path.sh'
[5.167s] INFO:colcon.colcon_core.shell:Skip shell extension 'powershell' for command environment: Not usable outside of PowerShell
[5.167s] DEBUG:colcon.colcon_core.shell:Skip shell extension 'dsv' for command environment
[6.372s] INFO:colcon.colcon_core.task.python.build:Building Python package in '/home/e2023/a3ajarai/Bureau/projetRobot/pyqt_rcv_cam_ihm_ros2_ws/src/pyqt_rcv_cam_ihm_ros2'
[6.419s] INFO:colcon.colcon_core.shell:Skip shell extension 'powershell' for command environment: Not usable outside of PowerShell
[6.419s] DEBUG:colcon.colcon_core.shell:Skip shell extension 'dsv' for command environment
[7.918s] DEBUG:colcon.colcon_core.event_handler.log_command:Invoking command in '/home/e2023/a3ajarai/Bureau/projetRobot/pyqt_rcv_cam_ihm_ros2_ws/src/pyqt_rcv_cam_ihm_ros2': DEBUGINFOD_URLS=https://debuginfod.centos.org/ LESSOPEN=${LESSOPEN}
BASH_FUNC_which%%=() {  ( alias;
 eval ${which_declare} ) | /usr/bin/which --tty-only --read-alias --read-functions --show-tilde --show-dot $@
}
BASH_FUNC_module%%=() {  _module_raw "$@" 2>&1
}
BASH_FUNC__module_raw%%=() {  unset _mlshdbg;
 if [ "${MODULES_SILENT_SHELL_DEBUG:-0}" = '1' ]; then
 case "$-" in
 *v*x*)
 set +vx;
 _mlshdbg='vx'
 ;;
 *v*)
 set +v;
 _mlshdbg='v'
 ;;
 *x*)
 set +x;
 _mlshdbg='x'
 ;;
 *)
 _mlshdbg=''
 ;;
 esac;
 fi;
 unset _mlre _mlIFS;
 if [ -n "${IFS+x}" ]; then
 _mlIFS=$IFS;
 fi;
 IFS=' ';
 for _mlv in ${MODULES_RUN_QUARANTINE:-};
 do
 if [ "${_mlv}" = "${_mlv##*[!A-Za-z0-9_]}" -a "${_mlv}" = "${_mlv#[0-9]}" ]; then
 if [ -n "`eval 'echo ${'$_mlv'+x}'`" ]; then
 _mlre="${_mlre:-}${_mlv}_modquar='`eval 'echo ${'$_mlv'}'`' ";
 fi;
 _mlrv="MODULES_RUNENV_${_mlv}";
 _mlre="${_mlre:-}${_mlv}='`eval 'echo ${'$_mlrv':-}'`' ";
 fi;
 done;
 if [ -n "${_mlre:-}" ]; then
 eval `eval ${_mlre} /usr/bin/tclsh /usr/share/Modules/libexec/modulecmd.tcl bash '"$@"'`;
 else
 eval `/usr/bin/tclsh /usr/share/Modules/libexec/modulecmd.tcl bash "$@"`;
 fi;
 _mlstatus=$?;
 if [ -n "${_mlIFS+x}" ]; then
 IFS=$_mlIFS;
 else
 unset IFS;
 fi;
 unset _mlre _mlv _mlrv _mlIFS;
 if [ -n "${_mlshdbg:-}" ]; then
 set -$_mlshdbg;
 fi;
 unset _mlshdbg;
 return $_mlstatus
}
BASH_FUNC_switchml%%=() {  typeset swfound=1;
 if [ "${MODULES_USE_COMPAT_VERSION:-0}" = '1' ]; then
 typeset swname='main';
 if [ -e /usr/share/Modules/libexec/modulecmd.tcl ]; then
 typeset swfound=0;
 unset MODULES_USE_COMPAT_VERSION;
 fi;
 else
 typeset swname='compatibility';
 if [ -e /usr/share/Modules/libexec/modulecmd-compat ]; then
 typeset swfound=0;
 MODULES_USE_COMPAT_VERSION=1;
 export MODULES_USE_COMPAT_VERSION;
 fi;
 fi;
 if [ $swfound -eq 0 ]; then
 echo "Switching to Modules $swname version";
 source /usr/share/Modules/init/bash;
 else
 echo "Cannot switch to Modules $swname version, command not found";
 return 1;
 fi
}
BASH_FUNC_scl%%=() {  if [ "$1" = "load" -o "$1" = "unload" ]; then
 eval "module $@";
 else
 /usr/bin/scl "$@";
 fi
}
BASH_FUNC_ml%%=() {  module ml "$@"
} PYTHONPATH=/home/e2023/a3ajarai/Bureau/projetRobot/pyqt_rcv_cam_ihm_ros2_ws/build/pyqt_rcv_cam_ihm_ros2/prefix_override:/home/e2023/a3ajarai/Bureau/projetRobot/pyqt_rcv_cam_ihm_ros2_ws/install/pyqt_rcv_cam_ihm_ros2/lib/python3.6/site-packages:${PYTHONPATH} SHLVL=5 _=/usr/bin/env /home/TP/tools/miniconda3/envs/E021_3_6/bin/python3.6 setup.py egg_info --egg-base ../../build/pyqt_rcv_cam_ihm_ros2 build --build-base /home/e2023/a3ajarai/Bureau/projetRobot/pyqt_rcv_cam_ihm_ros2_ws/build/pyqt_rcv_cam_ihm_ros2/build install --record /home/e2023/a3ajarai/Bureau/projetRobot/pyqt_rcv_cam_ihm_ros2_ws/build/pyqt_rcv_cam_ihm_ros2/install.log --single-version-externally-managed
[9.109s] DEBUG:colcon.colcon_core.event_handler.log_command:Invoked command in '/home/e2023/a3ajarai/Bureau/projetRobot/pyqt_rcv_cam_ihm_ros2_ws/src/pyqt_rcv_cam_ihm_ros2' returned '0': DEBUGINFOD_URLS=https://debuginfod.centos.org/ LESSOPEN=${LESSOPEN}
BASH_FUNC_which%%=() {  ( alias;
 eval ${which_declare} ) | /usr/bin/which --tty-only --read-alias --read-functions --show-tilde --show-dot $@
}
BASH_FUNC_module%%=() {  _module_raw "$@" 2>&1
}
BASH_FUNC__module_raw%%=() {  unset _mlshdbg;
 if [ "${MODULES_SILENT_SHELL_DEBUG:-0}" = '1' ]; then
 case "$-" in
 *v*x*)
 set +vx;
 _mlshdbg='vx'
 ;;
 *v*)
 set +v;
 _mlshdbg='v'
 ;;
 *x*)
 set +x;
 _mlshdbg='x'
 ;;
 *)
 _mlshdbg=''
 ;;
 esac;
 fi;
 unset _mlre _mlIFS;
 if [ -n "${IFS+x}" ]; then
 _mlIFS=$IFS;
 fi;
 IFS=' ';
 for _mlv in ${MODULES_RUN_QUARANTINE:-};
 do
 if [ "${_mlv}" = "${_mlv##*[!A-Za-z0-9_]}" -a "${_mlv}" = "${_mlv#[0-9]}" ]; then
 if [ -n "`eval 'echo ${'$_mlv'+x}'`" ]; then
 _mlre="${_mlre:-}${_mlv}_modquar='`eval 'echo ${'$_mlv'}'`' ";
 fi;
 _mlrv="MODULES_RUNENV_${_mlv}";
 _mlre="${_mlre:-}${_mlv}='`eval 'echo ${'$_mlrv':-}'`' ";
 fi;
 done;
 if [ -n "${_mlre:-}" ]; then
 eval `eval ${_mlre} /usr/bin/tclsh /usr/share/Modules/libexec/modulecmd.tcl bash '"$@"'`;
 else
 eval `/usr/bin/tclsh /usr/share/Modules/libexec/modulecmd.tcl bash "$@"`;
 fi;
 _mlstatus=$?;
 if [ -n "${_mlIFS+x}" ]; then
 IFS=$_mlIFS;
 else
 unset IFS;
 fi;
 unset _mlre _mlv _mlrv _mlIFS;
 if [ -n "${_mlshdbg:-}" ]; then
 set -$_mlshdbg;
 fi;
 unset _mlshdbg;
 return $_mlstatus
}
BASH_FUNC_switchml%%=() {  typeset swfound=1;
 if [ "${MODULES_USE_COMPAT_VERSION:-0}" = '1' ]; then
 typeset swname='main';
 if [ -e /usr/share/Modules/libexec/modulecmd.tcl ]; then
 typeset swfound=0;
 unset MODULES_USE_COMPAT_VERSION;
 fi;
 else
 typeset swname='compatibility';
 if [ -e /usr/share/Modules/libexec/modulecmd-compat ]; then
 typeset swfound=0;
 MODULES_USE_COMPAT_VERSION=1;
 export MODULES_USE_COMPAT_VERSION;
 fi;
 fi;
 if [ $swfound -eq 0 ]; then
 echo "Switching to Modules $swname version";
 source /usr/share/Modules/init/bash;
 else
 echo "Cannot switch to Modules $swname version, command not found";
 return 1;
 fi
}
BASH_FUNC_scl%%=() {  if [ "$1" = "load" -o "$1" = "unload" ]; then
 eval "module $@";
 else
 /usr/bin/scl "$@";
 fi
}
BASH_FUNC_ml%%=() {  module ml "$@"
} PYTHONPATH=/home/e2023/a3ajarai/Bureau/projetRobot/pyqt_rcv_cam_ihm_ros2_ws/build/pyqt_rcv_cam_ihm_ros2/prefix_override:/home/e2023/a3ajarai/Bureau/projetRobot/pyqt_rcv_cam_ihm_ros2_ws/install/pyqt_rcv_cam_ihm_ros2/lib/python3.6/site-packages:${PYTHONPATH} SHLVL=5 _=/usr/bin/env /home/TP/tools/miniconda3/envs/E021_3_6/bin/python3.6 setup.py egg_info --egg-base ../../build/pyqt_rcv_cam_ihm_ros2 build --build-base /home/e2023/a3ajarai/Bureau/projetRobot/pyqt_rcv_cam_ihm_ros2_ws/build/pyqt_rcv_cam_ihm_ros2/build install --record /home/e2023/a3ajarai/Bureau/projetRobot/pyqt_rcv_cam_ihm_ros2_ws/build/pyqt_rcv_cam_ihm_ros2/install.log --single-version-externally-managed
[9.186s] Level 1:colcon.colcon_core.environment:checking '/home/e2023/a3ajarai/Bureau/projetRobot/pyqt_rcv_cam_ihm_ros2_ws/install/pyqt_rcv_cam_ihm_ros2' for CMake module files
[9.190s] Level 1:colcon.colcon_core.environment:checking '/home/e2023/a3ajarai/Bureau/projetRobot/pyqt_rcv_cam_ihm_ros2_ws/install/pyqt_rcv_cam_ihm_ros2' for CMake config files
[9.200s] Level 1:colcon.colcon_core.environment:checking '/home/e2023/a3ajarai/Bureau/projetRobot/pyqt_rcv_cam_ihm_ros2_ws/install/pyqt_rcv_cam_ihm_ros2/lib'
[9.201s] Level 1:colcon.colcon_core.environment:checking '/home/e2023/a3ajarai/Bureau/projetRobot/pyqt_rcv_cam_ihm_ros2_ws/install/pyqt_rcv_cam_ihm_ros2/bin'
[9.202s] Level 1:colcon.colcon_core.environment:checking '/home/e2023/a3ajarai/Bureau/projetRobot/pyqt_rcv_cam_ihm_ros2_ws/install/pyqt_rcv_cam_ihm_ros2/lib/pkgconfig/pyqt_rcv_cam_ihm_ros2.pc'
[9.203s] Level 1:colcon.colcon_core.environment:checking '/home/e2023/a3ajarai/Bureau/projetRobot/pyqt_rcv_cam_ihm_ros2_ws/install/pyqt_rcv_cam_ihm_ros2/lib/python3.6/site-packages'
[9.204s] Level 1:colcon.colcon_core.shell:create_environment_hook('pyqt_rcv_cam_ihm_ros2', 'pythonpath')
[9.248s] INFO:colcon.colcon_core.shell:Creating environment hook '/home/e2023/a3ajarai/Bureau/projetRobot/pyqt_rcv_cam_ihm_ros2_ws/install/pyqt_rcv_cam_ihm_ros2/share/pyqt_rcv_cam_ihm_ros2/hook/pythonpath.ps1'
[9.253s] INFO:colcon.colcon_core.shell:Creating environment descriptor '/home/e2023/a3ajarai/Bureau/projetRobot/pyqt_rcv_cam_ihm_ros2_ws/install/pyqt_rcv_cam_ihm_ros2/share/pyqt_rcv_cam_ihm_ros2/hook/pythonpath.dsv'
[9.256s] INFO:colcon.colcon_core.shell:Creating environment hook '/home/e2023/a3ajarai/Bureau/projetRobot/pyqt_rcv_cam_ihm_ros2_ws/install/pyqt_rcv_cam_ihm_ros2/share/pyqt_rcv_cam_ihm_ros2/hook/pythonpath.sh'
[9.260s] Level 1:colcon.colcon_core.environment:checking '/home/e2023/a3ajarai/Bureau/projetRobot/pyqt_rcv_cam_ihm_ros2_ws/install/pyqt_rcv_cam_ihm_ros2/bin'
[9.261s] Level 1:colcon.colcon_core.environment:create_environment_scripts_only(pyqt_rcv_cam_ihm_ros2)
[9.306s] INFO:colcon.colcon_core.shell:Creating package script '/home/e2023/a3ajarai/Bureau/projetRobot/pyqt_rcv_cam_ihm_ros2_ws/install/pyqt_rcv_cam_ihm_ros2/share/pyqt_rcv_cam_ihm_ros2/package.ps1'
[9.313s] INFO:colcon.colcon_core.shell:Creating package descriptor '/home/e2023/a3ajarai/Bureau/projetRobot/pyqt_rcv_cam_ihm_ros2_ws/install/pyqt_rcv_cam_ihm_ros2/share/pyqt_rcv_cam_ihm_ros2/package.dsv'
[9.319s] INFO:colcon.colcon_core.shell:Creating package script '/home/e2023/a3ajarai/Bureau/projetRobot/pyqt_rcv_cam_ihm_ros2_ws/install/pyqt_rcv_cam_ihm_ros2/share/pyqt_rcv_cam_ihm_ros2/package.sh'
[9.325s] INFO:colcon.colcon_core.shell:Creating package script '/home/e2023/a3ajarai/Bureau/projetRobot/pyqt_rcv_cam_ihm_ros2_ws/install/pyqt_rcv_cam_ihm_ros2/share/pyqt_rcv_cam_ihm_ros2/package.bash'
[9.332s] INFO:colcon.colcon_core.shell:Creating package script '/home/e2023/a3ajarai/Bureau/projetRobot/pyqt_rcv_cam_ihm_ros2_ws/install/pyqt_rcv_cam_ihm_ros2/share/pyqt_rcv_cam_ihm_ros2/package.zsh'
[9.337s] Level 1:colcon.colcon_core.environment:create_file_with_runtime_dependencies(/home/e2023/a3ajarai/Bureau/projetRobot/pyqt_rcv_cam_ihm_ros2_ws/install/pyqt_rcv_cam_ihm_ros2/share/colcon-core/packages/pyqt_rcv_cam_ihm_ros2)
[9.341s] DEBUG:colcon.colcon_parallel_executor.executor.parallel:closing loop
[9.342s] DEBUG:colcon.colcon_parallel_executor.executor.parallel:loop closed
[9.343s] DEBUG:colcon.colcon_parallel_executor.executor.parallel:run_until_complete finished with '0'
[9.343s] DEBUG:colcon.colcon_core.event_reactor:joining thread
[9.406s] INFO:colcon.colcon_core.plugin_system:Skipping extension 'colcon_notification.desktop_notification.notify2': 'notify2' not found
[9.407s] INFO:colcon.colcon_core.plugin_system:Skipping extension 'colcon_notification.desktop_notification.terminal_notifier': Not used on non-Darwin systems
[9.407s] INFO:colcon.colcon_core.plugin_system:Skipping extension 'colcon_notification.desktop_notification.win32': Not used on non-Windows systems
[9.408s] INFO:colcon.colcon_notification.desktop_notification:Sending desktop notification using 'notify_send'
[9.444s] DEBUG:colcon.colcon_core.event_reactor:joined thread
[9.496s] INFO:colcon.colcon_core.shell:Creating prefix script '/home/e2023/a3ajarai/Bureau/projetRobot/pyqt_rcv_cam_ihm_ros2_ws/install/local_setup.ps1'
[9.504s] INFO:colcon.colcon_core.shell:Creating prefix util module '/home/e2023/a3ajarai/Bureau/projetRobot/pyqt_rcv_cam_ihm_ros2_ws/install/_local_setup_util_ps1.py'
[9.515s] INFO:colcon.colcon_core.shell:Creating prefix chain script '/home/e2023/a3ajarai/Bureau/projetRobot/pyqt_rcv_cam_ihm_ros2_ws/install/setup.ps1'
[9.565s] INFO:colcon.colcon_core.shell:Creating prefix script '/home/e2023/a3ajarai/Bureau/projetRobot/pyqt_rcv_cam_ihm_ros2_ws/install/local_setup.sh'
[9.570s] INFO:colcon.colcon_core.shell:Creating prefix util module '/home/e2023/a3ajarai/Bureau/projetRobot/pyqt_rcv_cam_ihm_ros2_ws/install/_local_setup_util_sh.py'
[9.575s] INFO:colcon.colcon_core.shell:Creating prefix chain script '/home/e2023/a3ajarai/Bureau/projetRobot/pyqt_rcv_cam_ihm_ros2_ws/install/setup.sh'
[9.625s] INFO:colcon.colcon_core.shell:Creating prefix script '/home/e2023/a3ajarai/Bureau/projetRobot/pyqt_rcv_cam_ihm_ros2_ws/install/local_setup.bash'
[9.630s] INFO:colcon.colcon_core.shell:Creating prefix chain script '/home/e2023/a3ajarai/Bureau/projetRobot/pyqt_rcv_cam_ihm_ros2_ws/install/setup.bash'
[9.680s] INFO:colcon.colcon_core.shell:Creating prefix script '/home/e2023/a3ajarai/Bureau/projetRobot/pyqt_rcv_cam_ihm_ros2_ws/install/local_setup.zsh'
[9.685s] INFO:colcon.colcon_core.shell:Creating prefix chain script '/home/e2023/a3ajarai/Bureau/projetRobot/pyqt_rcv_cam_ihm_ros2_ws/install/setup.zsh'
