running egg_info
creating ../../build/pyqt_rcv_cam_ihm_ros2/pyqt_rcv_cam_ihm_ros2.egg-info
writing ../../build/pyqt_rcv_cam_ihm_ros2/pyqt_rcv_cam_ihm_ros2.egg-info/PKG-INFO
writing dependency_links to ../../build/pyqt_rcv_cam_ihm_ros2/pyqt_rcv_cam_ihm_ros2.egg-info/dependency_links.txt
writing entry points to ../../build/pyqt_rcv_cam_ihm_ros2/pyqt_rcv_cam_ihm_ros2.egg-info/entry_points.txt
writing requirements to ../../build/pyqt_rcv_cam_ihm_ros2/pyqt_rcv_cam_ihm_ros2.egg-info/requires.txt
writing top-level names to ../../build/pyqt_rcv_cam_ihm_ros2/pyqt_rcv_cam_ihm_ros2.egg-info/top_level.txt
writing manifest file '../../build/pyqt_rcv_cam_ihm_ros2/pyqt_rcv_cam_ihm_ros2.egg-info/SOURCES.txt'
reading manifest file '../../build/pyqt_rcv_cam_ihm_ros2/pyqt_rcv_cam_ihm_ros2.egg-info/SOURCES.txt'
writing manifest file '../../build/pyqt_rcv_cam_ihm_ros2/pyqt_rcv_cam_ihm_ros2.egg-info/SOURCES.txt'
running build
running build_py
creating /home/e2023/a3ajarai/Bureau/pyqt_rcv_cam_ihm_ros2_ws/build/pyqt_rcv_cam_ihm_ros2/build
creating /home/e2023/a3ajarai/Bureau/pyqt_rcv_cam_ihm_ros2_ws/build/pyqt_rcv_cam_ihm_ros2/build/lib
creating /home/e2023/a3ajarai/Bureau/pyqt_rcv_cam_ihm_ros2_ws/build/pyqt_rcv_cam_ihm_ros2/build/lib/pyqt_rcv_cam_ihm_ros2
copying pyqt_rcv_cam_ihm_ros2/__init__.py -> /home/e2023/a3ajarai/Bureau/pyqt_rcv_cam_ihm_ros2_ws/build/pyqt_rcv_cam_ihm_ros2/build/lib/pyqt_rcv_cam_ihm_ros2
copying pyqt_rcv_cam_ihm_ros2/pyqt_rcv_cam_ihm_ros2.py -> /home/e2023/a3ajarai/Bureau/pyqt_rcv_cam_ihm_ros2_ws/build/pyqt_rcv_cam_ihm_ros2/build/lib/pyqt_rcv_cam_ihm_ros2
running install
running install_lib
creating /home/e2023/a3ajarai/Bureau/pyqt_rcv_cam_ihm_ros2_ws/install/pyqt_rcv_cam_ihm_ros2/lib/python3.6/site-packages/pyqt_rcv_cam_ihm_ros2
copying /home/e2023/a3ajarai/Bureau/pyqt_rcv_cam_ihm_ros2_ws/build/pyqt_rcv_cam_ihm_ros2/build/lib/pyqt_rcv_cam_ihm_ros2/__init__.py -> /home/e2023/a3ajarai/Bureau/pyqt_rcv_cam_ihm_ros2_ws/install/pyqt_rcv_cam_ihm_ros2/lib/python3.6/site-packages/pyqt_rcv_cam_ihm_ros2
copying /home/e2023/a3ajarai/Bureau/pyqt_rcv_cam_ihm_ros2_ws/build/pyqt_rcv_cam_ihm_ros2/build/lib/pyqt_rcv_cam_ihm_ros2/pyqt_rcv_cam_ihm_ros2.py -> /home/e2023/a3ajarai/Bureau/pyqt_rcv_cam_ihm_ros2_ws/install/pyqt_rcv_cam_ihm_ros2/lib/python3.6/site-packages/pyqt_rcv_cam_ihm_ros2
byte-compiling /home/e2023/a3ajarai/Bureau/pyqt_rcv_cam_ihm_ros2_ws/install/pyqt_rcv_cam_ihm_ros2/lib/python3.6/site-packages/pyqt_rcv_cam_ihm_ros2/__init__.py to __init__.cpython-36.pyc
byte-compiling /home/e2023/a3ajarai/Bureau/pyqt_rcv_cam_ihm_ros2_ws/install/pyqt_rcv_cam_ihm_ros2/lib/python3.6/site-packages/pyqt_rcv_cam_ihm_ros2/pyqt_rcv_cam_ihm_ros2.py to pyqt_rcv_cam_ihm_ros2.cpython-36.pyc
running install_data
creating /home/e2023/a3ajarai/Bureau/pyqt_rcv_cam_ihm_ros2_ws/install/pyqt_rcv_cam_ihm_ros2/share/ament_index
creating /home/e2023/a3ajarai/Bureau/pyqt_rcv_cam_ihm_ros2_ws/install/pyqt_rcv_cam_ihm_ros2/share/ament_index/resource_index
creating /home/e2023/a3ajarai/Bureau/pyqt_rcv_cam_ihm_ros2_ws/install/pyqt_rcv_cam_ihm_ros2/share/ament_index/resource_index/packages
copying resource/pyqt_rcv_cam_ihm_ros2 -> /home/e2023/a3ajarai/Bureau/pyqt_rcv_cam_ihm_ros2_ws/install/pyqt_rcv_cam_ihm_ros2/share/ament_index/resource_index/packages
copying package.xml -> /home/e2023/a3ajarai/Bureau/pyqt_rcv_cam_ihm_ros2_ws/install/pyqt_rcv_cam_ihm_ros2/share/pyqt_rcv_cam_ihm_ros2
running install_egg_info
Copying ../../build/pyqt_rcv_cam_ihm_ros2/pyqt_rcv_cam_ihm_ros2.egg-info to /home/e2023/a3ajarai/Bureau/pyqt_rcv_cam_ihm_ros2_ws/install/pyqt_rcv_cam_ihm_ros2/lib/python3.6/site-packages/pyqt_rcv_cam_ihm_ros2-0.0.0-py3.6.egg-info
running install_scripts
Installing rcv_cam_ihm script to /home/e2023/a3ajarai/Bureau/pyqt_rcv_cam_ihm_ros2_ws/install/pyqt_rcv_cam_ihm_ros2/lib/pyqt_rcv_cam_ihm_ros2
writing list of installed files to '/home/e2023/a3ajarai/Bureau/pyqt_rcv_cam_ihm_ros2_ws/build/pyqt_rcv_cam_ihm_ros2/install.log'
