2024-11-13 08:41:15,355 [INFO] Activator:176 - 


2024-11-13 08:41:15,367 [INFO] Activator:177 - !SESSION log4j initialized
2024-11-13 08:41:26,949 [INFO] LogOutputStream:77 - [STDOUT_REDIRECT] 
2024-11-13 08:41:28,801 [INFO] ApplicationProperties:184 - Using Application install path: C:\ST\STM32CubeIDE_1.16.1\STM32CubeIDE\plugins\com.st.stm32cube.common.mx_6.12.1.202409122256
2024-11-13 08:41:28,861 [INFO] DbMcusXml:78 - Set database path to: C:\ST\STM32CubeIDE_1.16.1\STM32CubeIDE\plugins\com.st.stm32cube.common.mx_6.12.1.202409122256\\db\/mcu/
2024-11-13 08:41:28,862 [INFO] ApiDb:274 - Set plugin database path to: C:\ST\STM32CubeIDE_1.16.1\STM32CubeIDE\plugins\com.st.stm32cube.common.mx_6.12.1.202409122256\\db\/plugins/boardmanager/
2024-11-13 08:41:28,863 [WARN] ApiDb:259 - Overriding images path with different value:  => C:\ST\STM32CubeIDE_1.16.1\STM32CubeIDE\plugins\com.st.stm32cube.common.mx_6.12.1.202409122256\\db\/plugins/mcufinder/images/
2024-11-13 08:41:28,881 [INFO] ApiDb:250 - Set database path to: C:\Users\ajara\.stmcufinder\plugins\mcufinder//mcu/
2024-11-13 08:41:28,883 [INFO] DbMcusAds:125 - Set database path to: C:\Users\ajara\.stmcufinder\plugins\mcufinder//mcu/
2024-11-13 08:41:28,890 [INFO] CrossReferenceDbSqlite:203 - Set database path to: C:\Users\ajara\.stmcufinder\plugins\mcufinder//mcu/cs/
2024-11-13 08:41:29,110 [INFO] RulesReader:64 - Compatibility file has been processed (297 Rules)
2024-11-13 08:41:29,279 [INFO] DbMcusXml:78 - Set database path to: C:\ST\STM32CubeIDE_1.16.1\STM32CubeIDE\plugins\com.st.stm32cube.common.mx_6.12.1.202409122256\\db\/mcu/
2024-11-13 08:41:29,279 [INFO] ApiDb:274 - Set plugin database path to: C:\ST\STM32CubeIDE_1.16.1\STM32CubeIDE\plugins\com.st.stm32cube.common.mx_6.12.1.202409122256\\db\/plugins/boardmanager/
2024-11-13 08:41:29,279 [INFO] ApiDb:261 - Set plugin images path to: C:\ST\STM32CubeIDE_1.16.1\STM32CubeIDE\plugins\com.st.stm32cube.common.mx_6.12.1.202409122256\\db\/plugins/mcufinder/images/
2024-11-13 08:41:29,280 [WARN] DbFile:41 - Overriding database path with different value: C:\Users\ajara\.stmcufinder\plugins\mcufinder/ => C:\Users\ajara\.stmcufinder\plugins\mcufinder
2024-11-13 08:41:29,280 [INFO] ApiDb:250 - Set database path to: C:\Users\ajara\.stmcufinder\plugins\mcufinder//mcu/
2024-11-13 08:41:29,280 [WARN] DbFile:41 - Overriding database path with different value: C:\Users\ajara\.stmcufinder\plugins\mcufinder/ => C:\Users\ajara\.stmcufinder\plugins\mcufinder
2024-11-13 08:41:29,280 [INFO] DbMcusAds:125 - Set database path to: C:\Users\ajara\.stmcufinder\plugins\mcufinder//mcu/
2024-11-13 08:41:29,280 [WARN] DbFile:41 - Overriding database path with different value: C:\Users\ajara\.stmcufinder\plugins\mcufinder/ => C:\Users\ajara\.stmcufinder\plugins\mcufinder
2024-11-13 08:41:29,281 [WARN] DbFile:41 - Overriding database path with different value: C:\Users\ajara\.stmcufinder\plugins\mcufinder/ => C:\Users\ajara\.stmcufinder\plugins\mcufinder
2024-11-13 08:41:29,281 [INFO] CrossReferenceDbSqlite:203 - Set database path to: C:\Users\ajara\.stmcufinder\plugins\mcufinder//mcu/cs/
2024-11-13 08:41:29,442 [INFO] MainPanel:268 - HeapMemory: 268435456
2024-11-13 08:41:29,653 [INFO] DbMcusXml:78 - Set database path to: C:\ST\STM32CubeIDE_1.16.1\STM32CubeIDE\plugins\com.st.stm32cube.common.mx_6.12.1.202409122256\\db\/mcu/
2024-11-13 08:41:29,653 [INFO] ApiDb:274 - Set plugin database path to: C:\ST\STM32CubeIDE_1.16.1\STM32CubeIDE\plugins\com.st.stm32cube.common.mx_6.12.1.202409122256\\db\/plugins/boardmanager/
2024-11-13 08:41:29,653 [INFO] ApiDb:261 - Set plugin images path to: C:\ST\STM32CubeIDE_1.16.1\STM32CubeIDE\plugins\com.st.stm32cube.common.mx_6.12.1.202409122256\\db\/plugins/mcufinder/images/
2024-11-13 08:41:29,654 [WARN] DbFile:41 - Overriding database path with different value: C:\Users\ajara\.stmcufinder\plugins\mcufinder/ => C:\Users\ajara\.stmcufinder\plugins\mcufinder
2024-11-13 08:41:29,654 [INFO] ApiDb:250 - Set database path to: C:\Users\ajara\.stmcufinder\plugins\mcufinder//mcu/
2024-11-13 08:41:29,655 [WARN] DbFile:41 - Overriding database path with different value: C:\Users\ajara\.stmcufinder\plugins\mcufinder/ => C:\Users\ajara\.stmcufinder\plugins\mcufinder
2024-11-13 08:41:29,655 [INFO] DbMcusAds:125 - Set database path to: C:\Users\ajara\.stmcufinder\plugins\mcufinder//mcu/
2024-11-13 08:41:29,655 [WARN] DbFile:41 - Overriding database path with different value: C:\Users\ajara\.stmcufinder\plugins\mcufinder/ => C:\Users\ajara\.stmcufinder\plugins\mcufinder
2024-11-13 08:41:29,655 [WARN] DbFile:41 - Overriding database path with different value: C:\Users\ajara\.stmcufinder\plugins\mcufinder/ => C:\Users\ajara\.stmcufinder\plugins\mcufinder
2024-11-13 08:41:29,656 [INFO] CrossReferenceDbSqlite:203 - Set database path to: C:\Users\ajara\.stmcufinder\plugins\mcufinder//mcu/cs/
2024-11-13 08:41:29,692 [INFO] ApplicationProperties:184 - Using Application install path: C:\ST\STM32CubeIDE_1.16.1\STM32CubeIDE\plugins\com.st.stm32cube.common.mx_6.12.1.202409122256
2024-11-13 08:41:29,696 [INFO] PluginManage:196 - Search for loadable plugins [exclusion list=, ]
2024-11-13 08:41:29,699 [INFO] PluginManage:310 - Check plugin analytics
2024-11-13 08:41:30,073 [INFO] AnalyticsPlugin:253 - Accepted Software Licenses: 
2024-11-13 08:41:30,074 [INFO] AnalyticsPlugin:255 - Accepted CMSIS Pack Licenses: 
2024-11-13 08:41:30,075 [INFO] AnalyticsPlugin:257 - Accepted Firmware Licenses: FW.F4.1.28.0
2024-11-13 08:41:30,082 [INFO] PluginManage:359 - Loaded plugin analytics (category:tool,tabindex:-1)
2024-11-13 08:41:30,083 [INFO] PluginManage:310 - Check plugin cadmodel
2024-11-13 08:41:30,094 [INFO] CADModel:105 - Init CAD model plugin
2024-11-13 08:41:30,094 [INFO] PluginManage:359 - Loaded plugin cadmodel (category:power,tabindex:5)
2024-11-13 08:41:30,095 [INFO] PluginManage:310 - Check plugin clock
2024-11-13 08:41:30,118 [INFO] PluginManage:359 - Loaded plugin clock (category:base,tabindex:2)
2024-11-13 08:41:30,119 [INFO] PluginManage:310 - Check plugin ddr
2024-11-13 08:41:30,126 [INFO] PluginManage:359 - Loaded plugin ddr (category:tool,tabindex:6)
2024-11-13 08:41:30,126 [INFO] PluginManage:310 - Check plugin filemanager
2024-11-13 08:41:30,440 [INFO] PluginManage:359 - Loaded plugin filemanager (category:base,tabindex:10)
2024-11-13 08:41:30,440 [INFO] PluginManage:310 - Check plugin ipmanager
2024-11-13 08:41:30,456 [INFO] PluginManage:359 - Loaded plugin ipmanager (category:base,tabindex:5)
2024-11-13 08:41:30,457 [INFO] PluginManage:310 - Check plugin lpbam
2024-11-13 08:41:30,477 [INFO] PluginManage:359 - Loaded plugin lpbam (category:base,tabindex:0)
2024-11-13 08:41:30,477 [INFO] PluginManage:310 - Check plugin memorymap
2024-11-13 08:41:30,511 [INFO] PluginManage:359 - Loaded plugin memorymap (category:base,tabindex:4)
2024-11-13 08:41:30,512 [INFO] PluginManage:310 - Check plugin pinoutandconfiguration
2024-11-13 08:41:30,533 [INFO] PluginManage:359 - Loaded plugin pinoutandconfiguration (category:base,tabindex:1)
2024-11-13 08:41:30,533 [INFO] PluginManage:310 - Check plugin pinoutconfig
2024-11-13 08:41:30,748 [WARN] SupportedApi:132 - Cannot load RTOS API schema: s4s-elt-must-match.1: The content of 'definitions' must match (annotation?, (simpleType | complexType)?, (unique | key | keyref)*)). A problem was found starting at: attribute.
2024-11-13 08:41:31,038 [INFO] PluginManage:359 - Loaded plugin pinoutconfig (category:base,tabindex:0)
2024-11-13 08:41:31,039 [INFO] PluginManage:310 - Check plugin power
2024-11-13 08:41:31,058 [INFO] PluginManage:359 - Loaded plugin power (category:power,tabindex:4)
2024-11-13 08:41:31,059 [INFO] PluginManage:310 - Check plugin projectmanager
2024-11-13 08:41:31,090 [INFO] PluginManage:359 - Loaded plugin projectmanager (category:projectmanager,tabindex:4)
2024-11-13 08:41:31,090 [INFO] PluginManage:310 - Check plugin rif
2024-11-13 08:41:31,103 [INFO] PluginManage:359 - Loaded plugin rif (category:base,tabindex:3)
2024-11-13 08:41:31,104 [INFO] PluginManage:310 - Check plugin thirdparty
2024-11-13 08:41:31,394 [INFO] PluginManage:359 - Loaded plugin thirdparty (category:base,tabindex:-1)
2024-11-13 08:41:31,393 [WARN] IntegrityCheckThread:84 - waiting for thirdparty lock release [integrity check]
2024-11-13 08:41:31,394 [INFO] IntegrityCheckThread:86 - entering critical section [integrity check]
2024-11-13 08:41:31,394 [INFO] PluginManage:310 - Check plugin tools
2024-11-13 08:41:31,395 [INFO] ThirdPartyUpdaterWithRetryManager:70 - Updater plugin not ready yet. [1/15]
2024-11-13 08:41:31,402 [INFO] PluginManage:359 - Loaded plugin tools (category:base,tabindex:7)
2024-11-13 08:41:31,402 [INFO] PluginManage:310 - Check plugin tutovideos
2024-11-13 08:41:31,784 [INFO] PluginManage:359 - Loaded plugin tutovideos (category:base,tabindex:-1)
2024-11-13 08:41:31,784 [INFO] PluginManage:310 - Check plugin updater
2024-11-13 08:41:31,816 [INFO] PluginManage:359 - Loaded plugin updater (category:base,tabindex:12)
2024-11-13 08:41:31,816 [INFO] PluginManage:310 - Check plugin userauth
2024-11-13 08:41:31,826 [INFO] UserAuth:113 - Init User Auth plugin
2024-11-13 08:41:31,826 [INFO] PluginManage:359 - Loaded plugin userauth (category:base,tabindex:14)
2024-11-13 08:41:31,827 [INFO] PluginManage:283 - PluginManage : Loaded plugins [18]
2024-11-13 08:41:32,228 [INFO] PinOutPanel:1561 - setPackage(No Configuration,No Configuration)
2024-11-13 08:41:32,388 [INFO] CADModel:165 - CPN selected for project level
2024-11-13 08:41:32,388 [INFO] CADModel:114 - Register for checkConnection events
2024-11-13 08:41:32,418 [INFO] IPUIPlugin:80 - create IPUIPlugin
2024-11-13 08:41:32,418 [INFO] PluginManager:220 - loadIPPluginJar : add adc
2024-11-13 08:41:32,423 [INFO] IPUIPlugin:80 - create IPUIPlugin
2024-11-13 08:41:32,424 [INFO] PluginManager:220 - loadIPPluginJar : add aes
2024-11-13 08:41:32,429 [INFO] IPUIPlugin:80 - create IPUIPlugin
2024-11-13 08:41:32,430 [INFO] PluginManager:220 - loadIPPluginJar : add can
2024-11-13 08:41:32,433 [INFO] IPUIPlugin:80 - create IPUIPlugin
2024-11-13 08:41:32,433 [INFO] PluginManager:220 - loadIPPluginJar : add comp
2024-11-13 08:41:32,439 [INFO] IPUIPlugin:80 - create IPUIPlugin
2024-11-13 08:41:32,439 [INFO] PluginManager:220 - loadIPPluginJar : add cryp
2024-11-13 08:41:32,445 [INFO] IPUIPlugin:80 - create IPUIPlugin
2024-11-13 08:41:32,446 [INFO] PluginManager:220 - loadIPPluginJar : add ddr_ctrl_phy
2024-11-13 08:41:32,451 [INFO] IPUIPlugin:80 - create IPUIPlugin
2024-11-13 08:41:32,451 [INFO] PluginManager:220 - loadIPPluginJar : add dfsdm
2024-11-13 08:41:32,462 [INFO] IPUIPlugin:80 - create IPUIPlugin
2024-11-13 08:41:32,463 [INFO] PluginManager:220 - loadIPPluginJar : add dma
2024-11-13 08:41:32,468 [INFO] IPUIPlugin:80 - create IPUIPlugin
2024-11-13 08:41:32,469 [INFO] PluginManager:220 - loadIPPluginJar : add dma3
2024-11-13 08:41:32,475 [INFO] IPUIPlugin:80 - create IPUIPlugin
2024-11-13 08:41:32,475 [INFO] PluginManager:220 - loadIPPluginJar : add extmemmanager
2024-11-13 08:41:32,479 [INFO] IPUIPlugin:80 - create IPUIPlugin
2024-11-13 08:41:32,479 [INFO] PluginManager:220 - loadIPPluginJar : add fatfs
2024-11-13 08:41:32,488 [INFO] IPUIPlugin:80 - create IPUIPlugin
2024-11-13 08:41:32,488 [INFO] PluginManager:220 - loadIPPluginJar : add fmc
2024-11-13 08:41:32,502 [INFO] IPUIPlugin:80 - create IPUIPlugin
2024-11-13 08:41:32,502 [INFO] PluginManager:220 - loadIPPluginJar : add freertos
2024-11-13 08:41:32,505 [INFO] IPUIPlugin:80 - create IPUIPlugin
2024-11-13 08:41:32,505 [INFO] PluginManager:220 - loadIPPluginJar : add genericplugin
2024-11-13 08:41:32,509 [INFO] IPUIPlugin:80 - create IPUIPlugin
2024-11-13 08:41:32,510 [INFO] PluginManager:220 - loadIPPluginJar : add gfxmmu
2024-11-13 08:41:32,520 [INFO] IPUIPlugin:80 - create IPUIPlugin
2024-11-13 08:41:32,521 [INFO] PluginManager:220 - loadIPPluginJar : add gic
2024-11-13 08:41:32,528 [INFO] IPUIPlugin:80 - create IPUIPlugin
2024-11-13 08:41:32,528 [INFO] PluginManager:220 - loadIPPluginJar : add gpio
2024-11-13 08:41:32,535 [INFO] IPUIPlugin:80 - create IPUIPlugin
2024-11-13 08:41:32,536 [INFO] PluginManager:220 - loadIPPluginJar : add gtzc
2024-11-13 08:41:32,541 [INFO] IPUIPlugin:80 - create IPUIPlugin
2024-11-13 08:41:32,542 [INFO] PluginManager:220 - loadIPPluginJar : add hash
2024-11-13 08:41:32,547 [INFO] IPUIPlugin:80 - create IPUIPlugin
2024-11-13 08:41:32,547 [INFO] PluginManager:220 - loadIPPluginJar : add i2c
2024-11-13 08:41:32,554 [INFO] IPUIPlugin:80 - create IPUIPlugin
2024-11-13 08:41:32,554 [INFO] PluginManager:220 - loadIPPluginJar : add i2s
2024-11-13 08:41:32,560 [INFO] IPUIPlugin:80 - create IPUIPlugin
2024-11-13 08:41:32,560 [INFO] PluginManager:220 - loadIPPluginJar : add i3c
2024-11-13 08:41:32,565 [INFO] IPUIPlugin:80 - create IPUIPlugin
2024-11-13 08:41:32,565 [INFO] PluginManager:220 - loadIPPluginJar : add ipddr
2024-11-13 08:41:32,580 [INFO] IPUIPlugin:80 - create IPUIPlugin
2024-11-13 08:41:32,580 [INFO] PluginManager:220 - loadIPPluginJar : add linkedlist
2024-11-13 08:41:32,585 [INFO] IPUIPlugin:80 - create IPUIPlugin
2024-11-13 08:41:32,586 [INFO] PluginManager:220 - loadIPPluginJar : add lorawan
2024-11-13 08:41:32,589 [INFO] IPUIPlugin:80 - create IPUIPlugin
2024-11-13 08:41:32,589 [INFO] PluginManager:220 - loadIPPluginJar : add ltdc
2024-11-13 08:41:32,599 [INFO] IPUIPlugin:80 - create IPUIPlugin
2024-11-13 08:41:32,599 [INFO] PluginManager:220 - loadIPPluginJar : add mdma
2024-11-13 08:41:32,607 [INFO] IPUIPlugin:80 - create IPUIPlugin
2024-11-13 08:41:32,607 [INFO] PluginManager:220 - loadIPPluginJar : add nvic
2024-11-13 08:41:32,613 [INFO] IPUIPlugin:80 - create IPUIPlugin
2024-11-13 08:41:32,614 [INFO] PluginManager:220 - loadIPPluginJar : add opamp
2024-11-13 08:41:32,621 [INFO] IPUIPlugin:80 - create IPUIPlugin
2024-11-13 08:41:32,621 [INFO] PluginManager:220 - loadIPPluginJar : add openamp
2024-11-13 08:41:32,628 [INFO] IPUIPlugin:80 - create IPUIPlugin
2024-11-13 08:41:32,629 [INFO] PluginManager:220 - loadIPPluginJar : add pdm2pcm
2024-11-13 08:41:32,642 [INFO] IPUIPlugin:80 - create IPUIPlugin
2024-11-13 08:41:32,647 [INFO] PluginManager:220 - loadIPPluginJar : add plateformsettings
2024-11-13 08:41:32,651 [INFO] IPUIPlugin:80 - create IPUIPlugin
2024-11-13 08:41:32,651 [INFO] PluginManager:220 - loadIPPluginJar : add quadspi
2024-11-13 08:41:32,655 [INFO] IPUIPlugin:80 - create IPUIPlugin
2024-11-13 08:41:32,656 [INFO] PluginManager:220 - loadIPPluginJar : add radio
2024-11-13 08:41:32,665 [INFO] IPUIPlugin:80 - create IPUIPlugin
2024-11-13 08:41:32,665 [INFO] PluginManager:220 - loadIPPluginJar : add resmgrutility
2024-11-13 08:41:32,672 [INFO] IPUIPlugin:80 - create IPUIPlugin
2024-11-13 08:41:32,672 [INFO] PluginManager:220 - loadIPPluginJar : add sai
2024-11-13 08:41:32,677 [INFO] IPUIPlugin:80 - create IPUIPlugin
2024-11-13 08:41:32,677 [INFO] PluginManager:220 - loadIPPluginJar : add spi
2024-11-13 08:41:32,688 [INFO] IPUIPlugin:80 - create IPUIPlugin
2024-11-13 08:41:32,688 [INFO] PluginManager:220 - loadIPPluginJar : add stm32_wpan
2024-11-13 08:41:32,692 [INFO] IPUIPlugin:80 - create IPUIPlugin
2024-11-13 08:41:32,692 [INFO] PluginManager:220 - loadIPPluginJar : add tim
2024-11-13 08:41:32,699 [INFO] IPUIPlugin:80 - create IPUIPlugin
2024-11-13 08:41:32,699 [INFO] PluginManager:220 - loadIPPluginJar : add touchsensing
2024-11-13 08:41:32,703 [INFO] IPUIPlugin:80 - create IPUIPlugin
2024-11-13 08:41:32,704 [INFO] PluginManager:220 - loadIPPluginJar : add tracer_emb
2024-11-13 08:41:32,708 [INFO] IPUIPlugin:80 - create IPUIPlugin
2024-11-13 08:41:32,708 [INFO] PluginManager:220 - loadIPPluginJar : add ts
2024-11-13 08:41:32,712 [INFO] IPUIPlugin:80 - create IPUIPlugin
2024-11-13 08:41:32,713 [INFO] PluginManager:220 - loadIPPluginJar : add tsc
2024-11-13 08:41:32,717 [INFO] IPUIPlugin:80 - create IPUIPlugin
2024-11-13 08:41:32,717 [INFO] PluginManager:220 - loadIPPluginJar : add ucpd
2024-11-13 08:41:32,722 [INFO] IPUIPlugin:80 - create IPUIPlugin
2024-11-13 08:41:32,722 [INFO] PluginManager:220 - loadIPPluginJar : add usart
2024-11-13 08:41:32,729 [INFO] IPUIPlugin:80 - create IPUIPlugin
2024-11-13 08:41:32,729 [INFO] PluginManager:220 - loadIPPluginJar : add usbx
2024-11-13 08:41:32,926 [INFO] CADModel:165 - CPN selected for project level
2024-11-13 08:41:32,926 [INFO] CADModel:114 - Register for checkConnection events
2024-11-13 08:41:32,926 [FATAL] Updater:334 - Updater called before beeing initialized
2024-11-13 08:41:32,927 [ERROR] CADModel:125 - Updater not yet initialized, retry later 
2024-11-13 08:41:33,193 [INFO] CADModel:165 - CPN selected for project level
2024-11-13 08:41:33,193 [INFO] CADModel:114 - Register for checkConnection events
2024-11-13 08:41:33,194 [FATAL] Updater:334 - Updater called before beeing initialized
2024-11-13 08:41:33,194 [ERROR] CADModel:125 - Updater not yet initialized, retry later 
2024-11-13 08:41:33,199 [FATAL] Updater:334 - Updater called before beeing initialized
2024-11-13 08:41:33,410 [FATAL] Updater:334 - Updater called before beeing initialized
2024-11-13 08:41:33,418 [INFO] DbMcusAds:53 - JSON generation date=Fri Sep 20 15:04:38 CEST 2024 (1726837478367)
2024-11-13 08:41:33,419 [FATAL] Updater:334 - Updater called before beeing initialized
2024-11-13 08:41:33,495 [WARN] DetailPanel:346 - Failed to get advertising image, set to default
2024-11-13 08:41:33,669 [FATAL] Updater:334 - Updater called before beeing initialized
2024-11-13 08:41:33,672 [FATAL] Updater:334 - Updater called before beeing initialized
2024-11-13 08:41:33,673 [FATAL] Updater:334 - Updater called before beeing initialized
2024-11-13 08:41:33,673 [WARN] DetailPanel:346 - Failed to get advertising image, set to default
2024-11-13 08:41:33,676 [FATAL] Updater:334 - Updater called before beeing initialized
2024-11-13 08:41:33,787 [ERROR] Updater:1164 - MainUpdater not yet initialized. External WinMGr cannot be set.
2024-11-13 08:41:33,792 [INFO] Updater:1100 - Updater Version found : 6.12.1
2024-11-13 08:41:33,835 [INFO] ApplicationProperties:184 - Using Application install path: C:\ST\STM32CubeIDE_1.16.1\STM32CubeIDE\plugins\com.st.stm32cube.common.mx_6.12.1.202409122256
2024-11-13 08:41:34,397 [INFO] ThirdPartyUpdaterWithRetryManager:70 - Updater plugin not ready yet. [2/15]
2024-11-13 08:41:35,439 [ERROR] LogOutputStream:75 - [STDERR_REDIRECT] Nov 13, 2024 8:41:35 AM java.util.prefs.WindowsPreferences <init>
2024-11-13 08:41:35,442 [ERROR] LogOutputStream:75 - [STDERR_REDIRECT] WARNING: Could not open/create prefs root node Software\JavaSoft\Prefs at root 0xffffffff80000002. Windows RegCreateKeyEx(...) returned error code 5.
2024-11-13 08:41:35,442 [ERROR] LogOutputStream:75 - [STDERR_REDIRECT] 
2024-11-13 08:41:36,715 [INFO] MainUpdater:2873 - connection check result : 10
2024-11-13 08:41:36,716 [INFO] MainUpdater:290 - Updater Check For Update Now.
2024-11-13 08:41:36,717 [INFO] MicroXplorer:498 - Change Database Version : DB.6.0.121
2024-11-13 08:41:36,746 [INFO] McuFinderGlobals:63 - Set McuFinder mode to 2 (CubeIDE integrated)
2024-11-13 08:41:36,747 [INFO] UserAuth:179 - activating auth plugin
2024-11-13 08:41:36,752 [INFO] UserAuth:417 - Internet connection configuration mode: 1
2024-11-13 08:41:36,814 [INFO] JxBrowserEngine:152 - Initiate JxBrowser Engine with user profile folder
2024-11-13 08:41:36,979 [INFO] CheckServerUpdateThread:120 - End of CheckServer Thread
2024-11-13 08:41:38,192 [WARN] PackLoader:240 - Cannot read IP mode file for STMicroelectronics.FP-SNS-MOTENVWB1.1.4.0
2024-11-13 08:41:38,212 [WARN] PackLoader:240 - Cannot read IP mode file for STMicroelectronics.FP-ATR-ASTRA1.2.0.1
2024-11-13 08:41:38,253 [WARN] PackLoader:240 - Cannot read IP mode file for STMicroelectronics.X-CUBE-SMBUS.2.1.0
2024-11-13 08:41:38,276 [WARN] PackLoader:240 - Cannot read IP mode file for STMicroelectronics.X-CUBE-WB05N.1.1.0
2024-11-13 08:41:38,465 [WARN] PackLoader:240 - Cannot read IP mode file for STMicroelectronics.X-CUBE-AZRTOS-F7.1.1.0
2024-11-13 08:41:38,624 [WARN] PackLoader:240 - Cannot read IP mode file for STMicroelectronics.X-CUBE-MEMS1.11.0.0
2024-11-13 08:41:38,771 [INFO] WebApp:167 - Instantiating new browser for Auth
2024-11-13 08:41:38,995 [WARN] PackLoader:240 - Cannot read IP mode file for STMicroelectronics.FP-SNS-FLIGHT1.5.0.2
2024-11-13 08:41:39,014 [WARN] PackLoader:240 - Cannot read IP mode file for STMicroelectronics.X-CUBE-DISPLAY.3.0.0
2024-11-13 08:41:39,032 [WARN] PackLoader:240 - Cannot read IP mode file for STMicroelectronics.X-CUBE-BLE1.7.0.0
2024-11-13 08:41:39,052 [WARN] PackLoader:240 - Cannot read IP mode file for STMicroelectronics.X-CUBE-NFC10.1.0.0
2024-11-13 08:41:39,076 [WARN] PackLoader:240 - Cannot read IP mode file for emotas.I-CUBE-CANOPEN.1.3.0
2024-11-13 08:41:39,102 [WARN] PackLoader:240 - Cannot read IP mode file for STMicroelectronics.X-CUBE-BLEMGR.3.1.0
2024-11-13 08:41:39,114 [WARN] PackLoader:240 - Cannot read IP mode file for STMicroelectronics.FP-SNS-SMARTAG2.1.2.0
2024-11-13 08:41:39,134 [INFO] LogOutputStream:77 - [STDOUT_REDIRECT] 1 : Invalid condition id : UX_CORESTACK_Condition cause : null
2024-11-13 08:41:39,136 [INFO] LogOutputStream:77 - [STDOUT_REDIRECT] 1 : Invalid condition id : UX_CORESTACK_Condition cause : null
2024-11-13 08:41:39,138 [INFO] LogOutputStream:77 - [STDOUT_REDIRECT] 1 : Invalid condition id : UX_CORESTACK_Condition cause : null
2024-11-13 08:41:39,141 [INFO] LogOutputStream:77 - [STDOUT_REDIRECT] 1 : Invalid condition id : UX_CORESTACK_Condition cause : null
2024-11-13 08:41:39,143 [INFO] LogOutputStream:77 - [STDOUT_REDIRECT] 1 : Invalid condition id : UX_CORESTACK_Condition cause : null
2024-11-13 08:41:39,148 [WARN] PackLoader:240 - Cannot read IP mode file for STMicroelectronics.X-CUBE-AZRTOS-WL.2.0.0
2024-11-13 08:41:39,164 [WARN] PackLoader:240 - Cannot read IP mode file for STMicroelectronics.FP-SNS-MOTENV1.5.0.0
2024-11-13 08:41:39,177 [WARN] PackLoader:240 - Cannot read IP mode file for wolfSSL.I-CUBE-wolfMQTT.1.19.0
2024-11-13 08:41:39,196 [WARN] PackLoader:240 - Cannot read IP mode file for WES.I-CUBE-Cesium.1.3.0
2024-11-13 08:41:39,209 [WARN] PackLoader:240 - Cannot read IP mode file for STMicroelectronics.X-CUBE-BLE2.3.3.0
2024-11-13 08:41:39,222 [WARN] PackLoader:240 - Cannot read IP mode file for STMicroelectronics.X-CUBE-NFC9.1.0.0
2024-11-13 08:41:39,237 [WARN] PackLoader:240 - Cannot read IP mode file for STMicroelectronics.X-CUBE-TCPP.4.1.0
2024-11-13 08:41:39,268 [WARN] PackLoader:240 - Cannot read IP mode file for STMicroelectronics.X-CUBE-AZRTOS-G0.1.1.0
2024-11-13 08:41:39,287 [WARN] PackLoader:240 - Cannot read IP mode file for STMicroelectronics.X-CUBE-SAFEA1.1.2.2
2024-11-13 08:41:39,297 [WARN] PackLoader:240 - Cannot read IP mode file for STMicroelectronics.X-CUBE-NFC4.3.0.0
2024-11-13 08:41:39,314 [WARN] PackLoader:240 - Cannot read IP mode file for EmbeddedOffice.I-CUBE-FS-RTOS.1.0.1
2024-11-13 08:41:39,314 [ERROR] ConditionMgr:805 - Attr not supported : Dmpu
2024-11-13 08:41:39,315 [ERROR] ConditionMgr:805 - Attr not supported : Dmpu
2024-11-13 08:41:39,315 [ERROR] ConditionMgr:805 - Attr not supported : Dmpu
2024-11-13 08:41:39,315 [ERROR] ConditionMgr:805 - Attr not supported : Dmpu
2024-11-13 08:41:39,315 [ERROR] ConditionMgr:805 - Attr not supported : Dmpu
2024-11-13 08:41:39,315 [ERROR] ConditionMgr:805 - Attr not supported : Dmpu
2024-11-13 08:41:39,315 [ERROR] ConditionMgr:805 - Attr not supported : Dmpu
2024-11-13 08:41:39,315 [ERROR] ConditionMgr:805 - Attr not supported : Dmpu
2024-11-13 08:41:39,315 [ERROR] ConditionMgr:805 - Attr not supported : Dmpu
2024-11-13 08:41:39,316 [ERROR] ConditionMgr:805 - Attr not supported : Dmpu
2024-11-13 08:41:39,316 [ERROR] ConditionMgr:805 - Attr not supported : Dmpu
2024-11-13 08:41:39,316 [ERROR] ConditionMgr:805 - Attr not supported : Dmpu
2024-11-13 08:41:39,316 [ERROR] ConditionMgr:805 - Attr not supported : Dmpu
2024-11-13 08:41:39,316 [ERROR] ConditionMgr:805 - Attr not supported : Dmpu
2024-11-13 08:41:39,316 [ERROR] ConditionMgr:805 - Attr not supported : Dmpu
2024-11-13 08:41:39,316 [ERROR] ConditionMgr:805 - Attr not supported : Dmpu
2024-11-13 08:41:39,316 [ERROR] ConditionMgr:805 - Attr not supported : Dmpu
2024-11-13 08:41:39,316 [ERROR] ConditionMgr:805 - Attr not supported : Dmpu
2024-11-13 08:41:39,317 [ERROR] ConditionMgr:805 - Attr not supported : Dmpu
2024-11-13 08:41:39,317 [ERROR] ConditionMgr:805 - Attr not supported : Dmpu
2024-11-13 08:41:39,317 [ERROR] ConditionMgr:805 - Attr not supported : Dmpu
2024-11-13 08:41:39,317 [ERROR] ConditionMgr:805 - Attr not supported : Dmpu
2024-11-13 08:41:39,317 [ERROR] ConditionMgr:805 - Attr not supported : Dmpu
2024-11-13 08:41:39,317 [ERROR] ConditionMgr:805 - Attr not supported : Dmpu
2024-11-13 08:41:39,317 [ERROR] ConditionMgr:805 - Attr not supported : Dmpu
2024-11-13 08:41:39,317 [ERROR] ConditionMgr:805 - Attr not supported : Dmpu
2024-11-13 08:41:39,317 [ERROR] ConditionMgr:805 - Attr not supported : Dmpu
2024-11-13 08:41:39,317 [ERROR] ConditionMgr:805 - Attr not supported : Dmpu
2024-11-13 08:41:39,318 [ERROR] ConditionMgr:805 - Attr not supported : Dmpu
2024-11-13 08:41:39,318 [ERROR] ConditionMgr:805 - Attr not supported : Dmpu
2024-11-13 08:41:39,318 [ERROR] ConditionMgr:805 - Attr not supported : Dmpu
2024-11-13 08:41:39,318 [ERROR] ConditionMgr:805 - Attr not supported : Dmpu
2024-11-13 08:41:39,318 [ERROR] ConditionMgr:805 - Attr not supported : Dmpu
2024-11-13 08:41:39,318 [ERROR] ConditionMgr:805 - Attr not supported : Dmpu
2024-11-13 08:41:39,318 [ERROR] ConditionMgr:805 - Attr not supported : Dmpu
2024-11-13 08:41:39,318 [ERROR] ConditionMgr:805 - Attr not supported : Dmpu
2024-11-13 08:41:39,319 [ERROR] ConditionMgr:805 - Attr not supported : Dmpu
2024-11-13 08:41:39,319 [ERROR] ConditionMgr:805 - Attr not supported : Dmpu
2024-11-13 08:41:39,319 [ERROR] ConditionMgr:805 - Attr not supported : Dmpu
2024-11-13 08:41:39,319 [ERROR] ConditionMgr:805 - Attr not supported : Dmpu
2024-11-13 08:41:39,319 [ERROR] ConditionMgr:805 - Attr not supported : Dmpu
2024-11-13 08:41:39,319 [ERROR] ConditionMgr:805 - Attr not supported : Dmpu
2024-11-13 08:41:39,319 [ERROR] ConditionMgr:805 - Attr not supported : Dmpu
2024-11-13 08:41:39,319 [ERROR] ConditionMgr:805 - Attr not supported : Dmpu
2024-11-13 08:41:39,320 [ERROR] ConditionMgr:805 - Attr not supported : Dmpu
2024-11-13 08:41:39,320 [ERROR] ConditionMgr:805 - Attr not supported : Dmpu
2024-11-13 08:41:39,320 [ERROR] ConditionMgr:805 - Attr not supported : Dmpu
2024-11-13 08:41:39,320 [ERROR] ConditionMgr:805 - Attr not supported : Dmpu
2024-11-13 08:41:39,320 [ERROR] ConditionMgr:805 - Attr not supported : Dmpu
2024-11-13 08:41:39,320 [ERROR] ConditionMgr:805 - Attr not supported : Dmpu
2024-11-13 08:41:39,320 [ERROR] ConditionMgr:805 - Attr not supported : Dmpu
2024-11-13 08:41:39,320 [ERROR] ConditionMgr:805 - Attr not supported : Dmpu
2024-11-13 08:41:39,320 [ERROR] ConditionMgr:805 - Attr not supported : Dmpu
2024-11-13 08:41:39,320 [ERROR] ConditionMgr:805 - Attr not supported : Dmpu
2024-11-13 08:41:39,321 [ERROR] ConditionMgr:805 - Attr not supported : Dmpu
2024-11-13 08:41:39,321 [ERROR] ConditionMgr:805 - Attr not supported : Dmpu
2024-11-13 08:41:39,321 [ERROR] ConditionMgr:805 - Attr not supported : Dmpu
2024-11-13 08:41:39,321 [ERROR] ConditionMgr:805 - Attr not supported : Dmpu
2024-11-13 08:41:39,321 [ERROR] ConditionMgr:805 - Attr not supported : Dmpu
2024-11-13 08:41:39,321 [ERROR] ConditionMgr:805 - Attr not supported : Dmpu
2024-11-13 08:41:39,321 [ERROR] ConditionMgr:805 - Attr not supported : Dmpu
2024-11-13 08:41:39,321 [ERROR] ConditionMgr:805 - Attr not supported : Dmpu
2024-11-13 08:41:39,322 [ERROR] ConditionMgr:805 - Attr not supported : Dmpu
2024-11-13 08:41:39,322 [ERROR] ConditionMgr:805 - Attr not supported : Dmpu
2024-11-13 08:41:39,330 [WARN] PackLoader:240 - Cannot read IP mode file for RealThread.X-CUBE-RT-Thread_Nano.4.1.1
2024-11-13 08:41:39,337 [WARN] PackLoader:240 - Cannot read IP mode file for STMicroelectronics.FP-ATR-SIGFOX1.3.2.0
2024-11-13 08:41:39,346 [WARN] ConditionMgr:438 - getConditionDescription Invalid condition id : Cortex-A Device cause : null
2024-11-13 08:41:39,369 [WARN] ConditionMgr:1039 - genDependencies : Invalid condition id : Cortex-A Device cause : null
2024-11-13 08:41:39,370 [WARN] ConditionMgr:1039 - genDependencies : Invalid condition id : Cortex-A Device cause : null
2024-11-13 08:41:39,370 [WARN] ConditionMgr:1039 - genDependencies : Invalid condition id : Cortex-A Device cause : null
2024-11-13 08:41:39,381 [WARN] PackLoader:240 - Cannot read IP mode file for STMicroelectronics.X-CUBE-EEPRMA1.5.1.0
2024-11-13 08:41:39,390 [WARN] PackLoader:240 - Cannot read IP mode file for wolfSSL.I-CUBE-wolfSSL.5.7.4
2024-11-13 08:41:39,400 [WARN] PackLoader:240 - Cannot read IP mode file for ITTIA_DB.I-CUBE-ITTIADB.8.9.0
2024-11-13 08:41:39,456 [WARN] PackLoader:240 - Cannot read IP mode file for SEGGER.I-CUBE-embOS.1.3.1
2024-11-13 08:41:39,692 [WARN] PackLoader:240 - Cannot read IP mode file for STMicroelectronics.X-CUBE-ALGOBUILD.1.4.0
2024-11-13 08:41:39,702 [WARN] PackLoader:240 - Cannot read IP mode file for STMicroelectronics.X-CUBE-AI.9.1.0
2024-11-13 08:41:39,729 [WARN] PackLoader:240 - Cannot read IP mode file for STMicroelectronics.X-CUBE-AZRTOS-F4.1.1.0
2024-11-13 08:41:39,762 [WARN] PackLoader:240 - Cannot read IP mode file for STMicroelectronics.X-CUBE-ISPU.2.1.0
2024-11-13 08:41:39,771 [WARN] PackLoader:240 - Cannot read IP mode file for STMicroelectronics.X-CUBE-FREERTOS.1.2.0
2024-11-13 08:41:39,799 [WARN] PackLoader:240 - Cannot read IP mode file for STMicroelectronics.X-CUBE-AZRTOS-L5.2.0.0
2024-11-13 08:41:39,815 [WARN] PackLoader:240 - Cannot read IP mode file for STMicroelectronics.X-CUBE-NFC6.3.1.0
2024-11-13 08:41:39,827 [WARN] PackLoader:240 - Cannot read IP mode file for STMicroelectronics.X-CUBE-DPower.1.2.0
2024-11-13 08:41:39,836 [WARN] PackLoader:240 - Cannot read IP mode file for STMicroelectronics.X-CUBE-NFC7.1.0.1
2024-11-13 08:41:39,865 [WARN] ConditionMgr:438 - getConditionDescription Invalid condition id : LAN8742 Phy interface Condition cause : null
2024-11-13 08:41:39,866 [WARN] PackLoader:240 - Cannot read IP mode file for STMicroelectronics.X-CUBE-AZRTOS-L4.2.0.0
2024-11-13 08:41:39,868 [WARN] ConditionMgr:1039 - genDependencies : Invalid condition id : LAN8742 Phy interface Condition cause : null
2024-11-13 08:41:39,869 [WARN] ConditionMgr:1039 - genDependencies : Invalid condition id : LAN8742 Phy interface Condition cause : null
2024-11-13 08:41:39,870 [WARN] ConditionMgr:1039 - genDependencies : Invalid condition id : LAN8742 Phy interface Condition cause : null
2024-11-13 08:41:39,890 [WARN] PackLoader:240 - Cannot read IP mode file for STMicroelectronics.X-CUBE-SFXS2LP1.4.0.0
2024-11-13 08:41:39,930 [WARN] PackLoader:240 - Cannot read IP mode file for STMicroelectronics.X-CUBE-AZRTOS-H7.3.3.0
2024-11-13 08:41:39,953 [WARN] PackLoader:240 - Cannot read IP mode file for STMicroelectronics.X-CUBE-IPS.3.0.0
2024-11-13 08:41:39,979 [WARN] ConditionMgr:438 - getConditionDescription Invalid condition id : UX DEVICE CLASS RTOS Condition cause : null
2024-11-13 08:41:39,980 [WARN] ConditionMgr:438 - getConditionDescription Invalid condition id : UX DEVICE CLASS RTOS Condition cause : null
2024-11-13 08:41:39,984 [WARN] PackLoader:240 - Cannot read IP mode file for STMicroelectronics.X-CUBE-AZRTOS-WB.2.0.0
2024-11-13 08:41:39,985 [WARN] ConditionMgr:1039 - genDependencies : Invalid condition id : UX DEVICE CLASS RTOS Condition cause : null
2024-11-13 08:41:39,985 [WARN] ConditionMgr:1039 - genDependencies : Invalid condition id : UX DEVICE CLASS RTOS Condition cause : null
2024-11-13 08:41:39,986 [WARN] ConditionMgr:1039 - genDependencies : Invalid condition id : UX DEVICE CLASS RTOS Condition cause : null
2024-11-13 08:41:39,987 [WARN] ConditionMgr:1039 - genDependencies : Invalid condition id : UX DEVICE CLASS RTOS Condition cause : null
2024-11-13 08:41:39,987 [WARN] ConditionMgr:1039 - genDependencies : Invalid condition id : UX DEVICE CLASS RTOS Condition cause : null
2024-11-13 08:41:39,997 [WARN] PackLoader:240 - Cannot read IP mode file for STMicroelectronics.X-CUBE-GNSS1.7.0.0
2024-11-13 08:41:40,010 [WARN] PackLoader:240 - Cannot read IP mode file for STMicroelectronics.FP-SNS-STBOX1.2.0.0
2024-11-13 08:41:40,029 [WARN] PackLoader:240 - Cannot read IP mode file for STMicroelectronics.X-CUBE-SUBG2.5.0.0
2024-11-13 08:41:40,045 [WARN] PackLoader:240 - Cannot read IP mode file for Cesanta.I-CUBE-Mongoose.7.13.0
2024-11-13 08:41:40,071 [WARN] PackLoader:240 - Cannot read IP mode file for STMicroelectronics.X-CUBE-AZRTOS-G4.2.0.0
2024-11-13 08:41:40,086 [WARN] PackLoader:240 - Cannot read IP mode file for STMicroelectronics.X-CUBE-ALS.1.0.2
2024-11-13 08:41:40,097 [WARN] PackLoader:240 - Cannot read IP mode file for STMicroelectronics.X-CUBE-TOUCHGFX.4.24.1
2024-11-13 08:41:40,105 [WARN] PackLoader:240 - Cannot read IP mode file for wolfSSL.I-CUBE-wolfTPM.3.4.0
2024-11-13 08:41:40,117 [WARN] PackLoader:240 - Cannot read IP mode file for portGmbH.I-Cube-SoM-uGOAL.1.1.0
2024-11-13 08:41:40,147 [WARN] PackLoader:240 - Cannot read IP mode file for STMicroelectronics.X-CUBE-AZRTOS-H7RS.1.0.0
2024-11-13 08:41:40,170 [WARN] PackLoader:240 - Cannot read IP mode file for STMicroelectronics.X-CUBE-TOF1.3.4.2
2024-11-13 08:41:40,224 [WARN] PackLoader:240 - Cannot read IP mode file for Infineon.AIROC-Wi-Fi-Bluetooth-STM32.1.6.1
2024-11-13 08:41:40,270 [WARN] PackLoader:240 - Cannot read IP mode file for wolfSSL.I-CUBE-wolfSSH.1.4.17
2024-11-13 08:41:40,272 [INFO] ThirdParty:978 - Integrity check success = true
2024-11-13 08:41:40,272 [INFO] IntegrityCheckThread:100 - exiting critical section [integrity check]
2024-11-13 08:41:40,272 [INFO] IntegrityCheckThread:103 - End integrity checks thread
2024-11-13 08:41:40,960 [INFO] WebApp:448 - Apply proxy settings
2024-11-13 08:41:40,961 [INFO] WebApp:533 - Chromium requires no authentication
2024-11-13 08:41:40,982 [INFO] WebApp:476 - Direct internet connection detected
2024-11-13 08:41:41,050 [INFO] WebApp:869 - Register for checkConnection events
2024-11-13 08:41:41,051 [INFO] WebApp:448 - Apply proxy settings
2024-11-13 08:41:41,051 [INFO] WebApp:533 - Chromium requires no authentication
2024-11-13 08:41:41,053 [INFO] WebApp:476 - Direct internet connection detected
2024-11-13 08:41:41,298 [INFO] WebApp:186 - Connection restablished
2024-11-13 08:41:41,653 [INFO] WebApp:220 - Starting web application
2024-11-13 08:41:41,654 [INFO] WebApp:578 - Web application path used C:\ST\STM32CubeIDE_1.16.1\STM32CubeIDE\plugins\com.st.stm32cube.common.mx_6.12.1.202409122256\db\plugins\mcufinder\reactClient1\index.html
2024-11-13 09:09:45,524 [INFO] WebApp:189 - Connection lost
2024-11-13 09:09:45,957 [INFO] WebApp:186 - Connection restablished
2024-11-13 09:39:55,497 [INFO] WebApp:189 - Connection lost
2024-11-13 09:39:55,670 [INFO] WebApp:186 - Connection restablished
2024-11-13 09:40:34,629 [ERROR] LogOutputStream:75 - [STDERR_REDIRECT] 
2024-11-13 09:40:34,633 [ERROR] LogOutputStream:75 - [STDERR_REDIRECT] 
2024-11-13 12:39:00,456 [INFO] Activator:176 - 


2024-11-13 12:39:00,461 [INFO] Activator:177 - !SESSION log4j initialized
2024-11-13 12:39:09,628 [INFO] LogOutputStream:77 - [STDOUT_REDIRECT] 
2024-11-13 12:39:11,236 [INFO] ApplicationProperties:184 - Using Application install path: C:\ST\STM32CubeIDE_1.16.1\STM32CubeIDE\plugins\com.st.stm32cube.common.mx_6.12.1.202409122256
2024-11-13 12:39:11,271 [INFO] DbMcusXml:78 - Set database path to: C:\ST\STM32CubeIDE_1.16.1\STM32CubeIDE\plugins\com.st.stm32cube.common.mx_6.12.1.202409122256\\db\/mcu/
2024-11-13 12:39:11,272 [INFO] ApiDb:274 - Set plugin database path to: C:\ST\STM32CubeIDE_1.16.1\STM32CubeIDE\plugins\com.st.stm32cube.common.mx_6.12.1.202409122256\\db\/plugins/boardmanager/
2024-11-13 12:39:11,272 [WARN] ApiDb:259 - Overriding images path with different value:  => C:\ST\STM32CubeIDE_1.16.1\STM32CubeIDE\plugins\com.st.stm32cube.common.mx_6.12.1.202409122256\\db\/plugins/mcufinder/images/
2024-11-13 12:39:11,283 [INFO] ApiDb:250 - Set database path to: C:\Users\ajara\.stmcufinder\plugins\mcufinder//mcu/
2024-11-13 12:39:11,285 [INFO] DbMcusAds:125 - Set database path to: C:\Users\ajara\.stmcufinder\plugins\mcufinder//mcu/
2024-11-13 12:39:11,289 [INFO] CrossReferenceDbSqlite:203 - Set database path to: C:\Users\ajara\.stmcufinder\plugins\mcufinder//mcu/cs/
2024-11-13 12:39:11,513 [INFO] RulesReader:64 - Compatibility file has been processed (297 Rules)
2024-11-13 12:39:11,677 [INFO] DbMcusXml:78 - Set database path to: C:\ST\STM32CubeIDE_1.16.1\STM32CubeIDE\plugins\com.st.stm32cube.common.mx_6.12.1.202409122256\\db\/mcu/
2024-11-13 12:39:11,677 [INFO] ApiDb:274 - Set plugin database path to: C:\ST\STM32CubeIDE_1.16.1\STM32CubeIDE\plugins\com.st.stm32cube.common.mx_6.12.1.202409122256\\db\/plugins/boardmanager/
2024-11-13 12:39:11,677 [INFO] ApiDb:261 - Set plugin images path to: C:\ST\STM32CubeIDE_1.16.1\STM32CubeIDE\plugins\com.st.stm32cube.common.mx_6.12.1.202409122256\\db\/plugins/mcufinder/images/
2024-11-13 12:39:11,678 [WARN] DbFile:41 - Overriding database path with different value: C:\Users\ajara\.stmcufinder\plugins\mcufinder/ => C:\Users\ajara\.stmcufinder\plugins\mcufinder
2024-11-13 12:39:11,678 [INFO] ApiDb:250 - Set database path to: C:\Users\ajara\.stmcufinder\plugins\mcufinder//mcu/
2024-11-13 12:39:11,678 [WARN] DbFile:41 - Overriding database path with different value: C:\Users\ajara\.stmcufinder\plugins\mcufinder/ => C:\Users\ajara\.stmcufinder\plugins\mcufinder
2024-11-13 12:39:11,678 [INFO] DbMcusAds:125 - Set database path to: C:\Users\ajara\.stmcufinder\plugins\mcufinder//mcu/
2024-11-13 12:39:11,678 [WARN] DbFile:41 - Overriding database path with different value: C:\Users\ajara\.stmcufinder\plugins\mcufinder/ => C:\Users\ajara\.stmcufinder\plugins\mcufinder
2024-11-13 12:39:11,678 [WARN] DbFile:41 - Overriding database path with different value: C:\Users\ajara\.stmcufinder\plugins\mcufinder/ => C:\Users\ajara\.stmcufinder\plugins\mcufinder
2024-11-13 12:39:11,678 [INFO] CrossReferenceDbSqlite:203 - Set database path to: C:\Users\ajara\.stmcufinder\plugins\mcufinder//mcu/cs/
2024-11-13 12:39:11,863 [INFO] MainPanel:268 - HeapMemory: 268435456
2024-11-13 12:39:12,009 [INFO] DbMcusXml:78 - Set database path to: C:\ST\STM32CubeIDE_1.16.1\STM32CubeIDE\plugins\com.st.stm32cube.common.mx_6.12.1.202409122256\\db\/mcu/
2024-11-13 12:39:12,009 [INFO] ApiDb:274 - Set plugin database path to: C:\ST\STM32CubeIDE_1.16.1\STM32CubeIDE\plugins\com.st.stm32cube.common.mx_6.12.1.202409122256\\db\/plugins/boardmanager/
2024-11-13 12:39:12,009 [INFO] ApiDb:261 - Set plugin images path to: C:\ST\STM32CubeIDE_1.16.1\STM32CubeIDE\plugins\com.st.stm32cube.common.mx_6.12.1.202409122256\\db\/plugins/mcufinder/images/
2024-11-13 12:39:12,010 [WARN] DbFile:41 - Overriding database path with different value: C:\Users\ajara\.stmcufinder\plugins\mcufinder/ => C:\Users\ajara\.stmcufinder\plugins\mcufinder
2024-11-13 12:39:12,010 [INFO] ApiDb:250 - Set database path to: C:\Users\ajara\.stmcufinder\plugins\mcufinder//mcu/
2024-11-13 12:39:12,010 [WARN] DbFile:41 - Overriding database path with different value: C:\Users\ajara\.stmcufinder\plugins\mcufinder/ => C:\Users\ajara\.stmcufinder\plugins\mcufinder
2024-11-13 12:39:12,011 [INFO] DbMcusAds:125 - Set database path to: C:\Users\ajara\.stmcufinder\plugins\mcufinder//mcu/
2024-11-13 12:39:12,011 [WARN] DbFile:41 - Overriding database path with different value: C:\Users\ajara\.stmcufinder\plugins\mcufinder/ => C:\Users\ajara\.stmcufinder\plugins\mcufinder
2024-11-13 12:39:12,011 [WARN] DbFile:41 - Overriding database path with different value: C:\Users\ajara\.stmcufinder\plugins\mcufinder/ => C:\Users\ajara\.stmcufinder\plugins\mcufinder
2024-11-13 12:39:12,011 [INFO] CrossReferenceDbSqlite:203 - Set database path to: C:\Users\ajara\.stmcufinder\plugins\mcufinder//mcu/cs/
2024-11-13 12:39:12,054 [INFO] ApplicationProperties:184 - Using Application install path: C:\ST\STM32CubeIDE_1.16.1\STM32CubeIDE\plugins\com.st.stm32cube.common.mx_6.12.1.202409122256
2024-11-13 12:39:12,057 [INFO] PluginManage:196 - Search for loadable plugins [exclusion list=, ]
2024-11-13 12:39:12,060 [INFO] PluginManage:310 - Check plugin analytics
2024-11-13 12:39:12,459 [INFO] AnalyticsPlugin:253 - Accepted Software Licenses: 
2024-11-13 12:39:12,459 [INFO] AnalyticsPlugin:255 - Accepted CMSIS Pack Licenses: 
2024-11-13 12:39:12,460 [INFO] AnalyticsPlugin:257 - Accepted Firmware Licenses: FW.F4.1.28.0
2024-11-13 12:39:12,467 [INFO] PluginManage:359 - Loaded plugin analytics (category:tool,tabindex:-1)
2024-11-13 12:39:12,468 [INFO] PluginManage:310 - Check plugin cadmodel
2024-11-13 12:39:12,475 [INFO] CADModel:105 - Init CAD model plugin
2024-11-13 12:39:12,475 [INFO] PluginManage:359 - Loaded plugin cadmodel (category:power,tabindex:5)
2024-11-13 12:39:12,476 [INFO] PluginManage:310 - Check plugin clock
2024-11-13 12:39:12,495 [INFO] PluginManage:359 - Loaded plugin clock (category:base,tabindex:2)
2024-11-13 12:39:12,495 [INFO] PluginManage:310 - Check plugin ddr
2024-11-13 12:39:12,500 [INFO] PluginManage:359 - Loaded plugin ddr (category:tool,tabindex:6)
2024-11-13 12:39:12,500 [INFO] PluginManage:310 - Check plugin filemanager
2024-11-13 12:39:12,781 [INFO] PluginManage:359 - Loaded plugin filemanager (category:base,tabindex:10)
2024-11-13 12:39:12,782 [INFO] PluginManage:310 - Check plugin ipmanager
2024-11-13 12:39:12,800 [INFO] PluginManage:359 - Loaded plugin ipmanager (category:base,tabindex:5)
2024-11-13 12:39:12,800 [INFO] PluginManage:310 - Check plugin lpbam
2024-11-13 12:39:12,818 [INFO] PluginManage:359 - Loaded plugin lpbam (category:base,tabindex:0)
2024-11-13 12:39:12,818 [INFO] PluginManage:310 - Check plugin memorymap
2024-11-13 12:39:12,854 [INFO] PluginManage:359 - Loaded plugin memorymap (category:base,tabindex:4)
2024-11-13 12:39:12,854 [INFO] PluginManage:310 - Check plugin pinoutandconfiguration
2024-11-13 12:39:12,870 [INFO] PluginManage:359 - Loaded plugin pinoutandconfiguration (category:base,tabindex:1)
2024-11-13 12:39:12,870 [INFO] PluginManage:310 - Check plugin pinoutconfig
2024-11-13 12:39:13,037 [WARN] SupportedApi:132 - Cannot load RTOS API schema: s4s-elt-must-match.1: The content of 'definitions' must match (annotation?, (simpleType | complexType)?, (unique | key | keyref)*)). A problem was found starting at: attribute.
2024-11-13 12:39:13,302 [INFO] PluginManage:359 - Loaded plugin pinoutconfig (category:base,tabindex:0)
2024-11-13 12:39:13,302 [INFO] PluginManage:310 - Check plugin power
2024-11-13 12:39:13,319 [INFO] PluginManage:359 - Loaded plugin power (category:power,tabindex:4)
2024-11-13 12:39:13,319 [INFO] PluginManage:310 - Check plugin projectmanager
2024-11-13 12:39:13,348 [INFO] PluginManage:359 - Loaded plugin projectmanager (category:projectmanager,tabindex:4)
2024-11-13 12:39:13,348 [INFO] PluginManage:310 - Check plugin rif
2024-11-13 12:39:13,357 [INFO] PluginManage:359 - Loaded plugin rif (category:base,tabindex:3)
2024-11-13 12:39:13,357 [INFO] PluginManage:310 - Check plugin thirdparty
2024-11-13 12:39:13,569 [INFO] PluginManage:359 - Loaded plugin thirdparty (category:base,tabindex:-1)
2024-11-13 12:39:13,569 [WARN] IntegrityCheckThread:84 - waiting for thirdparty lock release [integrity check]
2024-11-13 12:39:13,569 [INFO] IntegrityCheckThread:86 - entering critical section [integrity check]
2024-11-13 12:39:13,569 [INFO] PluginManage:310 - Check plugin tools
2024-11-13 12:39:13,570 [INFO] ThirdPartyUpdaterWithRetryManager:70 - Updater plugin not ready yet. [1/15]
2024-11-13 12:39:13,577 [INFO] PluginManage:359 - Loaded plugin tools (category:base,tabindex:7)
2024-11-13 12:39:13,577 [INFO] PluginManage:310 - Check plugin tutovideos
2024-11-13 12:39:13,867 [INFO] PluginManage:359 - Loaded plugin tutovideos (category:base,tabindex:-1)
2024-11-13 12:39:13,867 [INFO] PluginManage:310 - Check plugin updater
2024-11-13 12:39:13,900 [INFO] PluginManage:359 - Loaded plugin updater (category:base,tabindex:12)
2024-11-13 12:39:13,900 [INFO] PluginManage:310 - Check plugin userauth
2024-11-13 12:39:13,911 [INFO] UserAuth:113 - Init User Auth plugin
2024-11-13 12:39:13,911 [INFO] PluginManage:359 - Loaded plugin userauth (category:base,tabindex:14)
2024-11-13 12:39:13,912 [INFO] PluginManage:283 - PluginManage : Loaded plugins [18]
2024-11-13 12:39:14,336 [INFO] PinOutPanel:1561 - setPackage(No Configuration,No Configuration)
2024-11-13 12:39:14,480 [INFO] CADModel:165 - CPN selected for project level
2024-11-13 12:39:14,480 [INFO] CADModel:114 - Register for checkConnection events
2024-11-13 12:39:14,508 [INFO] IPUIPlugin:80 - create IPUIPlugin
2024-11-13 12:39:14,508 [INFO] PluginManager:220 - loadIPPluginJar : add adc
2024-11-13 12:39:14,513 [INFO] IPUIPlugin:80 - create IPUIPlugin
2024-11-13 12:39:14,513 [INFO] PluginManager:220 - loadIPPluginJar : add aes
2024-11-13 12:39:14,519 [INFO] IPUIPlugin:80 - create IPUIPlugin
2024-11-13 12:39:14,519 [INFO] PluginManager:220 - loadIPPluginJar : add can
2024-11-13 12:39:14,522 [INFO] IPUIPlugin:80 - create IPUIPlugin
2024-11-13 12:39:14,522 [INFO] PluginManager:220 - loadIPPluginJar : add comp
2024-11-13 12:39:14,526 [INFO] IPUIPlugin:80 - create IPUIPlugin
2024-11-13 12:39:14,526 [INFO] PluginManager:220 - loadIPPluginJar : add cryp
2024-11-13 12:39:14,530 [INFO] IPUIPlugin:80 - create IPUIPlugin
2024-11-13 12:39:14,530 [INFO] PluginManager:220 - loadIPPluginJar : add ddr_ctrl_phy
2024-11-13 12:39:14,534 [INFO] IPUIPlugin:80 - create IPUIPlugin
2024-11-13 12:39:14,534 [INFO] PluginManager:220 - loadIPPluginJar : add dfsdm
2024-11-13 12:39:14,543 [INFO] IPUIPlugin:80 - create IPUIPlugin
2024-11-13 12:39:14,544 [INFO] PluginManager:220 - loadIPPluginJar : add dma
2024-11-13 12:39:14,548 [INFO] IPUIPlugin:80 - create IPUIPlugin
2024-11-13 12:39:14,548 [INFO] PluginManager:220 - loadIPPluginJar : add dma3
2024-11-13 12:39:14,553 [INFO] IPUIPlugin:80 - create IPUIPlugin
2024-11-13 12:39:14,553 [INFO] PluginManager:220 - loadIPPluginJar : add extmemmanager
2024-11-13 12:39:14,555 [INFO] IPUIPlugin:80 - create IPUIPlugin
2024-11-13 12:39:14,556 [INFO] PluginManager:220 - loadIPPluginJar : add fatfs
2024-11-13 12:39:14,562 [INFO] IPUIPlugin:80 - create IPUIPlugin
2024-11-13 12:39:14,563 [INFO] PluginManager:220 - loadIPPluginJar : add fmc
2024-11-13 12:39:14,570 [INFO] IPUIPlugin:80 - create IPUIPlugin
2024-11-13 12:39:14,571 [INFO] PluginManager:220 - loadIPPluginJar : add freertos
2024-11-13 12:39:14,573 [INFO] IPUIPlugin:80 - create IPUIPlugin
2024-11-13 12:39:14,573 [INFO] PluginManager:220 - loadIPPluginJar : add genericplugin
2024-11-13 12:39:14,577 [INFO] IPUIPlugin:80 - create IPUIPlugin
2024-11-13 12:39:14,577 [INFO] PluginManager:220 - loadIPPluginJar : add gfxmmu
2024-11-13 12:39:14,584 [INFO] IPUIPlugin:80 - create IPUIPlugin
2024-11-13 12:39:14,584 [INFO] PluginManager:220 - loadIPPluginJar : add gic
2024-11-13 12:39:14,590 [INFO] IPUIPlugin:80 - create IPUIPlugin
2024-11-13 12:39:14,590 [INFO] PluginManager:220 - loadIPPluginJar : add gpio
2024-11-13 12:39:14,595 [INFO] IPUIPlugin:80 - create IPUIPlugin
2024-11-13 12:39:14,595 [INFO] PluginManager:220 - loadIPPluginJar : add gtzc
2024-11-13 12:39:14,599 [INFO] IPUIPlugin:80 - create IPUIPlugin
2024-11-13 12:39:14,599 [INFO] PluginManager:220 - loadIPPluginJar : add hash
2024-11-13 12:39:14,603 [INFO] IPUIPlugin:80 - create IPUIPlugin
2024-11-13 12:39:14,603 [INFO] PluginManager:220 - loadIPPluginJar : add i2c
2024-11-13 12:39:14,607 [INFO] IPUIPlugin:80 - create IPUIPlugin
2024-11-13 12:39:14,607 [INFO] PluginManager:220 - loadIPPluginJar : add i2s
2024-11-13 12:39:14,611 [INFO] IPUIPlugin:80 - create IPUIPlugin
2024-11-13 12:39:14,612 [INFO] PluginManager:220 - loadIPPluginJar : add i3c
2024-11-13 12:39:14,616 [INFO] IPUIPlugin:80 - create IPUIPlugin
2024-11-13 12:39:14,616 [INFO] PluginManager:220 - loadIPPluginJar : add ipddr
2024-11-13 12:39:14,628 [INFO] IPUIPlugin:80 - create IPUIPlugin
2024-11-13 12:39:14,628 [INFO] PluginManager:220 - loadIPPluginJar : add linkedlist
2024-11-13 12:39:14,633 [INFO] IPUIPlugin:80 - create IPUIPlugin
2024-11-13 12:39:14,634 [INFO] PluginManager:220 - loadIPPluginJar : add lorawan
2024-11-13 12:39:14,636 [INFO] IPUIPlugin:80 - create IPUIPlugin
2024-11-13 12:39:14,636 [INFO] PluginManager:220 - loadIPPluginJar : add ltdc
2024-11-13 12:39:14,644 [INFO] IPUIPlugin:80 - create IPUIPlugin
2024-11-13 12:39:14,645 [INFO] PluginManager:220 - loadIPPluginJar : add mdma
2024-11-13 12:39:14,649 [INFO] IPUIPlugin:80 - create IPUIPlugin
2024-11-13 12:39:14,650 [INFO] PluginManager:220 - loadIPPluginJar : add nvic
2024-11-13 12:39:14,654 [INFO] IPUIPlugin:80 - create IPUIPlugin
2024-11-13 12:39:14,654 [INFO] PluginManager:220 - loadIPPluginJar : add opamp
2024-11-13 12:39:14,659 [INFO] IPUIPlugin:80 - create IPUIPlugin
2024-11-13 12:39:14,659 [INFO] PluginManager:220 - loadIPPluginJar : add openamp
2024-11-13 12:39:14,664 [INFO] IPUIPlugin:80 - create IPUIPlugin
2024-11-13 12:39:14,664 [INFO] PluginManager:220 - loadIPPluginJar : add pdm2pcm
2024-11-13 12:39:14,674 [INFO] IPUIPlugin:80 - create IPUIPlugin
2024-11-13 12:39:14,679 [INFO] PluginManager:220 - loadIPPluginJar : add plateformsettings
2024-11-13 12:39:14,682 [INFO] IPUIPlugin:80 - create IPUIPlugin
2024-11-13 12:39:14,682 [INFO] PluginManager:220 - loadIPPluginJar : add quadspi
2024-11-13 12:39:14,686 [INFO] IPUIPlugin:80 - create IPUIPlugin
2024-11-13 12:39:14,688 [INFO] PluginManager:220 - loadIPPluginJar : add radio
2024-11-13 12:39:14,695 [INFO] IPUIPlugin:80 - create IPUIPlugin
2024-11-13 12:39:14,695 [INFO] PluginManager:220 - loadIPPluginJar : add resmgrutility
2024-11-13 12:39:14,703 [INFO] IPUIPlugin:80 - create IPUIPlugin
2024-11-13 12:39:14,703 [INFO] PluginManager:220 - loadIPPluginJar : add sai
2024-11-13 12:39:14,708 [INFO] IPUIPlugin:80 - create IPUIPlugin
2024-11-13 12:39:14,709 [INFO] PluginManager:220 - loadIPPluginJar : add spi
2024-11-13 12:39:14,720 [INFO] IPUIPlugin:80 - create IPUIPlugin
2024-11-13 12:39:14,720 [INFO] PluginManager:220 - loadIPPluginJar : add stm32_wpan
2024-11-13 12:39:14,724 [INFO] IPUIPlugin:80 - create IPUIPlugin
2024-11-13 12:39:14,724 [INFO] PluginManager:220 - loadIPPluginJar : add tim
2024-11-13 12:39:14,735 [INFO] IPUIPlugin:80 - create IPUIPlugin
2024-11-13 12:39:14,735 [INFO] PluginManager:220 - loadIPPluginJar : add touchsensing
2024-11-13 12:39:14,741 [INFO] IPUIPlugin:80 - create IPUIPlugin
2024-11-13 12:39:14,741 [INFO] PluginManager:220 - loadIPPluginJar : add tracer_emb
2024-11-13 12:39:14,751 [INFO] IPUIPlugin:80 - create IPUIPlugin
2024-11-13 12:39:14,752 [INFO] PluginManager:220 - loadIPPluginJar : add ts
2024-11-13 12:39:14,755 [INFO] IPUIPlugin:80 - create IPUIPlugin
2024-11-13 12:39:14,755 [INFO] PluginManager:220 - loadIPPluginJar : add tsc
2024-11-13 12:39:14,761 [INFO] IPUIPlugin:80 - create IPUIPlugin
2024-11-13 12:39:14,762 [INFO] PluginManager:220 - loadIPPluginJar : add ucpd
2024-11-13 12:39:14,768 [INFO] IPUIPlugin:80 - create IPUIPlugin
2024-11-13 12:39:14,769 [INFO] PluginManager:220 - loadIPPluginJar : add usart
2024-11-13 12:39:14,776 [INFO] IPUIPlugin:80 - create IPUIPlugin
2024-11-13 12:39:14,776 [INFO] PluginManager:220 - loadIPPluginJar : add usbx
2024-11-13 12:39:14,952 [INFO] CADModel:165 - CPN selected for project level
2024-11-13 12:39:14,952 [INFO] CADModel:114 - Register for checkConnection events
2024-11-13 12:39:14,952 [FATAL] Updater:334 - Updater called before beeing initialized
2024-11-13 12:39:14,953 [ERROR] CADModel:125 - Updater not yet initialized, retry later 
2024-11-13 12:39:15,177 [INFO] CADModel:165 - CPN selected for project level
2024-11-13 12:39:15,177 [INFO] CADModel:114 - Register for checkConnection events
2024-11-13 12:39:15,177 [FATAL] Updater:334 - Updater called before beeing initialized
2024-11-13 12:39:15,177 [ERROR] CADModel:125 - Updater not yet initialized, retry later 
2024-11-13 12:39:15,183 [FATAL] Updater:334 - Updater called before beeing initialized
2024-11-13 12:39:15,390 [FATAL] Updater:334 - Updater called before beeing initialized
2024-11-13 12:39:15,397 [INFO] DbMcusAds:53 - JSON generation date=Fri Sep 20 15:04:38 CEST 2024 (1726837478367)
2024-11-13 12:39:15,397 [FATAL] Updater:334 - Updater called before beeing initialized
2024-11-13 12:39:15,455 [WARN] DetailPanel:346 - Failed to get advertising image, set to default
2024-11-13 12:39:15,645 [FATAL] Updater:334 - Updater called before beeing initialized
2024-11-13 12:39:15,648 [FATAL] Updater:334 - Updater called before beeing initialized
2024-11-13 12:39:15,649 [FATAL] Updater:334 - Updater called before beeing initialized
2024-11-13 12:39:15,649 [WARN] DetailPanel:346 - Failed to get advertising image, set to default
2024-11-13 12:39:15,650 [FATAL] Updater:334 - Updater called before beeing initialized
2024-11-13 12:39:15,775 [ERROR] Updater:1164 - MainUpdater not yet initialized. External WinMGr cannot be set.
2024-11-13 12:39:15,779 [INFO] Updater:1100 - Updater Version found : 6.12.1
2024-11-13 12:39:15,821 [INFO] ApplicationProperties:184 - Using Application install path: C:\ST\STM32CubeIDE_1.16.1\STM32CubeIDE\plugins\com.st.stm32cube.common.mx_6.12.1.202409122256
2024-11-13 12:39:16,572 [INFO] ThirdPartyUpdaterWithRetryManager:70 - Updater plugin not ready yet. [2/15]
2024-11-13 12:39:17,406 [ERROR] LogOutputStream:75 - [STDERR_REDIRECT] Nov 13, 2024 12:39:17 PM java.util.prefs.WindowsPreferences <init>
2024-11-13 12:39:17,411 [ERROR] LogOutputStream:75 - [STDERR_REDIRECT] WARNING: Could not open/create prefs root node Software\JavaSoft\Prefs at root 0xffffffff80000002. Windows RegCreateKeyEx(...) returned error code 5.
2024-11-13 12:39:17,412 [ERROR] LogOutputStream:75 - [STDERR_REDIRECT] 
2024-11-13 12:39:18,161 [INFO] MainUpdater:2873 - connection check result : 10
2024-11-13 12:39:18,162 [INFO] MainUpdater:290 - Updater Check For Update Now.
2024-11-13 12:39:18,162 [INFO] MicroXplorer:498 - Change Database Version : DB.6.0.121
2024-11-13 12:39:18,174 [INFO] McuFinderGlobals:63 - Set McuFinder mode to 2 (CubeIDE integrated)
2024-11-13 12:39:18,174 [INFO] UserAuth:179 - activating auth plugin
2024-11-13 12:39:18,180 [INFO] UserAuth:417 - Internet connection configuration mode: 1
2024-11-13 12:39:18,213 [INFO] JxBrowserEngine:152 - Initiate JxBrowser Engine with user profile folder
2024-11-13 12:39:18,430 [INFO] CheckServerUpdateThread:120 - End of CheckServer Thread
2024-11-13 12:39:19,322 [INFO] WebApp:167 - Instantiating new browser for Auth
2024-11-13 12:39:19,987 [WARN] PackLoader:240 - Cannot read IP mode file for STMicroelectronics.FP-SNS-MOTENVWB1.1.4.0
2024-11-13 12:39:20,026 [WARN] PackLoader:240 - Cannot read IP mode file for STMicroelectronics.FP-ATR-ASTRA1.2.0.1
2024-11-13 12:39:20,043 [WARN] PackLoader:240 - Cannot read IP mode file for STMicroelectronics.X-CUBE-SMBUS.2.1.0
2024-11-13 12:39:20,061 [WARN] PackLoader:240 - Cannot read IP mode file for STMicroelectronics.X-CUBE-WB05N.1.1.0
2024-11-13 12:39:20,132 [WARN] PackLoader:240 - Cannot read IP mode file for STMicroelectronics.X-CUBE-AZRTOS-F7.1.1.0
2024-11-13 12:39:20,306 [WARN] PackLoader:240 - Cannot read IP mode file for STMicroelectronics.X-CUBE-MEMS1.11.0.0
2024-11-13 12:39:20,635 [WARN] PackLoader:240 - Cannot read IP mode file for STMicroelectronics.FP-SNS-FLIGHT1.5.0.2
2024-11-13 12:39:20,661 [WARN] PackLoader:240 - Cannot read IP mode file for STMicroelectronics.X-CUBE-DISPLAY.3.0.0
2024-11-13 12:39:20,736 [WARN] PackLoader:240 - Cannot read IP mode file for STMicroelectronics.X-CUBE-BLE1.7.0.0
2024-11-13 12:39:20,815 [WARN] PackLoader:240 - Cannot read IP mode file for STMicroelectronics.X-CUBE-NFC10.1.0.0
2024-11-13 12:39:20,845 [WARN] PackLoader:240 - Cannot read IP mode file for emotas.I-CUBE-CANOPEN.1.3.0
2024-11-13 12:39:20,878 [WARN] PackLoader:240 - Cannot read IP mode file for STMicroelectronics.X-CUBE-BLEMGR.3.1.0
2024-11-13 12:39:20,892 [WARN] PackLoader:240 - Cannot read IP mode file for STMicroelectronics.FP-SNS-SMARTAG2.1.2.0
2024-11-13 12:39:20,913 [INFO] LogOutputStream:77 - [STDOUT_REDIRECT] 1 : Invalid condition id : UX_CORESTACK_Condition cause : null
2024-11-13 12:39:20,914 [INFO] LogOutputStream:77 - [STDOUT_REDIRECT] 1 : Invalid condition id : UX_CORESTACK_Condition cause : null
2024-11-13 12:39:20,916 [INFO] LogOutputStream:77 - [STDOUT_REDIRECT] 1 : Invalid condition id : UX_CORESTACK_Condition cause : null
2024-11-13 12:39:20,919 [INFO] LogOutputStream:77 - [STDOUT_REDIRECT] 1 : Invalid condition id : UX_CORESTACK_Condition cause : null
2024-11-13 12:39:20,921 [INFO] LogOutputStream:77 - [STDOUT_REDIRECT] 1 : Invalid condition id : UX_CORESTACK_Condition cause : null
2024-11-13 12:39:20,927 [WARN] PackLoader:240 - Cannot read IP mode file for STMicroelectronics.X-CUBE-AZRTOS-WL.2.0.0
2024-11-13 12:39:20,937 [WARN] PackLoader:240 - Cannot read IP mode file for STMicroelectronics.FP-SNS-MOTENV1.5.0.0
2024-11-13 12:39:20,947 [WARN] PackLoader:240 - Cannot read IP mode file for wolfSSL.I-CUBE-wolfMQTT.1.19.0
2024-11-13 12:39:20,963 [WARN] PackLoader:240 - Cannot read IP mode file for WES.I-CUBE-Cesium.1.3.0
2024-11-13 12:39:20,976 [WARN] PackLoader:240 - Cannot read IP mode file for STMicroelectronics.X-CUBE-BLE2.3.3.0
2024-11-13 12:39:20,991 [WARN] PackLoader:240 - Cannot read IP mode file for STMicroelectronics.X-CUBE-NFC9.1.0.0
2024-11-13 12:39:21,005 [WARN] PackLoader:240 - Cannot read IP mode file for STMicroelectronics.X-CUBE-TCPP.4.1.0
2024-11-13 12:39:21,040 [WARN] PackLoader:240 - Cannot read IP mode file for STMicroelectronics.X-CUBE-AZRTOS-G0.1.1.0
2024-11-13 12:39:21,056 [WARN] PackLoader:240 - Cannot read IP mode file for STMicroelectronics.X-CUBE-SAFEA1.1.2.2
2024-11-13 12:39:21,069 [WARN] PackLoader:240 - Cannot read IP mode file for STMicroelectronics.X-CUBE-NFC4.3.0.0
2024-11-13 12:39:21,088 [WARN] PackLoader:240 - Cannot read IP mode file for EmbeddedOffice.I-CUBE-FS-RTOS.1.0.1
2024-11-13 12:39:21,089 [ERROR] ConditionMgr:805 - Attr not supported : Dmpu
2024-11-13 12:39:21,089 [ERROR] ConditionMgr:805 - Attr not supported : Dmpu
2024-11-13 12:39:21,089 [ERROR] ConditionMgr:805 - Attr not supported : Dmpu
2024-11-13 12:39:21,089 [ERROR] ConditionMgr:805 - Attr not supported : Dmpu
2024-11-13 12:39:21,089 [ERROR] ConditionMgr:805 - Attr not supported : Dmpu
2024-11-13 12:39:21,089 [ERROR] ConditionMgr:805 - Attr not supported : Dmpu
2024-11-13 12:39:21,090 [ERROR] ConditionMgr:805 - Attr not supported : Dmpu
2024-11-13 12:39:21,090 [ERROR] ConditionMgr:805 - Attr not supported : Dmpu
2024-11-13 12:39:21,090 [ERROR] ConditionMgr:805 - Attr not supported : Dmpu
2024-11-13 12:39:21,090 [ERROR] ConditionMgr:805 - Attr not supported : Dmpu
2024-11-13 12:39:21,090 [ERROR] ConditionMgr:805 - Attr not supported : Dmpu
2024-11-13 12:39:21,090 [ERROR] ConditionMgr:805 - Attr not supported : Dmpu
2024-11-13 12:39:21,091 [ERROR] ConditionMgr:805 - Attr not supported : Dmpu
2024-11-13 12:39:21,091 [ERROR] ConditionMgr:805 - Attr not supported : Dmpu
2024-11-13 12:39:21,091 [ERROR] ConditionMgr:805 - Attr not supported : Dmpu
2024-11-13 12:39:21,092 [ERROR] ConditionMgr:805 - Attr not supported : Dmpu
2024-11-13 12:39:21,093 [ERROR] ConditionMgr:805 - Attr not supported : Dmpu
2024-11-13 12:39:21,094 [ERROR] ConditionMgr:805 - Attr not supported : Dmpu
2024-11-13 12:39:21,095 [ERROR] ConditionMgr:805 - Attr not supported : Dmpu
2024-11-13 12:39:21,095 [ERROR] ConditionMgr:805 - Attr not supported : Dmpu
2024-11-13 12:39:21,096 [ERROR] ConditionMgr:805 - Attr not supported : Dmpu
2024-11-13 12:39:21,096 [ERROR] ConditionMgr:805 - Attr not supported : Dmpu
2024-11-13 12:39:21,096 [ERROR] ConditionMgr:805 - Attr not supported : Dmpu
2024-11-13 12:39:21,097 [ERROR] ConditionMgr:805 - Attr not supported : Dmpu
2024-11-13 12:39:21,097 [ERROR] ConditionMgr:805 - Attr not supported : Dmpu
2024-11-13 12:39:21,098 [ERROR] ConditionMgr:805 - Attr not supported : Dmpu
2024-11-13 12:39:21,099 [ERROR] ConditionMgr:805 - Attr not supported : Dmpu
2024-11-13 12:39:21,099 [ERROR] ConditionMgr:805 - Attr not supported : Dmpu
2024-11-13 12:39:21,100 [ERROR] ConditionMgr:805 - Attr not supported : Dmpu
2024-11-13 12:39:21,100 [ERROR] ConditionMgr:805 - Attr not supported : Dmpu
2024-11-13 12:39:21,101 [ERROR] ConditionMgr:805 - Attr not supported : Dmpu
2024-11-13 12:39:21,101 [ERROR] ConditionMgr:805 - Attr not supported : Dmpu
2024-11-13 12:39:21,102 [ERROR] ConditionMgr:805 - Attr not supported : Dmpu
2024-11-13 12:39:21,102 [ERROR] ConditionMgr:805 - Attr not supported : Dmpu
2024-11-13 12:39:21,103 [ERROR] ConditionMgr:805 - Attr not supported : Dmpu
2024-11-13 12:39:21,104 [ERROR] ConditionMgr:805 - Attr not supported : Dmpu
2024-11-13 12:39:21,104 [ERROR] ConditionMgr:805 - Attr not supported : Dmpu
2024-11-13 12:39:21,104 [ERROR] ConditionMgr:805 - Attr not supported : Dmpu
2024-11-13 12:39:21,105 [ERROR] ConditionMgr:805 - Attr not supported : Dmpu
2024-11-13 12:39:21,105 [ERROR] ConditionMgr:805 - Attr not supported : Dmpu
2024-11-13 12:39:21,105 [ERROR] ConditionMgr:805 - Attr not supported : Dmpu
2024-11-13 12:39:21,105 [ERROR] ConditionMgr:805 - Attr not supported : Dmpu
2024-11-13 12:39:21,105 [ERROR] ConditionMgr:805 - Attr not supported : Dmpu
2024-11-13 12:39:21,105 [ERROR] ConditionMgr:805 - Attr not supported : Dmpu
2024-11-13 12:39:21,106 [ERROR] ConditionMgr:805 - Attr not supported : Dmpu
2024-11-13 12:39:21,106 [ERROR] ConditionMgr:805 - Attr not supported : Dmpu
2024-11-13 12:39:21,106 [ERROR] ConditionMgr:805 - Attr not supported : Dmpu
2024-11-13 12:39:21,106 [ERROR] ConditionMgr:805 - Attr not supported : Dmpu
2024-11-13 12:39:21,106 [ERROR] ConditionMgr:805 - Attr not supported : Dmpu
2024-11-13 12:39:21,106 [ERROR] ConditionMgr:805 - Attr not supported : Dmpu
2024-11-13 12:39:21,106 [ERROR] ConditionMgr:805 - Attr not supported : Dmpu
2024-11-13 12:39:21,107 [ERROR] ConditionMgr:805 - Attr not supported : Dmpu
2024-11-13 12:39:21,107 [ERROR] ConditionMgr:805 - Attr not supported : Dmpu
2024-11-13 12:39:21,108 [ERROR] ConditionMgr:805 - Attr not supported : Dmpu
2024-11-13 12:39:21,108 [ERROR] ConditionMgr:805 - Attr not supported : Dmpu
2024-11-13 12:39:21,109 [ERROR] ConditionMgr:805 - Attr not supported : Dmpu
2024-11-13 12:39:21,109 [ERROR] ConditionMgr:805 - Attr not supported : Dmpu
2024-11-13 12:39:21,110 [ERROR] ConditionMgr:805 - Attr not supported : Dmpu
2024-11-13 12:39:21,110 [ERROR] ConditionMgr:805 - Attr not supported : Dmpu
2024-11-13 12:39:21,110 [INFO] WebApp:448 - Apply proxy settings
2024-11-13 12:39:21,110 [ERROR] ConditionMgr:805 - Attr not supported : Dmpu
2024-11-13 12:39:21,111 [INFO] WebApp:533 - Chromium requires no authentication
2024-11-13 12:39:21,111 [ERROR] ConditionMgr:805 - Attr not supported : Dmpu
2024-11-13 12:39:21,111 [ERROR] ConditionMgr:805 - Attr not supported : Dmpu
2024-11-13 12:39:21,112 [ERROR] ConditionMgr:805 - Attr not supported : Dmpu
2024-11-13 12:39:21,112 [ERROR] ConditionMgr:805 - Attr not supported : Dmpu
2024-11-13 12:39:21,122 [WARN] PackLoader:240 - Cannot read IP mode file for RealThread.X-CUBE-RT-Thread_Nano.4.1.1
2024-11-13 12:39:21,127 [INFO] WebApp:476 - Direct internet connection detected
2024-11-13 12:39:21,130 [WARN] PackLoader:240 - Cannot read IP mode file for STMicroelectronics.FP-ATR-SIGFOX1.3.2.0
2024-11-13 12:39:21,145 [WARN] ConditionMgr:438 - getConditionDescription Invalid condition id : Cortex-A Device cause : null
2024-11-13 12:39:21,167 [WARN] ConditionMgr:1039 - genDependencies : Invalid condition id : Cortex-A Device cause : null
2024-11-13 12:39:21,167 [WARN] ConditionMgr:1039 - genDependencies : Invalid condition id : Cortex-A Device cause : null
2024-11-13 12:39:21,168 [WARN] ConditionMgr:1039 - genDependencies : Invalid condition id : Cortex-A Device cause : null
2024-11-13 12:39:21,177 [INFO] WebApp:869 - Register for checkConnection events
2024-11-13 12:39:21,177 [INFO] WebApp:448 - Apply proxy settings
2024-11-13 12:39:21,177 [WARN] PackLoader:240 - Cannot read IP mode file for STMicroelectronics.X-CUBE-EEPRMA1.5.1.0
2024-11-13 12:39:21,178 [INFO] WebApp:533 - Chromium requires no authentication
2024-11-13 12:39:21,179 [INFO] WebApp:476 - Direct internet connection detected
2024-11-13 12:39:21,186 [WARN] PackLoader:240 - Cannot read IP mode file for wolfSSL.I-CUBE-wolfSSL.5.7.4
2024-11-13 12:39:21,198 [WARN] PackLoader:240 - Cannot read IP mode file for ITTIA_DB.I-CUBE-ITTIADB.8.9.0
2024-11-13 12:39:21,253 [WARN] PackLoader:240 - Cannot read IP mode file for SEGGER.I-CUBE-embOS.1.3.1
2024-11-13 12:39:21,375 [WARN] PackLoader:240 - Cannot read IP mode file for STMicroelectronics.X-CUBE-ALGOBUILD.1.4.0
2024-11-13 12:39:21,383 [WARN] PackLoader:240 - Cannot read IP mode file for STMicroelectronics.X-CUBE-AI.9.1.0
2024-11-13 12:39:21,408 [WARN] PackLoader:240 - Cannot read IP mode file for STMicroelectronics.X-CUBE-AZRTOS-F4.1.1.0
2024-11-13 12:39:21,419 [WARN] PackLoader:240 - Cannot read IP mode file for STMicroelectronics.X-CUBE-ISPU.2.1.0
2024-11-13 12:39:21,427 [WARN] PackLoader:240 - Cannot read IP mode file for STMicroelectronics.X-CUBE-FREERTOS.1.2.0
2024-11-13 12:39:21,449 [WARN] PackLoader:240 - Cannot read IP mode file for STMicroelectronics.X-CUBE-AZRTOS-L5.2.0.0
2024-11-13 12:39:21,464 [WARN] PackLoader:240 - Cannot read IP mode file for STMicroelectronics.X-CUBE-NFC6.3.1.0
2024-11-13 12:39:21,476 [WARN] PackLoader:240 - Cannot read IP mode file for STMicroelectronics.X-CUBE-DPower.1.2.0
2024-11-13 12:39:21,485 [WARN] PackLoader:240 - Cannot read IP mode file for STMicroelectronics.X-CUBE-NFC7.1.0.1
2024-11-13 12:39:21,510 [WARN] ConditionMgr:438 - getConditionDescription Invalid condition id : LAN8742 Phy interface Condition cause : null
2024-11-13 12:39:21,511 [WARN] PackLoader:240 - Cannot read IP mode file for STMicroelectronics.X-CUBE-AZRTOS-L4.2.0.0
2024-11-13 12:39:21,513 [WARN] ConditionMgr:1039 - genDependencies : Invalid condition id : LAN8742 Phy interface Condition cause : null
2024-11-13 12:39:21,513 [WARN] ConditionMgr:1039 - genDependencies : Invalid condition id : LAN8742 Phy interface Condition cause : null
2024-11-13 12:39:21,514 [WARN] ConditionMgr:1039 - genDependencies : Invalid condition id : LAN8742 Phy interface Condition cause : null
2024-11-13 12:39:21,526 [WARN] PackLoader:240 - Cannot read IP mode file for STMicroelectronics.X-CUBE-SFXS2LP1.4.0.0
2024-11-13 12:39:21,571 [WARN] PackLoader:240 - Cannot read IP mode file for STMicroelectronics.X-CUBE-AZRTOS-H7.3.3.0
2024-11-13 12:39:21,599 [WARN] PackLoader:240 - Cannot read IP mode file for STMicroelectronics.X-CUBE-IPS.3.0.0
2024-11-13 12:39:21,637 [INFO] WebApp:220 - Starting web application
2024-11-13 12:39:21,637 [INFO] WebApp:578 - Web application path used C:\ST\STM32CubeIDE_1.16.1\STM32CubeIDE\plugins\com.st.stm32cube.common.mx_6.12.1.202409122256\db\plugins\mcufinder\reactClient1\index.html
2024-11-13 12:39:21,643 [WARN] ConditionMgr:438 - getConditionDescription Invalid condition id : UX DEVICE CLASS RTOS Condition cause : null
2024-11-13 12:39:21,644 [WARN] ConditionMgr:438 - getConditionDescription Invalid condition id : UX DEVICE CLASS RTOS Condition cause : null
2024-11-13 12:39:21,650 [WARN] PackLoader:240 - Cannot read IP mode file for STMicroelectronics.X-CUBE-AZRTOS-WB.2.0.0
2024-11-13 12:39:21,653 [WARN] ConditionMgr:1039 - genDependencies : Invalid condition id : UX DEVICE CLASS RTOS Condition cause : null
2024-11-13 12:39:21,653 [WARN] ConditionMgr:1039 - genDependencies : Invalid condition id : UX DEVICE CLASS RTOS Condition cause : null
2024-11-13 12:39:21,654 [WARN] ConditionMgr:1039 - genDependencies : Invalid condition id : UX DEVICE CLASS RTOS Condition cause : null
2024-11-13 12:39:21,655 [WARN] ConditionMgr:1039 - genDependencies : Invalid condition id : UX DEVICE CLASS RTOS Condition cause : null
2024-11-13 12:39:21,656 [WARN] ConditionMgr:1039 - genDependencies : Invalid condition id : UX DEVICE CLASS RTOS Condition cause : null
2024-11-13 12:39:21,671 [WARN] PackLoader:240 - Cannot read IP mode file for STMicroelectronics.X-CUBE-GNSS1.7.0.0
2024-11-13 12:39:21,702 [WARN] PackLoader:240 - Cannot read IP mode file for STMicroelectronics.FP-SNS-STBOX1.2.0.0
2024-11-13 12:39:21,750 [WARN] PackLoader:240 - Cannot read IP mode file for STMicroelectronics.X-CUBE-SUBG2.5.0.0
2024-11-13 12:39:21,772 [WARN] PackLoader:240 - Cannot read IP mode file for Cesanta.I-CUBE-Mongoose.7.13.0
2024-11-13 12:39:21,809 [WARN] PackLoader:240 - Cannot read IP mode file for STMicroelectronics.X-CUBE-AZRTOS-G4.2.0.0
2024-11-13 12:39:21,823 [WARN] PackLoader:240 - Cannot read IP mode file for STMicroelectronics.X-CUBE-ALS.1.0.2
2024-11-13 12:39:21,836 [WARN] PackLoader:240 - Cannot read IP mode file for STMicroelectronics.X-CUBE-TOUCHGFX.4.24.1
2024-11-13 12:39:21,844 [WARN] PackLoader:240 - Cannot read IP mode file for wolfSSL.I-CUBE-wolfTPM.3.4.0
2024-11-13 12:39:21,855 [WARN] PackLoader:240 - Cannot read IP mode file for portGmbH.I-Cube-SoM-uGOAL.1.1.0
2024-11-13 12:39:21,876 [INFO] WebApp:186 - Connection restablished
2024-11-13 12:39:21,893 [WARN] PackLoader:240 - Cannot read IP mode file for STMicroelectronics.X-CUBE-AZRTOS-H7RS.1.0.0
2024-11-13 12:39:21,919 [WARN] PackLoader:240 - Cannot read IP mode file for STMicroelectronics.X-CUBE-TOF1.3.4.2
2024-11-13 12:39:21,986 [WARN] PackLoader:240 - Cannot read IP mode file for Infineon.AIROC-Wi-Fi-Bluetooth-STM32.1.6.1
2024-11-13 12:39:22,007 [WARN] PackLoader:240 - Cannot read IP mode file for wolfSSL.I-CUBE-wolfSSH.1.4.17
2024-11-13 12:39:22,008 [INFO] ThirdParty:978 - Integrity check success = true
2024-11-13 12:39:22,011 [INFO] IntegrityCheckThread:100 - exiting critical section [integrity check]
2024-11-13 12:39:22,011 [INFO] IntegrityCheckThread:103 - End integrity checks thread
2024-11-13 13:07:23,027 [INFO] WebApp:189 - Connection lost
2024-11-13 13:07:23,211 [INFO] WebApp:186 - Connection restablished
2024-11-13 13:17:50,516 [INFO] WebApp:189 - Connection lost
2024-11-13 13:17:50,679 [INFO] WebApp:186 - Connection restablished
2024-11-13 13:48:04,534 [INFO] WebApp:189 - Connection lost
2024-11-13 13:48:04,917 [INFO] WebApp:186 - Connection restablished
2024-11-13 14:17:52,997 [INFO] WebApp:189 - Connection lost
2024-11-13 14:17:53,156 [INFO] WebApp:186 - Connection restablished
2024-11-13 14:47:53,507 [INFO] WebApp:189 - Connection lost
2024-11-13 14:47:53,672 [INFO] WebApp:186 - Connection restablished
2024-11-13 15:17:24,526 [INFO] WebApp:189 - Connection lost
2024-11-13 15:17:24,705 [INFO] WebApp:186 - Connection restablished
2024-11-13 15:46:55,542 [INFO] WebApp:189 - Connection lost
2024-11-13 15:46:55,917 [INFO] WebApp:186 - Connection restablished
2024-11-13 16:00:37,356 [ERROR] LogOutputStream:75 - [STDERR_REDIRECT] 
