2024-12-06 17:17:48,242 [INFO] Activator:176 - 


2024-12-06 17:17:48,258 [INFO] Activator:177 - !SESSION log4j initialized
2024-12-06 17:17:58,746 [INFO] LogOutputStream:77 - [STDOUT_REDIRECT] 
2024-12-06 17:18:00,911 [INFO] ApplicationProperties:184 - Using Application install path: C:\ST\STM32CubeIDE_1.16.1\STM32CubeIDE\plugins\com.st.stm32cube.common.mx_6.12.1.202409122256
2024-12-06 17:18:00,953 [INFO] DbMcusXml:78 - Set database path to: C:\ST\STM32CubeIDE_1.16.1\STM32CubeIDE\plugins\com.st.stm32cube.common.mx_6.12.1.202409122256\\db\/mcu/
2024-12-06 17:18:00,954 [INFO] ApiDb:274 - Set plugin database path to: C:\ST\STM32CubeIDE_1.16.1\STM32CubeIDE\plugins\com.st.stm32cube.common.mx_6.12.1.202409122256\\db\/plugins/boardmanager/
2024-12-06 17:18:00,955 [WARN] ApiDb:259 - Overriding images path with different value:  => C:\ST\STM32CubeIDE_1.16.1\STM32CubeIDE\plugins\com.st.stm32cube.common.mx_6.12.1.202409122256\\db\/plugins/mcufinder/images/
2024-12-06 17:18:00,975 [INFO] ApiDb:250 - Set database path to: C:\Users\ajara\.stmcufinder\plugins\mcufinder//mcu/
2024-12-06 17:18:00,977 [INFO] DbMcusAds:125 - Set database path to: C:\Users\ajara\.stmcufinder\plugins\mcufinder//mcu/
2024-12-06 17:18:00,982 [INFO] CrossReferenceDbSqlite:203 - Set database path to: C:\Users\ajara\.stmcufinder\plugins\mcufinder//mcu/cs/
2024-12-06 17:18:01,189 [INFO] RulesReader:64 - Compatibility file has been processed (297 Rules)
2024-12-06 17:18:01,371 [INFO] DbMcusXml:78 - Set database path to: C:\ST\STM32CubeIDE_1.16.1\STM32CubeIDE\plugins\com.st.stm32cube.common.mx_6.12.1.202409122256\\db\/mcu/
2024-12-06 17:18:01,371 [INFO] ApiDb:274 - Set plugin database path to: C:\ST\STM32CubeIDE_1.16.1\STM32CubeIDE\plugins\com.st.stm32cube.common.mx_6.12.1.202409122256\\db\/plugins/boardmanager/
2024-12-06 17:18:01,371 [INFO] ApiDb:261 - Set plugin images path to: C:\ST\STM32CubeIDE_1.16.1\STM32CubeIDE\plugins\com.st.stm32cube.common.mx_6.12.1.202409122256\\db\/plugins/mcufinder/images/
2024-12-06 17:18:01,371 [WARN] DbFile:41 - Overriding database path with different value: C:\Users\ajara\.stmcufinder\plugins\mcufinder/ => C:\Users\ajara\.stmcufinder\plugins\mcufinder
2024-12-06 17:18:01,372 [INFO] ApiDb:250 - Set database path to: C:\Users\ajara\.stmcufinder\plugins\mcufinder//mcu/
2024-12-06 17:18:01,372 [WARN] DbFile:41 - Overriding database path with different value: C:\Users\ajara\.stmcufinder\plugins\mcufinder/ => C:\Users\ajara\.stmcufinder\plugins\mcufinder
2024-12-06 17:18:01,372 [INFO] DbMcusAds:125 - Set database path to: C:\Users\ajara\.stmcufinder\plugins\mcufinder//mcu/
2024-12-06 17:18:01,372 [WARN] DbFile:41 - Overriding database path with different value: C:\Users\ajara\.stmcufinder\plugins\mcufinder/ => C:\Users\ajara\.stmcufinder\plugins\mcufinder
2024-12-06 17:18:01,372 [WARN] DbFile:41 - Overriding database path with different value: C:\Users\ajara\.stmcufinder\plugins\mcufinder/ => C:\Users\ajara\.stmcufinder\plugins\mcufinder
2024-12-06 17:18:01,372 [INFO] CrossReferenceDbSqlite:203 - Set database path to: C:\Users\ajara\.stmcufinder\plugins\mcufinder//mcu/cs/
2024-12-06 17:18:01,543 [INFO] MainPanel:268 - HeapMemory: 268435456
2024-12-06 17:18:01,738 [INFO] DbMcusXml:78 - Set database path to: C:\ST\STM32CubeIDE_1.16.1\STM32CubeIDE\plugins\com.st.stm32cube.common.mx_6.12.1.202409122256\\db\/mcu/
2024-12-06 17:18:01,739 [INFO] ApiDb:274 - Set plugin database path to: C:\ST\STM32CubeIDE_1.16.1\STM32CubeIDE\plugins\com.st.stm32cube.common.mx_6.12.1.202409122256\\db\/plugins/boardmanager/
2024-12-06 17:18:01,739 [INFO] ApiDb:261 - Set plugin images path to: C:\ST\STM32CubeIDE_1.16.1\STM32CubeIDE\plugins\com.st.stm32cube.common.mx_6.12.1.202409122256\\db\/plugins/mcufinder/images/
2024-12-06 17:18:01,739 [WARN] DbFile:41 - Overriding database path with different value: C:\Users\ajara\.stmcufinder\plugins\mcufinder/ => C:\Users\ajara\.stmcufinder\plugins\mcufinder
2024-12-06 17:18:01,740 [INFO] ApiDb:250 - Set database path to: C:\Users\ajara\.stmcufinder\plugins\mcufinder//mcu/
2024-12-06 17:18:01,740 [WARN] DbFile:41 - Overriding database path with different value: C:\Users\ajara\.stmcufinder\plugins\mcufinder/ => C:\Users\ajara\.stmcufinder\plugins\mcufinder
2024-12-06 17:18:01,740 [INFO] DbMcusAds:125 - Set database path to: C:\Users\ajara\.stmcufinder\plugins\mcufinder//mcu/
2024-12-06 17:18:01,740 [WARN] DbFile:41 - Overriding database path with different value: C:\Users\ajara\.stmcufinder\plugins\mcufinder/ => C:\Users\ajara\.stmcufinder\plugins\mcufinder
2024-12-06 17:18:01,740 [WARN] DbFile:41 - Overriding database path with different value: C:\Users\ajara\.stmcufinder\plugins\mcufinder/ => C:\Users\ajara\.stmcufinder\plugins\mcufinder
2024-12-06 17:18:01,741 [INFO] CrossReferenceDbSqlite:203 - Set database path to: C:\Users\ajara\.stmcufinder\plugins\mcufinder//mcu/cs/
2024-12-06 17:18:01,772 [INFO] ApplicationProperties:184 - Using Application install path: C:\ST\STM32CubeIDE_1.16.1\STM32CubeIDE\plugins\com.st.stm32cube.common.mx_6.12.1.202409122256
2024-12-06 17:18:01,775 [INFO] PluginManage:196 - Search for loadable plugins [exclusion list=, ]
2024-12-06 17:18:01,778 [INFO] PluginManage:310 - Check plugin analytics
2024-12-06 17:18:02,137 [INFO] AnalyticsPlugin:253 - Accepted Software Licenses: 
2024-12-06 17:18:02,138 [INFO] AnalyticsPlugin:255 - Accepted CMSIS Pack Licenses: 
2024-12-06 17:18:02,139 [INFO] AnalyticsPlugin:257 - Accepted Firmware Licenses: FW.F4.1.28.0
2024-12-06 17:18:02,146 [INFO] PluginManage:359 - Loaded plugin analytics (category:tool,tabindex:-1)
2024-12-06 17:18:02,147 [INFO] PluginManage:310 - Check plugin cadmodel
2024-12-06 17:18:02,158 [INFO] CADModel:105 - Init CAD model plugin
2024-12-06 17:18:02,158 [INFO] PluginManage:359 - Loaded plugin cadmodel (category:power,tabindex:5)
2024-12-06 17:18:02,159 [INFO] PluginManage:310 - Check plugin clock
2024-12-06 17:18:02,186 [INFO] PluginManage:359 - Loaded plugin clock (category:base,tabindex:2)
2024-12-06 17:18:02,186 [INFO] PluginManage:310 - Check plugin ddr
2024-12-06 17:18:02,192 [INFO] PluginManage:359 - Loaded plugin ddr (category:tool,tabindex:6)
2024-12-06 17:18:02,192 [INFO] PluginManage:310 - Check plugin filemanager
2024-12-06 17:18:02,493 [INFO] PluginManage:359 - Loaded plugin filemanager (category:base,tabindex:10)
2024-12-06 17:18:02,494 [INFO] PluginManage:310 - Check plugin ipmanager
2024-12-06 17:18:02,509 [INFO] PluginManage:359 - Loaded plugin ipmanager (category:base,tabindex:5)
2024-12-06 17:18:02,509 [INFO] PluginManage:310 - Check plugin lpbam
2024-12-06 17:18:02,527 [INFO] PluginManage:359 - Loaded plugin lpbam (category:base,tabindex:0)
2024-12-06 17:18:02,527 [INFO] PluginManage:310 - Check plugin memorymap
2024-12-06 17:18:02,554 [INFO] PluginManage:359 - Loaded plugin memorymap (category:base,tabindex:4)
2024-12-06 17:18:02,554 [INFO] PluginManage:310 - Check plugin pinoutandconfiguration
2024-12-06 17:18:02,572 [INFO] PluginManage:359 - Loaded plugin pinoutandconfiguration (category:base,tabindex:1)
2024-12-06 17:18:02,572 [INFO] PluginManage:310 - Check plugin pinoutconfig
2024-12-06 17:18:02,761 [WARN] SupportedApi:132 - Cannot load RTOS API schema: s4s-elt-must-match.1: The content of 'definitions' must match (annotation?, (simpleType | complexType)?, (unique | key | keyref)*)). A problem was found starting at: attribute.
2024-12-06 17:18:03,078 [INFO] PluginManage:359 - Loaded plugin pinoutconfig (category:base,tabindex:0)
2024-12-06 17:18:03,080 [INFO] PluginManage:310 - Check plugin power
2024-12-06 17:18:03,109 [INFO] PluginManage:359 - Loaded plugin power (category:power,tabindex:4)
2024-12-06 17:18:03,110 [INFO] PluginManage:310 - Check plugin projectmanager
2024-12-06 17:18:03,150 [INFO] PluginManage:359 - Loaded plugin projectmanager (category:projectmanager,tabindex:4)
2024-12-06 17:18:03,150 [INFO] PluginManage:310 - Check plugin rif
2024-12-06 17:18:03,164 [INFO] PluginManage:359 - Loaded plugin rif (category:base,tabindex:3)
2024-12-06 17:18:03,164 [INFO] PluginManage:310 - Check plugin thirdparty
2024-12-06 17:18:03,473 [INFO] PluginManage:359 - Loaded plugin thirdparty (category:base,tabindex:-1)
2024-12-06 17:18:03,473 [WARN] IntegrityCheckThread:84 - waiting for thirdparty lock release [integrity check]
2024-12-06 17:18:03,474 [INFO] IntegrityCheckThread:86 - entering critical section [integrity check]
2024-12-06 17:18:03,474 [INFO] PluginManage:310 - Check plugin tools
2024-12-06 17:18:03,474 [INFO] ThirdPartyUpdaterWithRetryManager:70 - Updater plugin not ready yet. [1/15]
2024-12-06 17:18:03,479 [INFO] PluginManage:359 - Loaded plugin tools (category:base,tabindex:7)
2024-12-06 17:18:03,480 [INFO] PluginManage:310 - Check plugin tutovideos
2024-12-06 17:18:03,823 [INFO] PluginManage:359 - Loaded plugin tutovideos (category:base,tabindex:-1)
2024-12-06 17:18:03,824 [INFO] PluginManage:310 - Check plugin updater
2024-12-06 17:18:03,857 [INFO] PluginManage:359 - Loaded plugin updater (category:base,tabindex:12)
2024-12-06 17:18:03,858 [INFO] PluginManage:310 - Check plugin userauth
2024-12-06 17:18:03,871 [INFO] UserAuth:113 - Init User Auth plugin
2024-12-06 17:18:03,871 [INFO] PluginManage:359 - Loaded plugin userauth (category:base,tabindex:14)
2024-12-06 17:18:03,872 [INFO] PluginManage:283 - PluginManage : Loaded plugins [18]
2024-12-06 17:18:04,294 [INFO] PinOutPanel:1561 - setPackage(No Configuration,No Configuration)
2024-12-06 17:18:04,452 [INFO] CADModel:165 - CPN selected for project level
2024-12-06 17:18:04,452 [INFO] CADModel:114 - Register for checkConnection events
2024-12-06 17:18:04,484 [INFO] IPUIPlugin:80 - create IPUIPlugin
2024-12-06 17:18:04,485 [INFO] PluginManager:220 - loadIPPluginJar : add adc
2024-12-06 17:18:04,490 [INFO] IPUIPlugin:80 - create IPUIPlugin
2024-12-06 17:18:04,491 [INFO] PluginManager:220 - loadIPPluginJar : add aes
2024-12-06 17:18:04,497 [INFO] IPUIPlugin:80 - create IPUIPlugin
2024-12-06 17:18:04,497 [INFO] PluginManager:220 - loadIPPluginJar : add can
2024-12-06 17:18:04,501 [INFO] IPUIPlugin:80 - create IPUIPlugin
2024-12-06 17:18:04,501 [INFO] PluginManager:220 - loadIPPluginJar : add comp
2024-12-06 17:18:04,505 [INFO] IPUIPlugin:80 - create IPUIPlugin
2024-12-06 17:18:04,505 [INFO] PluginManager:220 - loadIPPluginJar : add cryp
2024-12-06 17:18:04,512 [INFO] IPUIPlugin:80 - create IPUIPlugin
2024-12-06 17:18:04,512 [INFO] PluginManager:220 - loadIPPluginJar : add ddr_ctrl_phy
2024-12-06 17:18:04,518 [INFO] IPUIPlugin:80 - create IPUIPlugin
2024-12-06 17:18:04,518 [INFO] PluginManager:220 - loadIPPluginJar : add dfsdm
2024-12-06 17:18:04,528 [INFO] IPUIPlugin:80 - create IPUIPlugin
2024-12-06 17:18:04,529 [INFO] PluginManager:220 - loadIPPluginJar : add dma
2024-12-06 17:18:04,535 [INFO] IPUIPlugin:80 - create IPUIPlugin
2024-12-06 17:18:04,535 [INFO] PluginManager:220 - loadIPPluginJar : add dma3
2024-12-06 17:18:04,540 [INFO] IPUIPlugin:80 - create IPUIPlugin
2024-12-06 17:18:04,541 [INFO] PluginManager:220 - loadIPPluginJar : add extmemmanager
2024-12-06 17:18:04,544 [INFO] IPUIPlugin:80 - create IPUIPlugin
2024-12-06 17:18:04,544 [INFO] PluginManager:220 - loadIPPluginJar : add fatfs
2024-12-06 17:18:04,554 [INFO] IPUIPlugin:80 - create IPUIPlugin
2024-12-06 17:18:04,555 [INFO] PluginManager:220 - loadIPPluginJar : add fmc
2024-12-06 17:18:04,567 [INFO] IPUIPlugin:80 - create IPUIPlugin
2024-12-06 17:18:04,567 [INFO] PluginManager:220 - loadIPPluginJar : add freertos
2024-12-06 17:18:04,572 [INFO] IPUIPlugin:80 - create IPUIPlugin
2024-12-06 17:18:04,572 [INFO] PluginManager:220 - loadIPPluginJar : add genericplugin
2024-12-06 17:18:04,579 [INFO] IPUIPlugin:80 - create IPUIPlugin
2024-12-06 17:18:04,579 [INFO] PluginManager:220 - loadIPPluginJar : add gfxmmu
2024-12-06 17:18:04,588 [INFO] IPUIPlugin:80 - create IPUIPlugin
2024-12-06 17:18:04,588 [INFO] PluginManager:220 - loadIPPluginJar : add gic
2024-12-06 17:18:04,596 [INFO] IPUIPlugin:80 - create IPUIPlugin
2024-12-06 17:18:04,596 [INFO] PluginManager:220 - loadIPPluginJar : add gpio
2024-12-06 17:18:04,602 [INFO] IPUIPlugin:80 - create IPUIPlugin
2024-12-06 17:18:04,602 [INFO] PluginManager:220 - loadIPPluginJar : add gtzc
2024-12-06 17:18:04,607 [INFO] IPUIPlugin:80 - create IPUIPlugin
2024-12-06 17:18:04,607 [INFO] PluginManager:220 - loadIPPluginJar : add hash
2024-12-06 17:18:04,613 [INFO] IPUIPlugin:80 - create IPUIPlugin
2024-12-06 17:18:04,613 [INFO] PluginManager:220 - loadIPPluginJar : add i2c
2024-12-06 17:18:04,618 [INFO] IPUIPlugin:80 - create IPUIPlugin
2024-12-06 17:18:04,618 [INFO] PluginManager:220 - loadIPPluginJar : add i2s
2024-12-06 17:18:04,623 [INFO] IPUIPlugin:80 - create IPUIPlugin
2024-12-06 17:18:04,623 [INFO] PluginManager:220 - loadIPPluginJar : add i3c
2024-12-06 17:18:04,628 [INFO] IPUIPlugin:80 - create IPUIPlugin
2024-12-06 17:18:04,629 [INFO] PluginManager:220 - loadIPPluginJar : add ipddr
2024-12-06 17:18:04,642 [INFO] IPUIPlugin:80 - create IPUIPlugin
2024-12-06 17:18:04,642 [INFO] PluginManager:220 - loadIPPluginJar : add linkedlist
2024-12-06 17:18:04,647 [INFO] IPUIPlugin:80 - create IPUIPlugin
2024-12-06 17:18:04,647 [INFO] PluginManager:220 - loadIPPluginJar : add lorawan
2024-12-06 17:18:04,650 [INFO] IPUIPlugin:80 - create IPUIPlugin
2024-12-06 17:18:04,651 [INFO] PluginManager:220 - loadIPPluginJar : add ltdc
2024-12-06 17:18:04,660 [INFO] IPUIPlugin:80 - create IPUIPlugin
2024-12-06 17:18:04,661 [INFO] PluginManager:220 - loadIPPluginJar : add mdma
2024-12-06 17:18:04,666 [INFO] IPUIPlugin:80 - create IPUIPlugin
2024-12-06 17:18:04,667 [INFO] PluginManager:220 - loadIPPluginJar : add nvic
2024-12-06 17:18:04,672 [INFO] IPUIPlugin:80 - create IPUIPlugin
2024-12-06 17:18:04,672 [INFO] PluginManager:220 - loadIPPluginJar : add opamp
2024-12-06 17:18:04,679 [INFO] IPUIPlugin:80 - create IPUIPlugin
2024-12-06 17:18:04,679 [INFO] PluginManager:220 - loadIPPluginJar : add openamp
2024-12-06 17:18:04,687 [INFO] IPUIPlugin:80 - create IPUIPlugin
2024-12-06 17:18:04,687 [INFO] PluginManager:220 - loadIPPluginJar : add pdm2pcm
2024-12-06 17:18:04,700 [INFO] IPUIPlugin:80 - create IPUIPlugin
2024-12-06 17:18:04,705 [INFO] PluginManager:220 - loadIPPluginJar : add plateformsettings
2024-12-06 17:18:04,708 [INFO] IPUIPlugin:80 - create IPUIPlugin
2024-12-06 17:18:04,709 [INFO] PluginManager:220 - loadIPPluginJar : add quadspi
2024-12-06 17:18:04,713 [INFO] IPUIPlugin:80 - create IPUIPlugin
2024-12-06 17:18:04,715 [INFO] PluginManager:220 - loadIPPluginJar : add radio
2024-12-06 17:18:04,724 [INFO] IPUIPlugin:80 - create IPUIPlugin
2024-12-06 17:18:04,724 [INFO] PluginManager:220 - loadIPPluginJar : add resmgrutility
2024-12-06 17:18:04,730 [INFO] IPUIPlugin:80 - create IPUIPlugin
2024-12-06 17:18:04,730 [INFO] PluginManager:220 - loadIPPluginJar : add sai
2024-12-06 17:18:04,735 [INFO] IPUIPlugin:80 - create IPUIPlugin
2024-12-06 17:18:04,735 [INFO] PluginManager:220 - loadIPPluginJar : add spi
2024-12-06 17:18:04,745 [INFO] IPUIPlugin:80 - create IPUIPlugin
2024-12-06 17:18:04,745 [INFO] PluginManager:220 - loadIPPluginJar : add stm32_wpan
2024-12-06 17:18:04,750 [INFO] IPUIPlugin:80 - create IPUIPlugin
2024-12-06 17:18:04,750 [INFO] PluginManager:220 - loadIPPluginJar : add tim
2024-12-06 17:18:04,758 [INFO] IPUIPlugin:80 - create IPUIPlugin
2024-12-06 17:18:04,759 [INFO] PluginManager:220 - loadIPPluginJar : add touchsensing
2024-12-06 17:18:04,763 [INFO] IPUIPlugin:80 - create IPUIPlugin
2024-12-06 17:18:04,764 [INFO] PluginManager:220 - loadIPPluginJar : add tracer_emb
2024-12-06 17:18:04,768 [INFO] IPUIPlugin:80 - create IPUIPlugin
2024-12-06 17:18:04,768 [INFO] PluginManager:220 - loadIPPluginJar : add ts
2024-12-06 17:18:04,772 [INFO] IPUIPlugin:80 - create IPUIPlugin
2024-12-06 17:18:04,772 [INFO] PluginManager:220 - loadIPPluginJar : add tsc
2024-12-06 17:18:04,776 [INFO] IPUIPlugin:80 - create IPUIPlugin
2024-12-06 17:18:04,776 [INFO] PluginManager:220 - loadIPPluginJar : add ucpd
2024-12-06 17:18:04,783 [INFO] IPUIPlugin:80 - create IPUIPlugin
2024-12-06 17:18:04,783 [INFO] PluginManager:220 - loadIPPluginJar : add usart
2024-12-06 17:18:04,790 [INFO] IPUIPlugin:80 - create IPUIPlugin
2024-12-06 17:18:04,790 [INFO] PluginManager:220 - loadIPPluginJar : add usbx
2024-12-06 17:18:04,991 [INFO] CADModel:165 - CPN selected for project level
2024-12-06 17:18:04,991 [INFO] CADModel:114 - Register for checkConnection events
2024-12-06 17:18:04,992 [FATAL] Updater:334 - Updater called before beeing initialized
2024-12-06 17:18:04,992 [ERROR] CADModel:125 - Updater not yet initialized, retry later 
2024-12-06 17:18:05,272 [INFO] CADModel:165 - CPN selected for project level
2024-12-06 17:18:05,272 [INFO] CADModel:114 - Register for checkConnection events
2024-12-06 17:18:05,272 [FATAL] Updater:334 - Updater called before beeing initialized
2024-12-06 17:18:05,273 [ERROR] CADModel:125 - Updater not yet initialized, retry later 
2024-12-06 17:18:05,278 [FATAL] Updater:334 - Updater called before beeing initialized
2024-12-06 17:18:05,476 [FATAL] Updater:334 - Updater called before beeing initialized
2024-12-06 17:18:05,484 [INFO] DbMcusAds:53 - JSON generation date=Fri Sep 20 15:04:38 CEST 2024 (1726837478367)
2024-12-06 17:18:05,484 [FATAL] Updater:334 - Updater called before beeing initialized
2024-12-06 17:18:05,557 [WARN] DetailPanel:346 - Failed to get advertising image, set to default
2024-12-06 17:18:05,742 [FATAL] Updater:334 - Updater called before beeing initialized
2024-12-06 17:18:05,745 [FATAL] Updater:334 - Updater called before beeing initialized
2024-12-06 17:18:05,745 [FATAL] Updater:334 - Updater called before beeing initialized
2024-12-06 17:18:05,745 [WARN] DetailPanel:346 - Failed to get advertising image, set to default
2024-12-06 17:18:05,747 [FATAL] Updater:334 - Updater called before beeing initialized
2024-12-06 17:18:05,853 [ERROR] Updater:1164 - MainUpdater not yet initialized. External WinMGr cannot be set.
2024-12-06 17:18:05,858 [INFO] Updater:1100 - Updater Version found : 6.12.1
2024-12-06 17:18:05,906 [INFO] ApplicationProperties:184 - Using Application install path: C:\ST\STM32CubeIDE_1.16.1\STM32CubeIDE\plugins\com.st.stm32cube.common.mx_6.12.1.202409122256
2024-12-06 17:18:06,476 [INFO] ThirdPartyUpdaterWithRetryManager:70 - Updater plugin not ready yet. [2/15]
2024-12-06 17:18:07,499 [ERROR] LogOutputStream:75 - [STDERR_REDIRECT] Dec 06, 2024 5:18:07 PM java.util.prefs.WindowsPreferences <init>
2024-12-06 17:18:07,502 [ERROR] LogOutputStream:75 - [STDERR_REDIRECT] WARNING: Could not open/create prefs root node Software\JavaSoft\Prefs at root 0xffffffff80000002. Windows RegCreateKeyEx(...) returned error code 5.
2024-12-06 17:18:07,502 [ERROR] LogOutputStream:75 - [STDERR_REDIRECT] 
2024-12-06 17:18:08,310 [INFO] MainUpdater:2873 - connection check result : 10
2024-12-06 17:18:08,312 [INFO] MainUpdater:290 - Updater Check For Update Now.
2024-12-06 17:18:08,312 [INFO] MicroXplorer:498 - Change Database Version : DB.6.0.121
2024-12-06 17:18:08,361 [INFO] McuFinderGlobals:63 - Set McuFinder mode to 2 (CubeIDE integrated)
2024-12-06 17:18:08,362 [INFO] UserAuth:179 - activating auth plugin
2024-12-06 17:18:08,375 [INFO] UserAuth:417 - Internet connection configuration mode: 1
2024-12-06 17:18:08,459 [INFO] JxBrowserEngine:152 - Initiate JxBrowser Engine with user profile folder
2024-12-06 17:18:08,622 [INFO] CheckServerUpdateThread:120 - End of CheckServer Thread
2024-12-06 17:18:10,411 [WARN] PackLoader:240 - Cannot read IP mode file for STMicroelectronics.FP-SNS-MOTENVWB1.1.4.0
2024-12-06 17:18:10,430 [WARN] PackLoader:240 - Cannot read IP mode file for STMicroelectronics.FP-ATR-ASTRA1.2.0.1
2024-12-06 17:18:10,452 [WARN] PackLoader:240 - Cannot read IP mode file for STMicroelectronics.X-CUBE-SMBUS.2.1.0
2024-12-06 17:18:10,474 [WARN] PackLoader:240 - Cannot read IP mode file for STMicroelectronics.X-CUBE-WB05N.1.1.0
2024-12-06 17:18:10,543 [WARN] PackLoader:240 - Cannot read IP mode file for STMicroelectronics.X-CUBE-AZRTOS-F7.1.1.0
2024-12-06 17:18:10,687 [INFO] WebApp:167 - Instantiating new browser for Auth
2024-12-06 17:18:10,691 [WARN] PackLoader:240 - Cannot read IP mode file for STMicroelectronics.X-CUBE-MEMS1.11.0.0
2024-12-06 17:18:11,070 [WARN] PackLoader:240 - Cannot read IP mode file for STMicroelectronics.FP-SNS-FLIGHT1.5.0.2
2024-12-06 17:18:11,089 [WARN] PackLoader:240 - Cannot read IP mode file for STMicroelectronics.X-CUBE-DISPLAY.3.0.0
2024-12-06 17:18:11,110 [WARN] PackLoader:240 - Cannot read IP mode file for STMicroelectronics.X-CUBE-BLE1.7.0.0
2024-12-06 17:18:11,123 [WARN] PackLoader:240 - Cannot read IP mode file for STMicroelectronics.X-CUBE-NFC10.1.0.0
2024-12-06 17:18:11,137 [WARN] PackLoader:240 - Cannot read IP mode file for emotas.I-CUBE-CANOPEN.1.3.0
2024-12-06 17:18:11,154 [WARN] PackLoader:240 - Cannot read IP mode file for STMicroelectronics.X-CUBE-BLEMGR.3.1.0
2024-12-06 17:18:11,167 [WARN] PackLoader:240 - Cannot read IP mode file for STMicroelectronics.FP-SNS-SMARTAG2.1.2.0
2024-12-06 17:18:11,185 [INFO] LogOutputStream:77 - [STDOUT_REDIRECT] 1 : Invalid condition id : UX_CORESTACK_Condition cause : null
2024-12-06 17:18:11,186 [INFO] LogOutputStream:77 - [STDOUT_REDIRECT] 1 : Invalid condition id : UX_CORESTACK_Condition cause : null
2024-12-06 17:18:11,190 [INFO] LogOutputStream:77 - [STDOUT_REDIRECT] 1 : Invalid condition id : UX_CORESTACK_Condition cause : null
2024-12-06 17:18:11,192 [INFO] LogOutputStream:77 - [STDOUT_REDIRECT] 1 : Invalid condition id : UX_CORESTACK_Condition cause : null
2024-12-06 17:18:11,195 [INFO] LogOutputStream:77 - [STDOUT_REDIRECT] 1 : Invalid condition id : UX_CORESTACK_Condition cause : null
2024-12-06 17:18:11,203 [WARN] PackLoader:240 - Cannot read IP mode file for STMicroelectronics.X-CUBE-AZRTOS-WL.2.0.0
2024-12-06 17:18:11,227 [WARN] PackLoader:240 - Cannot read IP mode file for STMicroelectronics.FP-SNS-MOTENV1.5.0.0
2024-12-06 17:18:11,239 [WARN] PackLoader:240 - Cannot read IP mode file for wolfSSL.I-CUBE-wolfMQTT.1.19.0
2024-12-06 17:18:11,255 [WARN] PackLoader:240 - Cannot read IP mode file for WES.I-CUBE-Cesium.1.3.0
2024-12-06 17:18:11,280 [WARN] PackLoader:240 - Cannot read IP mode file for STMicroelectronics.X-CUBE-BLE2.3.3.0
2024-12-06 17:18:11,298 [WARN] PackLoader:240 - Cannot read IP mode file for STMicroelectronics.X-CUBE-NFC9.1.0.0
2024-12-06 17:18:11,320 [WARN] PackLoader:240 - Cannot read IP mode file for STMicroelectronics.X-CUBE-TCPP.4.1.0
2024-12-06 17:18:11,358 [WARN] PackLoader:240 - Cannot read IP mode file for STMicroelectronics.X-CUBE-AZRTOS-G0.1.1.0
2024-12-06 17:18:11,417 [WARN] PackLoader:240 - Cannot read IP mode file for STMicroelectronics.X-CUBE-SAFEA1.1.2.2
2024-12-06 17:18:11,431 [WARN] PackLoader:240 - Cannot read IP mode file for STMicroelectronics.X-CUBE-NFC4.3.0.0
2024-12-06 17:18:11,454 [WARN] PackLoader:240 - Cannot read IP mode file for EmbeddedOffice.I-CUBE-FS-RTOS.1.0.1
2024-12-06 17:18:11,455 [ERROR] ConditionMgr:805 - Attr not supported : Dmpu
2024-12-06 17:18:11,455 [ERROR] ConditionMgr:805 - Attr not supported : Dmpu
2024-12-06 17:18:11,455 [ERROR] ConditionMgr:805 - Attr not supported : Dmpu
2024-12-06 17:18:11,456 [ERROR] ConditionMgr:805 - Attr not supported : Dmpu
2024-12-06 17:18:11,456 [ERROR] ConditionMgr:805 - Attr not supported : Dmpu
2024-12-06 17:18:11,456 [ERROR] ConditionMgr:805 - Attr not supported : Dmpu
2024-12-06 17:18:11,456 [ERROR] ConditionMgr:805 - Attr not supported : Dmpu
2024-12-06 17:18:11,456 [ERROR] ConditionMgr:805 - Attr not supported : Dmpu
2024-12-06 17:18:11,456 [ERROR] ConditionMgr:805 - Attr not supported : Dmpu
2024-12-06 17:18:11,457 [ERROR] ConditionMgr:805 - Attr not supported : Dmpu
2024-12-06 17:18:11,457 [ERROR] ConditionMgr:805 - Attr not supported : Dmpu
2024-12-06 17:18:11,457 [ERROR] ConditionMgr:805 - Attr not supported : Dmpu
2024-12-06 17:18:11,457 [ERROR] ConditionMgr:805 - Attr not supported : Dmpu
2024-12-06 17:18:11,457 [ERROR] ConditionMgr:805 - Attr not supported : Dmpu
2024-12-06 17:18:11,457 [ERROR] ConditionMgr:805 - Attr not supported : Dmpu
2024-12-06 17:18:11,458 [ERROR] ConditionMgr:805 - Attr not supported : Dmpu
2024-12-06 17:18:11,459 [ERROR] ConditionMgr:805 - Attr not supported : Dmpu
2024-12-06 17:18:11,463 [ERROR] ConditionMgr:805 - Attr not supported : Dmpu
2024-12-06 17:18:11,463 [ERROR] ConditionMgr:805 - Attr not supported : Dmpu
2024-12-06 17:18:11,463 [ERROR] ConditionMgr:805 - Attr not supported : Dmpu
2024-12-06 17:18:11,464 [ERROR] ConditionMgr:805 - Attr not supported : Dmpu
2024-12-06 17:18:11,464 [ERROR] ConditionMgr:805 - Attr not supported : Dmpu
2024-12-06 17:18:11,464 [ERROR] ConditionMgr:805 - Attr not supported : Dmpu
2024-12-06 17:18:11,464 [ERROR] ConditionMgr:805 - Attr not supported : Dmpu
2024-12-06 17:18:11,465 [ERROR] ConditionMgr:805 - Attr not supported : Dmpu
2024-12-06 17:18:11,465 [ERROR] ConditionMgr:805 - Attr not supported : Dmpu
2024-12-06 17:18:11,465 [ERROR] ConditionMgr:805 - Attr not supported : Dmpu
2024-12-06 17:18:11,468 [ERROR] ConditionMgr:805 - Attr not supported : Dmpu
2024-12-06 17:18:11,478 [ERROR] ConditionMgr:805 - Attr not supported : Dmpu
2024-12-06 17:18:11,479 [ERROR] ConditionMgr:805 - Attr not supported : Dmpu
2024-12-06 17:18:11,479 [ERROR] ConditionMgr:805 - Attr not supported : Dmpu
2024-12-06 17:18:11,479 [ERROR] ConditionMgr:805 - Attr not supported : Dmpu
2024-12-06 17:18:11,480 [ERROR] ConditionMgr:805 - Attr not supported : Dmpu
2024-12-06 17:18:11,480 [ERROR] ConditionMgr:805 - Attr not supported : Dmpu
2024-12-06 17:18:11,480 [ERROR] ConditionMgr:805 - Attr not supported : Dmpu
2024-12-06 17:18:11,480 [ERROR] ConditionMgr:805 - Attr not supported : Dmpu
2024-12-06 17:18:11,480 [ERROR] ConditionMgr:805 - Attr not supported : Dmpu
2024-12-06 17:18:11,480 [ERROR] ConditionMgr:805 - Attr not supported : Dmpu
2024-12-06 17:18:11,481 [ERROR] ConditionMgr:805 - Attr not supported : Dmpu
2024-12-06 17:18:11,481 [ERROR] ConditionMgr:805 - Attr not supported : Dmpu
2024-12-06 17:18:11,481 [ERROR] ConditionMgr:805 - Attr not supported : Dmpu
2024-12-06 17:18:11,481 [ERROR] ConditionMgr:805 - Attr not supported : Dmpu
2024-12-06 17:18:11,481 [ERROR] ConditionMgr:805 - Attr not supported : Dmpu
2024-12-06 17:18:11,481 [ERROR] ConditionMgr:805 - Attr not supported : Dmpu
2024-12-06 17:18:11,482 [ERROR] ConditionMgr:805 - Attr not supported : Dmpu
2024-12-06 17:18:11,482 [ERROR] ConditionMgr:805 - Attr not supported : Dmpu
2024-12-06 17:18:11,482 [ERROR] ConditionMgr:805 - Attr not supported : Dmpu
2024-12-06 17:18:11,482 [ERROR] ConditionMgr:805 - Attr not supported : Dmpu
2024-12-06 17:18:11,482 [ERROR] ConditionMgr:805 - Attr not supported : Dmpu
2024-12-06 17:18:11,482 [ERROR] ConditionMgr:805 - Attr not supported : Dmpu
2024-12-06 17:18:11,482 [ERROR] ConditionMgr:805 - Attr not supported : Dmpu
2024-12-06 17:18:11,483 [ERROR] ConditionMgr:805 - Attr not supported : Dmpu
2024-12-06 17:18:11,483 [ERROR] ConditionMgr:805 - Attr not supported : Dmpu
2024-12-06 17:18:11,483 [ERROR] ConditionMgr:805 - Attr not supported : Dmpu
2024-12-06 17:18:11,483 [ERROR] ConditionMgr:805 - Attr not supported : Dmpu
2024-12-06 17:18:11,483 [ERROR] ConditionMgr:805 - Attr not supported : Dmpu
2024-12-06 17:18:11,483 [ERROR] ConditionMgr:805 - Attr not supported : Dmpu
2024-12-06 17:18:11,484 [ERROR] ConditionMgr:805 - Attr not supported : Dmpu
2024-12-06 17:18:11,484 [ERROR] ConditionMgr:805 - Attr not supported : Dmpu
2024-12-06 17:18:11,484 [ERROR] ConditionMgr:805 - Attr not supported : Dmpu
2024-12-06 17:18:11,484 [ERROR] ConditionMgr:805 - Attr not supported : Dmpu
2024-12-06 17:18:11,484 [ERROR] ConditionMgr:805 - Attr not supported : Dmpu
2024-12-06 17:18:11,484 [ERROR] ConditionMgr:805 - Attr not supported : Dmpu
2024-12-06 17:18:11,488 [ERROR] ConditionMgr:805 - Attr not supported : Dmpu
2024-12-06 17:18:11,498 [WARN] PackLoader:240 - Cannot read IP mode file for RealThread.X-CUBE-RT-Thread_Nano.4.1.1
2024-12-06 17:18:11,507 [WARN] PackLoader:240 - Cannot read IP mode file for STMicroelectronics.FP-ATR-SIGFOX1.3.2.0
2024-12-06 17:18:11,518 [WARN] ConditionMgr:438 - getConditionDescription Invalid condition id : Cortex-A Device cause : null
2024-12-06 17:18:11,543 [WARN] ConditionMgr:1039 - genDependencies : Invalid condition id : Cortex-A Device cause : null
2024-12-06 17:18:11,544 [WARN] ConditionMgr:1039 - genDependencies : Invalid condition id : Cortex-A Device cause : null
2024-12-06 17:18:11,544 [WARN] ConditionMgr:1039 - genDependencies : Invalid condition id : Cortex-A Device cause : null
2024-12-06 17:18:11,556 [WARN] PackLoader:240 - Cannot read IP mode file for STMicroelectronics.X-CUBE-EEPRMA1.5.1.0
2024-12-06 17:18:11,567 [WARN] PackLoader:240 - Cannot read IP mode file for wolfSSL.I-CUBE-wolfSSL.5.7.4
2024-12-06 17:18:11,581 [WARN] PackLoader:240 - Cannot read IP mode file for ITTIA_DB.I-CUBE-ITTIADB.8.9.0
2024-12-06 17:18:11,633 [WARN] PackLoader:240 - Cannot read IP mode file for SEGGER.I-CUBE-embOS.1.3.1
2024-12-06 17:18:11,744 [WARN] PackLoader:240 - Cannot read IP mode file for STMicroelectronics.X-CUBE-ALGOBUILD.1.4.0
2024-12-06 17:18:11,752 [WARN] PackLoader:240 - Cannot read IP mode file for STMicroelectronics.X-CUBE-AI.9.1.0
2024-12-06 17:18:11,779 [WARN] PackLoader:240 - Cannot read IP mode file for STMicroelectronics.X-CUBE-AZRTOS-F4.1.1.0
2024-12-06 17:18:11,798 [WARN] PackLoader:240 - Cannot read IP mode file for STMicroelectronics.X-CUBE-ISPU.2.1.0
2024-12-06 17:18:11,807 [WARN] PackLoader:240 - Cannot read IP mode file for STMicroelectronics.X-CUBE-FREERTOS.1.2.0
2024-12-06 17:18:11,843 [WARN] PackLoader:240 - Cannot read IP mode file for STMicroelectronics.X-CUBE-AZRTOS-L5.2.0.0
2024-12-06 17:18:11,859 [WARN] PackLoader:240 - Cannot read IP mode file for STMicroelectronics.X-CUBE-NFC6.3.1.0
2024-12-06 17:18:11,870 [WARN] PackLoader:240 - Cannot read IP mode file for STMicroelectronics.X-CUBE-DPower.1.2.0
2024-12-06 17:18:11,880 [WARN] PackLoader:240 - Cannot read IP mode file for STMicroelectronics.X-CUBE-NFC7.1.0.1
2024-12-06 17:18:11,914 [WARN] ConditionMgr:438 - getConditionDescription Invalid condition id : LAN8742 Phy interface Condition cause : null
2024-12-06 17:18:11,916 [WARN] PackLoader:240 - Cannot read IP mode file for STMicroelectronics.X-CUBE-AZRTOS-L4.2.0.0
2024-12-06 17:18:11,918 [WARN] ConditionMgr:1039 - genDependencies : Invalid condition id : LAN8742 Phy interface Condition cause : null
2024-12-06 17:18:11,920 [WARN] ConditionMgr:1039 - genDependencies : Invalid condition id : LAN8742 Phy interface Condition cause : null
2024-12-06 17:18:11,921 [WARN] ConditionMgr:1039 - genDependencies : Invalid condition id : LAN8742 Phy interface Condition cause : null
2024-12-06 17:18:11,933 [WARN] PackLoader:240 - Cannot read IP mode file for STMicroelectronics.X-CUBE-SFXS2LP1.4.0.0
2024-12-06 17:18:11,970 [WARN] PackLoader:240 - Cannot read IP mode file for STMicroelectronics.X-CUBE-AZRTOS-H7.3.3.0
2024-12-06 17:18:11,998 [WARN] PackLoader:240 - Cannot read IP mode file for STMicroelectronics.X-CUBE-IPS.3.0.0
2024-12-06 17:18:12,028 [WARN] ConditionMgr:438 - getConditionDescription Invalid condition id : UX DEVICE CLASS RTOS Condition cause : null
2024-12-06 17:18:12,028 [WARN] ConditionMgr:438 - getConditionDescription Invalid condition id : UX DEVICE CLASS RTOS Condition cause : null
2024-12-06 17:18:12,033 [WARN] PackLoader:240 - Cannot read IP mode file for STMicroelectronics.X-CUBE-AZRTOS-WB.2.0.0
2024-12-06 17:18:12,034 [WARN] ConditionMgr:1039 - genDependencies : Invalid condition id : UX DEVICE CLASS RTOS Condition cause : null
2024-12-06 17:18:12,034 [WARN] ConditionMgr:1039 - genDependencies : Invalid condition id : UX DEVICE CLASS RTOS Condition cause : null
2024-12-06 17:18:12,035 [WARN] ConditionMgr:1039 - genDependencies : Invalid condition id : UX DEVICE CLASS RTOS Condition cause : null
2024-12-06 17:18:12,036 [WARN] ConditionMgr:1039 - genDependencies : Invalid condition id : UX DEVICE CLASS RTOS Condition cause : null
2024-12-06 17:18:12,037 [WARN] ConditionMgr:1039 - genDependencies : Invalid condition id : UX DEVICE CLASS RTOS Condition cause : null
2024-12-06 17:18:12,049 [WARN] PackLoader:240 - Cannot read IP mode file for STMicroelectronics.X-CUBE-GNSS1.7.0.0
2024-12-06 17:18:12,064 [WARN] PackLoader:240 - Cannot read IP mode file for STMicroelectronics.FP-SNS-STBOX1.2.0.0
2024-12-06 17:18:12,093 [WARN] PackLoader:240 - Cannot read IP mode file for STMicroelectronics.X-CUBE-SUBG2.5.0.0
2024-12-06 17:18:12,109 [WARN] PackLoader:240 - Cannot read IP mode file for Cesanta.I-CUBE-Mongoose.7.13.0
2024-12-06 17:18:12,135 [WARN] PackLoader:240 - Cannot read IP mode file for STMicroelectronics.X-CUBE-AZRTOS-G4.2.0.0
2024-12-06 17:18:12,146 [WARN] PackLoader:240 - Cannot read IP mode file for STMicroelectronics.X-CUBE-ALS.1.0.2
2024-12-06 17:18:12,156 [WARN] PackLoader:240 - Cannot read IP mode file for STMicroelectronics.X-CUBE-TOUCHGFX.4.24.1
2024-12-06 17:18:12,163 [WARN] PackLoader:240 - Cannot read IP mode file for wolfSSL.I-CUBE-wolfTPM.3.4.0
2024-12-06 17:18:12,177 [WARN] PackLoader:240 - Cannot read IP mode file for portGmbH.I-Cube-SoM-uGOAL.1.1.0
2024-12-06 17:18:12,216 [WARN] PackLoader:240 - Cannot read IP mode file for STMicroelectronics.X-CUBE-AZRTOS-H7RS.1.0.0
2024-12-06 17:18:12,244 [WARN] PackLoader:240 - Cannot read IP mode file for STMicroelectronics.X-CUBE-TOF1.3.4.2
2024-12-06 17:18:12,307 [WARN] PackLoader:240 - Cannot read IP mode file for Infineon.AIROC-Wi-Fi-Bluetooth-STM32.1.6.1
2024-12-06 17:18:12,323 [WARN] PackLoader:240 - Cannot read IP mode file for wolfSSL.I-CUBE-wolfSSH.1.4.17
2024-12-06 17:18:12,324 [INFO] ThirdParty:978 - Integrity check success = true
2024-12-06 17:18:12,324 [INFO] IntegrityCheckThread:100 - exiting critical section [integrity check]
2024-12-06 17:18:12,324 [INFO] IntegrityCheckThread:103 - End integrity checks thread
2024-12-06 17:18:13,105 [INFO] WebApp:448 - Apply proxy settings
2024-12-06 17:18:13,106 [INFO] WebApp:533 - Chromium requires no authentication
2024-12-06 17:18:13,129 [INFO] WebApp:476 - Direct internet connection detected
2024-12-06 17:18:13,190 [INFO] WebApp:869 - Register for checkConnection events
2024-12-06 17:18:13,191 [INFO] WebApp:448 - Apply proxy settings
2024-12-06 17:18:13,191 [INFO] WebApp:533 - Chromium requires no authentication
2024-12-06 17:18:13,192 [INFO] WebApp:476 - Direct internet connection detected
2024-12-06 17:18:13,423 [INFO] WebApp:186 - Connection restablished
2024-12-06 17:18:13,835 [INFO] WebApp:220 - Starting web application
2024-12-06 17:18:13,835 [INFO] WebApp:578 - Web application path used C:\ST\STM32CubeIDE_1.16.1\STM32CubeIDE\plugins\com.st.stm32cube.common.mx_6.12.1.202409122256\db\plugins\mcufinder\reactClient1\index.html
2024-12-06 17:45:27,035 [INFO] WebApp:189 - Connection lost
2024-12-06 17:45:27,216 [INFO] WebApp:186 - Connection restablished
2024-12-06 18:15:35,059 [INFO] WebApp:189 - Connection lost
2024-12-06 18:15:35,231 [INFO] WebApp:186 - Connection restablished
2024-12-06 18:18:24,768 [ERROR] LogOutputStream:75 - [STDERR_REDIRECT] 
2024-12-06 18:18:24,770 [ERROR] LogOutputStream:75 - [STDERR_REDIRECT] 
