2024-12-17 11:02:42,584 [INFO] Activator:176 - 


2024-12-17 11:02:42,597 [INFO] Activator:177 - !SESSION log4j initialized
2024-12-17 11:02:53,163 [INFO] LogOutputStream:77 - [STDOUT_REDIRECT] 
2024-12-17 11:02:55,232 [INFO] ApplicationProperties:184 - Using Application install path: C:\ST\STM32CubeIDE_1.16.1\STM32CubeIDE\plugins\com.st.stm32cube.common.mx_6.12.1.202409122256
2024-12-17 11:02:55,267 [INFO] DbMcusXml:78 - Set database path to: C:\ST\STM32CubeIDE_1.16.1\STM32CubeIDE\plugins\com.st.stm32cube.common.mx_6.12.1.202409122256\\db\/mcu/
2024-12-17 11:02:55,268 [INFO] ApiDb:274 - Set plugin database path to: C:\ST\STM32CubeIDE_1.16.1\STM32CubeIDE\plugins\com.st.stm32cube.common.mx_6.12.1.202409122256\\db\/plugins/boardmanager/
2024-12-17 11:02:55,270 [WARN] ApiDb:259 - Overriding images path with different value:  => C:\ST\STM32CubeIDE_1.16.1\STM32CubeIDE\plugins\com.st.stm32cube.common.mx_6.12.1.202409122256\\db\/plugins/mcufinder/images/
2024-12-17 11:02:55,290 [INFO] ApiDb:250 - Set database path to: C:\Users\ajara\.stmcufinder\plugins\mcufinder//mcu/
2024-12-17 11:02:55,293 [INFO] DbMcusAds:125 - Set database path to: C:\Users\ajara\.stmcufinder\plugins\mcufinder//mcu/
2024-12-17 11:02:55,299 [INFO] CrossReferenceDbSqlite:203 - Set database path to: C:\Users\ajara\.stmcufinder\plugins\mcufinder//mcu/cs/
2024-12-17 11:02:55,507 [INFO] RulesReader:64 - Compatibility file has been processed (297 Rules)
2024-12-17 11:02:55,717 [INFO] DbMcusXml:78 - Set database path to: C:\ST\STM32CubeIDE_1.16.1\STM32CubeIDE\plugins\com.st.stm32cube.common.mx_6.12.1.202409122256\\db\/mcu/
2024-12-17 11:02:55,717 [INFO] ApiDb:274 - Set plugin database path to: C:\ST\STM32CubeIDE_1.16.1\STM32CubeIDE\plugins\com.st.stm32cube.common.mx_6.12.1.202409122256\\db\/plugins/boardmanager/
2024-12-17 11:02:55,717 [INFO] ApiDb:261 - Set plugin images path to: C:\ST\STM32CubeIDE_1.16.1\STM32CubeIDE\plugins\com.st.stm32cube.common.mx_6.12.1.202409122256\\db\/plugins/mcufinder/images/
2024-12-17 11:02:55,719 [WARN] DbFile:41 - Overriding database path with different value: C:\Users\ajara\.stmcufinder\plugins\mcufinder/ => C:\Users\ajara\.stmcufinder\plugins\mcufinder
2024-12-17 11:02:55,719 [INFO] ApiDb:250 - Set database path to: C:\Users\ajara\.stmcufinder\plugins\mcufinder//mcu/
2024-12-17 11:02:55,720 [WARN] DbFile:41 - Overriding database path with different value: C:\Users\ajara\.stmcufinder\plugins\mcufinder/ => C:\Users\ajara\.stmcufinder\plugins\mcufinder
2024-12-17 11:02:55,720 [INFO] DbMcusAds:125 - Set database path to: C:\Users\ajara\.stmcufinder\plugins\mcufinder//mcu/
2024-12-17 11:02:55,721 [WARN] DbFile:41 - Overriding database path with different value: C:\Users\ajara\.stmcufinder\plugins\mcufinder/ => C:\Users\ajara\.stmcufinder\plugins\mcufinder
2024-12-17 11:02:55,721 [WARN] DbFile:41 - Overriding database path with different value: C:\Users\ajara\.stmcufinder\plugins\mcufinder/ => C:\Users\ajara\.stmcufinder\plugins\mcufinder
2024-12-17 11:02:55,721 [INFO] CrossReferenceDbSqlite:203 - Set database path to: C:\Users\ajara\.stmcufinder\plugins\mcufinder//mcu/cs/
2024-12-17 11:02:55,882 [INFO] MainPanel:268 - HeapMemory: 268435456
2024-12-17 11:02:56,066 [INFO] DbMcusXml:78 - Set database path to: C:\ST\STM32CubeIDE_1.16.1\STM32CubeIDE\plugins\com.st.stm32cube.common.mx_6.12.1.202409122256\\db\/mcu/
2024-12-17 11:02:56,067 [INFO] ApiDb:274 - Set plugin database path to: C:\ST\STM32CubeIDE_1.16.1\STM32CubeIDE\plugins\com.st.stm32cube.common.mx_6.12.1.202409122256\\db\/plugins/boardmanager/
2024-12-17 11:02:56,067 [INFO] ApiDb:261 - Set plugin images path to: C:\ST\STM32CubeIDE_1.16.1\STM32CubeIDE\plugins\com.st.stm32cube.common.mx_6.12.1.202409122256\\db\/plugins/mcufinder/images/
2024-12-17 11:02:56,068 [WARN] DbFile:41 - Overriding database path with different value: C:\Users\ajara\.stmcufinder\plugins\mcufinder/ => C:\Users\ajara\.stmcufinder\plugins\mcufinder
2024-12-17 11:02:56,068 [INFO] ApiDb:250 - Set database path to: C:\Users\ajara\.stmcufinder\plugins\mcufinder//mcu/
2024-12-17 11:02:56,068 [WARN] DbFile:41 - Overriding database path with different value: C:\Users\ajara\.stmcufinder\plugins\mcufinder/ => C:\Users\ajara\.stmcufinder\plugins\mcufinder
2024-12-17 11:02:56,068 [INFO] DbMcusAds:125 - Set database path to: C:\Users\ajara\.stmcufinder\plugins\mcufinder//mcu/
2024-12-17 11:02:56,069 [WARN] DbFile:41 - Overriding database path with different value: C:\Users\ajara\.stmcufinder\plugins\mcufinder/ => C:\Users\ajara\.stmcufinder\plugins\mcufinder
2024-12-17 11:02:56,069 [WARN] DbFile:41 - Overriding database path with different value: C:\Users\ajara\.stmcufinder\plugins\mcufinder/ => C:\Users\ajara\.stmcufinder\plugins\mcufinder
2024-12-17 11:02:56,069 [INFO] CrossReferenceDbSqlite:203 - Set database path to: C:\Users\ajara\.stmcufinder\plugins\mcufinder//mcu/cs/
2024-12-17 11:02:56,103 [INFO] ApplicationProperties:184 - Using Application install path: C:\ST\STM32CubeIDE_1.16.1\STM32CubeIDE\plugins\com.st.stm32cube.common.mx_6.12.1.202409122256
2024-12-17 11:02:56,106 [INFO] PluginManage:196 - Search for loadable plugins [exclusion list=, ]
2024-12-17 11:02:56,109 [INFO] PluginManage:310 - Check plugin analytics
2024-12-17 11:02:56,443 [INFO] AnalyticsPlugin:253 - Accepted Software Licenses: 
2024-12-17 11:02:56,444 [INFO] AnalyticsPlugin:255 - Accepted CMSIS Pack Licenses: 
2024-12-17 11:02:56,444 [INFO] AnalyticsPlugin:257 - Accepted Firmware Licenses: FW.F4.1.28.0
2024-12-17 11:02:56,449 [INFO] PluginManage:359 - Loaded plugin analytics (category:tool,tabindex:-1)
2024-12-17 11:02:56,450 [INFO] PluginManage:310 - Check plugin cadmodel
2024-12-17 11:02:56,459 [INFO] CADModel:105 - Init CAD model plugin
2024-12-17 11:02:56,460 [INFO] PluginManage:359 - Loaded plugin cadmodel (category:power,tabindex:5)
2024-12-17 11:02:56,460 [INFO] PluginManage:310 - Check plugin clock
2024-12-17 11:02:56,481 [INFO] PluginManage:359 - Loaded plugin clock (category:base,tabindex:2)
2024-12-17 11:02:56,482 [INFO] PluginManage:310 - Check plugin ddr
2024-12-17 11:02:56,487 [INFO] PluginManage:359 - Loaded plugin ddr (category:tool,tabindex:6)
2024-12-17 11:02:56,488 [INFO] PluginManage:310 - Check plugin filemanager
2024-12-17 11:02:56,802 [INFO] PluginManage:359 - Loaded plugin filemanager (category:base,tabindex:10)
2024-12-17 11:02:56,802 [INFO] PluginManage:310 - Check plugin ipmanager
2024-12-17 11:02:56,818 [INFO] PluginManage:359 - Loaded plugin ipmanager (category:base,tabindex:5)
2024-12-17 11:02:56,818 [INFO] PluginManage:310 - Check plugin lpbam
2024-12-17 11:02:56,841 [INFO] PluginManage:359 - Loaded plugin lpbam (category:base,tabindex:0)
2024-12-17 11:02:56,841 [INFO] PluginManage:310 - Check plugin memorymap
2024-12-17 11:02:56,874 [INFO] PluginManage:359 - Loaded plugin memorymap (category:base,tabindex:4)
2024-12-17 11:02:56,874 [INFO] PluginManage:310 - Check plugin pinoutandconfiguration
2024-12-17 11:02:56,893 [INFO] PluginManage:359 - Loaded plugin pinoutandconfiguration (category:base,tabindex:1)
2024-12-17 11:02:56,893 [INFO] PluginManage:310 - Check plugin pinoutconfig
2024-12-17 11:02:57,038 [WARN] SupportedApi:132 - Cannot load RTOS API schema: s4s-elt-must-match.1: The content of 'definitions' must match (annotation?, (simpleType | complexType)?, (unique | key | keyref)*)). A problem was found starting at: attribute.
2024-12-17 11:02:57,294 [INFO] PluginManage:359 - Loaded plugin pinoutconfig (category:base,tabindex:0)
2024-12-17 11:02:57,296 [INFO] PluginManage:310 - Check plugin power
2024-12-17 11:02:57,315 [INFO] PluginManage:359 - Loaded plugin power (category:power,tabindex:4)
2024-12-17 11:02:57,315 [INFO] PluginManage:310 - Check plugin projectmanager
2024-12-17 11:02:57,356 [INFO] PluginManage:359 - Loaded plugin projectmanager (category:projectmanager,tabindex:4)
2024-12-17 11:02:57,357 [INFO] PluginManage:310 - Check plugin rif
2024-12-17 11:02:57,369 [INFO] PluginManage:359 - Loaded plugin rif (category:base,tabindex:3)
2024-12-17 11:02:57,369 [INFO] PluginManage:310 - Check plugin thirdparty
2024-12-17 11:02:57,612 [INFO] PluginManage:359 - Loaded plugin thirdparty (category:base,tabindex:-1)
2024-12-17 11:02:57,612 [WARN] IntegrityCheckThread:84 - waiting for thirdparty lock release [integrity check]
2024-12-17 11:02:57,612 [INFO] IntegrityCheckThread:86 - entering critical section [integrity check]
2024-12-17 11:02:57,612 [INFO] PluginManage:310 - Check plugin tools
2024-12-17 11:02:57,613 [INFO] ThirdPartyUpdaterWithRetryManager:70 - Updater plugin not ready yet. [1/15]
2024-12-17 11:02:57,617 [INFO] PluginManage:359 - Loaded plugin tools (category:base,tabindex:7)
2024-12-17 11:02:57,618 [INFO] PluginManage:310 - Check plugin tutovideos
2024-12-17 11:02:57,974 [INFO] PluginManage:359 - Loaded plugin tutovideos (category:base,tabindex:-1)
2024-12-17 11:02:57,974 [INFO] PluginManage:310 - Check plugin updater
2024-12-17 11:02:58,006 [INFO] PluginManage:359 - Loaded plugin updater (category:base,tabindex:12)
2024-12-17 11:02:58,007 [INFO] PluginManage:310 - Check plugin userauth
2024-12-17 11:02:58,019 [INFO] UserAuth:113 - Init User Auth plugin
2024-12-17 11:02:58,019 [INFO] PluginManage:359 - Loaded plugin userauth (category:base,tabindex:14)
2024-12-17 11:02:58,020 [INFO] PluginManage:283 - PluginManage : Loaded plugins [18]
2024-12-17 11:02:58,410 [INFO] PinOutPanel:1561 - setPackage(No Configuration,No Configuration)
2024-12-17 11:02:58,558 [INFO] CADModel:165 - CPN selected for project level
2024-12-17 11:02:58,558 [INFO] CADModel:114 - Register for checkConnection events
2024-12-17 11:02:58,590 [INFO] IPUIPlugin:80 - create IPUIPlugin
2024-12-17 11:02:58,590 [INFO] PluginManager:220 - loadIPPluginJar : add adc
2024-12-17 11:02:58,595 [INFO] IPUIPlugin:80 - create IPUIPlugin
2024-12-17 11:02:58,595 [INFO] PluginManager:220 - loadIPPluginJar : add aes
2024-12-17 11:02:58,600 [INFO] IPUIPlugin:80 - create IPUIPlugin
2024-12-17 11:02:58,601 [INFO] PluginManager:220 - loadIPPluginJar : add can
2024-12-17 11:02:58,604 [INFO] IPUIPlugin:80 - create IPUIPlugin
2024-12-17 11:02:58,604 [INFO] PluginManager:220 - loadIPPluginJar : add comp
2024-12-17 11:02:58,609 [INFO] IPUIPlugin:80 - create IPUIPlugin
2024-12-17 11:02:58,609 [INFO] PluginManager:220 - loadIPPluginJar : add cryp
2024-12-17 11:02:58,616 [INFO] IPUIPlugin:80 - create IPUIPlugin
2024-12-17 11:02:58,616 [INFO] PluginManager:220 - loadIPPluginJar : add ddr_ctrl_phy
2024-12-17 11:02:58,622 [INFO] IPUIPlugin:80 - create IPUIPlugin
2024-12-17 11:02:58,622 [INFO] PluginManager:220 - loadIPPluginJar : add dfsdm
2024-12-17 11:02:58,631 [INFO] IPUIPlugin:80 - create IPUIPlugin
2024-12-17 11:02:58,632 [INFO] PluginManager:220 - loadIPPluginJar : add dma
2024-12-17 11:02:58,636 [INFO] IPUIPlugin:80 - create IPUIPlugin
2024-12-17 11:02:58,636 [INFO] PluginManager:220 - loadIPPluginJar : add dma3
2024-12-17 11:02:58,640 [INFO] IPUIPlugin:80 - create IPUIPlugin
2024-12-17 11:02:58,641 [INFO] PluginManager:220 - loadIPPluginJar : add extmemmanager
2024-12-17 11:02:58,644 [INFO] IPUIPlugin:80 - create IPUIPlugin
2024-12-17 11:02:58,644 [INFO] PluginManager:220 - loadIPPluginJar : add fatfs
2024-12-17 11:02:58,653 [INFO] IPUIPlugin:80 - create IPUIPlugin
2024-12-17 11:02:58,653 [INFO] PluginManager:220 - loadIPPluginJar : add fmc
2024-12-17 11:02:58,664 [INFO] IPUIPlugin:80 - create IPUIPlugin
2024-12-17 11:02:58,665 [INFO] PluginManager:220 - loadIPPluginJar : add freertos
2024-12-17 11:02:58,668 [INFO] IPUIPlugin:80 - create IPUIPlugin
2024-12-17 11:02:58,668 [INFO] PluginManager:220 - loadIPPluginJar : add genericplugin
2024-12-17 11:02:58,672 [INFO] IPUIPlugin:80 - create IPUIPlugin
2024-12-17 11:02:58,672 [INFO] PluginManager:220 - loadIPPluginJar : add gfxmmu
2024-12-17 11:02:58,680 [INFO] IPUIPlugin:80 - create IPUIPlugin
2024-12-17 11:02:58,681 [INFO] PluginManager:220 - loadIPPluginJar : add gic
2024-12-17 11:02:58,688 [INFO] IPUIPlugin:80 - create IPUIPlugin
2024-12-17 11:02:58,689 [INFO] PluginManager:220 - loadIPPluginJar : add gpio
2024-12-17 11:02:58,694 [INFO] IPUIPlugin:80 - create IPUIPlugin
2024-12-17 11:02:58,694 [INFO] PluginManager:220 - loadIPPluginJar : add gtzc
2024-12-17 11:02:58,699 [INFO] IPUIPlugin:80 - create IPUIPlugin
2024-12-17 11:02:58,699 [INFO] PluginManager:220 - loadIPPluginJar : add hash
2024-12-17 11:02:58,704 [INFO] IPUIPlugin:80 - create IPUIPlugin
2024-12-17 11:02:58,705 [INFO] PluginManager:220 - loadIPPluginJar : add i2c
2024-12-17 11:02:58,709 [INFO] IPUIPlugin:80 - create IPUIPlugin
2024-12-17 11:02:58,710 [INFO] PluginManager:220 - loadIPPluginJar : add i2s
2024-12-17 11:02:58,716 [INFO] IPUIPlugin:80 - create IPUIPlugin
2024-12-17 11:02:58,716 [INFO] PluginManager:220 - loadIPPluginJar : add i3c
2024-12-17 11:02:58,721 [INFO] IPUIPlugin:80 - create IPUIPlugin
2024-12-17 11:02:58,722 [INFO] PluginManager:220 - loadIPPluginJar : add ipddr
2024-12-17 11:02:58,736 [INFO] IPUIPlugin:80 - create IPUIPlugin
2024-12-17 11:02:58,737 [INFO] PluginManager:220 - loadIPPluginJar : add linkedlist
2024-12-17 11:02:58,742 [INFO] IPUIPlugin:80 - create IPUIPlugin
2024-12-17 11:02:58,742 [INFO] PluginManager:220 - loadIPPluginJar : add lorawan
2024-12-17 11:02:58,745 [INFO] IPUIPlugin:80 - create IPUIPlugin
2024-12-17 11:02:58,745 [INFO] PluginManager:220 - loadIPPluginJar : add ltdc
2024-12-17 11:02:58,754 [INFO] IPUIPlugin:80 - create IPUIPlugin
2024-12-17 11:02:58,754 [INFO] PluginManager:220 - loadIPPluginJar : add mdma
2024-12-17 11:02:58,761 [INFO] IPUIPlugin:80 - create IPUIPlugin
2024-12-17 11:02:58,762 [INFO] PluginManager:220 - loadIPPluginJar : add nvic
2024-12-17 11:02:58,767 [INFO] IPUIPlugin:80 - create IPUIPlugin
2024-12-17 11:02:58,767 [INFO] PluginManager:220 - loadIPPluginJar : add opamp
2024-12-17 11:02:58,773 [INFO] IPUIPlugin:80 - create IPUIPlugin
2024-12-17 11:02:58,773 [INFO] PluginManager:220 - loadIPPluginJar : add openamp
2024-12-17 11:02:58,779 [INFO] IPUIPlugin:80 - create IPUIPlugin
2024-12-17 11:02:58,779 [INFO] PluginManager:220 - loadIPPluginJar : add pdm2pcm
2024-12-17 11:02:58,790 [INFO] IPUIPlugin:80 - create IPUIPlugin
2024-12-17 11:02:58,795 [INFO] PluginManager:220 - loadIPPluginJar : add plateformsettings
2024-12-17 11:02:58,798 [INFO] IPUIPlugin:80 - create IPUIPlugin
2024-12-17 11:02:58,798 [INFO] PluginManager:220 - loadIPPluginJar : add quadspi
2024-12-17 11:02:58,802 [INFO] IPUIPlugin:80 - create IPUIPlugin
2024-12-17 11:02:58,804 [INFO] PluginManager:220 - loadIPPluginJar : add radio
2024-12-17 11:02:58,812 [INFO] IPUIPlugin:80 - create IPUIPlugin
2024-12-17 11:02:58,812 [INFO] PluginManager:220 - loadIPPluginJar : add resmgrutility
2024-12-17 11:02:58,817 [INFO] IPUIPlugin:80 - create IPUIPlugin
2024-12-17 11:02:58,817 [INFO] PluginManager:220 - loadIPPluginJar : add sai
2024-12-17 11:02:58,822 [INFO] IPUIPlugin:80 - create IPUIPlugin
2024-12-17 11:02:58,822 [INFO] PluginManager:220 - loadIPPluginJar : add spi
2024-12-17 11:02:58,831 [INFO] IPUIPlugin:80 - create IPUIPlugin
2024-12-17 11:02:58,831 [INFO] PluginManager:220 - loadIPPluginJar : add stm32_wpan
2024-12-17 11:02:58,835 [INFO] IPUIPlugin:80 - create IPUIPlugin
2024-12-17 11:02:58,836 [INFO] PluginManager:220 - loadIPPluginJar : add tim
2024-12-17 11:02:58,842 [INFO] IPUIPlugin:80 - create IPUIPlugin
2024-12-17 11:02:58,842 [INFO] PluginManager:220 - loadIPPluginJar : add touchsensing
2024-12-17 11:02:58,846 [INFO] IPUIPlugin:80 - create IPUIPlugin
2024-12-17 11:02:58,846 [INFO] PluginManager:220 - loadIPPluginJar : add tracer_emb
2024-12-17 11:02:58,851 [INFO] IPUIPlugin:80 - create IPUIPlugin
2024-12-17 11:02:58,851 [INFO] PluginManager:220 - loadIPPluginJar : add ts
2024-12-17 11:02:58,855 [INFO] IPUIPlugin:80 - create IPUIPlugin
2024-12-17 11:02:58,855 [INFO] PluginManager:220 - loadIPPluginJar : add tsc
2024-12-17 11:02:58,859 [INFO] IPUIPlugin:80 - create IPUIPlugin
2024-12-17 11:02:58,860 [INFO] PluginManager:220 - loadIPPluginJar : add ucpd
2024-12-17 11:02:58,864 [INFO] IPUIPlugin:80 - create IPUIPlugin
2024-12-17 11:02:58,864 [INFO] PluginManager:220 - loadIPPluginJar : add usart
2024-12-17 11:02:58,869 [INFO] IPUIPlugin:80 - create IPUIPlugin
2024-12-17 11:02:58,870 [INFO] PluginManager:220 - loadIPPluginJar : add usbx
2024-12-17 11:02:59,030 [INFO] CADModel:165 - CPN selected for project level
2024-12-17 11:02:59,030 [INFO] CADModel:114 - Register for checkConnection events
2024-12-17 11:02:59,030 [FATAL] Updater:334 - Updater called before beeing initialized
2024-12-17 11:02:59,031 [ERROR] CADModel:125 - Updater not yet initialized, retry later 
2024-12-17 11:02:59,274 [INFO] CADModel:165 - CPN selected for project level
2024-12-17 11:02:59,274 [INFO] CADModel:114 - Register for checkConnection events
2024-12-17 11:02:59,275 [FATAL] Updater:334 - Updater called before beeing initialized
2024-12-17 11:02:59,275 [ERROR] CADModel:125 - Updater not yet initialized, retry later 
2024-12-17 11:02:59,281 [FATAL] Updater:334 - Updater called before beeing initialized
2024-12-17 11:02:59,460 [FATAL] Updater:334 - Updater called before beeing initialized
2024-12-17 11:02:59,467 [INFO] DbMcusAds:53 - JSON generation date=Fri Sep 20 15:04:38 CEST 2024 (1726837478367)
2024-12-17 11:02:59,468 [FATAL] Updater:334 - Updater called before beeing initialized
2024-12-17 11:02:59,604 [WARN] DetailPanel:346 - Failed to get advertising image, set to default
2024-12-17 11:02:59,770 [FATAL] Updater:334 - Updater called before beeing initialized
2024-12-17 11:02:59,774 [FATAL] Updater:334 - Updater called before beeing initialized
2024-12-17 11:02:59,775 [FATAL] Updater:334 - Updater called before beeing initialized
2024-12-17 11:02:59,775 [WARN] DetailPanel:346 - Failed to get advertising image, set to default
2024-12-17 11:02:59,777 [FATAL] Updater:334 - Updater called before beeing initialized
2024-12-17 11:02:59,903 [ERROR] Updater:1164 - MainUpdater not yet initialized. External WinMGr cannot be set.
2024-12-17 11:02:59,908 [INFO] Updater:1100 - Updater Version found : 6.12.1
2024-12-17 11:02:59,955 [INFO] ApplicationProperties:184 - Using Application install path: C:\ST\STM32CubeIDE_1.16.1\STM32CubeIDE\plugins\com.st.stm32cube.common.mx_6.12.1.202409122256
2024-12-17 11:03:00,615 [INFO] ThirdPartyUpdaterWithRetryManager:70 - Updater plugin not ready yet. [2/15]
2024-12-17 11:03:01,541 [ERROR] LogOutputStream:75 - [STDERR_REDIRECT] Dec 17, 2024 11:03:01 AM java.util.prefs.WindowsPreferences <init>
2024-12-17 11:03:01,544 [ERROR] LogOutputStream:75 - [STDERR_REDIRECT] WARNING: Could not open/create prefs root node Software\JavaSoft\Prefs at root 0xffffffff80000002. Windows RegCreateKeyEx(...) returned error code 5.
2024-12-17 11:03:01,545 [ERROR] LogOutputStream:75 - [STDERR_REDIRECT] 
2024-12-17 11:03:02,247 [INFO] MainUpdater:2873 - connection check result : 10
2024-12-17 11:03:02,249 [INFO] MainUpdater:3567 - Updater definition file requires update
2024-12-17 11:03:02,251 [INFO] MainUpdater:290 - Updater Check For Update Now.
2024-12-17 11:03:02,253 [INFO] MicroXplorer:498 - Change Database Version : DB.6.0.121
2024-12-17 11:03:02,267 [INFO] McuFinderGlobals:63 - Set McuFinder mode to 2 (CubeIDE integrated)
2024-12-17 11:03:02,267 [INFO] UserAuth:179 - activating auth plugin
2024-12-17 11:03:02,272 [INFO] UserAuth:417 - Internet connection configuration mode: 1
2024-12-17 11:03:02,305 [INFO] JxBrowserEngine:152 - Initiate JxBrowser Engine with user profile folder
2024-12-17 11:03:02,502 [INFO] ServerAccessManage:473 - Download File updaters.zip
2024-12-17 11:03:02,774 [INFO] FileExtend:240 - Unzip File : updaters.zip
2024-12-17 11:03:02,774 [INFO] FileExtend:255 - Standard Zip Deflate
2024-12-17 11:03:03,595 [INFO] ServerAccessManage:473 - Download File PacksControlFlags.xml
2024-12-17 11:03:03,616 [WARN] MainUpdater:1194 - Updater busy. Cannot search thirdparties
2024-12-17 11:03:03,617 [INFO] ThirdPartyUpdaterWithRetryManager:96 - Updater plugin is busy. [1/15]
2024-12-17 11:03:03,986 [INFO] ServerAccessManage:473 - Download File cubemx.pidx
2024-12-17 11:03:05,059 [INFO] ServerAccessManage:473 - Download File STMicroelectronics.X-CUBE-FREERTOS.pdsc
2024-12-17 11:03:05,535 [INFO] ServerAccessManage:473 - Download File STMicroelectronics.X-CUBE-GNSS1.pdsc
2024-12-17 11:03:06,323 [ERROR] ServerAccessManage:1089 - Problem, file not found on Server
2024-12-17 11:03:06,454 [ERROR] ServerAccessManage:1089 - Problem, file not found on Server
2024-12-17 11:03:06,571 [ERROR] ServerAccessManage:1089 - Problem, file not found on Server
2024-12-17 11:03:06,619 [WARN] MainUpdater:1194 - Updater busy. Cannot search thirdparties
2024-12-17 11:03:06,619 [INFO] ThirdPartyUpdaterWithRetryManager:96 - Updater plugin is busy. [2/15]
2024-12-17 11:03:06,709 [ERROR] ServerAccessManage:1089 - Problem, file not found on Server
2024-12-17 11:03:06,850 [ERROR] ServerAccessManage:1089 - Problem, file not found on Server
2024-12-17 11:03:06,977 [ERROR] ServerAccessManage:1089 - Problem, file not found on Server
2024-12-17 11:03:07,236 [INFO] ServerAccessManage:473 - Download File STMicroelectronics.X-CUBE-MEMS1.pdsc
2024-12-17 11:03:07,676 [INFO] WebApp:167 - Instantiating new browser for Auth
2024-12-17 11:03:09,113 [INFO] WebApp:448 - Apply proxy settings
2024-12-17 11:03:09,113 [INFO] WebApp:533 - Chromium requires no authentication
2024-12-17 11:03:09,134 [INFO] WebApp:476 - Direct internet connection detected
2024-12-17 11:03:09,179 [INFO] WebApp:869 - Register for checkConnection events
2024-12-17 11:03:09,179 [INFO] WebApp:448 - Apply proxy settings
2024-12-17 11:03:09,179 [INFO] WebApp:533 - Chromium requires no authentication
2024-12-17 11:03:09,180 [INFO] WebApp:476 - Direct internet connection detected
2024-12-17 11:03:09,547 [INFO] WebApp:186 - Connection restablished
2024-12-17 11:03:09,617 [INFO] WebApp:220 - Starting web application
2024-12-17 11:03:09,618 [INFO] WebApp:578 - Web application path used C:\ST\STM32CubeIDE_1.16.1\STM32CubeIDE\plugins\com.st.stm32cube.common.mx_6.12.1.202409122256\db\plugins\mcufinder\reactClient1\index.html
2024-12-17 11:03:09,621 [WARN] MainUpdater:1194 - Updater busy. Cannot search thirdparties
2024-12-17 11:03:09,621 [INFO] ThirdPartyUpdaterWithRetryManager:96 - Updater plugin is busy. [3/15]
2024-12-17 11:03:09,880 [INFO] ServerAccessManage:473 - Download File STMicroelectronics.X-CUBE-TCPP.pdsc
2024-12-17 11:03:10,943 [WARN] PackLoader:240 - Cannot read IP mode file for STMicroelectronics.X-CUBE-FREERTOS.1.3.0
2024-12-17 11:03:10,965 [WARN] PackLoader:240 - Cannot read IP mode file for STMicroelectronics.X-CUBE-GNSS1.7.0.1
2024-12-17 11:03:11,078 [INFO] CheckServerUpdateThread:120 - End of CheckServer Thread
2024-12-17 11:03:11,159 [WARN] PackLoader:240 - Cannot read IP mode file for STMicroelectronics.X-CUBE-MEMS1.11.1.0
2024-12-17 11:03:11,467 [WARN] PopulateThirdPartyThread:106 - Error when creating pack: C:/Users/ajara/.stm32cubemx/thirdparties/pdsc/STMicroelectronics.X-CUBE-TCPP.pdsc
2024-12-17 11:03:11,467 [INFO] PopulateThirdPartyThread:66 - Ending populate Thread
2024-12-17 11:03:11,470 [INFO] ThirdParty:1030 - CMSIS Pack Vendor :STMicroelectronics X-CUBE-FREERTOS 1.3.0
2024-12-17 11:03:11,471 [INFO] ThirdParty:1030 - CMSIS Pack Vendor :STMicroelectronics X-CUBE-GNSS1 7.0.1
2024-12-17 11:03:11,471 [INFO] ThirdParty:1030 - CMSIS Pack Vendor :STMicroelectronics X-CUBE-MEMS1 11.1.0
2024-12-17 11:03:11,471 [INFO] LoadServerUpdatesThread:375 - End of LoadServerUpdate Thread
2024-12-17 11:03:12,984 [WARN] PackLoader:240 - Cannot read IP mode file for STMicroelectronics.FP-SNS-MOTENVWB1.1.4.0
2024-12-17 11:03:12,993 [WARN] PackLoader:240 - Cannot read IP mode file for STMicroelectronics.FP-ATR-ASTRA1.2.0.1
2024-12-17 11:03:13,001 [WARN] PackLoader:240 - Cannot read IP mode file for STMicroelectronics.X-CUBE-SMBUS.2.1.0
2024-12-17 11:03:13,010 [WARN] PackLoader:240 - Cannot read IP mode file for STMicroelectronics.X-CUBE-WB05N.1.1.0
2024-12-17 11:03:13,038 [WARN] PackLoader:240 - Cannot read IP mode file for STMicroelectronics.X-CUBE-AZRTOS-F7.1.1.0
2024-12-17 11:03:13,113 [WARN] PackLoader:240 - Cannot read IP mode file for STMicroelectronics.X-CUBE-MEMS1.11.0.0
2024-12-17 11:03:13,335 [WARN] PackLoader:240 - Cannot read IP mode file for STMicroelectronics.FP-SNS-FLIGHT1.5.0.2
2024-12-17 11:03:13,347 [WARN] PackLoader:240 - Cannot read IP mode file for STMicroelectronics.X-CUBE-DISPLAY.3.0.0
2024-12-17 11:03:13,361 [WARN] PackLoader:240 - Cannot read IP mode file for STMicroelectronics.X-CUBE-BLE1.7.0.0
2024-12-17 11:03:13,373 [WARN] PackLoader:240 - Cannot read IP mode file for STMicroelectronics.X-CUBE-NFC10.1.0.0
2024-12-17 11:03:13,392 [WARN] PackLoader:240 - Cannot read IP mode file for STMicroelectronics.X-CUBE-BLEMGR.4.0.0
2024-12-17 11:03:13,407 [WARN] PackLoader:240 - Cannot read IP mode file for emotas.I-CUBE-CANOPEN.1.3.0
2024-12-17 11:03:13,421 [WARN] PackLoader:240 - Cannot read IP mode file for STMicroelectronics.X-CUBE-BLEMGR.3.1.0
2024-12-17 11:03:13,432 [WARN] PackLoader:240 - Cannot read IP mode file for STMicroelectronics.FP-SNS-SMARTAG2.1.2.0
2024-12-17 11:03:13,505 [WARN] PackLoader:240 - Cannot read IP mode file for STMicroelectronics.X-CUBE-MEMS1.11.1.0
2024-12-17 11:03:13,762 [INFO] LogOutputStream:77 - [STDOUT_REDIRECT] 1 : Invalid condition id : UX_CORESTACK_Condition cause : null
2024-12-17 11:03:13,763 [INFO] LogOutputStream:77 - [STDOUT_REDIRECT] 1 : Invalid condition id : UX_CORESTACK_Condition cause : null
2024-12-17 11:03:13,765 [INFO] LogOutputStream:77 - [STDOUT_REDIRECT] 1 : Invalid condition id : UX_CORESTACK_Condition cause : null
2024-12-17 11:03:13,768 [INFO] LogOutputStream:77 - [STDOUT_REDIRECT] 1 : Invalid condition id : UX_CORESTACK_Condition cause : null
2024-12-17 11:03:13,771 [INFO] LogOutputStream:77 - [STDOUT_REDIRECT] 1 : Invalid condition id : UX_CORESTACK_Condition cause : null
2024-12-17 11:03:13,776 [WARN] PackLoader:240 - Cannot read IP mode file for STMicroelectronics.X-CUBE-AZRTOS-WL.2.0.0
2024-12-17 11:03:13,784 [WARN] PackLoader:240 - Cannot read IP mode file for STMicroelectronics.FP-SNS-MOTENV1.5.0.0
2024-12-17 11:03:13,793 [WARN] PackLoader:240 - Cannot read IP mode file for wolfSSL.I-CUBE-wolfMQTT.1.19.0
2024-12-17 11:03:13,804 [WARN] PackLoader:240 - Cannot read IP mode file for WES.I-CUBE-Cesium.1.3.0
2024-12-17 11:03:13,812 [WARN] PackLoader:240 - Cannot read IP mode file for STMicroelectronics.X-CUBE-BLE2.3.3.0
2024-12-17 11:03:13,821 [WARN] PackLoader:240 - Cannot read IP mode file for STMicroelectronics.X-CUBE-NFC9.1.0.0
2024-12-17 11:03:13,831 [WARN] PackLoader:240 - Cannot read IP mode file for STMicroelectronics.X-CUBE-TCPP.4.1.0
2024-12-17 11:03:13,855 [WARN] PackLoader:240 - Cannot read IP mode file for STMicroelectronics.X-CUBE-AZRTOS-G0.1.1.0
2024-12-17 11:03:13,867 [WARN] PackLoader:240 - Cannot read IP mode file for STMicroelectronics.X-CUBE-SAFEA1.1.2.2
2024-12-17 11:03:13,877 [WARN] PackLoader:240 - Cannot read IP mode file for STMicroelectronics.X-CUBE-NFC4.3.0.0
2024-12-17 11:03:13,890 [WARN] PackLoader:240 - Cannot read IP mode file for EmbeddedOffice.I-CUBE-FS-RTOS.1.0.1
2024-12-17 11:03:13,890 [ERROR] ConditionMgr:805 - Attr not supported : Dmpu
2024-12-17 11:03:13,891 [ERROR] ConditionMgr:805 - Attr not supported : Dmpu
2024-12-17 11:03:13,891 [ERROR] ConditionMgr:805 - Attr not supported : Dmpu
2024-12-17 11:03:13,891 [ERROR] ConditionMgr:805 - Attr not supported : Dmpu
2024-12-17 11:03:13,891 [ERROR] ConditionMgr:805 - Attr not supported : Dmpu
2024-12-17 11:03:13,891 [ERROR] ConditionMgr:805 - Attr not supported : Dmpu
2024-12-17 11:03:13,891 [ERROR] ConditionMgr:805 - Attr not supported : Dmpu
2024-12-17 11:03:13,891 [ERROR] ConditionMgr:805 - Attr not supported : Dmpu
2024-12-17 11:03:13,891 [ERROR] ConditionMgr:805 - Attr not supported : Dmpu
2024-12-17 11:03:13,892 [ERROR] ConditionMgr:805 - Attr not supported : Dmpu
2024-12-17 11:03:13,892 [ERROR] ConditionMgr:805 - Attr not supported : Dmpu
2024-12-17 11:03:13,892 [ERROR] ConditionMgr:805 - Attr not supported : Dmpu
2024-12-17 11:03:13,892 [ERROR] ConditionMgr:805 - Attr not supported : Dmpu
2024-12-17 11:03:13,892 [ERROR] ConditionMgr:805 - Attr not supported : Dmpu
2024-12-17 11:03:13,892 [ERROR] ConditionMgr:805 - Attr not supported : Dmpu
2024-12-17 11:03:13,892 [ERROR] ConditionMgr:805 - Attr not supported : Dmpu
2024-12-17 11:03:13,892 [ERROR] ConditionMgr:805 - Attr not supported : Dmpu
2024-12-17 11:03:13,892 [ERROR] ConditionMgr:805 - Attr not supported : Dmpu
2024-12-17 11:03:13,892 [ERROR] ConditionMgr:805 - Attr not supported : Dmpu
2024-12-17 11:03:13,892 [ERROR] ConditionMgr:805 - Attr not supported : Dmpu
2024-12-17 11:03:13,892 [ERROR] ConditionMgr:805 - Attr not supported : Dmpu
2024-12-17 11:03:13,892 [ERROR] ConditionMgr:805 - Attr not supported : Dmpu
2024-12-17 11:03:13,892 [ERROR] ConditionMgr:805 - Attr not supported : Dmpu
2024-12-17 11:03:13,893 [ERROR] ConditionMgr:805 - Attr not supported : Dmpu
2024-12-17 11:03:13,893 [ERROR] ConditionMgr:805 - Attr not supported : Dmpu
2024-12-17 11:03:13,893 [ERROR] ConditionMgr:805 - Attr not supported : Dmpu
2024-12-17 11:03:13,893 [ERROR] ConditionMgr:805 - Attr not supported : Dmpu
2024-12-17 11:03:13,893 [ERROR] ConditionMgr:805 - Attr not supported : Dmpu
2024-12-17 11:03:13,893 [ERROR] ConditionMgr:805 - Attr not supported : Dmpu
2024-12-17 11:03:13,893 [ERROR] ConditionMgr:805 - Attr not supported : Dmpu
2024-12-17 11:03:13,893 [ERROR] ConditionMgr:805 - Attr not supported : Dmpu
2024-12-17 11:03:13,893 [ERROR] ConditionMgr:805 - Attr not supported : Dmpu
2024-12-17 11:03:13,893 [ERROR] ConditionMgr:805 - Attr not supported : Dmpu
2024-12-17 11:03:13,893 [ERROR] ConditionMgr:805 - Attr not supported : Dmpu
2024-12-17 11:03:13,894 [ERROR] ConditionMgr:805 - Attr not supported : Dmpu
2024-12-17 11:03:13,894 [ERROR] ConditionMgr:805 - Attr not supported : Dmpu
2024-12-17 11:03:13,894 [ERROR] ConditionMgr:805 - Attr not supported : Dmpu
2024-12-17 11:03:13,894 [ERROR] ConditionMgr:805 - Attr not supported : Dmpu
2024-12-17 11:03:13,894 [ERROR] ConditionMgr:805 - Attr not supported : Dmpu
2024-12-17 11:03:13,894 [ERROR] ConditionMgr:805 - Attr not supported : Dmpu
2024-12-17 11:03:13,894 [ERROR] ConditionMgr:805 - Attr not supported : Dmpu
2024-12-17 11:03:13,894 [ERROR] ConditionMgr:805 - Attr not supported : Dmpu
2024-12-17 11:03:13,895 [ERROR] ConditionMgr:805 - Attr not supported : Dmpu
2024-12-17 11:03:13,895 [ERROR] ConditionMgr:805 - Attr not supported : Dmpu
2024-12-17 11:03:13,895 [ERROR] ConditionMgr:805 - Attr not supported : Dmpu
2024-12-17 11:03:13,895 [ERROR] ConditionMgr:805 - Attr not supported : Dmpu
2024-12-17 11:03:13,895 [ERROR] ConditionMgr:805 - Attr not supported : Dmpu
2024-12-17 11:03:13,895 [ERROR] ConditionMgr:805 - Attr not supported : Dmpu
2024-12-17 11:03:13,895 [ERROR] ConditionMgr:805 - Attr not supported : Dmpu
2024-12-17 11:03:13,896 [ERROR] ConditionMgr:805 - Attr not supported : Dmpu
2024-12-17 11:03:13,896 [ERROR] ConditionMgr:805 - Attr not supported : Dmpu
2024-12-17 11:03:13,896 [ERROR] ConditionMgr:805 - Attr not supported : Dmpu
2024-12-17 11:03:13,896 [ERROR] ConditionMgr:805 - Attr not supported : Dmpu
2024-12-17 11:03:13,896 [ERROR] ConditionMgr:805 - Attr not supported : Dmpu
2024-12-17 11:03:13,896 [ERROR] ConditionMgr:805 - Attr not supported : Dmpu
2024-12-17 11:03:13,896 [ERROR] ConditionMgr:805 - Attr not supported : Dmpu
2024-12-17 11:03:13,897 [ERROR] ConditionMgr:805 - Attr not supported : Dmpu
2024-12-17 11:03:13,897 [ERROR] ConditionMgr:805 - Attr not supported : Dmpu
2024-12-17 11:03:13,897 [ERROR] ConditionMgr:805 - Attr not supported : Dmpu
2024-12-17 11:03:13,897 [ERROR] ConditionMgr:805 - Attr not supported : Dmpu
2024-12-17 11:03:13,897 [ERROR] ConditionMgr:805 - Attr not supported : Dmpu
2024-12-17 11:03:13,897 [ERROR] ConditionMgr:805 - Attr not supported : Dmpu
2024-12-17 11:03:13,897 [ERROR] ConditionMgr:805 - Attr not supported : Dmpu
2024-12-17 11:03:13,898 [ERROR] ConditionMgr:805 - Attr not supported : Dmpu
2024-12-17 11:03:13,903 [ERROR] Engine:466 - C:\Users\ajara\.stm32cubemx\thirdparties\pdsc\STMicroelectronics.X-CUBE-TCPP.4.2.0.pdsc: PDSC version is not supported
2024-12-17 11:03:13,912 [WARN] PackLoader:240 - Cannot read IP mode file for RealThread.X-CUBE-RT-Thread_Nano.4.1.1
2024-12-17 11:03:13,919 [WARN] PackLoader:240 - Cannot read IP mode file for STMicroelectronics.FP-ATR-SIGFOX1.3.2.0
2024-12-17 11:03:13,925 [WARN] ConditionMgr:438 - getConditionDescription Invalid condition id : Cortex-A Device cause : null
2024-12-17 11:03:13,945 [WARN] ConditionMgr:1039 - genDependencies : Invalid condition id : Cortex-A Device cause : null
2024-12-17 11:03:13,945 [WARN] ConditionMgr:1039 - genDependencies : Invalid condition id : Cortex-A Device cause : null
2024-12-17 11:03:13,946 [WARN] ConditionMgr:1039 - genDependencies : Invalid condition id : Cortex-A Device cause : null
2024-12-17 11:03:13,955 [WARN] PackLoader:240 - Cannot read IP mode file for STMicroelectronics.X-CUBE-EEPRMA1.5.1.0
2024-12-17 11:03:13,962 [WARN] PackLoader:240 - Cannot read IP mode file for wolfSSL.I-CUBE-wolfSSL.5.7.4
2024-12-17 11:03:13,970 [WARN] PackLoader:240 - Cannot read IP mode file for ITTIA_DB.I-CUBE-ITTIADB.8.9.0
2024-12-17 11:03:14,009 [WARN] PackLoader:240 - Cannot read IP mode file for SEGGER.I-CUBE-embOS.1.3.1
2024-12-17 11:03:14,069 [WARN] PackLoader:240 - Cannot read IP mode file for STMicroelectronics.X-CUBE-ALGOBUILD.1.4.0
2024-12-17 11:03:14,076 [WARN] PackLoader:240 - Cannot read IP mode file for STMicroelectronics.X-CUBE-AI.9.1.0
2024-12-17 11:03:14,095 [WARN] PackLoader:240 - Cannot read IP mode file for STMicroelectronics.X-CUBE-AZRTOS-F4.1.1.0
2024-12-17 11:03:14,106 [WARN] PackLoader:240 - Cannot read IP mode file for STMicroelectronics.X-CUBE-ISPU.2.1.0
2024-12-17 11:03:14,115 [WARN] PackLoader:240 - Cannot read IP mode file for STMicroelectronics.X-CUBE-FREERTOS.1.2.0
2024-12-17 11:03:14,137 [WARN] PackLoader:240 - Cannot read IP mode file for STMicroelectronics.X-CUBE-AZRTOS-L5.2.0.0
2024-12-17 11:03:14,150 [WARN] PackLoader:240 - Cannot read IP mode file for STMicroelectronics.X-CUBE-NFC6.3.1.0
2024-12-17 11:03:14,160 [WARN] PackLoader:240 - Cannot read IP mode file for STMicroelectronics.X-CUBE-DPower.1.2.0
2024-12-17 11:03:14,167 [WARN] PackLoader:240 - Cannot read IP mode file for STMicroelectronics.X-CUBE-FREERTOS.1.3.0
2024-12-17 11:03:14,175 [WARN] PackLoader:240 - Cannot read IP mode file for STMicroelectronics.X-CUBE-NFC7.1.0.1
2024-12-17 11:03:14,198 [WARN] ConditionMgr:438 - getConditionDescription Invalid condition id : LAN8742 Phy interface Condition cause : null
2024-12-17 11:03:14,200 [WARN] PackLoader:240 - Cannot read IP mode file for STMicroelectronics.X-CUBE-AZRTOS-L4.2.0.0
2024-12-17 11:03:14,202 [WARN] ConditionMgr:1039 - genDependencies : Invalid condition id : LAN8742 Phy interface Condition cause : null
2024-12-17 11:03:14,202 [WARN] ConditionMgr:1039 - genDependencies : Invalid condition id : LAN8742 Phy interface Condition cause : null
2024-12-17 11:03:14,204 [WARN] ConditionMgr:1039 - genDependencies : Invalid condition id : LAN8742 Phy interface Condition cause : null
2024-12-17 11:03:14,215 [WARN] PackLoader:240 - Cannot read IP mode file for STMicroelectronics.X-CUBE-SFXS2LP1.4.0.0
2024-12-17 11:03:14,247 [WARN] PackLoader:240 - Cannot read IP mode file for STMicroelectronics.X-CUBE-AZRTOS-H7.3.3.0
2024-12-17 11:03:14,264 [WARN] PackLoader:240 - Cannot read IP mode file for STMicroelectronics.X-CUBE-IPS.3.0.0
2024-12-17 11:03:14,287 [WARN] ConditionMgr:438 - getConditionDescription Invalid condition id : UX DEVICE CLASS RTOS Condition cause : null
2024-12-17 11:03:14,288 [WARN] ConditionMgr:438 - getConditionDescription Invalid condition id : UX DEVICE CLASS RTOS Condition cause : null
2024-12-17 11:03:14,291 [WARN] PackLoader:240 - Cannot read IP mode file for STMicroelectronics.X-CUBE-AZRTOS-WB.2.0.0
2024-12-17 11:03:14,307 [WARN] ConditionMgr:1039 - genDependencies : Invalid condition id : UX DEVICE CLASS RTOS Condition cause : null
2024-12-17 11:03:14,308 [WARN] ConditionMgr:1039 - genDependencies : Invalid condition id : UX DEVICE CLASS RTOS Condition cause : null
2024-12-17 11:03:14,309 [WARN] ConditionMgr:1039 - genDependencies : Invalid condition id : UX DEVICE CLASS RTOS Condition cause : null
2024-12-17 11:03:14,310 [WARN] ConditionMgr:1039 - genDependencies : Invalid condition id : UX DEVICE CLASS RTOS Condition cause : null
2024-12-17 11:03:14,310 [WARN] ConditionMgr:1039 - genDependencies : Invalid condition id : UX DEVICE CLASS RTOS Condition cause : null
2024-12-17 11:03:14,320 [WARN] PackLoader:240 - Cannot read IP mode file for STMicroelectronics.X-CUBE-GNSS1.7.0.0
2024-12-17 11:03:14,327 [WARN] PackLoader:240 - Cannot read IP mode file for STMicroelectronics.X-CUBE-GNSS1.7.0.1
2024-12-17 11:03:14,337 [WARN] PackLoader:240 - Cannot read IP mode file for STMicroelectronics.FP-SNS-STBOX1.2.0.0
2024-12-17 11:03:14,356 [WARN] PackLoader:240 - Cannot read IP mode file for STMicroelectronics.X-CUBE-SUBG2.5.0.0
2024-12-17 11:03:14,369 [WARN] PackLoader:240 - Cannot read IP mode file for Cesanta.I-CUBE-Mongoose.7.13.0
2024-12-17 11:03:14,393 [WARN] PackLoader:240 - Cannot read IP mode file for STMicroelectronics.X-CUBE-AZRTOS-G4.2.0.0
2024-12-17 11:03:14,402 [WARN] PackLoader:240 - Cannot read IP mode file for STMicroelectronics.X-CUBE-ALS.1.0.2
2024-12-17 11:03:14,422 [WARN] PackLoader:240 - Cannot read IP mode file for STMicroelectronics.X-CUBE-TOUCHGFX.4.24.1
2024-12-17 11:03:14,428 [WARN] PackLoader:240 - Cannot read IP mode file for wolfSSL.I-CUBE-wolfTPM.3.4.0
2024-12-17 11:03:14,438 [WARN] PackLoader:240 - Cannot read IP mode file for portGmbH.I-Cube-SoM-uGOAL.1.1.0
2024-12-17 11:03:14,471 [WARN] PackLoader:240 - Cannot read IP mode file for STMicroelectronics.X-CUBE-AZRTOS-H7RS.1.0.0
2024-12-17 11:03:14,492 [WARN] PackLoader:240 - Cannot read IP mode file for STMicroelectronics.X-CUBE-TOF1.3.4.2
2024-12-17 11:03:14,546 [WARN] PackLoader:240 - Cannot read IP mode file for Infineon.AIROC-Wi-Fi-Bluetooth-STM32.1.6.1
2024-12-17 11:03:14,612 [WARN] PackLoader:240 - Cannot read IP mode file for wolfSSL.I-CUBE-wolfSSH.1.4.17
2024-12-17 11:03:14,615 [INFO] ThirdParty:978 - Integrity check success = true
2024-12-17 11:03:14,615 [INFO] IntegrityCheckThread:100 - exiting critical section [integrity check]
2024-12-17 11:03:14,615 [INFO] IntegrityCheckThread:103 - End integrity checks thread
2024-12-17 11:13:03,950 [INFO] McuFinderGlobals:63 - Set McuFinder mode to 2 (CubeIDE integrated)
2024-12-17 11:13:03,960 [INFO] MainUpdater:2873 - connection check result : 10
2024-12-17 11:13:03,963 [INFO] MainUpdater:2873 - connection check result : 10
2024-12-17 11:13:04,105 [INFO] RulesReader:64 - Compatibility file has been processed (297 Rules)
2024-12-17 11:13:04,122 [INFO] RulesReader:64 - Compatibility file has been processed (297 Rules)
2024-12-17 11:13:04,128 [INFO] MicroXplorer:468 - Change Database Path : 
2024-12-17 11:13:04,128 [INFO] MicroXplorer:498 - Change Database Version : DB.6.0.121
2024-12-17 11:13:04,139 [WARN] ThirdParty:871 - waiting for thirdparty lock release [close project]
2024-12-17 11:13:04,140 [INFO] ThirdParty:873 - entering critical section [close project]
2024-12-17 11:13:04,141 [INFO] ThirdParty:883 - exiting critical section [close project]
2024-12-17 11:13:04,146 [INFO] PinOutPanel:1561 - setPackage(No Configuration,No Configuration)
2024-12-17 11:13:04,153 [INFO] UtilMem:75 - Begin LoadConfig() Used Memory: 665030088 Bytes (1073741824)
2024-12-17 11:13:04,155 [INFO] MicroXplorer:468 - Change Database Path : 
2024-12-17 11:13:04,156 [INFO] MicroXplorer:498 - Change Database Version : DB.6.0.121
2024-12-17 11:13:04,156 [INFO] OpenFileManager:332 - Change cursor
2024-12-17 11:13:04,208 [INFO] Mcu:2032 - Initializing MCU STM32F411R(C-E)Tx STM32F411RETx STM32F411RET6
2024-12-17 11:13:06,623 [INFO] Context:742 - Trying to add GPIOservice into a context  which must be forbidden
2024-12-17 11:13:07,472 [INFO] RtosManager:555 - Registered RTOS mode: class=CMSIS, group=RTOS, mode=CMSIS_V1, owner=FREERTOS
2024-12-17 11:13:07,473 [INFO] RtosManager:555 - Registered RTOS mode: class=CMSIS, group=RTOS2, mode=CMSIS_V2, owner=FREERTOS
2024-12-17 11:13:07,473 [INFO] RtosManager:555 - Registered RTOS mode: class=RTOS, group=Core, mode=CMSIS_V1, owner=FREERTOS
2024-12-17 11:13:07,473 [INFO] RtosManager:555 - Registered RTOS mode: class=RTOS, group=Core, mode=CMSIS_V2, owner=FREERTOS
2024-12-17 11:13:07,474 [WARN] ModelIntegratedComponent:184 - Missing modes for component STMicroelectronics:FreeRTOS:0.0.1:STMicroelectronics:RTOS:FreeRTOS:Core:::10.2.0:
2024-12-17 11:13:07,488 [WARN] ModelIntegratedComponent:182 - Modes not found for component STMicroelectronics:USB_HOST:1.0.0:STMicroelectronics:USB::USB Host:Audio HS::1.0:USB_HOST_1_0_RESTRICTED_HS
2024-12-17 11:13:07,488 [WARN] ModelIntegratedComponent:188 - Modes not found for component STMicroelectronics:USB_HOST:1.0.0:STMicroelectronics:USB::USB Host:Audio HS::1.0:USB_HOST_1_0_RESTRICTED_HS
2024-12-17 11:13:07,488 [WARN] ModelIntegratedComponent:182 - Modes not found for component STMicroelectronics:USB_HOST:1.0.0:STMicroelectronics:USB::USB Host:CDC HS::1.0:USB_HOST_1_0_RESTRICTED_HS
2024-12-17 11:13:07,488 [WARN] ModelIntegratedComponent:188 - Modes not found for component STMicroelectronics:USB_HOST:1.0.0:STMicroelectronics:USB::USB Host:CDC HS::1.0:USB_HOST_1_0_RESTRICTED_HS
2024-12-17 11:13:07,488 [WARN] ModelIntegratedComponent:182 - Modes not found for component STMicroelectronics:USB_HOST:1.0.0:STMicroelectronics:USB::USB Host:MSC HS::1.0:USB_HOST_1_0_RESTRICTED_HS
2024-12-17 11:13:07,489 [WARN] ModelIntegratedComponent:188 - Modes not found for component STMicroelectronics:USB_HOST:1.0.0:STMicroelectronics:USB::USB Host:MSC HS::1.0:USB_HOST_1_0_RESTRICTED_HS
2024-12-17 11:13:07,489 [WARN] ModelIntegratedComponent:182 - Modes not found for component STMicroelectronics:USB_HOST:1.0.0:STMicroelectronics:USB::USB Host:HID HS::1.0:USB_HOST_1_0_RESTRICTED_HS
2024-12-17 11:13:07,489 [WARN] ModelIntegratedComponent:188 - Modes not found for component STMicroelectronics:USB_HOST:1.0.0:STMicroelectronics:USB::USB Host:HID HS::1.0:USB_HOST_1_0_RESTRICTED_HS
2024-12-17 11:13:07,489 [WARN] ModelIntegratedComponent:182 - Modes not found for component STMicroelectronics:USB_HOST:1.0.0:STMicroelectronics:USB::USB Host:MTP HS::1.0:USB_HOST_1_0_RESTRICTED_HS
2024-12-17 11:13:07,489 [WARN] ModelIntegratedComponent:188 - Modes not found for component STMicroelectronics:USB_HOST:1.0.0:STMicroelectronics:USB::USB Host:MTP HS::1.0:USB_HOST_1_0_RESTRICTED_HS
2024-12-17 11:13:07,498 [WARN] ModelIntegratedComponent:63 - No mode defined for component null
2024-12-17 11:13:07,499 [WARN] ModelIntegratedComponent:63 - No mode defined for component null
2024-12-17 11:13:07,499 [WARN] ModelIntegratedComponent:63 - No mode defined for component null
2024-12-17 11:13:07,499 [WARN] ModelIntegratedComponent:63 - No mode defined for component null
2024-12-17 11:13:07,499 [WARN] ModelIntegratedComponent:63 - No mode defined for component null
2024-12-17 11:13:07,499 [WARN] ModelIntegratedComponent:63 - No mode defined for component null
2024-12-17 11:13:07,499 [WARN] ModelIntegratedComponent:63 - No mode defined for component null
2024-12-17 11:13:07,499 [WARN] ModelIntegratedComponent:63 - No mode defined for component null
2024-12-17 11:13:07,499 [WARN] ModelIntegratedComponent:63 - No mode defined for component null
2024-12-17 11:13:07,499 [WARN] ModelIntegratedComponent:63 - No mode defined for component null
2024-12-17 11:13:07,499 [WARN] ModelIntegratedComponent:63 - No mode defined for component null
2024-12-17 11:13:07,500 [WARN] ModelIntegratedComponent:63 - No mode defined for component null
2024-12-17 11:13:07,500 [WARN] ModelIntegratedComponent:63 - No mode defined for component null
2024-12-17 11:13:07,500 [WARN] ModelIntegratedComponent:63 - No mode defined for component null
2024-12-17 11:13:07,500 [WARN] ModelIntegratedComponent:63 - No mode defined for component null
2024-12-17 11:13:07,500 [WARN] ModelIntegratedComponent:63 - No mode defined for component null
2024-12-17 11:13:07,500 [WARN] ModelIntegratedComponent:63 - No mode defined for component null
2024-12-17 11:13:07,500 [WARN] ModelIntegratedComponent:63 - No mode defined for component null
2024-12-17 11:13:07,500 [WARN] ModelIntegratedComponent:63 - No mode defined for component null
2024-12-17 11:13:07,500 [WARN] ModelIntegratedComponent:63 - No mode defined for component null
2024-12-17 11:13:07,500 [WARN] ModelIntegratedComponent:63 - No mode defined for component null
2024-12-17 11:13:07,500 [WARN] ModelIntegratedComponent:63 - No mode defined for component null
2024-12-17 11:13:07,500 [WARN] ModelIntegratedComponent:63 - No mode defined for component null
2024-12-17 11:13:07,500 [WARN] ModelIntegratedComponent:63 - No mode defined for component null
2024-12-17 11:13:07,500 [WARN] ModelIntegratedComponent:63 - No mode defined for component null
2024-12-17 11:13:07,500 [WARN] ModelIntegratedComponent:63 - No mode defined for component null
2024-12-17 11:13:07,501 [WARN] ModelIntegratedComponent:63 - No mode defined for component null
2024-12-17 11:13:07,501 [WARN] ModelIntegratedComponent:63 - No mode defined for component null
2024-12-17 11:13:07,501 [WARN] ModelIntegratedComponent:63 - No mode defined for component null
2024-12-17 11:13:07,501 [WARN] ModelIntegratedComponent:63 - No mode defined for component null
2024-12-17 11:13:07,501 [WARN] ModelIntegratedComponent:63 - No mode defined for component null
2024-12-17 11:13:07,501 [WARN] ModelIntegratedComponent:63 - No mode defined for component null
2024-12-17 11:13:07,501 [WARN] ModelIntegratedComponent:63 - No mode defined for component null
2024-12-17 11:13:07,501 [WARN] ModelIntegratedComponent:63 - No mode defined for component null
2024-12-17 11:13:07,501 [WARN] ModelIntegratedComponent:63 - No mode defined for component null
2024-12-17 11:13:07,501 [WARN] ModelPack:524 - Component already loaded: STMicroelectronics:HAL Drivers:0.0.0:STMicroelectronics:Device:STMicro_Driver:XSPI:HAL::0.0.1:HAL_XSPI
2024-12-17 11:13:07,633 [WARN] ModelIntegratedComponent:182 - Modes not found for component STMicroelectronics:USB_DEVICE:1.0.0:STMicroelectronics:USB::USB Device:Audio HS::1.0:USB_DEVICE_1_0_RESTRICTED_HS
2024-12-17 11:13:07,633 [WARN] ModelIntegratedComponent:188 - Modes not found for component STMicroelectronics:USB_DEVICE:1.0.0:STMicroelectronics:USB::USB Device:Audio HS::1.0:USB_DEVICE_1_0_RESTRICTED_HS
2024-12-17 11:13:07,634 [WARN] ModelIntegratedComponent:182 - Modes not found for component STMicroelectronics:USB_DEVICE:1.0.0:STMicroelectronics:USB::USB Device:CDC HS::1.0:USB_DEVICE_1_0_RESTRICTED_HS
2024-12-17 11:13:07,634 [WARN] ModelIntegratedComponent:188 - Modes not found for component STMicroelectronics:USB_DEVICE:1.0.0:STMicroelectronics:USB::USB Device:CDC HS::1.0:USB_DEVICE_1_0_RESTRICTED_HS
2024-12-17 11:13:07,634 [WARN] ModelIntegratedComponent:182 - Modes not found for component STMicroelectronics:USB_DEVICE:1.0.0:STMicroelectronics:USB::USB Device:DFU HS::1.0:USB_DEVICE_1_0_RESTRICTED_HS
2024-12-17 11:13:07,634 [WARN] ModelIntegratedComponent:188 - Modes not found for component STMicroelectronics:USB_DEVICE:1.0.0:STMicroelectronics:USB::USB Device:DFU HS::1.0:USB_DEVICE_1_0_RESTRICTED_HS
2024-12-17 11:13:07,634 [WARN] ModelIntegratedComponent:182 - Modes not found for component STMicroelectronics:USB_DEVICE:1.0.0:STMicroelectronics:USB::USB Device:HID HS::1.0:USB_DEVICE_1_0_RESTRICTED_HS
2024-12-17 11:13:07,634 [WARN] ModelIntegratedComponent:188 - Modes not found for component STMicroelectronics:USB_DEVICE:1.0.0:STMicroelectronics:USB::USB Device:HID HS::1.0:USB_DEVICE_1_0_RESTRICTED_HS
2024-12-17 11:13:07,634 [WARN] ModelIntegratedComponent:182 - Modes not found for component STMicroelectronics:USB_DEVICE:1.0.0:STMicroelectronics:USB::USB Device:Custom HID HS::1.0:USB_DEVICE_1_0_RESTRICTED_HS
2024-12-17 11:13:07,634 [WARN] ModelIntegratedComponent:188 - Modes not found for component STMicroelectronics:USB_DEVICE:1.0.0:STMicroelectronics:USB::USB Device:Custom HID HS::1.0:USB_DEVICE_1_0_RESTRICTED_HS
2024-12-17 11:13:07,634 [WARN] ModelIntegratedComponent:182 - Modes not found for component STMicroelectronics:USB_DEVICE:1.0.0:STMicroelectronics:USB::USB Device:MSC HS::1.0:USB_DEVICE_1_0_RESTRICTED_HS
2024-12-17 11:13:07,634 [WARN] ModelIntegratedComponent:188 - Modes not found for component STMicroelectronics:USB_DEVICE:1.0.0:STMicroelectronics:USB::USB Device:MSC HS::1.0:USB_DEVICE_1_0_RESTRICTED_HS
2024-12-17 11:13:07,677 [INFO] ThirdPartyModel:298 - Start build external matchings
2024-12-17 11:13:08,441 [INFO] ThirdPartyModel:316 - End build external matchings
2024-12-17 11:13:08,510 [INFO] ImportTextPane:205 - (OptionalMessage_ERROR) IP (DMA) : Parameter (Instance) has Id (ADC1) currently not set
2024-12-17 11:13:08,510 [INFO] ImportTextPane:205 - (OptionalMessage_ERROR) IP (DMA) : Parameter (Channel) has Id (ADC1) currently not set
2024-12-17 11:13:08,510 [INFO] ImportTextPane:205 - (OptionalMessage_ERROR) IP (DMA) : Parameter (Direction) has Id (ADC1) currently not set
2024-12-17 11:13:08,511 [INFO] ImportTextPane:205 - (OptionalMessage_ERROR) IP (DMA) : Parameter (PeriphInc) has Id (ADC1) currently not set
2024-12-17 11:13:08,511 [INFO] ImportTextPane:205 - (OptionalMessage_ERROR) IP (DMA) : Parameter (MemInc) has Id (ADC1) currently not set
2024-12-17 11:13:08,511 [INFO] ImportTextPane:205 - (OptionalMessage_ERROR) IP (DMA) : Parameter (PeriphDataAlignment) has Id (ADC1) currently not set
2024-12-17 11:13:08,513 [INFO] ImportTextPane:205 - (OptionalMessage_ERROR) IP (DMA) : Parameter (MemDataAlignment) has Id (ADC1) currently not set
2024-12-17 11:13:08,513 [INFO] ImportTextPane:205 - (OptionalMessage_ERROR) IP (DMA) : Parameter (Mode) has Id (ADC1) currently not set
2024-12-17 11:13:08,513 [INFO] ImportTextPane:205 - (OptionalMessage_ERROR) IP (DMA) : Parameter (Priority) has Id (ADC1) currently not set
2024-12-17 11:13:08,513 [INFO] ImportTextPane:205 - (OptionalMessage_ERROR) IP (DMA) : Parameter (FIFOMode) has Id (ADC1) currently not set
2024-12-17 11:13:08,518 [INFO] ImportTextPane:205 - (OptionalMessage_ERROR) IP (RCC) : Parameter (48MHZClocksFreq_Value) has invalid value (84000000)
2024-12-17 11:13:08,527 [INFO] ImportTextPane:205 - (OptionalMessage_ERROR) IP (RCC) : Parameter (FLatency) has Id (AdvancedSettings) currently not set
2024-12-17 11:13:08,531 [INFO] ImportTextPane:205 - (OptionalMessage_ERROR) IP (RCC) : Parameter (RTCHSEDivFreq_Value) has invalid value (4000000)
2024-12-17 11:13:09,150 [INFO] ApiDb:581 - Connected to CubeFinder SQLite database (C:\Users\ajara\.stmcufinder\plugins\mcufinder\mcu\cube-finder-db.db)
2024-12-17 11:13:09,275 [INFO] ApiDb:668 - CubeFinder database Data Model version=2.1
2024-12-17 11:13:09,275 [INFO] ApiDb:669 - CubeFinder database Configuration version=3.0.39
2024-12-17 11:13:09,277 [INFO] ApiDb:670 - CubeFinder database generation date=2024-10-15 (1729006872)
2024-12-17 11:13:09,277 [INFO] ApiDb:671 - CubeFinder database FW Pack versions=[FP-ATR-ASTRA1_V2.0.0, FP-SNS-FLIGHT1_V5.0.2, FP-SNS-MOTENV1_V5.0.0, FP-SNS-MOTENVWB1_V1.4.0, FP-SNS-SMARTAG2_V1.2.0, FP-SNS-STBOX1_V2.0.0, STM32Cube_FW_C0_V1.2.0, STM32Cube_FW_F4_V1.28.1, STM32Cube_FW_F7_V1.17.2, STM32Cube_FW_G0_V1.6.2, STM32Cube_FW_G4_V1.6.0, STM32Cube_FW_H5_V1.3.0, STM32Cube_FW_H7RS_V1.1.0, STM32Cube_FW_H7_V1.11.2, STM32Cube_FW_L0_V1.12.2, STM32Cube_FW_L5_V1.5.1, STM32Cube_FW_U0_V1.1.0, STM32Cube_FW_U5_V1.6.0, STM32Cube_FW_WB0_V1.0.0, STM32Cube_FW_WBA_V1.4.1, STM32Cube_FW_WB_V1.20.0, STM32Cube_FW_WL_V1.3.0, X-CUBE-ALGOBUILD_V1.4.0, X-CUBE-ALS_V1.0.2, X-CUBE-AZRTOS-F4_V1.1.0, X-CUBE-AZRTOS-F7_V1.1.0, X-CUBE-AZRTOS-G0_V1.1.0, X-CUBE-AZRTOS-G4_V2.0.0, X-CUBE-AZRTOS-H7RS_V1.0.0, X-CUBE-AZRTOS-H7_V3.3.0, X-CUBE-AZRTOS-L4_V2.0.0, X-CUBE-AZRTOS-L5_V2.0.0, X-CUBE-AZRTOS-WB_V2.0.0, X-CUBE-AZRTOS-WL_V2.0.0, X-CUBE-BLE1_V7.0.0, X-CUBE-BLE2_V3.3.0, X-CUBE-BLEMGR_V3.1.0, X-CUBE-EEPRMA1_V5.1.0, X-CUBE-FREERTOS_V1.2.0, X-CUBE-GNSS1_V6.0.0, X-CUBE-MEMS1_V11.0.0, X-CUBE-NFC4_V3.0.0, X-CUBE-NFC7_V1.0.1, X-CUBE-SFXS2LP1_V4.0.0, X-CUBE-SUBG2_V5.0.0, X-CUBE-TOF1_V3.4.2]
2024-12-17 11:13:09,487 [INFO] DbBoardsSqlite:226 - include board P-NUCLEO-WB55-NUCLEO as a kit item of type 'Nucleo-64'
2024-12-17 11:13:09,487 [INFO] DbBoardsSqlite:226 - include board P-NUCLEO-WB55-USBDONGLE as a kit item of type 'Nucleo USB Dongle'
2024-12-17 11:13:09,489 [INFO] DbBoardsSqlite:226 - include board STEVAL-IDP005V1 as a kit item of type 'Evaluation Board'
2024-12-17 11:13:09,490 [INFO] DbBoardsSqlite:226 - include board STEVAL-IDP005V2 as a kit item of type 'Evaluation Board'
2024-12-17 11:13:09,992 [INFO] ApiDb:240 - Found 646 in-development CPN: [B-G473E-ZEST1S, B-WB1M-WPAN1, B-WL5M-SUBG1, NUCLEO-C031C6, NUCLEO-C071RB, NUCLEO-H503RB, NUCLEO-H533RE, NUCLEO-H563ZI, NUCLEO-H7S3L8, NUCLEO-U031R8, NUCLEO-U083RC, NUCLEO-U545RE-Q, NUCLEO-U5A5ZJ-Q, NUCLEO-WB05KZ, NUCLEO-WB07CC, NUCLEO-WB09KE, NUCLEO-WBA52CG, NUCLEO-WBA55CG, STEVAL-PROTEUS1, STEVAL-SMARTAG2, STEVAL-STWINBX1, STM320518-EVAL, STM32C0116-DK, STM32C011D6Y3TR, STM32C011D6Y6TR, STM32C011F4P3, STM32C011F4P6, STM32C011F4U3, STM32C011F4U6TR, STM32C011F6P3, STM32C011F6P6, STM32C011F6U3, STM32C011F6U6TR, STM32C011J4M3, STM32C011J4M6, STM32C011J6M3, STM32C011J6M6, STM32C0316-DK, STM32C031C4T3, STM32C031C4T6, STM32C031C4U3, STM32C031C4U6, STM32C031C6T3, STM32C031C6T6, STM32C031C6U3, STM32C031C6U6, STM32C031F4P3, STM32C031F4P6, STM32C031F6P3, STM32C031F6P6, STM32C031G4U3, STM32C031G4U6, STM32C031G6U3, STM32C031G6U6, STM32C031K4T3, STM32C031K4T6, STM32C031K4U3, STM32C031K4U6, STM32C031K6T3, STM32C031K6T6, STM32C031K6U3, STM32C031K6U6, STM32C071C8T6, STM32C071C8T6N, STM32C071C8U6, STM32C071C8U6N, STM32C071CBT6, STM32C071CBT6N, STM32C071CBU6, STM32C071CBU6N, STM32C071F8P6, STM32C071F8P6N, STM32C071FBP6, STM32C071FBP6N, STM32C071FBY6TR, STM32C071G8U6, STM32C071G8U6N, STM32C071GBU6, STM32C071GBU6N, STM32C071K8T6, STM32C071K8T6N, STM32C071K8U6, STM32C071K8U6N, STM32C071KBT6, STM32C071KBT6N, STM32C071KBU6, STM32C071KBU6N, STM32C071R8T6, STM32C071R8T6N, STM32C071RBI6N, STM32C071RBT6, STM32C071RBT6N, STM32G071K8TXN, STM32G071K8UXN, STM32G081GBU6N, STM32G081KBT6N, STM32G081KBUXN, STM32G0B1CCT6N, STM32G0B1KCT6, STM32G0B1NEY6TR, STM32G0B1RCT6N, STM32G0C1CCT6, STM32G0C1CCT6N, STM32G0C1CCU6N, STM32G0C1CET6N, STM32G0C1CEU6N, STM32G0C1KCT6, STM32G0C1NEY6TR, STM32G0C1RCI6N, STM32G0C1RCT6N, STM32G0C1REI6N, STM32G0C1RET6N, STM32G0C1VCI6, STM32G0C1VEI6, STM32G411C6T3, STM32G411C6T6, STM32G411C6U3, STM32G411C6U6, STM32G411C8T3, STM32G411C8T6, STM32G411C8U3, STM32G411C8U6, STM32G411CBT3, STM32G411CBT6, STM32G411CBU3, STM32G411CBU6, STM32G411K6T3, STM32G411K6T6, STM32G411K6U3, STM32G411K6U6, STM32G411K8T3, STM32G411K8T6, STM32G411K8U3, STM32G411K8U6, STM32G411KBT3, STM32G411KBT6, STM32G411KBU3, STM32G411KBU6, STM32G411M6T3, STM32G411M6T6, STM32G411M8T3, STM32G411M8T6, STM32G411MBT3, STM32G411MBT6, STM32G411R6T3, STM32G411R6T6, STM32G411R8T3, STM32G411R8T6, STM32G411RBT3, STM32G411RBT6, STM32G414CBT3, STM32G414CBT6, STM32G414CBU3, STM32G414CBU6, STM32G414CCT3, STM32G414CCT6, STM32G414CCU3, STM32G414CCU6, STM32G414MBT3, STM32G414MBT6, STM32G414MCT3, STM32G414MCT6, STM32G414RBT3, STM32G414RBT6, STM32G414RCT3, STM32G414RCT6, STM32G414VBT3, STM32G414VBT6, STM32G414VCT3, STM32G414VCT6, STM32G431CBT3Z, STM32G431RBT3Z, STM32G471CCT6, STM32G471CCU6, STM32G471CET3, STM32G471CET6, STM32G471CEU3, STM32G471CEU6, STM32G471MCT6, STM32G471MET3, STM32G471MET6, STM32G471MEY6TR, STM32G471QCT6, STM32G471QET3, STM32G471RCT6, STM32G471RET3, STM32G471RET6, STM32G471VCH6, STM32G471VCI6, STM32G471VCT6, STM32G471VEH3, STM32G471VEH6, STM32G471VEI3, STM32G471VEI6, STM32G471VET3, STM32G471VET6, STM32G473QET3Z, STM32G473RET3Z, STM32G474CCT6, STM32G491RET3Z, STM32H503CBT6, STM32H503CBU6, STM32H503EBY6TR, STM32H503KBU6, STM32H503RBT6, STM32H523CCT6, STM32H523CCU6, STM32H523CET6, STM32H523CEU6, STM32H523HEY6TR, STM32H523RCT6, STM32H523RET6, STM32H523VCI6, STM32H523VCT6, STM32H523VEI6, STM32H523VET6, STM32H523ZCJ6, STM32H523ZCT6, STM32H523ZEJ6, STM32H523ZET6, STM32H533CET6, STM32H533CEU6, STM32H533HEY6TR, STM32H533RET6, STM32H533VEI6, STM32H533VET6, STM32H533ZEJ6, STM32H533ZET6, STM32H562AGI6, STM32H562AII6, STM32H562IGK6, STM32H562IGT6, STM32H562IIK6, STM32H562IIT6, STM32H562RGT6, STM32H562RGV6, STM32H562RIT6, STM32H562RIV6, STM32H562VGT6, STM32H562VIT6, STM32H562ZGT6, STM32H562ZIT6, STM32H563AGI6, STM32H563AII3Q, STM32H563AII6, STM32H563IGK6, STM32H563IGT6, STM32H563IIK3Q, STM32H563IIK6, STM32H563IIT3Q, STM32H563IIT6, STM32H563MIY3QTR, STM32H563RGT6, STM32H563RGV6, STM32H563RIT6, STM32H563RIV6, STM32H563VGT6, STM32H563VIT3Q, STM32H563VIT6, STM32H563ZGT6, STM32H563ZIT3Q, STM32H563ZIT6, STM32H573AII3Q, STM32H573AII6, STM32H573I-DK, STM32H573IIK3Q, STM32H573IIK6, STM32H573IIT3Q, STM32H573IIT6, STM32H573MIY3QTR, STM32H573RIT6, STM32H573RIV6, STM32H573VIT3Q, STM32H573VIT6, STM32H573ZIT3Q, STM32H573ZIT6, STM32H7R3A8I6, STM32H7R3I8K6, STM32H7R3I8T6, STM32H7R3L8H6, STM32H7R3L8H6H, STM32H7R3R8V6, STM32H7R3V8H6, STM32H7R3V8T6, STM32H7R3V8Y6TR, STM32H7R3Z8J6, STM32H7R3Z8T6, STM32H7R7A8I6, STM32H7R7I8K6, STM32H7R7I8T6, STM32H7R7L8H6, STM32H7R7L8H6H, STM32H7R7Z8J6, STM32H7S3A8I6, STM32H7S3I8K6, STM32H7S3I8T6, STM32H7S3L8H6, STM32H7S3L8H6H, STM32H7S3R8V6, STM32H7S3V8H6, STM32H7S3V8T6, STM32H7S3V8Y6TR, STM32H7S3Z8J6, STM32H7S3Z8T6, STM32H7S78-DK, STM32H7S7A8I6, STM32H7S7I8K6, STM32H7S7I8T6, STM32H7S7L8H6, STM32H7S7L8H6H, STM32H7S7Z8J6, STM32L4R5QGI6STR, STM32MP131AAE3, STM32MP131AAF3, STM32MP131AAG3, STM32MP131CAE3, STM32MP131CAF3, STM32MP131CAG3, STM32MP131DAE7, STM32MP131DAF7, STM32MP131DAG7, STM32MP131FAE7, STM32MP131FAF7, STM32MP131FAG7, STM32MP133AAE3, STM32MP133AAF3, STM32MP133AAG3, STM32MP133CAE3, STM32MP133CAF3, STM32MP133CAG3, STM32MP133DAE7, STM32MP133DAF7, STM32MP133DAG7, STM32MP133FAE7, STM32MP133FAF7, STM32MP133FAG7, STM32MP135AAE3, STM32MP135AAF3, STM32MP135AAG3, STM32MP135CAE3, STM32MP135CAF3, STM32MP135CAG3, STM32MP135DAE7, STM32MP135DAF7, STM32MP135DAG7, STM32MP135F-DK, STM32MP135FAE7, STM32MP135FAF7, STM32MP135FAF7T, STM32MP135FAF7U, STM32MP135FAG7, STM32MP251AAI3, STM32MP251AAK3, STM32MP251AAL3, STM32MP251CAI3, STM32MP251CAK3, STM32MP251CAL3, STM32MP251DAI3, STM32MP251DAK3, STM32MP251DAL3, STM32MP251FAI3, STM32MP251FAK3, STM32MP251FAL3, STM32MP253AAI3, STM32MP253AAK3, STM32MP253AAL3, STM32MP253CAI3, STM32MP253CAK3, STM32MP253CAL3, STM32MP253DAI3, STM32MP253DAK3, STM32MP253DAL3, STM32MP253FAI3, STM32MP253FAK3, STM32MP253FAL3, STM32MP255AAI3, STM32MP255AAK3, STM32MP255AAL3, STM32MP255CAI3, STM32MP255CAK3, STM32MP255CAL3, STM32MP255DAI3, STM32MP255DAK3, STM32MP255DAL3, STM32MP255FAI3, STM32MP255FAK3, STM32MP255FAL3, STM32MP257AAI3, STM32MP257AAK3, STM32MP257AAL3, STM32MP257CAI3, STM32MP257CAK3, STM32MP257CAL3, STM32MP257DAI3, STM32MP257DAK3, STM32MP257DAL3, STM32MP257F-DK, STM32MP257F-EV1, STM32MP257FAI3, STM32MP257FAK3, STM32MP257FAL3, STM32U031C6T6, STM32U031C6U6, STM32U031C8T6, STM32U031C8U6, STM32U031F4P6, STM32U031F6P6, STM32U031F8P6, STM32U031G6Y6TR, STM32U031G8Y6TR, STM32U031K4U6, STM32U031K6U6, STM32U031K8U6, STM32U031R6I6, STM32U031R6T6, STM32U031R8I6, STM32U031R8T6, STM32U073C8T6, STM32U073C8U6, STM32U073CBT6, STM32U073CBU6, STM32U073CCT6, STM32U073CCU6, STM32U073H8Y6TR, STM32U073HBY6TR, STM32U073HCY6TR, STM32U073K8U6, STM32U073KBU6, STM32U073KCU6, STM32U073M8I6, STM32U073M8T6, STM32U073MBI6, STM32U073MBT6, STM32U073MCI6, STM32U073MCT6, STM32U073R8I6, STM32U073R8T6, STM32U073RBI6, STM32U073RBT6, STM32U073RCI6, STM32U073RCT6, STM32U083C-DK, STM32U083CCT6, STM32U083CCU6, STM32U083HCY6TR, STM32U083KCU6, STM32U083MCI6, STM32U083MCT6, STM32U083RCI6, STM32U083RCT6, STM32U535CBT6, STM32U535CBT6Q, STM32U535CBU6, STM32U535CBU6Q, STM32U535CCT6, STM32U535CCT6Q, STM32U535CCU6, STM32U535CCU6Q, STM32U535CET6, STM32U535CET6Q, STM32U535CEU6, STM32U535CEU6Q, STM32U535JEY6QTR, STM32U535NCY6QTR, STM32U535NEY6QTR, STM32U535RBI6, STM32U535RBI6Q, STM32U535RBT6, STM32U535RBT6Q, STM32U535RCI6, STM32U535RCI6Q, STM32U535RCT6, STM32U535RCT6Q, STM32U535REI6, STM32U535REI6Q, STM32U535RET6, STM32U535RET6Q, STM32U535VCI6, STM32U535VCI6Q, STM32U535VCT6, STM32U535VCT6Q, STM32U535VEI6, STM32U535VEI6Q, STM32U535VET6, STM32U535VET6Q, STM32U545CET6, STM32U545CET6Q, STM32U545CEU6, STM32U545CEU6Q, STM32U545JEY6QTR, STM32U545NEY6QTR, STM32U545REI6, STM32U545REI6Q, STM32U545RET6, STM32U545RET6Q, STM32U545VEI6, STM32U545VEI6Q, STM32U545VET6, STM32U545VET6Q, STM32U595AIH6, STM32U595AIH6Q, STM32U595AJH6, STM32U595AJH6Q, STM32U595QII6, STM32U595QII6Q, STM32U595QJI6, STM32U595QJI6Q, STM32U595RIT6, STM32U595RIT6Q, STM32U595RJT6, STM32U595RJT6Q, STM32U595VIT6, STM32U595VIT6Q, STM32U595VJT6, STM32U595VJT6Q, STM32U595ZIT6, STM32U595ZIT6Q, STM32U595ZIY6QTR, STM32U595ZJT6, STM32U595ZJT6Q, STM32U595ZJY6QTR, STM32U599BJY6QTR, STM32U599NIH6Q, STM32U599NJH6Q, STM32U599VIT6Q, STM32U599VJT6, STM32U599VJT6Q, STM32U599ZIT6Q, STM32U599ZIY6QTR, STM32U599ZJT6Q, STM32U599ZJY6QTR, STM32U5A5AJH6, STM32U5A5AJH6Q, STM32U5A5QII3Q , STM32U5A5QJI6, STM32U5A5QJI6Q, STM32U5A5RJT6, STM32U5A5RJT6Q, STM32U5A5VJT6, STM32U5A5VJT6Q, STM32U5A5ZJT6, STM32U5A5ZJT6Q, STM32U5A5ZJY6QTR, STM32U5A9BJY6QTR, STM32U5A9J-DK, STM32U5A9NJH6Q, STM32U5A9VJT6Q, STM32U5A9ZJT6Q, STM32U5A9ZJY6QTR, STM32U5F7VIT6, STM32U5F7VIT6Q, STM32U5F7VJT6, STM32U5F7VJT6Q, STM32U5F9BJY6QTR, STM32U5F9NJH6Q, STM32U5F9VIT6Q, STM32U5F9VJT6Q, STM32U5F9ZIJ6QTR, STM32U5F9ZIT6Q, STM32U5F9ZJJ6QTR, STM32U5F9ZJT6Q, STM32U5G7VJT6, STM32U5G7VJT6Q, STM32U5G9BJY6QTR, STM32U5G9J-DK1, STM32U5G9J-DK2, STM32U5G9NJH6Q, STM32U5G9VJT6Q, STM32U5G9ZJJ6QTR, STM32U5G9ZJT6Q, STM32WB05KZV6TR, STM32WB05KZV7TR, STM32WB05TZF6TR, STM32WB05TZF7TR, STM32WB06CCF6TR, STM32WB06CCF7TR, STM32WB06CCV6TR, STM32WB06CCV7TR, STM32WB06KCV6TR, STM32WB06KCV7TR, STM32WB07CCF6TR, STM32WB07CCF7TR, STM32WB07CCV6TR, STM32WB07CCV7TR, STM32WB07KCV6TR, STM32WB07KCV7TR, STM32WB09KEV6TR, STM32WB09KEV7TR, STM32WB09TEF6TR, STM32WB09TEF7TR, STM32WB1MMCH6, STM32WBA50KGU6, STM32WBA50KGU6TR, STM32WBA52CEU6, STM32WBA52CEU6TR, STM32WBA52CEU7, STM32WBA52CEU7TR, STM32WBA52CGU6, STM32WBA52CGU6TR, STM32WBA52CGU6U, STM32WBA52CGU7, STM32WBA52CGU7TR, STM32WBA52KEU6, STM32WBA52KEU6TR, STM32WBA52KGU6, STM32WBA52KGU6TR, STM32WBA54CEU6, STM32WBA54CEU6TR, STM32WBA54CEU7, STM32WBA54CEU7TR, STM32WBA54CGU6, STM32WBA54CGU6TR, STM32WBA54CGU7, STM32WBA54CGU7TR, STM32WBA54KEU6, STM32WBA54KEU6TR, STM32WBA54KEU7, STM32WBA54KEU7TR, STM32WBA54KGU6, STM32WBA54KGU6TR, STM32WBA54KGU7, STM32WBA54KGU7TR, STM32WBA55CEU6, STM32WBA55CEU6TR, STM32WBA55CEU7, STM32WBA55CEU7TR, STM32WBA55CGU6, STM32WBA55CGU6TR, STM32WBA55CGU6U, STM32WBA55CGU7, STM32WBA55CGU7TR, STM32WBA55G-DK1, STM32WBA55HEF6, STM32WBA55HEF7, STM32WBA55HGF6, STM32WBA55HGF7, STM32WBA55UEI6, STM32WBA55UEI6TR, STM32WBA55UEI7, STM32WBA55UEI7TR, STM32WBA55UGI6, STM32WBA55UGI6TR, STM32WBA55UGI7, STM32WBA55UGI7TR, STM32WL5MOCH6, STM32WL5MOCH6TR]
2024-12-17 11:13:10,257 [INFO] BoardInfo:889 - No configuration file found for board P-NUCLEO-WB55
2024-12-17 11:13:10,258 [INFO] DbBoards:161 - Kit is not supported: P-NUCLEO-WB55
2024-12-17 11:13:10,269 [INFO] BoardInfo:889 - No configuration file found for board STEVAL-BFA001V1B
2024-12-17 11:13:10,271 [INFO] DbBoards:161 - Kit is not supported: STEVAL-BFA001V1B
2024-12-17 11:13:10,272 [INFO] BoardInfo:889 - No configuration file found for board STEVAL-BFA001V2B
2024-12-17 11:13:10,274 [INFO] DbBoards:161 - Kit is not supported: STEVAL-BFA001V2B
2024-12-17 11:13:10,601 [INFO] DbBoards:168 - Found 201 boards, 198 are supported
2024-12-17 11:13:10,601 [INFO] DbBoards:169 - Found 201 boards, 25 of them is supported for  Bsp
2024-12-17 11:13:10,607 [INFO] ApiDb:668 - CubeFinder database Data Model version=2.1
2024-12-17 11:13:10,607 [INFO] ApiDb:669 - CubeFinder database Configuration version=3.0.39
2024-12-17 11:13:10,607 [INFO] ApiDb:670 - CubeFinder database generation date=2024-10-15 (1729006872)
2024-12-17 11:13:10,607 [INFO] ApiDb:671 - CubeFinder database FW Pack versions=[FP-ATR-ASTRA1_V2.0.0, FP-SNS-FLIGHT1_V5.0.2, FP-SNS-MOTENV1_V5.0.0, FP-SNS-MOTENVWB1_V1.4.0, FP-SNS-SMARTAG2_V1.2.0, FP-SNS-STBOX1_V2.0.0, STM32Cube_FW_C0_V1.2.0, STM32Cube_FW_F4_V1.28.1, STM32Cube_FW_F7_V1.17.2, STM32Cube_FW_G0_V1.6.2, STM32Cube_FW_G4_V1.6.0, STM32Cube_FW_H5_V1.3.0, STM32Cube_FW_H7RS_V1.1.0, STM32Cube_FW_H7_V1.11.2, STM32Cube_FW_L0_V1.12.2, STM32Cube_FW_L5_V1.5.1, STM32Cube_FW_U0_V1.1.0, STM32Cube_FW_U5_V1.6.0, STM32Cube_FW_WB0_V1.0.0, STM32Cube_FW_WBA_V1.4.1, STM32Cube_FW_WB_V1.20.0, STM32Cube_FW_WL_V1.3.0, X-CUBE-ALGOBUILD_V1.4.0, X-CUBE-ALS_V1.0.2, X-CUBE-AZRTOS-F4_V1.1.0, X-CUBE-AZRTOS-F7_V1.1.0, X-CUBE-AZRTOS-G0_V1.1.0, X-CUBE-AZRTOS-G4_V2.0.0, X-CUBE-AZRTOS-H7RS_V1.0.0, X-CUBE-AZRTOS-H7_V3.3.0, X-CUBE-AZRTOS-L4_V2.0.0, X-CUBE-AZRTOS-L5_V2.0.0, X-CUBE-AZRTOS-WB_V2.0.0, X-CUBE-AZRTOS-WL_V2.0.0, X-CUBE-BLE1_V7.0.0, X-CUBE-BLE2_V3.3.0, X-CUBE-BLEMGR_V3.1.0, X-CUBE-EEPRMA1_V5.1.0, X-CUBE-FREERTOS_V1.2.0, X-CUBE-GNSS1_V6.0.0, X-CUBE-MEMS1_V11.0.0, X-CUBE-NFC4_V3.0.0, X-CUBE-NFC7_V1.0.1, X-CUBE-SFXS2LP1_V4.0.0, X-CUBE-SUBG2_V5.0.0, X-CUBE-TOF1_V3.4.2]
2024-12-17 11:13:13,782 [INFO] ApiDb:240 - Found 646 in-development CPN: [B-G473E-ZEST1S, B-WB1M-WPAN1, B-WL5M-SUBG1, NUCLEO-C031C6, NUCLEO-C071RB, NUCLEO-H503RB, NUCLEO-H533RE, NUCLEO-H563ZI, NUCLEO-H7S3L8, NUCLEO-U031R8, NUCLEO-U083RC, NUCLEO-U545RE-Q, NUCLEO-U5A5ZJ-Q, NUCLEO-WB05KZ, NUCLEO-WB07CC, NUCLEO-WB09KE, NUCLEO-WBA52CG, NUCLEO-WBA55CG, STEVAL-PROTEUS1, STEVAL-SMARTAG2, STEVAL-STWINBX1, STM320518-EVAL, STM32C0116-DK, STM32C011D6Y3TR, STM32C011D6Y6TR, STM32C011F4P3, STM32C011F4P6, STM32C011F4U3, STM32C011F4U6TR, STM32C011F6P3, STM32C011F6P6, STM32C011F6U3, STM32C011F6U6TR, STM32C011J4M3, STM32C011J4M6, STM32C011J6M3, STM32C011J6M6, STM32C0316-DK, STM32C031C4T3, STM32C031C4T6, STM32C031C4U3, STM32C031C4U6, STM32C031C6T3, STM32C031C6T6, STM32C031C6U3, STM32C031C6U6, STM32C031F4P3, STM32C031F4P6, STM32C031F6P3, STM32C031F6P6, STM32C031G4U3, STM32C031G4U6, STM32C031G6U3, STM32C031G6U6, STM32C031K4T3, STM32C031K4T6, STM32C031K4U3, STM32C031K4U6, STM32C031K6T3, STM32C031K6T6, STM32C031K6U3, STM32C031K6U6, STM32C071C8T6, STM32C071C8T6N, STM32C071C8U6, STM32C071C8U6N, STM32C071CBT6, STM32C071CBT6N, STM32C071CBU6, STM32C071CBU6N, STM32C071F8P6, STM32C071F8P6N, STM32C071FBP6, STM32C071FBP6N, STM32C071FBY6TR, STM32C071G8U6, STM32C071G8U6N, STM32C071GBU6, STM32C071GBU6N, STM32C071K8T6, STM32C071K8T6N, STM32C071K8U6, STM32C071K8U6N, STM32C071KBT6, STM32C071KBT6N, STM32C071KBU6, STM32C071KBU6N, STM32C071R8T6, STM32C071R8T6N, STM32C071RBI6N, STM32C071RBT6, STM32C071RBT6N, STM32G071K8TXN, STM32G071K8UXN, STM32G081GBU6N, STM32G081KBT6N, STM32G081KBUXN, STM32G0B1CCT6N, STM32G0B1KCT6, STM32G0B1NEY6TR, STM32G0B1RCT6N, STM32G0C1CCT6, STM32G0C1CCT6N, STM32G0C1CCU6N, STM32G0C1CET6N, STM32G0C1CEU6N, STM32G0C1KCT6, STM32G0C1NEY6TR, STM32G0C1RCI6N, STM32G0C1RCT6N, STM32G0C1REI6N, STM32G0C1RET6N, STM32G0C1VCI6, STM32G0C1VEI6, STM32G411C6T3, STM32G411C6T6, STM32G411C6U3, STM32G411C6U6, STM32G411C8T3, STM32G411C8T6, STM32G411C8U3, STM32G411C8U6, STM32G411CBT3, STM32G411CBT6, STM32G411CBU3, STM32G411CBU6, STM32G411K6T3, STM32G411K6T6, STM32G411K6U3, STM32G411K6U6, STM32G411K8T3, STM32G411K8T6, STM32G411K8U3, STM32G411K8U6, STM32G411KBT3, STM32G411KBT6, STM32G411KBU3, STM32G411KBU6, STM32G411M6T3, STM32G411M6T6, STM32G411M8T3, STM32G411M8T6, STM32G411MBT3, STM32G411MBT6, STM32G411R6T3, STM32G411R6T6, STM32G411R8T3, STM32G411R8T6, STM32G411RBT3, STM32G411RBT6, STM32G414CBT3, STM32G414CBT6, STM32G414CBU3, STM32G414CBU6, STM32G414CCT3, STM32G414CCT6, STM32G414CCU3, STM32G414CCU6, STM32G414MBT3, STM32G414MBT6, STM32G414MCT3, STM32G414MCT6, STM32G414RBT3, STM32G414RBT6, STM32G414RCT3, STM32G414RCT6, STM32G414VBT3, STM32G414VBT6, STM32G414VCT3, STM32G414VCT6, STM32G431CBT3Z, STM32G431RBT3Z, STM32G471CCT6, STM32G471CCU6, STM32G471CET3, STM32G471CET6, STM32G471CEU3, STM32G471CEU6, STM32G471MCT6, STM32G471MET3, STM32G471MET6, STM32G471MEY6TR, STM32G471QCT6, STM32G471QET3, STM32G471RCT6, STM32G471RET3, STM32G471RET6, STM32G471VCH6, STM32G471VCI6, STM32G471VCT6, STM32G471VEH3, STM32G471VEH6, STM32G471VEI3, STM32G471VEI6, STM32G471VET3, STM32G471VET6, STM32G473QET3Z, STM32G473RET3Z, STM32G474CCT6, STM32G491RET3Z, STM32H503CBT6, STM32H503CBU6, STM32H503EBY6TR, STM32H503KBU6, STM32H503RBT6, STM32H523CCT6, STM32H523CCU6, STM32H523CET6, STM32H523CEU6, STM32H523HEY6TR, STM32H523RCT6, STM32H523RET6, STM32H523VCI6, STM32H523VCT6, STM32H523VEI6, STM32H523VET6, STM32H523ZCJ6, STM32H523ZCT6, STM32H523ZEJ6, STM32H523ZET6, STM32H533CET6, STM32H533CEU6, STM32H533HEY6TR, STM32H533RET6, STM32H533VEI6, STM32H533VET6, STM32H533ZEJ6, STM32H533ZET6, STM32H562AGI6, STM32H562AII6, STM32H562IGK6, STM32H562IGT6, STM32H562IIK6, STM32H562IIT6, STM32H562RGT6, STM32H562RGV6, STM32H562RIT6, STM32H562RIV6, STM32H562VGT6, STM32H562VIT6, STM32H562ZGT6, STM32H562ZIT6, STM32H563AGI6, STM32H563AII3Q, STM32H563AII6, STM32H563IGK6, STM32H563IGT6, STM32H563IIK3Q, STM32H563IIK6, STM32H563IIT3Q, STM32H563IIT6, STM32H563MIY3QTR, STM32H563RGT6, STM32H563RGV6, STM32H563RIT6, STM32H563RIV6, STM32H563VGT6, STM32H563VIT3Q, STM32H563VIT6, STM32H563ZGT6, STM32H563ZIT3Q, STM32H563ZIT6, STM32H573AII3Q, STM32H573AII6, STM32H573I-DK, STM32H573IIK3Q, STM32H573IIK6, STM32H573IIT3Q, STM32H573IIT6, STM32H573MIY3QTR, STM32H573RIT6, STM32H573RIV6, STM32H573VIT3Q, STM32H573VIT6, STM32H573ZIT3Q, STM32H573ZIT6, STM32H7R3A8I6, STM32H7R3I8K6, STM32H7R3I8T6, STM32H7R3L8H6, STM32H7R3L8H6H, STM32H7R3R8V6, STM32H7R3V8H6, STM32H7R3V8T6, STM32H7R3V8Y6TR, STM32H7R3Z8J6, STM32H7R3Z8T6, STM32H7R7A8I6, STM32H7R7I8K6, STM32H7R7I8T6, STM32H7R7L8H6, STM32H7R7L8H6H, STM32H7R7Z8J6, STM32H7S3A8I6, STM32H7S3I8K6, STM32H7S3I8T6, STM32H7S3L8H6, STM32H7S3L8H6H, STM32H7S3R8V6, STM32H7S3V8H6, STM32H7S3V8T6, STM32H7S3V8Y6TR, STM32H7S3Z8J6, STM32H7S3Z8T6, STM32H7S78-DK, STM32H7S7A8I6, STM32H7S7I8K6, STM32H7S7I8T6, STM32H7S7L8H6, STM32H7S7L8H6H, STM32H7S7Z8J6, STM32L4R5QGI6STR, STM32MP131AAE3, STM32MP131AAF3, STM32MP131AAG3, STM32MP131CAE3, STM32MP131CAF3, STM32MP131CAG3, STM32MP131DAE7, STM32MP131DAF7, STM32MP131DAG7, STM32MP131FAE7, STM32MP131FAF7, STM32MP131FAG7, STM32MP133AAE3, STM32MP133AAF3, STM32MP133AAG3, STM32MP133CAE3, STM32MP133CAF3, STM32MP133CAG3, STM32MP133DAE7, STM32MP133DAF7, STM32MP133DAG7, STM32MP133FAE7, STM32MP133FAF7, STM32MP133FAG7, STM32MP135AAE3, STM32MP135AAF3, STM32MP135AAG3, STM32MP135CAE3, STM32MP135CAF3, STM32MP135CAG3, STM32MP135DAE7, STM32MP135DAF7, STM32MP135DAG7, STM32MP135F-DK, STM32MP135FAE7, STM32MP135FAF7, STM32MP135FAF7T, STM32MP135FAF7U, STM32MP135FAG7, STM32MP251AAI3, STM32MP251AAK3, STM32MP251AAL3, STM32MP251CAI3, STM32MP251CAK3, STM32MP251CAL3, STM32MP251DAI3, STM32MP251DAK3, STM32MP251DAL3, STM32MP251FAI3, STM32MP251FAK3, STM32MP251FAL3, STM32MP253AAI3, STM32MP253AAK3, STM32MP253AAL3, STM32MP253CAI3, STM32MP253CAK3, STM32MP253CAL3, STM32MP253DAI3, STM32MP253DAK3, STM32MP253DAL3, STM32MP253FAI3, STM32MP253FAK3, STM32MP253FAL3, STM32MP255AAI3, STM32MP255AAK3, STM32MP255AAL3, STM32MP255CAI3, STM32MP255CAK3, STM32MP255CAL3, STM32MP255DAI3, STM32MP255DAK3, STM32MP255DAL3, STM32MP255FAI3, STM32MP255FAK3, STM32MP255FAL3, STM32MP257AAI3, STM32MP257AAK3, STM32MP257AAL3, STM32MP257CAI3, STM32MP257CAK3, STM32MP257CAL3, STM32MP257DAI3, STM32MP257DAK3, STM32MP257DAL3, STM32MP257F-DK, STM32MP257F-EV1, STM32MP257FAI3, STM32MP257FAK3, STM32MP257FAL3, STM32U031C6T6, STM32U031C6U6, STM32U031C8T6, STM32U031C8U6, STM32U031F4P6, STM32U031F6P6, STM32U031F8P6, STM32U031G6Y6TR, STM32U031G8Y6TR, STM32U031K4U6, STM32U031K6U6, STM32U031K8U6, STM32U031R6I6, STM32U031R6T6, STM32U031R8I6, STM32U031R8T6, STM32U073C8T6, STM32U073C8U6, STM32U073CBT6, STM32U073CBU6, STM32U073CCT6, STM32U073CCU6, STM32U073H8Y6TR, STM32U073HBY6TR, STM32U073HCY6TR, STM32U073K8U6, STM32U073KBU6, STM32U073KCU6, STM32U073M8I6, STM32U073M8T6, STM32U073MBI6, STM32U073MBT6, STM32U073MCI6, STM32U073MCT6, STM32U073R8I6, STM32U073R8T6, STM32U073RBI6, STM32U073RBT6, STM32U073RCI6, STM32U073RCT6, STM32U083C-DK, STM32U083CCT6, STM32U083CCU6, STM32U083HCY6TR, STM32U083KCU6, STM32U083MCI6, STM32U083MCT6, STM32U083RCI6, STM32U083RCT6, STM32U535CBT6, STM32U535CBT6Q, STM32U535CBU6, STM32U535CBU6Q, STM32U535CCT6, STM32U535CCT6Q, STM32U535CCU6, STM32U535CCU6Q, STM32U535CET6, STM32U535CET6Q, STM32U535CEU6, STM32U535CEU6Q, STM32U535JEY6QTR, STM32U535NCY6QTR, STM32U535NEY6QTR, STM32U535RBI6, STM32U535RBI6Q, STM32U535RBT6, STM32U535RBT6Q, STM32U535RCI6, STM32U535RCI6Q, STM32U535RCT6, STM32U535RCT6Q, STM32U535REI6, STM32U535REI6Q, STM32U535RET6, STM32U535RET6Q, STM32U535VCI6, STM32U535VCI6Q, STM32U535VCT6, STM32U535VCT6Q, STM32U535VEI6, STM32U535VEI6Q, STM32U535VET6, STM32U535VET6Q, STM32U545CET6, STM32U545CET6Q, STM32U545CEU6, STM32U545CEU6Q, STM32U545JEY6QTR, STM32U545NEY6QTR, STM32U545REI6, STM32U545REI6Q, STM32U545RET6, STM32U545RET6Q, STM32U545VEI6, STM32U545VEI6Q, STM32U545VET6, STM32U545VET6Q, STM32U595AIH6, STM32U595AIH6Q, STM32U595AJH6, STM32U595AJH6Q, STM32U595QII6, STM32U595QII6Q, STM32U595QJI6, STM32U595QJI6Q, STM32U595RIT6, STM32U595RIT6Q, STM32U595RJT6, STM32U595RJT6Q, STM32U595VIT6, STM32U595VIT6Q, STM32U595VJT6, STM32U595VJT6Q, STM32U595ZIT6, STM32U595ZIT6Q, STM32U595ZIY6QTR, STM32U595ZJT6, STM32U595ZJT6Q, STM32U595ZJY6QTR, STM32U599BJY6QTR, STM32U599NIH6Q, STM32U599NJH6Q, STM32U599VIT6Q, STM32U599VJT6, STM32U599VJT6Q, STM32U599ZIT6Q, STM32U599ZIY6QTR, STM32U599ZJT6Q, STM32U599ZJY6QTR, STM32U5A5AJH6, STM32U5A5AJH6Q, STM32U5A5QII3Q , STM32U5A5QJI6, STM32U5A5QJI6Q, STM32U5A5RJT6, STM32U5A5RJT6Q, STM32U5A5VJT6, STM32U5A5VJT6Q, STM32U5A5ZJT6, STM32U5A5ZJT6Q, STM32U5A5ZJY6QTR, STM32U5A9BJY6QTR, STM32U5A9J-DK, STM32U5A9NJH6Q, STM32U5A9VJT6Q, STM32U5A9ZJT6Q, STM32U5A9ZJY6QTR, STM32U5F7VIT6, STM32U5F7VIT6Q, STM32U5F7VJT6, STM32U5F7VJT6Q, STM32U5F9BJY6QTR, STM32U5F9NJH6Q, STM32U5F9VIT6Q, STM32U5F9VJT6Q, STM32U5F9ZIJ6QTR, STM32U5F9ZIT6Q, STM32U5F9ZJJ6QTR, STM32U5F9ZJT6Q, STM32U5G7VJT6, STM32U5G7VJT6Q, STM32U5G9BJY6QTR, STM32U5G9J-DK1, STM32U5G9J-DK2, STM32U5G9NJH6Q, STM32U5G9VJT6Q, STM32U5G9ZJJ6QTR, STM32U5G9ZJT6Q, STM32WB05KZV6TR, STM32WB05KZV7TR, STM32WB05TZF6TR, STM32WB05TZF7TR, STM32WB06CCF6TR, STM32WB06CCF7TR, STM32WB06CCV6TR, STM32WB06CCV7TR, STM32WB06KCV6TR, STM32WB06KCV7TR, STM32WB07CCF6TR, STM32WB07CCF7TR, STM32WB07CCV6TR, STM32WB07CCV7TR, STM32WB07KCV6TR, STM32WB07KCV7TR, STM32WB09KEV6TR, STM32WB09KEV7TR, STM32WB09TEF6TR, STM32WB09TEF7TR, STM32WB1MMCH6, STM32WBA50KGU6, STM32WBA50KGU6TR, STM32WBA52CEU6, STM32WBA52CEU6TR, STM32WBA52CEU7, STM32WBA52CEU7TR, STM32WBA52CGU6, STM32WBA52CGU6TR, STM32WBA52CGU6U, STM32WBA52CGU7, STM32WBA52CGU7TR, STM32WBA52KEU6, STM32WBA52KEU6TR, STM32WBA52KGU6, STM32WBA52KGU6TR, STM32WBA54CEU6, STM32WBA54CEU6TR, STM32WBA54CEU7, STM32WBA54CEU7TR, STM32WBA54CGU6, STM32WBA54CGU6TR, STM32WBA54CGU7, STM32WBA54CGU7TR, STM32WBA54KEU6, STM32WBA54KEU6TR, STM32WBA54KEU7, STM32WBA54KEU7TR, STM32WBA54KGU6, STM32WBA54KGU6TR, STM32WBA54KGU7, STM32WBA54KGU7TR, STM32WBA55CEU6, STM32WBA55CEU6TR, STM32WBA55CEU7, STM32WBA55CEU7TR, STM32WBA55CGU6, STM32WBA55CGU6TR, STM32WBA55CGU6U, STM32WBA55CGU7, STM32WBA55CGU7TR, STM32WBA55G-DK1, STM32WBA55HEF6, STM32WBA55HEF7, STM32WBA55HGF6, STM32WBA55HGF7, STM32WBA55UEI6, STM32WBA55UEI6TR, STM32WBA55UEI7, STM32WBA55UEI7TR, STM32WBA55UGI6, STM32WBA55UGI6TR, STM32WBA55UGI7, STM32WBA55UGI7TR, STM32WL5MOCH6, STM32WL5MOCH6TR]
2024-12-17 11:13:13,789 [INFO] DbMcus:218 - Found 4252 MCUs, 4252 are supported
2024-12-17 11:13:13,790 [INFO] ApiDb:423 - Load user favorites file C:\Users\ajara/.stm32cubeide/favorites.mcus.txt: 0 item(s)
2024-12-17 11:13:13,790 [INFO] ApiDb:427 - User favorites MCUs=[]
2024-12-17 11:13:13,791 [INFO] DbMcus:224 - Set 0 / 0 favorites MCUs
2024-12-17 11:13:14,380 [INFO] ApiDb:423 - Load user favorites file C:\Users\ajara/.stm32cubeide/favorites.boards.txt: 2 item(s)
2024-12-17 11:13:14,381 [INFO] ApiDb:427 - User favorites Boards=[NUCLEO-F401RE, NUCLEO-F411RE]
2024-12-17 11:13:14,381 [INFO] DbBoards:198 - Set 2 / 2 favorites Boards
2024-12-17 11:13:14,472 [INFO] UtilMem:75 - End LoadConfig() Used Memory: 780736264 Bytes (1073741824)
2024-12-17 11:13:14,686 [WARN] ThirdParty:833 - waiting for thirdparty lock release [change project]
2024-12-17 11:13:14,686 [INFO] ThirdParty:835 - entering critical section [change project]
2024-12-17 11:13:14,687 [INFO] ThirdParty:1030 - CMSIS Pack Vendor :STMicroelectronics USBPD 4.1
2024-12-17 11:13:14,687 [INFO] ThirdParty:1030 - CMSIS Pack Vendor :STMicroelectronics X-CUBE-AZRTOS-H7 3.3.0
2024-12-17 11:13:14,687 [INFO] ThirdParty:1030 - CMSIS Pack Vendor :STMicroelectronics X-CUBE-NFC9 1.0.0
2024-12-17 11:13:14,687 [INFO] ThirdParty:1030 - CMSIS Pack Vendor :STMicroelectronics USB_HOST 2.0.0
2024-12-17 11:13:14,687 [INFO] ThirdParty:1030 - CMSIS Pack Vendor :STMicroelectronics FP-SNS-MOTENVWB1 1.4.0
2024-12-17 11:13:14,687 [INFO] ThirdParty:1030 - CMSIS Pack Vendor :STMicroelectronics X-CUBE-AZRTOS-F4 1.1.0
2024-12-17 11:13:14,687 [INFO] ThirdParty:1030 - CMSIS Pack Vendor :STMicroelectronics LIBJPEG 8.0.0
2024-12-17 11:13:14,687 [INFO] ThirdParty:1030 - CMSIS Pack Vendor :STMicroelectronics FP-ATR-ASTRA1 2.0.1
2024-12-17 11:13:14,687 [INFO] ThirdParty:1030 - CMSIS Pack Vendor :STMicroelectronics X-CUBE-SMBUS 2.1.0
2024-12-17 11:13:14,687 [INFO] ThirdParty:1030 - CMSIS Pack Vendor :STMicroelectronics X-CUBE-WB05N 1.1.0
2024-12-17 11:13:14,687 [INFO] ThirdParty:1030 - CMSIS Pack Vendor :STMicroelectronics USB_DEVICE 3.0.0
2024-12-17 11:13:14,687 [INFO] ThirdParty:1030 - CMSIS Pack Vendor :STMicroelectronics X-CUBE-TCPP 4.1.0
2024-12-17 11:13:14,687 [INFO] ThirdParty:1030 - CMSIS Pack Vendor :STMicroelectronics X-CUBE-ISPU 2.1.0
2024-12-17 11:13:14,687 [INFO] ThirdParty:1030 - CMSIS Pack Vendor :STMicroelectronics X-CUBE-FREERTOS 1.2.0
2024-12-17 11:13:14,687 [INFO] ThirdParty:1030 - CMSIS Pack Vendor :STMicroelectronics X-CUBE-IPS 3.0.0
2024-12-17 11:13:14,688 [INFO] ThirdParty:1030 - CMSIS Pack Vendor :STMicroelectronics X-CUBE-AZRTOS-WB 2.0.0
2024-12-17 11:13:14,688 [INFO] ThirdParty:1030 - CMSIS Pack Vendor :STMicroelectronics X-CUBE-GNSS1 7.0.0
2024-12-17 11:13:14,688 [INFO] ThirdParty:1030 - CMSIS Pack Vendor :STMicroelectronics X-CUBE-GNSS1 7.0.1
2024-12-17 11:13:14,688 [INFO] ThirdParty:1030 - CMSIS Pack Vendor :STMicroelectronics X-CUBE-AZRTOS-F7 1.1.0
2024-12-17 11:13:14,688 [INFO] ThirdParty:1030 - CMSIS Pack Vendor :STMicroelectronics X-CUBE-AZRTOS-L5 2.0.0
2024-12-17 11:13:14,688 [INFO] ThirdParty:1030 - CMSIS Pack Vendor :STMicroelectronics USB_DEVICE 2.0.0
2024-12-17 11:13:14,688 [INFO] ThirdParty:1030 - CMSIS Pack Vendor :STMicroelectronics X-CUBE-NFC6 3.1.0
2024-12-17 11:13:14,688 [INFO] ThirdParty:1030 - CMSIS Pack Vendor :STMicroelectronics FP-SNS-STBOX1 2.0.0
2024-12-17 11:13:14,688 [INFO] ThirdParty:1030 - CMSIS Pack Vendor :STMicroelectronics X-CUBE-MEMS1 11.0.0
2024-12-17 11:13:14,688 [INFO] ThirdParty:1030 - CMSIS Pack Vendor :STMicroelectronics FreeRTOS 0.0.1
2024-12-17 11:13:14,688 [INFO] ThirdParty:1030 - CMSIS Pack Vendor :STMicroelectronics X-CUBE-AZRTOS-G0 1.1.0
2024-12-17 11:13:14,688 [INFO] ThirdParty:1030 - CMSIS Pack Vendor :STMicroelectronics X-CUBE-SAFEA1 1.2.2
2024-12-17 11:13:14,689 [INFO] ThirdParty:1030 - CMSIS Pack Vendor :STMicroelectronics X-CUBE-NFC4 3.0.0
2024-12-17 11:13:14,689 [INFO] ThirdParty:1030 - CMSIS Pack Vendor :STMicroelectronics X-CUBE-DPower 1.2.0
2024-12-17 11:13:14,689 [INFO] ThirdParty:1030 - CMSIS Pack Vendor :STMicroelectronics X-CUBE-SUBG2 5.0.0
2024-12-17 11:13:14,689 [INFO] ThirdParty:1030 - CMSIS Pack Vendor :STMicroelectronics STM32_WPAN 1.0.0
2024-12-17 11:13:14,689 [INFO] ThirdParty:1030 - CMSIS Pack Vendor :EmbeddedOffice I-CUBE-FS-RTOS 1.0.1
2024-12-17 11:13:14,689 [INFO] ThirdParty:1030 - CMSIS Pack Vendor :STMicroelectronics lwIP 2.0.3
2024-12-17 11:13:14,689 [INFO] ThirdParty:1030 - CMSIS Pack Vendor :STMicroelectronics FP-SNS-FLIGHT1 5.0.2
2024-12-17 11:13:14,689 [INFO] ThirdParty:1030 - CMSIS Pack Vendor :Cesanta I-CUBE-Mongoose 7.13.0
2024-12-17 11:13:14,689 [INFO] ThirdParty:1030 - CMSIS Pack Vendor :STMicroelectronics USB_HOST 1.0.0
2024-12-17 11:13:14,689 [INFO] ThirdParty:1030 - CMSIS Pack Vendor :STMicroelectronics X-CUBE-AZRTOS-G4 2.0.0
2024-12-17 11:13:14,689 [INFO] ThirdParty:1030 - CMSIS Pack Vendor :STMicroelectronics PDM2PCM 3.1.0
2024-12-17 11:13:14,689 [INFO] ThirdParty:1030 - CMSIS Pack Vendor :STMicroelectronics PDM2PCM 3.3.0
2024-12-17 11:13:14,689 [INFO] ThirdParty:1030 - CMSIS Pack Vendor :STMicroelectronics X-CUBE-DISPLAY 3.0.0
2024-12-17 11:13:14,689 [INFO] ThirdParty:1030 - CMSIS Pack Vendor :RealThread X-CUBE-RT-Thread_Nano 4.1.1
2024-12-17 11:13:14,689 [INFO] ThirdParty:1030 - CMSIS Pack Vendor :STMicroelectronics X-CUBE-BLE1 7.0.0
2024-12-17 11:13:14,689 [INFO] ThirdParty:1030 - CMSIS Pack Vendor :STMicroelectronics FP-ATR-SIGFOX1 3.2.0
2024-12-17 11:13:14,689 [INFO] ThirdParty:1030 - CMSIS Pack Vendor :STMicroelectronics X-CUBE-NFC10 1.0.0
2024-12-17 11:13:14,689 [INFO] ThirdParty:1030 - CMSIS Pack Vendor :quantropi X-CUBE-qispace-sdk-base 1.9.3
2024-12-17 11:13:14,689 [INFO] ThirdParty:1030 - CMSIS Pack Vendor :STMicroelectronics X-CUBE-BLEMGR 4.0.0
2024-12-17 11:13:14,689 [INFO] ThirdParty:1030 - CMSIS Pack Vendor :STMicroelectronics X-CUBE-EEPRMA1 5.1.0
2024-12-17 11:13:14,689 [INFO] ThirdParty:1030 - CMSIS Pack Vendor :STMicroelectronics HAL Drivers 0.0.0
2024-12-17 11:13:14,689 [INFO] ThirdParty:1030 - CMSIS Pack Vendor :STMicroelectronics MBEDTLS 2.16.2
2024-12-17 11:13:14,690 [INFO] ThirdParty:1030 - CMSIS Pack Vendor :STMicroelectronics X-CUBE-ALS 1.0.2
2024-12-17 11:13:14,690 [INFO] ThirdParty:1030 - CMSIS Pack Vendor :emotas I-CUBE-CANOPEN 1.3.0
2024-12-17 11:13:14,690 [INFO] ThirdParty:1030 - CMSIS Pack Vendor :STMicroelectronics X-CUBE-FREERTOS 1.3.0
2024-12-17 11:13:14,690 [INFO] ThirdParty:1030 - CMSIS Pack Vendor :wolfSSL I-CUBE-wolfSSL 5.7.4
2024-12-17 11:13:14,690 [INFO] ThirdParty:1030 - CMSIS Pack Vendor :STMicroelectronics X-CUBE-NFC7 1.0.1
2024-12-17 11:13:14,690 [INFO] ThirdParty:1030 - CMSIS Pack Vendor :STMicroelectronics MBEDTLS 2.14.1
2024-12-17 11:13:14,690 [INFO] ThirdParty:1030 - CMSIS Pack Vendor :ITTIA_DB I-CUBE-ITTIADB 8.9.0
2024-12-17 11:13:14,690 [INFO] ThirdParty:1030 - CMSIS Pack Vendor :STMicroelectronics X-CUBE-TOUCHGFX 4.24.1
2024-12-17 11:13:14,690 [INFO] ThirdParty:1030 - CMSIS Pack Vendor :wolfSSL I-CUBE-wolfTPM 3.4.0
2024-12-17 11:13:14,690 [INFO] ThirdParty:1030 - CMSIS Pack Vendor :portGmbH I-Cube-SoM-uGOAL 1.1.0
2024-12-17 11:13:14,690 [INFO] ThirdParty:1030 - CMSIS Pack Vendor :STMicroelectronics X-CUBE-BLEMGR 3.1.0
2024-12-17 11:13:14,690 [INFO] ThirdParty:1030 - CMSIS Pack Vendor :STMicroelectronics ThreadX 1.0.0
2024-12-17 11:13:14,690 [INFO] ThirdParty:1030 - CMSIS Pack Vendor :STMicroelectronics FP-SNS-SMARTAG2 1.2.0
2024-12-17 11:13:14,690 [INFO] ThirdParty:1030 - CMSIS Pack Vendor :STMicroelectronics X-CUBE-MEMS1 11.1.0
2024-12-17 11:13:14,690 [INFO] ThirdParty:1030 - CMSIS Pack Vendor :STMicroelectronics X-CUBE-AZRTOS-WL 2.0.0
2024-12-17 11:13:14,690 [INFO] ThirdParty:1030 - CMSIS Pack Vendor :SEGGER I-CUBE-embOS 1.3.1
2024-12-17 11:13:14,690 [INFO] ThirdParty:1030 - CMSIS Pack Vendor :STMicroelectronics X-CUBE-ALGOBUILD 1.4.0
2024-12-17 11:13:14,690 [INFO] ThirdParty:1030 - CMSIS Pack Vendor :STMicroelectronics FP-SNS-MOTENV1 5.0.0
2024-12-17 11:13:14,690 [INFO] ThirdParty:1030 - CMSIS Pack Vendor :STMicroelectronics USB_DEVICE 1.0.0
2024-12-17 11:13:14,691 [INFO] ThirdParty:1030 - CMSIS Pack Vendor :STMicroelectronics X-CUBE-AZRTOS-H7RS 1.0.0
2024-12-17 11:13:14,691 [INFO] ThirdParty:1030 - CMSIS Pack Vendor :wolfSSL I-CUBE-wolfMQTT 1.19.0
2024-12-17 11:13:14,691 [INFO] ThirdParty:1030 - CMSIS Pack Vendor :STMicroelectronics X-CUBE-AZRTOS-L4 2.0.0
2024-12-17 11:13:14,691 [INFO] ThirdParty:1030 - CMSIS Pack Vendor :STMicroelectronics ThreadX 0.0.2
2024-12-17 11:13:14,691 [INFO] ThirdParty:1030 - CMSIS Pack Vendor :WES I-CUBE-Cesium 1.3.0
2024-12-17 11:13:14,691 [INFO] ThirdParty:1030 - CMSIS Pack Vendor :STMicroelectronics lwIP 2.1.2
2024-12-17 11:13:14,691 [INFO] ThirdParty:1030 - CMSIS Pack Vendor :STMicroelectronics X-CUBE-SFXS2LP1 4.0.0
2024-12-17 11:13:14,691 [INFO] ThirdParty:1030 - CMSIS Pack Vendor :STMicroelectronics X-CUBE-BLE2 3.3.0
2024-12-17 11:13:14,691 [INFO] ThirdParty:1030 - CMSIS Pack Vendor :STMicroelectronics X-CUBE-TOF1 3.4.2
2024-12-17 11:13:14,691 [INFO] ThirdParty:1030 - CMSIS Pack Vendor :STMicroelectronics X-CUBE-AI 9.1.0
2024-12-17 11:13:14,691 [INFO] ThirdParty:1030 - CMSIS Pack Vendor :Infineon AIROC-Wi-Fi-Bluetooth-STM32 1.6.1
2024-12-17 11:13:14,691 [INFO] ThirdParty:1030 - CMSIS Pack Vendor :STMicroelectronics PDM2PCM 3.2.0
2024-12-17 11:13:14,691 [INFO] ThirdParty:1030 - CMSIS Pack Vendor :wolfSSL I-CUBE-wolfSSH 1.4.17
2024-12-17 11:13:14,691 [INFO] ThirdParty:841 - exiting critical section [change project]
2024-12-17 11:13:15,365 [INFO] PinOutPanel:1561 - setPackage(No Configuration,No Configuration)
2024-12-17 11:13:15,367 [INFO] PinOutPanel:1561 - setPackage(STM32F411RETx,LQFP64)
2024-12-17 11:13:16,238 [INFO] UtilMem:75 - Before build in PCC Used Memory: 620461040 Bytes (1073741824)
2024-12-17 11:13:17,659 [INFO] UtilMem:75 - After build in PCC Used Memory: 703833696 Bytes (1073741824)
2024-12-17 11:13:17,711 [INFO] IPUIPlugin:80 - create IPUIPlugin
2024-12-17 11:13:17,712 [INFO] IPUIPlugin:80 - create IPUIPlugin
2024-12-17 11:13:17,712 [INFO] IPUIPlugin:80 - create IPUIPlugin
2024-12-17 11:13:17,712 [INFO] IPUIPlugin:80 - create IPUIPlugin
2024-12-17 11:13:17,712 [INFO] IPUIPlugin:80 - create IPUIPlugin
2024-12-17 11:13:17,713 [INFO] IPUIPlugin:80 - create IPUIPlugin
2024-12-17 11:13:17,713 [INFO] IPUIPlugin:80 - create IPUIPlugin
2024-12-17 11:13:17,713 [INFO] IPUIPlugin:80 - create IPUIPlugin
2024-12-17 11:13:17,714 [INFO] IPUIPlugin:80 - create IPUIPlugin
2024-12-17 11:13:17,714 [INFO] IPUIPlugin:80 - create IPUIPlugin
2024-12-17 11:13:17,714 [INFO] IPUIPlugin:80 - create IPUIPlugin
2024-12-17 11:13:17,715 [INFO] IPUIPlugin:80 - create IPUIPlugin
2024-12-17 11:13:17,715 [INFO] IPUIPlugin:80 - create IPUIPlugin
2024-12-17 11:13:17,715 [INFO] IPUIPlugin:80 - create IPUIPlugin
2024-12-17 11:13:17,716 [INFO] IPUIPlugin:80 - create IPUIPlugin
2024-12-17 11:13:17,717 [INFO] IPUIPlugin:80 - create IPUIPlugin
2024-12-17 11:13:17,718 [INFO] IPUIPlugin:80 - create IPUIPlugin
2024-12-17 11:13:17,719 [INFO] IPUIPlugin:80 - create IPUIPlugin
2024-12-17 11:13:17,719 [INFO] IPUIPlugin:80 - create IPUIPlugin
2024-12-17 11:13:17,720 [INFO] IPUIPlugin:80 - create IPUIPlugin
2024-12-17 11:13:17,720 [INFO] IPUIPlugin:80 - create IPUIPlugin
2024-12-17 11:13:17,721 [INFO] IPUIPlugin:80 - create IPUIPlugin
2024-12-17 11:13:17,721 [INFO] IPUIPlugin:80 - create IPUIPlugin
2024-12-17 11:13:17,721 [INFO] IPUIPlugin:80 - create IPUIPlugin
2024-12-17 11:13:17,722 [INFO] IPUIPlugin:80 - create IPUIPlugin
2024-12-17 11:13:17,723 [INFO] IPUIPlugin:80 - create IPUIPlugin
2024-12-17 11:13:17,723 [INFO] IPUIPlugin:80 - create IPUIPlugin
2024-12-17 11:13:17,724 [INFO] IPUIPlugin:80 - create IPUIPlugin
2024-12-17 11:13:17,724 [INFO] IPUIPlugin:80 - create IPUIPlugin
2024-12-17 11:13:17,725 [INFO] IPUIPlugin:80 - create IPUIPlugin
2024-12-17 11:13:17,725 [INFO] IPUIPlugin:80 - create IPUIPlugin
2024-12-17 11:13:17,726 [INFO] IPUIPlugin:80 - create IPUIPlugin
2024-12-17 11:13:17,726 [INFO] IPUIPlugin:80 - create IPUIPlugin
2024-12-17 11:13:17,727 [INFO] IPUIPlugin:80 - create IPUIPlugin
2024-12-17 11:13:17,728 [INFO] IPUIPlugin:80 - create IPUIPlugin
2024-12-17 11:13:17,728 [INFO] IPUIPlugin:80 - create IPUIPlugin
2024-12-17 11:13:17,729 [INFO] IPUIPlugin:80 - create IPUIPlugin
2024-12-17 11:13:17,729 [INFO] IPUIPlugin:80 - create IPUIPlugin
2024-12-17 11:13:17,730 [INFO] IPUIPlugin:80 - create IPUIPlugin
2024-12-17 11:13:17,731 [INFO] IPUIPlugin:80 - create IPUIPlugin
2024-12-17 11:13:17,732 [INFO] IPUIPlugin:80 - create IPUIPlugin
2024-12-17 11:13:17,733 [INFO] IPUIPlugin:80 - create IPUIPlugin
2024-12-17 11:13:17,733 [INFO] IPUIPlugin:80 - create IPUIPlugin
2024-12-17 11:13:17,876 [INFO] ApiDbMcu:508 - Load IP Config File for PDM2PCM
2024-12-17 11:13:18,281 [INFO] CADModel:165 - CPN selected for project levelSTM32F411RET6
2024-12-17 11:13:18,282 [INFO] CADModel:114 - Register for checkConnection events
2024-12-17 11:13:18,352 [INFO] OpenFileManager:363 - Restore cursor
2024-12-17 11:14:10,085 [INFO] NvicIntPanel:101 - NVIC parent = com.st.microxplorer.plugins.ip.nvic.MultiNvicIntPanel[,0,0,450x284,layout=javax.swing.BoxLayout,alignmentX=0.0,alignmentY=0.0,border=,flags=9,maximumSize=,minimumSize=,preferredSize=]
2024-12-17 11:15:12,925 [INFO] UtilMem:75 - End SaveConfig() Used Memory: 714703072 Bytes (1073741824)
2024-12-17 11:15:13,876 [INFO] BlockDiagram:2766 - set Specific Code input for plugin: NVIC
2024-12-17 11:15:13,876 [INFO] BlockDiagram:2766 - set Specific Code input for plugin: USART
2024-12-17 11:15:13,877 [INFO] BlockDiagram:2766 - set Specific Code input for plugin: DMA
2024-12-17 11:15:13,877 [INFO] BlockDiagram:2766 - set Specific Code input for plugin: TIM1_8
2024-12-17 11:15:13,877 [INFO] BlockDiagram:2766 - set Specific Code input for plugin: SYS
2024-12-17 11:15:13,878 [INFO] BlockDiagram:2766 - set Specific Code input for plugin: GPIO
2024-12-17 11:15:13,878 [INFO] BlockDiagram:2766 - set Specific Code input for plugin: ADC
2024-12-17 11:15:13,878 [INFO] BlockDiagram:2766 - set Specific Code input for plugin: RCC
2024-12-17 11:15:13,880 [INFO] CodeGenerator:807 - code generatio: config db path: C:\ST\STM32CubeIDE_1.16.1\STM32CubeIDE\plugins\com.st.stm32cube.common.mx_6.12.1.202409122256\\db\
2024-12-17 11:15:14,621 [INFO] CodeEngine:255 - oldGeneratedFile, C:\Users\ajara\OneDrive\Documents\PROJET_ENIB\IPS\IPSS\MXTmpFiles\license.tmp_save
2024-12-17 11:15:15,531 [INFO] CodeEngine:279 - Generated code: C:\Users\ajara\OneDrive\Documents\PROJET_ENIB\IPS\IPSS\MXTmpFiles\license.tmp
2024-12-17 11:15:15,664 [INFO] CodeEngine:255 - oldGeneratedFile, C:\Users\ajara\OneDrive\Documents\PROJET_ENIB\IPS\IPSS\MXTmpFiles\gpio.tmp_save
2024-12-17 11:15:16,042 [INFO] CodeEngine:279 - Generated code: C:\Users\ajara\OneDrive\Documents\PROJET_ENIB\IPS\IPSS\MXTmpFiles\gpio.tmp
2024-12-17 11:15:16,981 [INFO] CodeEngine:255 - oldGeneratedFile, C:\Users\ajara\OneDrive\Documents\PROJET_ENIB\IPS\IPSS\MXTmpFiles\dma.tmp_save
2024-12-17 11:15:17,152 [INFO] CodeEngine:279 - Generated code: C:\Users\ajara\OneDrive\Documents\PROJET_ENIB\IPS\IPSS\MXTmpFiles\dma.tmp
2024-12-17 11:15:17,167 [INFO] CodeEngine:255 - oldGeneratedFile, C:\Users\ajara\OneDrive\Documents\PROJET_ENIB\IPS\IPSS\MXTmpFiles\dma_GV.tmp_save
2024-12-17 11:15:17,328 [INFO] CodeEngine:279 - Generated code: C:\Users\ajara\OneDrive\Documents\PROJET_ENIB\IPS\IPSS\MXTmpFiles\dma_GV.tmp
2024-12-17 11:15:17,363 [INFO] CodeEngine:255 - oldGeneratedFile, C:\Users\ajara\OneDrive\Documents\PROJET_ENIB\IPS\IPSS\Core\Src\stm32f4xx_it.c_save
2024-12-17 11:15:17,632 [INFO] CodeEngine:279 - Generated code: C:\Users\ajara\OneDrive\Documents\PROJET_ENIB\IPS\IPSS\Core\Src\stm32f4xx_it.c
2024-12-17 11:15:17,646 [INFO] CodeEngine:255 - oldGeneratedFile, C:\Users\ajara\OneDrive\Documents\PROJET_ENIB\IPS\IPSS\Core\Inc\stm32f4xx_it.h_save
2024-12-17 11:15:17,777 [INFO] CodeEngine:279 - Generated code: C:\Users\ajara\OneDrive\Documents\PROJET_ENIB\IPS\IPSS\Core\Inc\stm32f4xx_it.h
2024-12-17 11:15:17,834 [INFO] CodeEngine:255 - oldGeneratedFile, C:\Users\ajara\OneDrive\Documents\PROJET_ENIB\IPS\IPSS\Core\Src\stm32f4xx_hal_msp.c_save
2024-12-17 11:15:18,116 [INFO] CodeEngine:279 - Generated code: C:\Users\ajara\OneDrive\Documents\PROJET_ENIB\IPS\IPSS\Core\Src\stm32f4xx_hal_msp.c
2024-12-17 11:15:18,131 [INFO] CodeEngine:255 - oldGeneratedFile, C:\Users\ajara\OneDrive\Documents\PROJET_ENIB\IPS\IPSS\MXTmpFiles\system.tmp_save
2024-12-17 11:15:18,300 [INFO] CodeEngine:279 - Generated code: C:\Users\ajara\OneDrive\Documents\PROJET_ENIB\IPS\IPSS\MXTmpFiles\system.tmp
2024-12-17 11:15:18,330 [INFO] CodeEngine:311 - oldGeneratedFile, C:\Users\ajara\OneDrive\Documents\PROJET_ENIB\IPS\IPSS\Core\Inc\stm32f4xx_hal_conf.h_save
2024-12-17 11:15:18,525 [INFO] CodeEngine:335 - Generated code: C:\Users\ajara\OneDrive\Documents\PROJET_ENIB\IPS\IPSS\Core\Inc\stm32f4xx_hal_conf.h
2024-12-17 11:15:18,770 [WARN] IPConfigManager:3554 - IP not found : TIM
2024-12-17 11:15:18,790 [WARN] CodeGenerator:4002 - IP not found : null
2024-12-17 11:15:18,822 [INFO] CodeEngine:255 - oldGeneratedFile, C:\Users\ajara\OneDrive\Documents\PROJET_ENIB\IPS\IPSS\Core\Inc\main.h_save
2024-12-17 11:15:19,291 [INFO] CodeEngine:279 - Generated code: C:\Users\ajara\OneDrive\Documents\PROJET_ENIB\IPS\IPSS\Core\Inc\main.h
2024-12-17 11:15:19,310 [INFO] CodeEngine:255 - oldGeneratedFile, C:\Users\ajara\OneDrive\Documents\PROJET_ENIB\IPS\IPSS\Core\Src\main.c_save
2024-12-17 11:15:19,719 [INFO] CodeEngine:279 - Generated code: C:\Users\ajara\OneDrive\Documents\PROJET_ENIB\IPS\IPSS\Core\Src\main.c
2024-12-17 11:15:21,007 [INFO] ProjectBuilder:3249 - Time for Copy HAL[1] : 632mS.
2024-12-17 11:15:21,015 [INFO] ProjectBuilder:4828 - Project Generator version: 4.5.0-B34
2024-12-17 11:15:21,227 [INFO] ConfigFileManager:1531 - The Die is : DIE431
2024-12-17 11:15:21,263 [INFO] ApiDbMcu:508 - Load IP Config File for FATFS
2024-12-17 11:15:21,322 [INFO] ApiDbMcu:508 - Load IP Config File for FREERTOS
2024-12-17 11:15:21,336 [INFO] ApiDbMcu:508 - Load IP Config File for LIBJPEG
2024-12-17 11:15:21,429 [INFO] ApiDbMcu:508 - Load IP Config File for MBEDTLS
2024-12-17 11:15:21,509 [INFO] ApiDbMcu:508 - Load IP Config File for USB_DEVICE
2024-12-17 11:15:21,538 [INFO] ApiDbMcu:508 - Load IP Config File for USB_HOST
2024-12-17 11:15:22,261 [INFO] LogOutputStream:77 - [STDOUT_REDIRECT] 
2024-12-17 11:15:25,177 [INFO] ProjectBuilder:5097 - Time for Generating toolchain IDE Files: 4162mS.
2024-12-17 11:15:25,177 [INFO] ProjectBuilder:3107 - Time for Copy CMSIS : 0mS.
2024-12-17 11:15:25,185 [INFO] ProjectBuilder:3107 - Time for Copy CMSIS : 0mS.
2024-12-17 11:27:35,695 [INFO] WebApp:189 - Connection lost
2024-12-17 11:27:35,987 [INFO] WebApp:186 - Connection restablished
2024-12-17 11:57:24,707 [INFO] WebApp:189 - Connection lost
2024-12-17 11:57:24,900 [INFO] WebApp:186 - Connection restablished
2024-12-17 12:26:56,197 [INFO] WebApp:189 - Connection lost
2024-12-17 12:26:56,395 [INFO] WebApp:186 - Connection restablished
2024-12-17 12:56:30,221 [INFO] WebApp:189 - Connection lost
2024-12-17 12:56:30,401 [INFO] WebApp:186 - Connection restablished
2024-12-17 13:27:04,693 [INFO] WebApp:189 - Connection lost
2024-12-17 13:27:04,918 [INFO] WebApp:186 - Connection restablished
2024-12-17 13:51:24,705 [INFO] WebApp:189 - Connection lost
2024-12-17 13:51:24,882 [INFO] WebApp:186 - Connection restablished
2024-12-17 14:04:56,209 [INFO] WebApp:189 - Connection lost
2024-12-17 14:04:56,413 [INFO] WebApp:186 - Connection restablished
2024-12-17 14:27:33,205 [INFO] WebApp:189 - Connection lost
2024-12-17 14:27:33,472 [INFO] WebApp:186 - Connection restablished
2024-12-17 14:57:11,727 [INFO] WebApp:189 - Connection lost
2024-12-17 14:57:11,921 [INFO] WebApp:186 - Connection restablished
2024-12-17 15:27:30,214 [INFO] WebApp:189 - Connection lost
2024-12-17 15:27:30,424 [INFO] WebApp:186 - Connection restablished
2024-12-17 15:46:59,697 [INFO] WebApp:189 - Connection lost
2024-12-17 15:47:00,997 [INFO] WebApp:186 - Connection restablished
2024-12-17 16:17:14,197 [INFO] WebApp:189 - Connection lost
2024-12-17 16:17:15,898 [INFO] WebApp:186 - Connection restablished
2024-12-17 16:46:57,694 [INFO] WebApp:189 - Connection lost
2024-12-17 16:46:57,913 [INFO] WebApp:186 - Connection restablished
2024-12-17 17:16:27,863 [INFO] WebApp:189 - Connection lost
2024-12-17 17:16:28,070 [INFO] WebApp:186 - Connection restablished
2024-12-17 19:49:55,719 [INFO] WebApp:189 - Connection lost
2024-12-17 19:50:00,847 [INFO] WebApp:186 - Connection restablished
2024-12-17 19:50:02,900 [INFO] WebApp:189 - Connection lost
2024-12-17 19:50:03,023 [INFO] WebApp:186 - Connection restablished
2024-12-17 20:33:43,978 [ERROR] LogOutputStream:75 - [STDERR_REDIRECT] 
