2024-12-07 20:55:20,076 [INFO] Activator:176 - 


2024-12-07 20:55:20,093 [INFO] Activator:177 - !SESSION log4j initialized
2024-12-07 20:55:30,451 [INFO] LogOutputStream:77 - [STDOUT_REDIRECT] 
2024-12-07 20:55:32,422 [INFO] ApplicationProperties:184 - Using Application install path: C:\ST\STM32CubeIDE_1.16.1\STM32CubeIDE\plugins\com.st.stm32cube.common.mx_6.12.1.202409122256
2024-12-07 20:55:32,460 [INFO] DbMcusXml:78 - Set database path to: C:\ST\STM32CubeIDE_1.16.1\STM32CubeIDE\plugins\com.st.stm32cube.common.mx_6.12.1.202409122256\\db\/mcu/
2024-12-07 20:55:32,460 [INFO] ApiDb:274 - Set plugin database path to: C:\ST\STM32CubeIDE_1.16.1\STM32CubeIDE\plugins\com.st.stm32cube.common.mx_6.12.1.202409122256\\db\/plugins/boardmanager/
2024-12-07 20:55:32,462 [WARN] ApiDb:259 - Overriding images path with different value:  => C:\ST\STM32CubeIDE_1.16.1\STM32CubeIDE\plugins\com.st.stm32cube.common.mx_6.12.1.202409122256\\db\/plugins/mcufinder/images/
2024-12-07 20:55:32,472 [INFO] ApiDb:250 - Set database path to: C:\Users\ajara\.stmcufinder\plugins\mcufinder//mcu/
2024-12-07 20:55:32,475 [INFO] DbMcusAds:125 - Set database path to: C:\Users\ajara\.stmcufinder\plugins\mcufinder//mcu/
2024-12-07 20:55:32,475 [INFO] CrossReferenceDbSqlite:203 - Set database path to: C:\Users\ajara\.stmcufinder\plugins\mcufinder//mcu/cs/
2024-12-07 20:55:32,683 [INFO] RulesReader:64 - Compatibility file has been processed (297 Rules)
2024-12-07 20:55:32,832 [INFO] DbMcusXml:78 - Set database path to: C:\ST\STM32CubeIDE_1.16.1\STM32CubeIDE\plugins\com.st.stm32cube.common.mx_6.12.1.202409122256\\db\/mcu/
2024-12-07 20:55:32,832 [INFO] ApiDb:274 - Set plugin database path to: C:\ST\STM32CubeIDE_1.16.1\STM32CubeIDE\plugins\com.st.stm32cube.common.mx_6.12.1.202409122256\\db\/plugins/boardmanager/
2024-12-07 20:55:32,832 [INFO] ApiDb:261 - Set plugin images path to: C:\ST\STM32CubeIDE_1.16.1\STM32CubeIDE\plugins\com.st.stm32cube.common.mx_6.12.1.202409122256\\db\/plugins/mcufinder/images/
2024-12-07 20:55:32,832 [WARN] DbFile:41 - Overriding database path with different value: C:\Users\ajara\.stmcufinder\plugins\mcufinder/ => C:\Users\ajara\.stmcufinder\plugins\mcufinder
2024-12-07 20:55:32,832 [INFO] ApiDb:250 - Set database path to: C:\Users\ajara\.stmcufinder\plugins\mcufinder//mcu/
2024-12-07 20:55:32,832 [WARN] DbFile:41 - Overriding database path with different value: C:\Users\ajara\.stmcufinder\plugins\mcufinder/ => C:\Users\ajara\.stmcufinder\plugins\mcufinder
2024-12-07 20:55:32,832 [INFO] DbMcusAds:125 - Set database path to: C:\Users\ajara\.stmcufinder\plugins\mcufinder//mcu/
2024-12-07 20:55:32,832 [WARN] DbFile:41 - Overriding database path with different value: C:\Users\ajara\.stmcufinder\plugins\mcufinder/ => C:\Users\ajara\.stmcufinder\plugins\mcufinder
2024-12-07 20:55:32,832 [WARN] DbFile:41 - Overriding database path with different value: C:\Users\ajara\.stmcufinder\plugins\mcufinder/ => C:\Users\ajara\.stmcufinder\plugins\mcufinder
2024-12-07 20:55:32,832 [INFO] CrossReferenceDbSqlite:203 - Set database path to: C:\Users\ajara\.stmcufinder\plugins\mcufinder//mcu/cs/
2024-12-07 20:55:32,984 [INFO] MainPanel:268 - HeapMemory: 268435456
2024-12-07 20:55:33,202 [INFO] DbMcusXml:78 - Set database path to: C:\ST\STM32CubeIDE_1.16.1\STM32CubeIDE\plugins\com.st.stm32cube.common.mx_6.12.1.202409122256\\db\/mcu/
2024-12-07 20:55:33,202 [INFO] ApiDb:274 - Set plugin database path to: C:\ST\STM32CubeIDE_1.16.1\STM32CubeIDE\plugins\com.st.stm32cube.common.mx_6.12.1.202409122256\\db\/plugins/boardmanager/
2024-12-07 20:55:33,202 [INFO] ApiDb:261 - Set plugin images path to: C:\ST\STM32CubeIDE_1.16.1\STM32CubeIDE\plugins\com.st.stm32cube.common.mx_6.12.1.202409122256\\db\/plugins/mcufinder/images/
2024-12-07 20:55:33,205 [WARN] DbFile:41 - Overriding database path with different value: C:\Users\ajara\.stmcufinder\plugins\mcufinder/ => C:\Users\ajara\.stmcufinder\plugins\mcufinder
2024-12-07 20:55:33,205 [INFO] ApiDb:250 - Set database path to: C:\Users\ajara\.stmcufinder\plugins\mcufinder//mcu/
2024-12-07 20:55:33,205 [WARN] DbFile:41 - Overriding database path with different value: C:\Users\ajara\.stmcufinder\plugins\mcufinder/ => C:\Users\ajara\.stmcufinder\plugins\mcufinder
2024-12-07 20:55:33,205 [INFO] DbMcusAds:125 - Set database path to: C:\Users\ajara\.stmcufinder\plugins\mcufinder//mcu/
2024-12-07 20:55:33,205 [WARN] DbFile:41 - Overriding database path with different value: C:\Users\ajara\.stmcufinder\plugins\mcufinder/ => C:\Users\ajara\.stmcufinder\plugins\mcufinder
2024-12-07 20:55:33,205 [WARN] DbFile:41 - Overriding database path with different value: C:\Users\ajara\.stmcufinder\plugins\mcufinder/ => C:\Users\ajara\.stmcufinder\plugins\mcufinder
2024-12-07 20:55:33,205 [INFO] CrossReferenceDbSqlite:203 - Set database path to: C:\Users\ajara\.stmcufinder\plugins\mcufinder//mcu/cs/
2024-12-07 20:55:33,237 [INFO] ApplicationProperties:184 - Using Application install path: C:\ST\STM32CubeIDE_1.16.1\STM32CubeIDE\plugins\com.st.stm32cube.common.mx_6.12.1.202409122256
2024-12-07 20:55:33,242 [INFO] PluginManage:196 - Search for loadable plugins [exclusion list=, ]
2024-12-07 20:55:33,242 [INFO] PluginManage:310 - Check plugin analytics
2024-12-07 20:55:33,652 [INFO] AnalyticsPlugin:253 - Accepted Software Licenses: 
2024-12-07 20:55:33,652 [INFO] AnalyticsPlugin:255 - Accepted CMSIS Pack Licenses: 
2024-12-07 20:55:33,652 [INFO] AnalyticsPlugin:257 - Accepted Firmware Licenses: FW.F4.1.28.0
2024-12-07 20:55:33,666 [INFO] PluginManage:359 - Loaded plugin analytics (category:tool,tabindex:-1)
2024-12-07 20:55:33,666 [INFO] PluginManage:310 - Check plugin cadmodel
2024-12-07 20:55:33,672 [INFO] CADModel:105 - Init CAD model plugin
2024-12-07 20:55:33,672 [INFO] PluginManage:359 - Loaded plugin cadmodel (category:power,tabindex:5)
2024-12-07 20:55:33,672 [INFO] PluginManage:310 - Check plugin clock
2024-12-07 20:55:33,707 [INFO] PluginManage:359 - Loaded plugin clock (category:base,tabindex:2)
2024-12-07 20:55:33,707 [INFO] PluginManage:310 - Check plugin ddr
2024-12-07 20:55:33,713 [INFO] PluginManage:359 - Loaded plugin ddr (category:tool,tabindex:6)
2024-12-07 20:55:33,713 [INFO] PluginManage:310 - Check plugin filemanager
2024-12-07 20:55:34,002 [INFO] PluginManage:359 - Loaded plugin filemanager (category:base,tabindex:10)
2024-12-07 20:55:34,002 [INFO] PluginManage:310 - Check plugin ipmanager
2024-12-07 20:55:34,016 [INFO] PluginManage:359 - Loaded plugin ipmanager (category:base,tabindex:5)
2024-12-07 20:55:34,016 [INFO] PluginManage:310 - Check plugin lpbam
2024-12-07 20:55:34,032 [INFO] PluginManage:359 - Loaded plugin lpbam (category:base,tabindex:0)
2024-12-07 20:55:34,032 [INFO] PluginManage:310 - Check plugin memorymap
2024-12-07 20:55:34,063 [INFO] PluginManage:359 - Loaded plugin memorymap (category:base,tabindex:4)
2024-12-07 20:55:34,063 [INFO] PluginManage:310 - Check plugin pinoutandconfiguration
2024-12-07 20:55:34,082 [INFO] PluginManage:359 - Loaded plugin pinoutandconfiguration (category:base,tabindex:1)
2024-12-07 20:55:34,082 [INFO] PluginManage:310 - Check plugin pinoutconfig
2024-12-07 20:55:34,243 [WARN] SupportedApi:132 - Cannot load RTOS API schema: s4s-elt-must-match.1: The content of 'definitions' must match (annotation?, (simpleType | complexType)?, (unique | key | keyref)*)). A problem was found starting at: attribute.
2024-12-07 20:55:34,507 [INFO] PluginManage:359 - Loaded plugin pinoutconfig (category:base,tabindex:0)
2024-12-07 20:55:34,507 [INFO] PluginManage:310 - Check plugin power
2024-12-07 20:55:34,523 [INFO] PluginManage:359 - Loaded plugin power (category:power,tabindex:4)
2024-12-07 20:55:34,523 [INFO] PluginManage:310 - Check plugin projectmanager
2024-12-07 20:55:34,555 [INFO] PluginManage:359 - Loaded plugin projectmanager (category:projectmanager,tabindex:4)
2024-12-07 20:55:34,555 [INFO] PluginManage:310 - Check plugin rif
2024-12-07 20:55:34,562 [INFO] PluginManage:359 - Loaded plugin rif (category:base,tabindex:3)
2024-12-07 20:55:34,562 [INFO] PluginManage:310 - Check plugin thirdparty
2024-12-07 20:55:34,843 [INFO] PluginManage:359 - Loaded plugin thirdparty (category:base,tabindex:-1)
2024-12-07 20:55:34,843 [WARN] IntegrityCheckThread:84 - waiting for thirdparty lock release [integrity check]
2024-12-07 20:55:34,843 [INFO] PluginManage:310 - Check plugin tools
2024-12-07 20:55:34,843 [INFO] IntegrityCheckThread:86 - entering critical section [integrity check]
2024-12-07 20:55:34,845 [INFO] ThirdPartyUpdaterWithRetryManager:70 - Updater plugin not ready yet. [1/15]
2024-12-07 20:55:34,845 [INFO] PluginManage:359 - Loaded plugin tools (category:base,tabindex:7)
2024-12-07 20:55:34,845 [INFO] PluginManage:310 - Check plugin tutovideos
2024-12-07 20:55:35,162 [INFO] PluginManage:359 - Loaded plugin tutovideos (category:base,tabindex:-1)
2024-12-07 20:55:35,162 [INFO] PluginManage:310 - Check plugin updater
2024-12-07 20:55:35,193 [INFO] PluginManage:359 - Loaded plugin updater (category:base,tabindex:12)
2024-12-07 20:55:35,193 [INFO] PluginManage:310 - Check plugin userauth
2024-12-07 20:55:35,202 [INFO] UserAuth:113 - Init User Auth plugin
2024-12-07 20:55:35,202 [INFO] PluginManage:359 - Loaded plugin userauth (category:base,tabindex:14)
2024-12-07 20:55:35,202 [INFO] PluginManage:283 - PluginManage : Loaded plugins [18]
2024-12-07 20:55:35,566 [INFO] PinOutPanel:1561 - setPackage(No Configuration,No Configuration)
2024-12-07 20:55:35,767 [INFO] CADModel:165 - CPN selected for project level
2024-12-07 20:55:35,767 [INFO] CADModel:114 - Register for checkConnection events
2024-12-07 20:55:35,792 [INFO] IPUIPlugin:80 - create IPUIPlugin
2024-12-07 20:55:35,792 [INFO] PluginManager:220 - loadIPPluginJar : add adc
2024-12-07 20:55:35,802 [INFO] IPUIPlugin:80 - create IPUIPlugin
2024-12-07 20:55:35,802 [INFO] PluginManager:220 - loadIPPluginJar : add aes
2024-12-07 20:55:35,804 [INFO] IPUIPlugin:80 - create IPUIPlugin
2024-12-07 20:55:35,804 [INFO] PluginManager:220 - loadIPPluginJar : add can
2024-12-07 20:55:35,812 [INFO] IPUIPlugin:80 - create IPUIPlugin
2024-12-07 20:55:35,812 [INFO] PluginManager:220 - loadIPPluginJar : add comp
2024-12-07 20:55:35,812 [INFO] IPUIPlugin:80 - create IPUIPlugin
2024-12-07 20:55:35,812 [INFO] PluginManager:220 - loadIPPluginJar : add cryp
2024-12-07 20:55:35,822 [INFO] IPUIPlugin:80 - create IPUIPlugin
2024-12-07 20:55:35,822 [INFO] PluginManager:220 - loadIPPluginJar : add ddr_ctrl_phy
2024-12-07 20:55:35,822 [INFO] IPUIPlugin:80 - create IPUIPlugin
2024-12-07 20:55:35,822 [INFO] PluginManager:220 - loadIPPluginJar : add dfsdm
2024-12-07 20:55:35,836 [INFO] IPUIPlugin:80 - create IPUIPlugin
2024-12-07 20:55:35,836 [INFO] PluginManager:220 - loadIPPluginJar : add dma
2024-12-07 20:55:35,842 [INFO] IPUIPlugin:80 - create IPUIPlugin
2024-12-07 20:55:35,842 [INFO] PluginManager:220 - loadIPPluginJar : add dma3
2024-12-07 20:55:35,844 [INFO] IPUIPlugin:80 - create IPUIPlugin
2024-12-07 20:55:35,844 [INFO] PluginManager:220 - loadIPPluginJar : add extmemmanager
2024-12-07 20:55:35,844 [INFO] IPUIPlugin:80 - create IPUIPlugin
2024-12-07 20:55:35,844 [INFO] PluginManager:220 - loadIPPluginJar : add fatfs
2024-12-07 20:55:35,857 [INFO] IPUIPlugin:80 - create IPUIPlugin
2024-12-07 20:55:35,857 [INFO] PluginManager:220 - loadIPPluginJar : add fmc
2024-12-07 20:55:35,867 [INFO] IPUIPlugin:80 - create IPUIPlugin
2024-12-07 20:55:35,867 [INFO] PluginManager:220 - loadIPPluginJar : add freertos
2024-12-07 20:55:35,867 [INFO] IPUIPlugin:80 - create IPUIPlugin
2024-12-07 20:55:35,867 [INFO] PluginManager:220 - loadIPPluginJar : add genericplugin
2024-12-07 20:55:35,872 [INFO] IPUIPlugin:80 - create IPUIPlugin
2024-12-07 20:55:35,872 [INFO] PluginManager:220 - loadIPPluginJar : add gfxmmu
2024-12-07 20:55:35,883 [INFO] IPUIPlugin:80 - create IPUIPlugin
2024-12-07 20:55:35,883 [INFO] PluginManager:220 - loadIPPluginJar : add gic
2024-12-07 20:55:35,892 [INFO] IPUIPlugin:80 - create IPUIPlugin
2024-12-07 20:55:35,892 [INFO] PluginManager:220 - loadIPPluginJar : add gpio
2024-12-07 20:55:35,892 [INFO] IPUIPlugin:80 - create IPUIPlugin
2024-12-07 20:55:35,892 [INFO] PluginManager:220 - loadIPPluginJar : add gtzc
2024-12-07 20:55:35,899 [INFO] IPUIPlugin:80 - create IPUIPlugin
2024-12-07 20:55:35,899 [INFO] PluginManager:220 - loadIPPluginJar : add hash
2024-12-07 20:55:35,902 [INFO] IPUIPlugin:80 - create IPUIPlugin
2024-12-07 20:55:35,902 [INFO] PluginManager:220 - loadIPPluginJar : add i2c
2024-12-07 20:55:35,902 [INFO] IPUIPlugin:80 - create IPUIPlugin
2024-12-07 20:55:35,912 [INFO] PluginManager:220 - loadIPPluginJar : add i2s
2024-12-07 20:55:35,915 [INFO] IPUIPlugin:80 - create IPUIPlugin
2024-12-07 20:55:35,915 [INFO] PluginManager:220 - loadIPPluginJar : add i3c
2024-12-07 20:55:35,922 [INFO] IPUIPlugin:80 - create IPUIPlugin
2024-12-07 20:55:35,922 [INFO] PluginManager:220 - loadIPPluginJar : add ipddr
2024-12-07 20:55:35,932 [INFO] IPUIPlugin:80 - create IPUIPlugin
2024-12-07 20:55:35,932 [INFO] PluginManager:220 - loadIPPluginJar : add linkedlist
2024-12-07 20:55:35,937 [INFO] IPUIPlugin:80 - create IPUIPlugin
2024-12-07 20:55:35,937 [INFO] PluginManager:220 - loadIPPluginJar : add lorawan
2024-12-07 20:55:35,942 [INFO] IPUIPlugin:80 - create IPUIPlugin
2024-12-07 20:55:35,942 [INFO] PluginManager:220 - loadIPPluginJar : add ltdc
2024-12-07 20:55:35,952 [INFO] IPUIPlugin:80 - create IPUIPlugin
2024-12-07 20:55:35,952 [INFO] PluginManager:220 - loadIPPluginJar : add mdma
2024-12-07 20:55:35,952 [INFO] IPUIPlugin:80 - create IPUIPlugin
2024-12-07 20:55:35,952 [INFO] PluginManager:220 - loadIPPluginJar : add nvic
2024-12-07 20:55:35,963 [INFO] IPUIPlugin:80 - create IPUIPlugin
2024-12-07 20:55:35,963 [INFO] PluginManager:220 - loadIPPluginJar : add opamp
2024-12-07 20:55:35,967 [INFO] IPUIPlugin:80 - create IPUIPlugin
2024-12-07 20:55:35,967 [INFO] PluginManager:220 - loadIPPluginJar : add openamp
2024-12-07 20:55:35,972 [INFO] IPUIPlugin:80 - create IPUIPlugin
2024-12-07 20:55:35,972 [INFO] PluginManager:220 - loadIPPluginJar : add pdm2pcm
2024-12-07 20:55:35,982 [INFO] IPUIPlugin:80 - create IPUIPlugin
2024-12-07 20:55:35,992 [INFO] PluginManager:220 - loadIPPluginJar : add plateformsettings
2024-12-07 20:55:35,995 [INFO] IPUIPlugin:80 - create IPUIPlugin
2024-12-07 20:55:35,995 [INFO] PluginManager:220 - loadIPPluginJar : add quadspi
2024-12-07 20:55:35,995 [INFO] IPUIPlugin:80 - create IPUIPlugin
2024-12-07 20:55:35,995 [INFO] PluginManager:220 - loadIPPluginJar : add radio
2024-12-07 20:55:36,002 [INFO] IPUIPlugin:80 - create IPUIPlugin
2024-12-07 20:55:36,002 [INFO] PluginManager:220 - loadIPPluginJar : add resmgrutility
2024-12-07 20:55:36,012 [INFO] IPUIPlugin:80 - create IPUIPlugin
2024-12-07 20:55:36,012 [INFO] PluginManager:220 - loadIPPluginJar : add sai
2024-12-07 20:55:36,017 [INFO] IPUIPlugin:80 - create IPUIPlugin
2024-12-07 20:55:36,017 [INFO] PluginManager:220 - loadIPPluginJar : add spi
2024-12-07 20:55:36,027 [INFO] IPUIPlugin:80 - create IPUIPlugin
2024-12-07 20:55:36,027 [INFO] PluginManager:220 - loadIPPluginJar : add stm32_wpan
2024-12-07 20:55:36,032 [INFO] IPUIPlugin:80 - create IPUIPlugin
2024-12-07 20:55:36,032 [INFO] PluginManager:220 - loadIPPluginJar : add tim
2024-12-07 20:55:36,032 [INFO] IPUIPlugin:80 - create IPUIPlugin
2024-12-07 20:55:36,042 [INFO] PluginManager:220 - loadIPPluginJar : add touchsensing
2024-12-07 20:55:36,044 [INFO] IPUIPlugin:80 - create IPUIPlugin
2024-12-07 20:55:36,044 [INFO] PluginManager:220 - loadIPPluginJar : add tracer_emb
2024-12-07 20:55:36,044 [INFO] IPUIPlugin:80 - create IPUIPlugin
2024-12-07 20:55:36,044 [INFO] PluginManager:220 - loadIPPluginJar : add ts
2024-12-07 20:55:36,052 [INFO] IPUIPlugin:80 - create IPUIPlugin
2024-12-07 20:55:36,052 [INFO] PluginManager:220 - loadIPPluginJar : add tsc
2024-12-07 20:55:36,059 [INFO] IPUIPlugin:80 - create IPUIPlugin
2024-12-07 20:55:36,059 [INFO] PluginManager:220 - loadIPPluginJar : add ucpd
2024-12-07 20:55:36,062 [INFO] IPUIPlugin:80 - create IPUIPlugin
2024-12-07 20:55:36,062 [INFO] PluginManager:220 - loadIPPluginJar : add usart
2024-12-07 20:55:36,067 [INFO] IPUIPlugin:80 - create IPUIPlugin
2024-12-07 20:55:36,067 [INFO] PluginManager:220 - loadIPPluginJar : add usbx
2024-12-07 20:55:36,245 [INFO] CADModel:165 - CPN selected for project level
2024-12-07 20:55:36,245 [INFO] CADModel:114 - Register for checkConnection events
2024-12-07 20:55:36,245 [FATAL] Updater:334 - Updater called before beeing initialized
2024-12-07 20:55:36,245 [ERROR] CADModel:125 - Updater not yet initialized, retry later 
2024-12-07 20:55:36,506 [INFO] CADModel:165 - CPN selected for project level
2024-12-07 20:55:36,506 [INFO] CADModel:114 - Register for checkConnection events
2024-12-07 20:55:36,506 [FATAL] Updater:334 - Updater called before beeing initialized
2024-12-07 20:55:36,506 [ERROR] CADModel:125 - Updater not yet initialized, retry later 
2024-12-07 20:55:36,512 [FATAL] Updater:334 - Updater called before beeing initialized
2024-12-07 20:55:36,672 [FATAL] Updater:334 - Updater called before beeing initialized
2024-12-07 20:55:36,682 [INFO] DbMcusAds:53 - JSON generation date=Fri Sep 20 15:04:38 CEST 2024 (1726837478367)
2024-12-07 20:55:36,682 [FATAL] Updater:334 - Updater called before beeing initialized
2024-12-07 20:55:36,744 [WARN] DetailPanel:346 - Failed to get advertising image, set to default
2024-12-07 20:55:36,872 [FATAL] Updater:334 - Updater called before beeing initialized
2024-12-07 20:55:36,882 [FATAL] Updater:334 - Updater called before beeing initialized
2024-12-07 20:55:36,882 [FATAL] Updater:334 - Updater called before beeing initialized
2024-12-07 20:55:36,882 [WARN] DetailPanel:346 - Failed to get advertising image, set to default
2024-12-07 20:55:36,882 [FATAL] Updater:334 - Updater called before beeing initialized
2024-12-07 20:55:36,952 [ERROR] Updater:1164 - MainUpdater not yet initialized. External WinMGr cannot be set.
2024-12-07 20:55:36,962 [INFO] Updater:1100 - Updater Version found : 6.12.1
2024-12-07 20:55:36,998 [INFO] ApplicationProperties:184 - Using Application install path: C:\ST\STM32CubeIDE_1.16.1\STM32CubeIDE\plugins\com.st.stm32cube.common.mx_6.12.1.202409122256
2024-12-07 20:55:37,848 [INFO] ThirdPartyUpdaterWithRetryManager:70 - Updater plugin not ready yet. [2/15]
2024-12-07 20:55:38,623 [ERROR] LogOutputStream:75 - [STDERR_REDIRECT] Dec 07, 2024 8:55:38 PM java.util.prefs.WindowsPreferences <init>
2024-12-07 20:55:38,623 [ERROR] LogOutputStream:75 - [STDERR_REDIRECT] WARNING: Could not open/create prefs root node Software\JavaSoft\Prefs at root 0xffffffff80000002. Windows RegCreateKeyEx(...) returned error code 5.
2024-12-07 20:55:38,623 [ERROR] LogOutputStream:75 - [STDERR_REDIRECT] 
2024-12-07 20:55:39,582 [INFO] MainUpdater:2873 - connection check result : 10
2024-12-07 20:55:39,582 [INFO] MainUpdater:3567 - Updater definition file requires update
2024-12-07 20:55:39,593 [INFO] MainUpdater:290 - Updater Check For Update Now.
2024-12-07 20:55:39,593 [INFO] MicroXplorer:498 - Change Database Version : DB.6.0.121
2024-12-07 20:55:39,612 [INFO] McuFinderGlobals:63 - Set McuFinder mode to 2 (CubeIDE integrated)
2024-12-07 20:55:39,612 [INFO] UserAuth:179 - activating auth plugin
2024-12-07 20:55:39,620 [INFO] UserAuth:417 - Internet connection configuration mode: 1
2024-12-07 20:55:39,642 [INFO] JxBrowserEngine:152 - Initiate JxBrowser Engine with user profile folder
2024-12-07 20:55:39,852 [INFO] ServerAccessManage:473 - Download File updaters.zip
2024-12-07 20:55:39,972 [INFO] FileExtend:240 - Unzip File : updaters.zip
2024-12-07 20:55:39,972 [INFO] FileExtend:255 - Standard Zip Deflate
2024-12-07 20:55:40,862 [WARN] MainUpdater:1194 - Updater busy. Cannot search thirdparties
2024-12-07 20:55:40,862 [INFO] ThirdPartyUpdaterWithRetryManager:96 - Updater plugin is busy. [1/15]
2024-12-07 20:55:41,037 [INFO] ServerAccessManage:473 - Download File PacksControlFlags.xml
2024-12-07 20:55:41,154 [INFO] ServerAccessManage:473 - Download File cubemx.pidx
2024-12-07 20:55:41,598 [INFO] WebApp:167 - Instantiating new browser for Auth
2024-12-07 20:55:41,966 [INFO] ServerAccessManage:473 - Download File STMicroelectronics.X-CUBE-BLEMGR.pdsc
2024-12-07 20:55:42,560 [ERROR] ServerAccessManage:1089 - Problem, file not found on Server
2024-12-07 20:55:43,022 [INFO] WebApp:448 - Apply proxy settings
2024-12-07 20:55:43,022 [INFO] WebApp:533 - Chromium requires no authentication
2024-12-07 20:55:43,044 [INFO] WebApp:476 - Direct internet connection detected
2024-12-07 20:55:43,092 [INFO] WebApp:869 - Register for checkConnection events
2024-12-07 20:55:43,093 [INFO] WebApp:448 - Apply proxy settings
2024-12-07 20:55:43,093 [INFO] WebApp:533 - Chromium requires no authentication
2024-12-07 20:55:43,093 [INFO] WebApp:476 - Direct internet connection detected
2024-12-07 20:55:43,368 [INFO] WebApp:186 - Connection restablished
2024-12-07 20:55:43,639 [INFO] WebApp:220 - Starting web application
2024-12-07 20:55:43,639 [INFO] WebApp:578 - Web application path used C:\ST\STM32CubeIDE_1.16.1\STM32CubeIDE\plugins\com.st.stm32cube.common.mx_6.12.1.202409122256\db\plugins\mcufinder\reactClient1\index.html
2024-12-07 20:55:43,873 [WARN] MainUpdater:1194 - Updater busy. Cannot search thirdparties
2024-12-07 20:55:43,873 [INFO] ThirdPartyUpdaterWithRetryManager:96 - Updater plugin is busy. [2/15]
2024-12-07 20:55:44,907 [WARN] PackLoader:240 - Cannot read IP mode file for STMicroelectronics.X-CUBE-BLEMGR.4.0.0
2024-12-07 20:55:44,922 [INFO] PopulateThirdPartyThread:66 - Ending populate Thread
2024-12-07 20:55:44,925 [INFO] ThirdParty:1030 - CMSIS Pack Vendor :STMicroelectronics X-CUBE-BLEMGR 4.0.0
2024-12-07 20:55:44,927 [INFO] LoadServerUpdatesThread:375 - End of LoadServerUpdate Thread
2024-12-07 20:55:45,039 [INFO] CheckServerUpdateThread:120 - End of CheckServer Thread
2024-12-07 20:55:47,271 [WARN] PackLoader:240 - Cannot read IP mode file for STMicroelectronics.FP-SNS-MOTENVWB1.1.4.0
2024-12-07 20:55:47,281 [WARN] PackLoader:240 - Cannot read IP mode file for STMicroelectronics.FP-ATR-ASTRA1.2.0.1
2024-12-07 20:55:47,294 [WARN] PackLoader:240 - Cannot read IP mode file for STMicroelectronics.X-CUBE-SMBUS.2.1.0
2024-12-07 20:55:47,305 [WARN] PackLoader:240 - Cannot read IP mode file for STMicroelectronics.X-CUBE-WB05N.1.1.0
2024-12-07 20:55:47,346 [WARN] PackLoader:240 - Cannot read IP mode file for STMicroelectronics.X-CUBE-AZRTOS-F7.1.1.0
2024-12-07 20:55:47,449 [WARN] PackLoader:240 - Cannot read IP mode file for STMicroelectronics.X-CUBE-MEMS1.11.0.0
2024-12-07 20:55:47,682 [WARN] PackLoader:240 - Cannot read IP mode file for STMicroelectronics.FP-SNS-FLIGHT1.5.0.2
2024-12-07 20:55:47,698 [WARN] PackLoader:240 - Cannot read IP mode file for STMicroelectronics.X-CUBE-DISPLAY.3.0.0
2024-12-07 20:55:47,714 [WARN] PackLoader:240 - Cannot read IP mode file for STMicroelectronics.X-CUBE-BLE1.7.0.0
2024-12-07 20:55:47,728 [WARN] PackLoader:240 - Cannot read IP mode file for STMicroelectronics.X-CUBE-NFC10.1.0.0
2024-12-07 20:55:47,752 [WARN] PackLoader:240 - Cannot read IP mode file for STMicroelectronics.X-CUBE-BLEMGR.4.0.0
2024-12-07 20:55:47,770 [WARN] PackLoader:240 - Cannot read IP mode file for emotas.I-CUBE-CANOPEN.1.3.0
2024-12-07 20:55:47,788 [WARN] PackLoader:240 - Cannot read IP mode file for STMicroelectronics.X-CUBE-BLEMGR.3.1.0
2024-12-07 20:55:47,801 [WARN] PackLoader:240 - Cannot read IP mode file for STMicroelectronics.FP-SNS-SMARTAG2.1.2.0
2024-12-07 20:55:47,814 [INFO] LogOutputStream:77 - [STDOUT_REDIRECT] 1 : Invalid condition id : UX_CORESTACK_Condition cause : null
2024-12-07 20:55:47,816 [INFO] LogOutputStream:77 - [STDOUT_REDIRECT] 1 : Invalid condition id : UX_CORESTACK_Condition cause : null
2024-12-07 20:55:47,818 [INFO] LogOutputStream:77 - [STDOUT_REDIRECT] 1 : Invalid condition id : UX_CORESTACK_Condition cause : null
2024-12-07 20:55:47,820 [INFO] LogOutputStream:77 - [STDOUT_REDIRECT] 1 : Invalid condition id : UX_CORESTACK_Condition cause : null
2024-12-07 20:55:47,822 [INFO] LogOutputStream:77 - [STDOUT_REDIRECT] 1 : Invalid condition id : UX_CORESTACK_Condition cause : null
2024-12-07 20:55:47,831 [WARN] PackLoader:240 - Cannot read IP mode file for STMicroelectronics.X-CUBE-AZRTOS-WL.2.0.0
2024-12-07 20:55:47,842 [WARN] PackLoader:240 - Cannot read IP mode file for STMicroelectronics.FP-SNS-MOTENV1.5.0.0
2024-12-07 20:55:47,851 [WARN] PackLoader:240 - Cannot read IP mode file for wolfSSL.I-CUBE-wolfMQTT.1.19.0
2024-12-07 20:55:47,862 [WARN] PackLoader:240 - Cannot read IP mode file for WES.I-CUBE-Cesium.1.3.0
2024-12-07 20:55:47,871 [WARN] PackLoader:240 - Cannot read IP mode file for STMicroelectronics.X-CUBE-BLE2.3.3.0
2024-12-07 20:55:47,885 [WARN] PackLoader:240 - Cannot read IP mode file for STMicroelectronics.X-CUBE-NFC9.1.0.0
2024-12-07 20:55:47,900 [WARN] PackLoader:240 - Cannot read IP mode file for STMicroelectronics.X-CUBE-TCPP.4.1.0
2024-12-07 20:55:47,929 [WARN] PackLoader:240 - Cannot read IP mode file for STMicroelectronics.X-CUBE-AZRTOS-G0.1.1.0
2024-12-07 20:55:47,944 [WARN] PackLoader:240 - Cannot read IP mode file for STMicroelectronics.X-CUBE-SAFEA1.1.2.2
2024-12-07 20:55:47,954 [WARN] PackLoader:240 - Cannot read IP mode file for STMicroelectronics.X-CUBE-NFC4.3.0.0
2024-12-07 20:55:47,974 [WARN] PackLoader:240 - Cannot read IP mode file for EmbeddedOffice.I-CUBE-FS-RTOS.1.0.1
2024-12-07 20:55:47,975 [ERROR] ConditionMgr:805 - Attr not supported : Dmpu
2024-12-07 20:55:47,976 [ERROR] ConditionMgr:805 - Attr not supported : Dmpu
2024-12-07 20:55:47,976 [ERROR] ConditionMgr:805 - Attr not supported : Dmpu
2024-12-07 20:55:47,976 [ERROR] ConditionMgr:805 - Attr not supported : Dmpu
2024-12-07 20:55:47,977 [ERROR] ConditionMgr:805 - Attr not supported : Dmpu
2024-12-07 20:55:47,977 [ERROR] ConditionMgr:805 - Attr not supported : Dmpu
2024-12-07 20:55:47,977 [ERROR] ConditionMgr:805 - Attr not supported : Dmpu
2024-12-07 20:55:47,977 [ERROR] ConditionMgr:805 - Attr not supported : Dmpu
2024-12-07 20:55:47,978 [ERROR] ConditionMgr:805 - Attr not supported : Dmpu
2024-12-07 20:55:47,978 [ERROR] ConditionMgr:805 - Attr not supported : Dmpu
2024-12-07 20:55:47,978 [ERROR] ConditionMgr:805 - Attr not supported : Dmpu
2024-12-07 20:55:47,978 [ERROR] ConditionMgr:805 - Attr not supported : Dmpu
2024-12-07 20:55:47,979 [ERROR] ConditionMgr:805 - Attr not supported : Dmpu
2024-12-07 20:55:47,979 [ERROR] ConditionMgr:805 - Attr not supported : Dmpu
2024-12-07 20:55:47,979 [ERROR] ConditionMgr:805 - Attr not supported : Dmpu
2024-12-07 20:55:47,979 [ERROR] ConditionMgr:805 - Attr not supported : Dmpu
2024-12-07 20:55:47,979 [ERROR] ConditionMgr:805 - Attr not supported : Dmpu
2024-12-07 20:55:47,979 [ERROR] ConditionMgr:805 - Attr not supported : Dmpu
2024-12-07 20:55:47,980 [ERROR] ConditionMgr:805 - Attr not supported : Dmpu
2024-12-07 20:55:47,980 [ERROR] ConditionMgr:805 - Attr not supported : Dmpu
2024-12-07 20:55:47,980 [ERROR] ConditionMgr:805 - Attr not supported : Dmpu
2024-12-07 20:55:47,980 [ERROR] ConditionMgr:805 - Attr not supported : Dmpu
2024-12-07 20:55:47,980 [ERROR] ConditionMgr:805 - Attr not supported : Dmpu
2024-12-07 20:55:47,980 [ERROR] ConditionMgr:805 - Attr not supported : Dmpu
2024-12-07 20:55:47,980 [ERROR] ConditionMgr:805 - Attr not supported : Dmpu
2024-12-07 20:55:47,980 [ERROR] ConditionMgr:805 - Attr not supported : Dmpu
2024-12-07 20:55:47,980 [ERROR] ConditionMgr:805 - Attr not supported : Dmpu
2024-12-07 20:55:47,980 [ERROR] ConditionMgr:805 - Attr not supported : Dmpu
2024-12-07 20:55:47,980 [ERROR] ConditionMgr:805 - Attr not supported : Dmpu
2024-12-07 20:55:47,981 [ERROR] ConditionMgr:805 - Attr not supported : Dmpu
2024-12-07 20:55:47,981 [ERROR] ConditionMgr:805 - Attr not supported : Dmpu
2024-12-07 20:55:47,981 [ERROR] ConditionMgr:805 - Attr not supported : Dmpu
2024-12-07 20:55:47,981 [ERROR] ConditionMgr:805 - Attr not supported : Dmpu
2024-12-07 20:55:47,981 [ERROR] ConditionMgr:805 - Attr not supported : Dmpu
2024-12-07 20:55:47,981 [ERROR] ConditionMgr:805 - Attr not supported : Dmpu
2024-12-07 20:55:47,981 [ERROR] ConditionMgr:805 - Attr not supported : Dmpu
2024-12-07 20:55:47,981 [ERROR] ConditionMgr:805 - Attr not supported : Dmpu
2024-12-07 20:55:47,981 [ERROR] ConditionMgr:805 - Attr not supported : Dmpu
2024-12-07 20:55:47,981 [ERROR] ConditionMgr:805 - Attr not supported : Dmpu
2024-12-07 20:55:47,981 [ERROR] ConditionMgr:805 - Attr not supported : Dmpu
2024-12-07 20:55:47,982 [ERROR] ConditionMgr:805 - Attr not supported : Dmpu
2024-12-07 20:55:47,982 [ERROR] ConditionMgr:805 - Attr not supported : Dmpu
2024-12-07 20:55:47,982 [ERROR] ConditionMgr:805 - Attr not supported : Dmpu
2024-12-07 20:55:47,982 [ERROR] ConditionMgr:805 - Attr not supported : Dmpu
2024-12-07 20:55:47,982 [ERROR] ConditionMgr:805 - Attr not supported : Dmpu
2024-12-07 20:55:47,982 [ERROR] ConditionMgr:805 - Attr not supported : Dmpu
2024-12-07 20:55:47,982 [ERROR] ConditionMgr:805 - Attr not supported : Dmpu
2024-12-07 20:55:47,982 [ERROR] ConditionMgr:805 - Attr not supported : Dmpu
2024-12-07 20:55:47,982 [ERROR] ConditionMgr:805 - Attr not supported : Dmpu
2024-12-07 20:55:47,982 [ERROR] ConditionMgr:805 - Attr not supported : Dmpu
2024-12-07 20:55:47,983 [ERROR] ConditionMgr:805 - Attr not supported : Dmpu
2024-12-07 20:55:47,983 [ERROR] ConditionMgr:805 - Attr not supported : Dmpu
2024-12-07 20:55:47,983 [ERROR] ConditionMgr:805 - Attr not supported : Dmpu
2024-12-07 20:55:47,983 [ERROR] ConditionMgr:805 - Attr not supported : Dmpu
2024-12-07 20:55:47,983 [ERROR] ConditionMgr:805 - Attr not supported : Dmpu
2024-12-07 20:55:47,983 [ERROR] ConditionMgr:805 - Attr not supported : Dmpu
2024-12-07 20:55:47,983 [ERROR] ConditionMgr:805 - Attr not supported : Dmpu
2024-12-07 20:55:47,983 [ERROR] ConditionMgr:805 - Attr not supported : Dmpu
2024-12-07 20:55:47,983 [ERROR] ConditionMgr:805 - Attr not supported : Dmpu
2024-12-07 20:55:47,983 [ERROR] ConditionMgr:805 - Attr not supported : Dmpu
2024-12-07 20:55:47,983 [ERROR] ConditionMgr:805 - Attr not supported : Dmpu
2024-12-07 20:55:47,983 [ERROR] ConditionMgr:805 - Attr not supported : Dmpu
2024-12-07 20:55:47,983 [ERROR] ConditionMgr:805 - Attr not supported : Dmpu
2024-12-07 20:55:47,984 [ERROR] ConditionMgr:805 - Attr not supported : Dmpu
2024-12-07 20:55:47,994 [WARN] PackLoader:240 - Cannot read IP mode file for RealThread.X-CUBE-RT-Thread_Nano.4.1.1
2024-12-07 20:55:48,001 [WARN] PackLoader:240 - Cannot read IP mode file for STMicroelectronics.FP-ATR-SIGFOX1.3.2.0
2024-12-07 20:55:48,009 [WARN] ConditionMgr:438 - getConditionDescription Invalid condition id : Cortex-A Device cause : null
2024-12-07 20:55:48,028 [WARN] ConditionMgr:1039 - genDependencies : Invalid condition id : Cortex-A Device cause : null
2024-12-07 20:55:48,029 [WARN] ConditionMgr:1039 - genDependencies : Invalid condition id : Cortex-A Device cause : null
2024-12-07 20:55:48,029 [WARN] ConditionMgr:1039 - genDependencies : Invalid condition id : Cortex-A Device cause : null
2024-12-07 20:55:48,041 [WARN] PackLoader:240 - Cannot read IP mode file for STMicroelectronics.X-CUBE-EEPRMA1.5.1.0
2024-12-07 20:55:48,051 [WARN] PackLoader:240 - Cannot read IP mode file for wolfSSL.I-CUBE-wolfSSL.5.7.4
2024-12-07 20:55:48,063 [WARN] PackLoader:240 - Cannot read IP mode file for ITTIA_DB.I-CUBE-ITTIADB.8.9.0
2024-12-07 20:55:48,101 [WARN] PackLoader:240 - Cannot read IP mode file for SEGGER.I-CUBE-embOS.1.3.1
2024-12-07 20:55:48,176 [WARN] PackLoader:240 - Cannot read IP mode file for STMicroelectronics.X-CUBE-ALGOBUILD.1.4.0
2024-12-07 20:55:48,183 [WARN] PackLoader:240 - Cannot read IP mode file for STMicroelectronics.X-CUBE-AI.9.1.0
2024-12-07 20:55:48,206 [WARN] PackLoader:240 - Cannot read IP mode file for STMicroelectronics.X-CUBE-AZRTOS-F4.1.1.0
2024-12-07 20:55:48,216 [WARN] PackLoader:240 - Cannot read IP mode file for STMicroelectronics.X-CUBE-ISPU.2.1.0
2024-12-07 20:55:48,226 [WARN] PackLoader:240 - Cannot read IP mode file for STMicroelectronics.X-CUBE-FREERTOS.1.2.0
2024-12-07 20:55:48,249 [WARN] PackLoader:240 - Cannot read IP mode file for STMicroelectronics.X-CUBE-AZRTOS-L5.2.0.0
2024-12-07 20:55:48,263 [WARN] PackLoader:240 - Cannot read IP mode file for STMicroelectronics.X-CUBE-NFC6.3.1.0
2024-12-07 20:55:48,274 [WARN] PackLoader:240 - Cannot read IP mode file for STMicroelectronics.X-CUBE-DPower.1.2.0
2024-12-07 20:55:48,282 [WARN] PackLoader:240 - Cannot read IP mode file for STMicroelectronics.X-CUBE-NFC7.1.0.1
2024-12-07 20:55:48,307 [WARN] ConditionMgr:438 - getConditionDescription Invalid condition id : LAN8742 Phy interface Condition cause : null
2024-12-07 20:55:48,308 [WARN] PackLoader:240 - Cannot read IP mode file for STMicroelectronics.X-CUBE-AZRTOS-L4.2.0.0
2024-12-07 20:55:48,310 [WARN] ConditionMgr:1039 - genDependencies : Invalid condition id : LAN8742 Phy interface Condition cause : null
2024-12-07 20:55:48,311 [WARN] ConditionMgr:1039 - genDependencies : Invalid condition id : LAN8742 Phy interface Condition cause : null
2024-12-07 20:55:48,311 [WARN] ConditionMgr:1039 - genDependencies : Invalid condition id : LAN8742 Phy interface Condition cause : null
2024-12-07 20:55:48,321 [WARN] PackLoader:240 - Cannot read IP mode file for STMicroelectronics.X-CUBE-SFXS2LP1.4.0.0
2024-12-07 20:55:48,352 [WARN] PackLoader:240 - Cannot read IP mode file for STMicroelectronics.X-CUBE-AZRTOS-H7.3.3.0
2024-12-07 20:55:48,373 [WARN] PackLoader:240 - Cannot read IP mode file for STMicroelectronics.X-CUBE-IPS.3.0.0
2024-12-07 20:55:48,414 [WARN] ConditionMgr:438 - getConditionDescription Invalid condition id : UX DEVICE CLASS RTOS Condition cause : null
2024-12-07 20:55:48,415 [WARN] ConditionMgr:438 - getConditionDescription Invalid condition id : UX DEVICE CLASS RTOS Condition cause : null
2024-12-07 20:55:48,419 [WARN] PackLoader:240 - Cannot read IP mode file for STMicroelectronics.X-CUBE-AZRTOS-WB.2.0.0
2024-12-07 20:55:48,420 [WARN] ConditionMgr:1039 - genDependencies : Invalid condition id : UX DEVICE CLASS RTOS Condition cause : null
2024-12-07 20:55:48,420 [WARN] ConditionMgr:1039 - genDependencies : Invalid condition id : UX DEVICE CLASS RTOS Condition cause : null
2024-12-07 20:55:48,421 [WARN] ConditionMgr:1039 - genDependencies : Invalid condition id : UX DEVICE CLASS RTOS Condition cause : null
2024-12-07 20:55:48,422 [WARN] ConditionMgr:1039 - genDependencies : Invalid condition id : UX DEVICE CLASS RTOS Condition cause : null
2024-12-07 20:55:48,422 [WARN] ConditionMgr:1039 - genDependencies : Invalid condition id : UX DEVICE CLASS RTOS Condition cause : null
2024-12-07 20:55:48,431 [WARN] PackLoader:240 - Cannot read IP mode file for STMicroelectronics.X-CUBE-GNSS1.7.0.0
2024-12-07 20:55:48,442 [WARN] PackLoader:240 - Cannot read IP mode file for STMicroelectronics.FP-SNS-STBOX1.2.0.0
2024-12-07 20:55:48,459 [WARN] PackLoader:240 - Cannot read IP mode file for STMicroelectronics.X-CUBE-SUBG2.5.0.0
2024-12-07 20:55:48,474 [WARN] PackLoader:240 - Cannot read IP mode file for Cesanta.I-CUBE-Mongoose.7.13.0
2024-12-07 20:55:48,495 [WARN] PackLoader:240 - Cannot read IP mode file for STMicroelectronics.X-CUBE-AZRTOS-G4.2.0.0
2024-12-07 20:55:48,505 [WARN] PackLoader:240 - Cannot read IP mode file for STMicroelectronics.X-CUBE-ALS.1.0.2
2024-12-07 20:55:48,512 [WARN] PackLoader:240 - Cannot read IP mode file for STMicroelectronics.X-CUBE-TOUCHGFX.4.24.1
2024-12-07 20:55:48,517 [WARN] PackLoader:240 - Cannot read IP mode file for wolfSSL.I-CUBE-wolfTPM.3.4.0
2024-12-07 20:55:48,526 [WARN] PackLoader:240 - Cannot read IP mode file for portGmbH.I-Cube-SoM-uGOAL.1.1.0
2024-12-07 20:55:48,552 [WARN] PackLoader:240 - Cannot read IP mode file for STMicroelectronics.X-CUBE-AZRTOS-H7RS.1.0.0
2024-12-07 20:55:48,573 [WARN] PackLoader:240 - Cannot read IP mode file for STMicroelectronics.X-CUBE-TOF1.3.4.2
2024-12-07 20:55:48,613 [WARN] PackLoader:240 - Cannot read IP mode file for Infineon.AIROC-Wi-Fi-Bluetooth-STM32.1.6.1
2024-12-07 20:55:48,626 [WARN] PackLoader:240 - Cannot read IP mode file for wolfSSL.I-CUBE-wolfSSH.1.4.17
2024-12-07 20:55:48,628 [INFO] ThirdParty:978 - Integrity check success = true
2024-12-07 20:55:48,628 [INFO] IntegrityCheckThread:100 - exiting critical section [integrity check]
2024-12-07 20:55:48,628 [INFO] IntegrityCheckThread:103 - End integrity checks thread
2024-12-07 21:36:57,296 [INFO] WebApp:189 - Connection lost
2024-12-07 21:36:58,439 [INFO] WebApp:186 - Connection restablished
2024-12-07 21:37:02,002 [INFO] WebApp:189 - Connection lost
2024-12-07 21:37:02,143 [INFO] WebApp:186 - Connection restablished
